#
# A fatal error has been detected by the Java Runtime Environment:
#
#  EXCEPTION_ACCESS_VIOLATION (0xc0000005) at pc=0x00007fff58ea5543, pid=15064, tid=15120
#
# JRE version: Java(TM) SE Runtime Environment 18.9 (11.0.11+9) (build 11.0.11+9-LTS-194)
# Java VM: Java HotSpot(TM) 64-Bit Server VM 18.9 (11.0.11+9-LTS-194, mixed mode, tiered, compressed oops, g1 gc, windows-amd64)
# Problematic frame:
# V  [jvm.dll+0x195543]
#
# No core dump will be written. Minidumps are not enabled by default on client versions of Windows
#
# If you would like to submit a bug report, please visit:
#   https://bugreport.java.com/bugreport/crash.jsp
#

---------------  S U M M A R Y ------------

Command Line: -ea -Dfile.encoding=UTF-8 org.eclipse.jdt.internal.junit.runner.RemoteTestRunner -version 3 -port 50312 -testLoaderClass org.eclipse.jdt.internal.junit5.runner.JUnit5TestLoader -loaderpluginname org.eclipse.jdt.junit5.runtime -classNames com.service.UserServiceTests -uniqueId [engine:junit-jupiter]/[class:com.service.UserServiceTests]

Host: AMD Ryzen 7 1700X Eight-Core Processor         , 16 cores, 15G,  Windows 10 , 64 bit Build 19041 (10.0.19041.1151)
Time: Thu Sep  9 22:34:08 2021 GTB Summer Time elapsed time: 10.366913 seconds (0d 0h 0m 10s)

---------------  T H R E A D  ---------------

Current thread (0x0000020806749800):  JavaThread "C2 CompilerThread2" daemon [_thread_in_native, id=15120, stack(0x0000007019800000,0x0000007019900000)]


Current CompileTask:
C2:  10367 7209       4       java.lang.Class::arrayContentsEq (70 bytes)

Stack: [0x0000007019800000,0x0000007019900000],  sp=0x00000070198fbd30,  free space=1007k
Native frames: (J=compiled Java code, j=interpreted, Vv=VM code, C=native code)
V  [jvm.dll+0x195543]
V  [jvm.dll+0x1d4b22]
V  [jvm.dll+0x193bb4]
V  [jvm.dll+0x1fd152]
V  [jvm.dll+0x1fc22f]
V  [jvm.dll+0x17f0bc]
V  [jvm.dll+0x20b68c]
V  [jvm.dll+0x20978b]
V  [jvm.dll+0x7152c9]
V  [jvm.dll+0x70dfc4]
V  [jvm.dll+0x6160f6]
C  [ucrtbase.dll+0x21bb2]
C  [KERNEL32.DLL+0x17034]
C  [ntdll.dll+0x52651]


siginfo: EXCEPTION_ACCESS_VIOLATION (0xc0000005), reading address 0x000000e0331f8070


Register to memory mapping:

RIP=0x00007fff58ea5543 jvm.dll
RAX=0x000000000000000c is an unknown value
RBX=0x000002080d7ecdc0 points into unknown readable memory: b0 9b 52 59 ff 7f 00 00
RCX=0x000002087f428480 points into unknown readable memory: 80 54 52 59 ff 7f 00 00
RDX=0x000000000000003b is an unknown value
RSP=0x00000070198fbd30 is pointing into the stack for thread: 0x0000020806749800
RBP=0x00000070198fc2c0 is pointing into the stack for thread: 0x0000020806749800
RSI=0x00000070198fc2c0 is pointing into the stack for thread: 0x0000020806749800
RDI=0x000002080d7ee858 points into unknown readable memory: 00 88 4b 59 ff 7f 00 00
R8 =0x00000070198fbd50 is pointing into the stack for thread: 0x0000020806749800
R9 =0x000002087f427190 points into unknown readable memory: 00 88 4b 59 ff 7f 00 00
R10=0x000002080d7ece50 points into unknown readable memory: 58 cd 7e 0d 08 02 00 00
R11=0x000002080d7ee990 points into unknown readable memory: 20 72 42 7f 08 02 00 00
R12=0x0000000000000010 is an unknown value
R13=0x0000000000000003 is an unknown value
R14=0x000002087f427190 points into unknown readable memory: 00 88 4b 59 ff 7f 00 00
R15=0x0000000000000001 is an unknown value


Registers:
RAX=0x000000000000000c, RBX=0x000002080d7ecdc0, RCX=0x000002087f428480, RDX=0x000000000000003b
RSP=0x00000070198fbd30, RBP=0x00000070198fc2c0, RSI=0x00000070198fc2c0, RDI=0x000002080d7ee858
R8 =0x00000070198fbd50, R9 =0x000002087f427190, R10=0x000002080d7ece50, R11=0x000002080d7ee990
R12=0x0000000000000010, R13=0x0000000000000003, R14=0x000002087f427190, R15=0x0000000000000001
RIP=0x00007fff58ea5543, EFLAGS=0x0000000000010246

Top of Stack: (sp=0x00000070198fbd30)
0x00000070198fbd30:   000002080d7ecdc0 000000000000003b
0x00000070198fbd40:   000002080d7ee858 0000000000000000
0x00000070198fbd50:   000002080000003b 0000000000000000
0x00000070198fbd60:   000002087f427190 0000000000000010
0x00000070198fbd70:   000002080d7ee858 00000070198fc2c0
0x00000070198fbd80:   000002080d7ecdc0 000002087f4284f8
0x00000070198fbd90:   0000000000000002 00007fff58ee4b22
0x00000070198fbda0:   00000070198fc2c0 000002080d7ecdc0
0x00000070198fbdb0:   02087f4285680000 000002087f427190
0x00000070198fbdc0:   000002080d7ee858 00000070198fbdd4
0x00000070198fbdd0:   0000003c0000001f 0000000300000006
0x00000070198fbde0:   0000000000000000 000002080d7ec338
0x00000070198fbdf0:   0000000000000000 0000000000000000
0x00000070198fbe00:   000002087cb73790 00000000000003d8
0x00000070198fbe10:   000002087cb73780 000002087cb73b68
0x00000070198fbe20:   0000000000000000 00000070198fc3a8 

Instructions: (pc=0x00007fff58ea5543)
0x00007fff58ea5523:   c6 08 49 83 ec 01 0f 85 c1 fe ff ff 4c 8b 74 24
0x00007fff58ea5533:   30 4c 8b 64 24 38 48 8b 7c 24 40 48 8b 74 24 48
0x00007fff58ea5543:   48 8b ac 24 80 00 00 00 41 8b c7 48 83 c4 50 41
0x00007fff58ea5553:   5f 41 5d 5b c3 cc cc cc cc cc cc cc cc 48 89 5c 


Stack slot to memory mapping:
stack at sp + 0 slots: 0x000002080d7ecdc0 points into unknown readable memory: b0 9b 52 59 ff 7f 00 00
stack at sp + 1 slots: 0x000000000000003b is an unknown value
stack at sp + 2 slots: 0x000002080d7ee858 points into unknown readable memory: 00 88 4b 59 ff 7f 00 00
stack at sp + 3 slots: 0x0 is NULL
stack at sp + 4 slots: 0x000002080000003b points into unknown readable memory: 00 00 00 00 00
stack at sp + 5 slots: 0x0 is NULL
stack at sp + 6 slots: 0x000002087f427190 points into unknown readable memory: 00 88 4b 59 ff 7f 00 00
stack at sp + 7 slots: 0x0000000000000010 is an unknown value


---------------  P R O C E S S  ---------------

Threads class SMR info:
_java_thread_list=0x000002080500a250, length=20, elements={
0x0000020854439000, 0x000002087930b000, 0x000002087930c800, 0x0000020879387800,
0x0000020879388800, 0x0000020879389800, 0x0000020879398000, 0x000002087939b000,
0x0000020879794000, 0x00000208797a2000, 0x000002087ac4e800, 0x00000208798aa000,
0x000002087cc56800, 0x00000208797e5000, 0x0000020804e5c000, 0x0000020806749800,
0x000002087d582800, 0x0000020800f53800, 0x0000020813b80800, 0x00000208127fc000
}

Java Threads: ( => current thread )
  0x0000020854439000 JavaThread "main" [_thread_in_Java, id=15408, stack(0x0000007018500000,0x0000007018600000)]
  0x000002087930b000 JavaThread "Reference Handler" daemon [_thread_blocked, id=20160, stack(0x0000007018c00000,0x0000007018d00000)]
  0x000002087930c800 JavaThread "Finalizer" daemon [_thread_blocked, id=12752, stack(0x0000007018d00000,0x0000007018e00000)]
  0x0000020879387800 JavaThread "Signal Dispatcher" daemon [_thread_blocked, id=10440, stack(0x0000007018e00000,0x0000007018f00000)]
  0x0000020879388800 JavaThread "Attach Listener" daemon [_thread_blocked, id=19344, stack(0x0000007018f00000,0x0000007019000000)]
  0x0000020879389800 JavaThread "C2 CompilerThread0" daemon [_thread_in_native, id=16252, stack(0x0000007019000000,0x0000007019100000)]
  0x0000020879398000 JavaThread "C1 CompilerThread0" daemon [_thread_blocked, id=13984, stack(0x0000007019100000,0x0000007019200000)]
  0x000002087939b000 JavaThread "Sweeper thread" daemon [_thread_blocked, id=8368, stack(0x0000007019200000,0x0000007019300000)]
  0x0000020879794000 JavaThread "Service Thread" daemon [_thread_blocked, id=14276, stack(0x0000007019300000,0x0000007019400000)]
  0x00000208797a2000 JavaThread "Common-Cleaner" daemon [_thread_blocked, id=8668, stack(0x0000007019500000,0x0000007019600000)]
  0x000002087ac4e800 JavaThread "ReaderThread" [_thread_in_native, id=10836, stack(0x0000007019c00000,0x0000007019d00000)]
  0x00000208798aa000 JavaThread "Keep-Alive-Timer" daemon [_thread_blocked, id=10560, stack(0x0000007019600000,0x0000007019700000)]
  0x000002087cc56800 JavaThread "C2 CompilerThread1" daemon [_thread_in_native, id=4652, stack(0x0000007019700000,0x0000007019800000)]
  0x00000208797e5000 JavaThread "C1 CompilerThread1" daemon [_thread_blocked, id=12972, stack(0x0000007019a00000,0x0000007019b00000)]
  0x0000020804e5c000 JavaThread "AsyncReporter{org.springframework.cloud.sleuth.zipkin2.sender.RestTemplateSender@2cdb272f}" daemon [_thread_blocked, id=856, stack(0x000000701ab00000,0x000000701ac00000)]
=>0x0000020806749800 JavaThread "C2 CompilerThread2" daemon [_thread_in_native, id=15120, stack(0x0000007019800000,0x0000007019900000)]
  0x000002087d582800 JavaThread "C2 CompilerThread3" daemon [_thread_in_native, id=10456, stack(0x0000007019900000,0x0000007019a00000)]
  0x0000020800f53800 JavaThread "C2 CompilerThread4" daemon [_thread_in_native, id=20648, stack(0x0000007019b00000,0x0000007019c00000)]
  0x0000020813b80800 JavaThread "C2 CompilerThread5" daemon [_thread_in_native, id=5628, stack(0x000000701a600000,0x000000701a700000)]
  0x00000208127fc000 JavaThread "C2 CompilerThread6" daemon [_thread_in_native, id=5184, stack(0x000000701a700000,0x000000701a800000)]

Other Threads:
  0x0000020879308800 VMThread "VM Thread" [stack: 0x0000007018b00000,0x0000007018c00000] [id=16448]
  0x0000020879799000 WatcherThread [stack: 0x0000007019400000,0x0000007019500000] [id=4312]
  0x000002085444d800 GCTaskThread "GC Thread#0" [stack: 0x0000007018600000,0x0000007018700000] [id=13440]
  0x000002087ad71000 GCTaskThread "GC Thread#1" [stack: 0x0000007019d00000,0x0000007019e00000] [id=18200]
  0x000002087acbf000 GCTaskThread "GC Thread#2" [stack: 0x0000007019e00000,0x0000007019f00000] [id=18072]
  0x000002087aeb0000 GCTaskThread "GC Thread#3" [stack: 0x0000007019f00000,0x000000701a000000] [id=20236]
  0x000002087b2bc800 GCTaskThread "GC Thread#4" [stack: 0x000000701a000000,0x000000701a100000] [id=19860]
  0x000002087b2b6000 GCTaskThread "GC Thread#5" [stack: 0x000000701a100000,0x000000701a200000] [id=3428]
  0x000002087b2bd800 GCTaskThread "GC Thread#6" [stack: 0x000000701a900000,0x000000701aa00000] [id=20632]
  0x000002087b2bb800 GCTaskThread "GC Thread#7" [stack: 0x000000701a200000,0x000000701a300000] [id=20208]
  0x00000208544ad800 ConcurrentGCThread "G1 Main Marker" [stack: 0x0000007018700000,0x0000007018800000] [id=6604]
  0x00000208544af800 ConcurrentGCThread "G1 Conc#0" [stack: 0x0000007018800000,0x0000007018900000] [id=14020]
  0x000002087b2b7800 ConcurrentGCThread "G1 Conc#1" [stack: 0x000000701a400000,0x000000701a500000] [id=21112]
  0x000002087b2b7000 ConcurrentGCThread "G1 Conc#2" [stack: 0x000000701a500000,0x000000701a600000] [id=7320]
  0x0000020878969000 ConcurrentGCThread "G1 Refine#0" [stack: 0x0000007018900000,0x0000007018a00000] [id=5800]
  0x000002087896a000 ConcurrentGCThread "G1 Young RemSet Sampling" [stack: 0x0000007018a00000,0x0000007018b00000] [id=10360]

Threads with active compile tasks:
C2 CompilerThread0  10399 7205   !   4       org.springframework.aop.aspectj.AspectJExpressionPointcut::getTargetShadowMatch (66 bytes)
C2 CompilerThread1  10399 7258       4       org.aspectj.apache.bcel.classfile.Constant::readConstant (280 bytes)
C2 CompilerThread2  10399 7209       4       java.lang.Class::arrayContentsEq (70 bytes)
C2 CompilerThread3  10399 7198   !   4       org.springframework.util.ClassUtils::getMostSpecificMethod (72 bytes)
C2 CompilerThread4  10399 7247       4       org.springframework.util.ReflectionUtils::lambda$getUniqueDeclaredMethods$2 (149 bytes)
C2 CompilerThread5  10399 7129       4       org.springframework.asm.Frame::execute (2305 bytes)
C2 CompilerThread6  10399 7177       4       org.aspectj.apache.bcel.classfile.Attribute::readAttribute (568 bytes)

VM state:not at safepoint (normal execution)

VM Mutex/Monitor currently owned by a thread: None

Heap address: 0x0000000700c00000, size: 4084 MB, Compressed Oops mode: Zero based, Oop shift amount: 3
Narrow klass base: 0x0000000800000000, Narrow klass shift: 0
Compressed class space size: 1073741824 Address: 0x0000000800000000

Heap:
 garbage-first heap   total 378880K, used 98007K [0x0000000700c00000, 0x0000000800000000)
  region size 1024K, 70 young (71680K), 13 survivors (13312K)
 Metaspace       used 59835K, capacity 61237K, committed 61476K, reserved 1103872K
  class space    used 7643K, capacity 8183K, committed 8192K, reserved 1048576K
Heap Regions: E=young(eden), S=young(survivor), O=old, HS=humongous(starts), HC=humongous(continues), CS=collection set, F=free, A=archive, TAMS=top-at-mark-start (previous, next)
|   0|0x0000000700c00000, 0x0000000700d00000, 0x0000000700d00000|100%| O|  |TAMS 0x0000000700d00000, 0x0000000700c00000| Untracked 
|   1|0x0000000700d00000, 0x0000000700e00000, 0x0000000700e00000|100%| O|  |TAMS 0x0000000700e00000, 0x0000000700d00000| Untracked 
|   2|0x0000000700e00000, 0x0000000700f00000, 0x0000000700f00000|100%| O|  |TAMS 0x0000000700f00000, 0x0000000700e00000| Untracked 
|   3|0x0000000700f00000, 0x0000000701000000, 0x0000000701000000|100%| O|  |TAMS 0x0000000701000000, 0x0000000700f00000| Untracked 
|   4|0x0000000701000000, 0x0000000701100000, 0x0000000701100000|100%| O|  |TAMS 0x0000000701100000, 0x0000000701000000| Untracked 
|   5|0x0000000701100000, 0x0000000701200000, 0x0000000701200000|100%| O|  |TAMS 0x0000000701200000, 0x0000000701100000| Untracked 
|   6|0x0000000701200000, 0x0000000701300000, 0x0000000701300000|100%| O|  |TAMS 0x0000000701300000, 0x0000000701200000| Untracked 
|   7|0x0000000701300000, 0x0000000701400000, 0x0000000701400000|100%| O|  |TAMS 0x0000000701400000, 0x0000000701300000| Untracked 
|   8|0x0000000701400000, 0x0000000701500000, 0x0000000701500000|100%| O|  |TAMS 0x0000000701500000, 0x0000000701400000| Untracked 
|   9|0x0000000701500000, 0x0000000701600000, 0x0000000701600000|100%| O|  |TAMS 0x0000000701600000, 0x0000000701500000| Untracked 
|  10|0x0000000701600000, 0x0000000701700000, 0x0000000701700000|100%| O|  |TAMS 0x0000000701700000, 0x0000000701600000| Untracked 
|  11|0x0000000701700000, 0x0000000701800000, 0x0000000701800000|100%| O|  |TAMS 0x0000000701800000, 0x0000000701700000| Untracked 
|  12|0x0000000701800000, 0x0000000701900000, 0x0000000701900000|100%| O|  |TAMS 0x0000000701900000, 0x0000000701800000| Untracked 
|  13|0x0000000701900000, 0x0000000701a00000, 0x0000000701a00000|100%| O|  |TAMS 0x0000000701a00000, 0x0000000701900000| Untracked 
|  14|0x0000000701a00000, 0x0000000701b00000, 0x0000000701b00000|100%| O|  |TAMS 0x0000000701b00000, 0x0000000701a00000| Untracked 
|  15|0x0000000701b00000, 0x0000000701c00000, 0x0000000701c00000|100%| O|  |TAMS 0x0000000701c00000, 0x0000000701b00000| Untracked 
|  16|0x0000000701c00000, 0x0000000701d00000, 0x0000000701d00000|100%| O|  |TAMS 0x0000000701d00000, 0x0000000701c00000| Untracked 
|  17|0x0000000701d00000, 0x0000000701e00000, 0x0000000701e00000|100%| O|  |TAMS 0x0000000701e00000, 0x0000000701d00000| Untracked 
|  18|0x0000000701e00000, 0x0000000701f00000, 0x0000000701f00000|100%| O|  |TAMS 0x0000000701f00000, 0x0000000701e00000| Untracked 
|  19|0x0000000701f00000, 0x0000000702000000, 0x0000000702000000|100%| O|  |TAMS 0x0000000702000000, 0x0000000701f00000| Untracked 
|  20|0x0000000702000000, 0x0000000702100000, 0x0000000702100000|100%| O|  |TAMS 0x0000000702100000, 0x0000000702000000| Untracked 
|  21|0x0000000702100000, 0x0000000702200000, 0x0000000702200000|100%| O|  |TAMS 0x0000000702200000, 0x0000000702100000| Untracked 
|  22|0x0000000702200000, 0x0000000702300000, 0x0000000702300000|100%| O|  |TAMS 0x0000000702300000, 0x0000000702200000| Untracked 
|  23|0x0000000702300000, 0x0000000702400000, 0x0000000702400000|100%| O|  |TAMS 0x0000000702400000, 0x0000000702300000| Untracked 
|  24|0x0000000702400000, 0x0000000702500000, 0x0000000702500000|100%| O|  |TAMS 0x0000000702500000, 0x0000000702400000| Untracked 
|  25|0x0000000702500000, 0x0000000702600000, 0x0000000702600000|100%| O|  |TAMS 0x0000000702600000, 0x0000000702500000| Untracked 
|  26|0x0000000702600000, 0x0000000702700000, 0x0000000702700000|100%| O|  |TAMS 0x0000000702700000, 0x0000000702600000| Untracked 
|  27|0x0000000702700000, 0x000000070276b200, 0x0000000702800000| 41%| O|  |TAMS 0x000000070276b200, 0x0000000702700000| Untracked 
|  28|0x0000000702800000, 0x0000000702800000, 0x0000000702900000|  0%| F|  |TAMS 0x0000000702800000, 0x0000000702800000| Untracked 
|  29|0x0000000702900000, 0x0000000702900000, 0x0000000702a00000|  0%| F|  |TAMS 0x0000000702900000, 0x0000000702900000| Untracked 
|  30|0x0000000702a00000, 0x0000000702a00000, 0x0000000702b00000|  0%| F|  |TAMS 0x0000000702a00000, 0x0000000702a00000| Untracked 
|  31|0x0000000702b00000, 0x0000000702b00000, 0x0000000702c00000|  0%| F|  |TAMS 0x0000000702b00000, 0x0000000702b00000| Untracked 
|  32|0x0000000702c00000, 0x0000000702c00000, 0x0000000702d00000|  0%| F|  |TAMS 0x0000000702c00000, 0x0000000702c00000| Untracked 
|  33|0x0000000702d00000, 0x0000000702d00000, 0x0000000702e00000|  0%| F|  |TAMS 0x0000000702d00000, 0x0000000702d00000| Untracked 
|  34|0x0000000702e00000, 0x0000000702e00000, 0x0000000702f00000|  0%| F|  |TAMS 0x0000000702e00000, 0x0000000702e00000| Untracked 
|  35|0x0000000702f00000, 0x0000000702f00000, 0x0000000703000000|  0%| F|  |TAMS 0x0000000702f00000, 0x0000000702f00000| Untracked 
|  36|0x0000000703000000, 0x0000000703000000, 0x0000000703100000|  0%| F|  |TAMS 0x0000000703000000, 0x0000000703000000| Untracked 
|  37|0x0000000703100000, 0x0000000703100000, 0x0000000703200000|  0%| F|  |TAMS 0x0000000703100000, 0x0000000703100000| Untracked 
|  38|0x0000000703200000, 0x0000000703200000, 0x0000000703300000|  0%| F|  |TAMS 0x0000000703200000, 0x0000000703200000| Untracked 
|  39|0x0000000703300000, 0x0000000703300000, 0x0000000703400000|  0%| F|  |TAMS 0x0000000703300000, 0x0000000703300000| Untracked 
|  40|0x0000000703400000, 0x0000000703400000, 0x0000000703500000|  0%| F|  |TAMS 0x0000000703400000, 0x0000000703400000| Untracked 
|  41|0x0000000703500000, 0x0000000703500000, 0x0000000703600000|  0%| F|  |TAMS 0x0000000703500000, 0x0000000703500000| Untracked 
|  42|0x0000000703600000, 0x0000000703600000, 0x0000000703700000|  0%| F|  |TAMS 0x0000000703600000, 0x0000000703600000| Untracked 
|  43|0x0000000703700000, 0x0000000703700000, 0x0000000703800000|  0%| F|  |TAMS 0x0000000703700000, 0x0000000703700000| Untracked 
|  44|0x0000000703800000, 0x0000000703800000, 0x0000000703900000|  0%| F|  |TAMS 0x0000000703800000, 0x0000000703800000| Untracked 
|  45|0x0000000703900000, 0x0000000703900000, 0x0000000703a00000|  0%| F|  |TAMS 0x0000000703900000, 0x0000000703900000| Untracked 
|  46|0x0000000703a00000, 0x0000000703a00000, 0x0000000703b00000|  0%| F|  |TAMS 0x0000000703a00000, 0x0000000703a00000| Untracked 
|  47|0x0000000703b00000, 0x0000000703b00000, 0x0000000703c00000|  0%| F|  |TAMS 0x0000000703b00000, 0x0000000703b00000| Untracked 
|  48|0x0000000703c00000, 0x0000000703c00000, 0x0000000703d00000|  0%| F|  |TAMS 0x0000000703c00000, 0x0000000703c00000| Untracked 
|  49|0x0000000703d00000, 0x0000000703d00000, 0x0000000703e00000|  0%| F|  |TAMS 0x0000000703d00000, 0x0000000703d00000| Untracked 
|  50|0x0000000703e00000, 0x0000000703e00000, 0x0000000703f00000|  0%| F|  |TAMS 0x0000000703e00000, 0x0000000703e00000| Untracked 
|  51|0x0000000703f00000, 0x0000000703f00000, 0x0000000704000000|  0%| F|  |TAMS 0x0000000703f00000, 0x0000000703f00000| Untracked 
|  52|0x0000000704000000, 0x0000000704000000, 0x0000000704100000|  0%| F|  |TAMS 0x0000000704000000, 0x0000000704000000| Untracked 
|  53|0x0000000704100000, 0x0000000704100000, 0x0000000704200000|  0%| F|  |TAMS 0x0000000704100000, 0x0000000704100000| Untracked 
|  54|0x0000000704200000, 0x0000000704200000, 0x0000000704300000|  0%| F|  |TAMS 0x0000000704200000, 0x0000000704200000| Untracked 
|  55|0x0000000704300000, 0x0000000704300000, 0x0000000704400000|  0%| F|  |TAMS 0x0000000704300000, 0x0000000704300000| Untracked 
|  56|0x0000000704400000, 0x0000000704400000, 0x0000000704500000|  0%| F|  |TAMS 0x0000000704400000, 0x0000000704400000| Untracked 
|  57|0x0000000704500000, 0x0000000704500000, 0x0000000704600000|  0%| F|  |TAMS 0x0000000704500000, 0x0000000704500000| Untracked 
|  58|0x0000000704600000, 0x0000000704600000, 0x0000000704700000|  0%| F|  |TAMS 0x0000000704600000, 0x0000000704600000| Untracked 
|  59|0x0000000704700000, 0x0000000704700000, 0x0000000704800000|  0%| F|  |TAMS 0x0000000704700000, 0x0000000704700000| Untracked 
|  60|0x0000000704800000, 0x0000000704800000, 0x0000000704900000|  0%| F|  |TAMS 0x0000000704800000, 0x0000000704800000| Untracked 
|  61|0x0000000704900000, 0x0000000704900000, 0x0000000704a00000|  0%| F|  |TAMS 0x0000000704900000, 0x0000000704900000| Untracked 
|  62|0x0000000704a00000, 0x0000000704a00000, 0x0000000704b00000|  0%| F|  |TAMS 0x0000000704a00000, 0x0000000704a00000| Untracked 
|  63|0x0000000704b00000, 0x0000000704b00000, 0x0000000704c00000|  0%| F|  |TAMS 0x0000000704b00000, 0x0000000704b00000| Untracked 
|  64|0x0000000704c00000, 0x0000000704c00000, 0x0000000704d00000|  0%| F|  |TAMS 0x0000000704c00000, 0x0000000704c00000| Untracked 
|  65|0x0000000704d00000, 0x0000000704d00000, 0x0000000704e00000|  0%| F|  |TAMS 0x0000000704d00000, 0x0000000704d00000| Untracked 
|  66|0x0000000704e00000, 0x0000000704e00000, 0x0000000704f00000|  0%| F|  |TAMS 0x0000000704e00000, 0x0000000704e00000| Untracked 
|  67|0x0000000704f00000, 0x0000000704f00000, 0x0000000705000000|  0%| F|  |TAMS 0x0000000704f00000, 0x0000000704f00000| Untracked 
|  68|0x0000000705000000, 0x0000000705000000, 0x0000000705100000|  0%| F|  |TAMS 0x0000000705000000, 0x0000000705000000| Untracked 
|  69|0x0000000705100000, 0x0000000705100000, 0x0000000705200000|  0%| F|  |TAMS 0x0000000705100000, 0x0000000705100000| Untracked 
|  70|0x0000000705200000, 0x0000000705200000, 0x0000000705300000|  0%| F|  |TAMS 0x0000000705200000, 0x0000000705200000| Untracked 
|  71|0x0000000705300000, 0x0000000705300000, 0x0000000705400000|  0%| F|  |TAMS 0x0000000705300000, 0x0000000705300000| Untracked 
|  72|0x0000000705400000, 0x0000000705400000, 0x0000000705500000|  0%| F|  |TAMS 0x0000000705400000, 0x0000000705400000| Untracked 
|  73|0x0000000705500000, 0x0000000705500000, 0x0000000705600000|  0%| F|  |TAMS 0x0000000705500000, 0x0000000705500000| Untracked 
|  74|0x0000000705600000, 0x0000000705600000, 0x0000000705700000|  0%| F|  |TAMS 0x0000000705600000, 0x0000000705600000| Untracked 
|  75|0x0000000705700000, 0x0000000705700000, 0x0000000705800000|  0%| F|  |TAMS 0x0000000705700000, 0x0000000705700000| Untracked 
|  76|0x0000000705800000, 0x0000000705800000, 0x0000000705900000|  0%| F|  |TAMS 0x0000000705800000, 0x0000000705800000| Untracked 
|  77|0x0000000705900000, 0x0000000705900000, 0x0000000705a00000|  0%| F|  |TAMS 0x0000000705900000, 0x0000000705900000| Untracked 
|  78|0x0000000705a00000, 0x0000000705a00000, 0x0000000705b00000|  0%| F|  |TAMS 0x0000000705a00000, 0x0000000705a00000| Untracked 
|  79|0x0000000705b00000, 0x0000000705b00000, 0x0000000705c00000|  0%| F|  |TAMS 0x0000000705b00000, 0x0000000705b00000| Untracked 
|  80|0x0000000705c00000, 0x0000000705c00000, 0x0000000705d00000|  0%| F|  |TAMS 0x0000000705c00000, 0x0000000705c00000| Untracked 
|  81|0x0000000705d00000, 0x0000000705d00000, 0x0000000705e00000|  0%| F|  |TAMS 0x0000000705d00000, 0x0000000705d00000| Untracked 
|  82|0x0000000705e00000, 0x0000000705e00000, 0x0000000705f00000|  0%| F|  |TAMS 0x0000000705e00000, 0x0000000705e00000| Untracked 
|  83|0x0000000705f00000, 0x0000000705f00000, 0x0000000706000000|  0%| F|  |TAMS 0x0000000705f00000, 0x0000000705f00000| Untracked 
|  84|0x0000000706000000, 0x0000000706000000, 0x0000000706100000|  0%| F|  |TAMS 0x0000000706000000, 0x0000000706000000| Untracked 
|  85|0x0000000706100000, 0x0000000706100000, 0x0000000706200000|  0%| F|  |TAMS 0x0000000706100000, 0x0000000706100000| Untracked 
|  86|0x0000000706200000, 0x0000000706200000, 0x0000000706300000|  0%| F|  |TAMS 0x0000000706200000, 0x0000000706200000| Untracked 
|  87|0x0000000706300000, 0x0000000706300000, 0x0000000706400000|  0%| F|  |TAMS 0x0000000706300000, 0x0000000706300000| Untracked 
|  88|0x0000000706400000, 0x0000000706400000, 0x0000000706500000|  0%| F|  |TAMS 0x0000000706400000, 0x0000000706400000| Untracked 
|  89|0x0000000706500000, 0x0000000706500000, 0x0000000706600000|  0%| F|  |TAMS 0x0000000706500000, 0x0000000706500000| Untracked 
|  90|0x0000000706600000, 0x0000000706600000, 0x0000000706700000|  0%| F|  |TAMS 0x0000000706600000, 0x0000000706600000| Untracked 
|  91|0x0000000706700000, 0x0000000706700000, 0x0000000706800000|  0%| F|  |TAMS 0x0000000706700000, 0x0000000706700000| Untracked 
|  92|0x0000000706800000, 0x0000000706800000, 0x0000000706900000|  0%| F|  |TAMS 0x0000000706800000, 0x0000000706800000| Untracked 
|  93|0x0000000706900000, 0x0000000706900000, 0x0000000706a00000|  0%| F|  |TAMS 0x0000000706900000, 0x0000000706900000| Untracked 
|  94|0x0000000706a00000, 0x0000000706a00000, 0x0000000706b00000|  0%| F|  |TAMS 0x0000000706a00000, 0x0000000706a00000| Untracked 
|  95|0x0000000706b00000, 0x0000000706b00000, 0x0000000706c00000|  0%| F|  |TAMS 0x0000000706b00000, 0x0000000706b00000| Untracked 
|  96|0x0000000706c00000, 0x0000000706c00000, 0x0000000706d00000|  0%| F|  |TAMS 0x0000000706c00000, 0x0000000706c00000| Untracked 
|  97|0x0000000706d00000, 0x0000000706d00000, 0x0000000706e00000|  0%| F|  |TAMS 0x0000000706d00000, 0x0000000706d00000| Untracked 
|  98|0x0000000706e00000, 0x0000000706e00000, 0x0000000706f00000|  0%| F|  |TAMS 0x0000000706e00000, 0x0000000706e00000| Untracked 
|  99|0x0000000706f00000, 0x0000000706f00000, 0x0000000707000000|  0%| F|  |TAMS 0x0000000706f00000, 0x0000000706f00000| Untracked 
| 100|0x0000000707000000, 0x0000000707000000, 0x0000000707100000|  0%| F|  |TAMS 0x0000000707000000, 0x0000000707000000| Untracked 
| 101|0x0000000707100000, 0x0000000707100000, 0x0000000707200000|  0%| F|  |TAMS 0x0000000707100000, 0x0000000707100000| Untracked 
| 102|0x0000000707200000, 0x0000000707200000, 0x0000000707300000|  0%| F|  |TAMS 0x0000000707200000, 0x0000000707200000| Untracked 
| 103|0x0000000707300000, 0x0000000707300000, 0x0000000707400000|  0%| F|  |TAMS 0x0000000707300000, 0x0000000707300000| Untracked 
| 104|0x0000000707400000, 0x0000000707400000, 0x0000000707500000|  0%| F|  |TAMS 0x0000000707400000, 0x0000000707400000| Untracked 
| 105|0x0000000707500000, 0x0000000707500000, 0x0000000707600000|  0%| F|  |TAMS 0x0000000707500000, 0x0000000707500000| Untracked 
| 106|0x0000000707600000, 0x0000000707600000, 0x0000000707700000|  0%| F|  |TAMS 0x0000000707600000, 0x0000000707600000| Untracked 
| 107|0x0000000707700000, 0x0000000707700000, 0x0000000707800000|  0%| F|  |TAMS 0x0000000707700000, 0x0000000707700000| Untracked 
| 108|0x0000000707800000, 0x0000000707800000, 0x0000000707900000|  0%| F|  |TAMS 0x0000000707800000, 0x0000000707800000| Untracked 
| 109|0x0000000707900000, 0x0000000707900000, 0x0000000707a00000|  0%| F|  |TAMS 0x0000000707900000, 0x0000000707900000| Untracked 
| 110|0x0000000707a00000, 0x0000000707a00000, 0x0000000707b00000|  0%| F|  |TAMS 0x0000000707a00000, 0x0000000707a00000| Untracked 
| 111|0x0000000707b00000, 0x0000000707b00000, 0x0000000707c00000|  0%| F|  |TAMS 0x0000000707b00000, 0x0000000707b00000| Untracked 
| 112|0x0000000707c00000, 0x0000000707c00000, 0x0000000707d00000|  0%| F|  |TAMS 0x0000000707c00000, 0x0000000707c00000| Untracked 
| 113|0x0000000707d00000, 0x0000000707d00000, 0x0000000707e00000|  0%| F|  |TAMS 0x0000000707d00000, 0x0000000707d00000| Untracked 
| 114|0x0000000707e00000, 0x0000000707e00000, 0x0000000707f00000|  0%| F|  |TAMS 0x0000000707e00000, 0x0000000707e00000| Untracked 
| 115|0x0000000707f00000, 0x0000000707f00000, 0x0000000708000000|  0%| F|  |TAMS 0x0000000707f00000, 0x0000000707f00000| Untracked 
| 116|0x0000000708000000, 0x0000000708000000, 0x0000000708100000|  0%| F|  |TAMS 0x0000000708000000, 0x0000000708000000| Untracked 
| 117|0x0000000708100000, 0x0000000708100000, 0x0000000708200000|  0%| F|  |TAMS 0x0000000708100000, 0x0000000708100000| Untracked 
| 118|0x0000000708200000, 0x0000000708200000, 0x0000000708300000|  0%| F|  |TAMS 0x0000000708200000, 0x0000000708200000| Untracked 
| 119|0x0000000708300000, 0x0000000708300000, 0x0000000708400000|  0%| F|  |TAMS 0x0000000708300000, 0x0000000708300000| Untracked 
| 120|0x0000000708400000, 0x0000000708400000, 0x0000000708500000|  0%| F|  |TAMS 0x0000000708400000, 0x0000000708400000| Untracked 
| 121|0x0000000708500000, 0x0000000708500000, 0x0000000708600000|  0%| F|  |TAMS 0x0000000708500000, 0x0000000708500000| Untracked 
| 122|0x0000000708600000, 0x0000000708600000, 0x0000000708700000|  0%| F|  |TAMS 0x0000000708600000, 0x0000000708600000| Untracked 
| 123|0x0000000708700000, 0x0000000708700000, 0x0000000708800000|  0%| F|  |TAMS 0x0000000708700000, 0x0000000708700000| Untracked 
| 124|0x0000000708800000, 0x0000000708800000, 0x0000000708900000|  0%| F|  |TAMS 0x0000000708800000, 0x0000000708800000| Untracked 
| 125|0x0000000708900000, 0x0000000708900000, 0x0000000708a00000|  0%| F|  |TAMS 0x0000000708900000, 0x0000000708900000| Untracked 
| 126|0x0000000708a00000, 0x0000000708a00000, 0x0000000708b00000|  0%| F|  |TAMS 0x0000000708a00000, 0x0000000708a00000| Untracked 
| 127|0x0000000708b00000, 0x0000000708b00000, 0x0000000708c00000|  0%| F|  |TAMS 0x0000000708b00000, 0x0000000708b00000| Untracked 
| 128|0x0000000708c00000, 0x0000000708c00000, 0x0000000708d00000|  0%| F|  |TAMS 0x0000000708c00000, 0x0000000708c00000| Untracked 
| 129|0x0000000708d00000, 0x0000000708d00000, 0x0000000708e00000|  0%| F|  |TAMS 0x0000000708d00000, 0x0000000708d00000| Untracked 
| 130|0x0000000708e00000, 0x0000000708e00000, 0x0000000708f00000|  0%| F|  |TAMS 0x0000000708e00000, 0x0000000708e00000| Untracked 
| 131|0x0000000708f00000, 0x0000000708f00000, 0x0000000709000000|  0%| F|  |TAMS 0x0000000708f00000, 0x0000000708f00000| Untracked 
| 132|0x0000000709000000, 0x0000000709000000, 0x0000000709100000|  0%| F|  |TAMS 0x0000000709000000, 0x0000000709000000| Untracked 
| 133|0x0000000709100000, 0x0000000709100000, 0x0000000709200000|  0%| F|  |TAMS 0x0000000709100000, 0x0000000709100000| Untracked 
| 134|0x0000000709200000, 0x0000000709200000, 0x0000000709300000|  0%| F|  |TAMS 0x0000000709200000, 0x0000000709200000| Untracked 
| 135|0x0000000709300000, 0x0000000709300000, 0x0000000709400000|  0%| F|  |TAMS 0x0000000709300000, 0x0000000709300000| Untracked 
| 136|0x0000000709400000, 0x0000000709400000, 0x0000000709500000|  0%| F|  |TAMS 0x0000000709400000, 0x0000000709400000| Untracked 
| 137|0x0000000709500000, 0x0000000709500000, 0x0000000709600000|  0%| F|  |TAMS 0x0000000709500000, 0x0000000709500000| Untracked 
| 138|0x0000000709600000, 0x0000000709600000, 0x0000000709700000|  0%| F|  |TAMS 0x0000000709600000, 0x0000000709600000| Untracked 
| 139|0x0000000709700000, 0x0000000709700000, 0x0000000709800000|  0%| F|  |TAMS 0x0000000709700000, 0x0000000709700000| Untracked 
| 140|0x0000000709800000, 0x0000000709800000, 0x0000000709900000|  0%| F|  |TAMS 0x0000000709800000, 0x0000000709800000| Untracked 
| 141|0x0000000709900000, 0x0000000709900000, 0x0000000709a00000|  0%| F|  |TAMS 0x0000000709900000, 0x0000000709900000| Untracked 
| 142|0x0000000709a00000, 0x0000000709a00000, 0x0000000709b00000|  0%| F|  |TAMS 0x0000000709a00000, 0x0000000709a00000| Untracked 
| 143|0x0000000709b00000, 0x0000000709b00000, 0x0000000709c00000|  0%| F|  |TAMS 0x0000000709b00000, 0x0000000709b00000| Untracked 
| 144|0x0000000709c00000, 0x0000000709c00000, 0x0000000709d00000|  0%| F|  |TAMS 0x0000000709c00000, 0x0000000709c00000| Untracked 
| 145|0x0000000709d00000, 0x0000000709d00000, 0x0000000709e00000|  0%| F|  |TAMS 0x0000000709d00000, 0x0000000709d00000| Untracked 
| 146|0x0000000709e00000, 0x0000000709e00000, 0x0000000709f00000|  0%| F|  |TAMS 0x0000000709e00000, 0x0000000709e00000| Untracked 
| 147|0x0000000709f00000, 0x0000000709f00000, 0x000000070a000000|  0%| F|  |TAMS 0x0000000709f00000, 0x0000000709f00000| Untracked 
| 148|0x000000070a000000, 0x000000070a000000, 0x000000070a100000|  0%| F|  |TAMS 0x000000070a000000, 0x000000070a000000| Untracked 
| 149|0x000000070a100000, 0x000000070a100000, 0x000000070a200000|  0%| F|  |TAMS 0x000000070a100000, 0x000000070a100000| Untracked 
| 150|0x000000070a200000, 0x000000070a200000, 0x000000070a300000|  0%| F|  |TAMS 0x000000070a200000, 0x000000070a200000| Untracked 
| 151|0x000000070a300000, 0x000000070a300000, 0x000000070a400000|  0%| F|  |TAMS 0x000000070a300000, 0x000000070a300000| Untracked 
| 152|0x000000070a400000, 0x000000070a400000, 0x000000070a500000|  0%| F|  |TAMS 0x000000070a400000, 0x000000070a400000| Untracked 
| 153|0x000000070a500000, 0x000000070a500000, 0x000000070a600000|  0%| F|  |TAMS 0x000000070a500000, 0x000000070a500000| Untracked 
| 154|0x000000070a600000, 0x000000070a600000, 0x000000070a700000|  0%| F|  |TAMS 0x000000070a600000, 0x000000070a600000| Untracked 
| 155|0x000000070a700000, 0x000000070a700000, 0x000000070a800000|  0%| F|  |TAMS 0x000000070a700000, 0x000000070a700000| Untracked 
| 156|0x000000070a800000, 0x000000070a800000, 0x000000070a900000|  0%| F|  |TAMS 0x000000070a800000, 0x000000070a800000| Untracked 
| 157|0x000000070a900000, 0x000000070a900000, 0x000000070aa00000|  0%| F|  |TAMS 0x000000070a900000, 0x000000070a900000| Untracked 
| 158|0x000000070aa00000, 0x000000070aa00000, 0x000000070ab00000|  0%| F|  |TAMS 0x000000070aa00000, 0x000000070aa00000| Untracked 
| 159|0x000000070ab00000, 0x000000070ab00000, 0x000000070ac00000|  0%| F|  |TAMS 0x000000070ab00000, 0x000000070ab00000| Untracked 
| 160|0x000000070ac00000, 0x000000070ac00000, 0x000000070ad00000|  0%| F|  |TAMS 0x000000070ac00000, 0x000000070ac00000| Untracked 
| 161|0x000000070ad00000, 0x000000070ad00000, 0x000000070ae00000|  0%| F|  |TAMS 0x000000070ad00000, 0x000000070ad00000| Untracked 
| 162|0x000000070ae00000, 0x000000070ae00000, 0x000000070af00000|  0%| F|  |TAMS 0x000000070ae00000, 0x000000070ae00000| Untracked 
| 163|0x000000070af00000, 0x000000070af00000, 0x000000070b000000|  0%| F|  |TAMS 0x000000070af00000, 0x000000070af00000| Untracked 
| 164|0x000000070b000000, 0x000000070b000000, 0x000000070b100000|  0%| F|  |TAMS 0x000000070b000000, 0x000000070b000000| Untracked 
| 165|0x000000070b100000, 0x000000070b100000, 0x000000070b200000|  0%| F|  |TAMS 0x000000070b100000, 0x000000070b100000| Untracked 
| 166|0x000000070b200000, 0x000000070b200000, 0x000000070b300000|  0%| F|  |TAMS 0x000000070b200000, 0x000000070b200000| Untracked 
| 167|0x000000070b300000, 0x000000070b300000, 0x000000070b400000|  0%| F|  |TAMS 0x000000070b300000, 0x000000070b300000| Untracked 
| 168|0x000000070b400000, 0x000000070b400000, 0x000000070b500000|  0%| F|  |TAMS 0x000000070b400000, 0x000000070b400000| Untracked 
| 169|0x000000070b500000, 0x000000070b500000, 0x000000070b600000|  0%| F|  |TAMS 0x000000070b500000, 0x000000070b500000| Untracked 
| 170|0x000000070b600000, 0x000000070b600000, 0x000000070b700000|  0%| F|  |TAMS 0x000000070b600000, 0x000000070b600000| Untracked 
| 171|0x000000070b700000, 0x000000070b700000, 0x000000070b800000|  0%| F|  |TAMS 0x000000070b700000, 0x000000070b700000| Untracked 
| 172|0x000000070b800000, 0x000000070b800000, 0x000000070b900000|  0%| F|  |TAMS 0x000000070b800000, 0x000000070b800000| Untracked 
| 173|0x000000070b900000, 0x000000070b900000, 0x000000070ba00000|  0%| F|  |TAMS 0x000000070b900000, 0x000000070b900000| Untracked 
| 174|0x000000070ba00000, 0x000000070ba00000, 0x000000070bb00000|  0%| F|  |TAMS 0x000000070ba00000, 0x000000070ba00000| Untracked 
| 175|0x000000070bb00000, 0x000000070bb00000, 0x000000070bc00000|  0%| F|  |TAMS 0x000000070bb00000, 0x000000070bb00000| Untracked 
| 176|0x000000070bc00000, 0x000000070bc00000, 0x000000070bd00000|  0%| F|  |TAMS 0x000000070bc00000, 0x000000070bc00000| Untracked 
| 177|0x000000070bd00000, 0x000000070bd00000, 0x000000070be00000|  0%| F|  |TAMS 0x000000070bd00000, 0x000000070bd00000| Untracked 
| 178|0x000000070be00000, 0x000000070be00000, 0x000000070bf00000|  0%| F|  |TAMS 0x000000070be00000, 0x000000070be00000| Untracked 
| 179|0x000000070bf00000, 0x000000070bf00000, 0x000000070c000000|  0%| F|  |TAMS 0x000000070bf00000, 0x000000070bf00000| Untracked 
| 180|0x000000070c000000, 0x000000070c000000, 0x000000070c100000|  0%| F|  |TAMS 0x000000070c000000, 0x000000070c000000| Untracked 
| 181|0x000000070c100000, 0x000000070c100000, 0x000000070c200000|  0%| F|  |TAMS 0x000000070c100000, 0x000000070c100000| Untracked 
| 182|0x000000070c200000, 0x000000070c200000, 0x000000070c300000|  0%| F|  |TAMS 0x000000070c200000, 0x000000070c200000| Untracked 
| 183|0x000000070c300000, 0x000000070c300000, 0x000000070c400000|  0%| F|  |TAMS 0x000000070c300000, 0x000000070c300000| Untracked 
| 184|0x000000070c400000, 0x000000070c400000, 0x000000070c500000|  0%| F|  |TAMS 0x000000070c400000, 0x000000070c400000| Untracked 
| 185|0x000000070c500000, 0x000000070c500000, 0x000000070c600000|  0%| F|  |TAMS 0x000000070c500000, 0x000000070c500000| Untracked 
| 186|0x000000070c600000, 0x000000070c600000, 0x000000070c700000|  0%| F|  |TAMS 0x000000070c600000, 0x000000070c600000| Untracked 
| 187|0x000000070c700000, 0x000000070c700000, 0x000000070c800000|  0%| F|  |TAMS 0x000000070c700000, 0x000000070c700000| Untracked 
| 188|0x000000070c800000, 0x000000070c800000, 0x000000070c900000|  0%| F|  |TAMS 0x000000070c800000, 0x000000070c800000| Untracked 
| 189|0x000000070c900000, 0x000000070c900000, 0x000000070ca00000|  0%| F|  |TAMS 0x000000070c900000, 0x000000070c900000| Untracked 
| 190|0x000000070ca00000, 0x000000070ca00000, 0x000000070cb00000|  0%| F|  |TAMS 0x000000070ca00000, 0x000000070ca00000| Untracked 
| 191|0x000000070cb00000, 0x000000070cb00000, 0x000000070cc00000|  0%| F|  |TAMS 0x000000070cb00000, 0x000000070cb00000| Untracked 
| 192|0x000000070cc00000, 0x000000070cc00000, 0x000000070cd00000|  0%| F|  |TAMS 0x000000070cc00000, 0x000000070cc00000| Untracked 
| 193|0x000000070cd00000, 0x000000070cd00000, 0x000000070ce00000|  0%| F|  |TAMS 0x000000070cd00000, 0x000000070cd00000| Untracked 
| 194|0x000000070ce00000, 0x000000070ce00000, 0x000000070cf00000|  0%| F|  |TAMS 0x000000070ce00000, 0x000000070ce00000| Untracked 
| 195|0x000000070cf00000, 0x000000070cf00000, 0x000000070d000000|  0%| F|  |TAMS 0x000000070cf00000, 0x000000070cf00000| Untracked 
| 196|0x000000070d000000, 0x000000070d000000, 0x000000070d100000|  0%| F|  |TAMS 0x000000070d000000, 0x000000070d000000| Untracked 
| 197|0x000000070d100000, 0x000000070d100000, 0x000000070d200000|  0%| F|  |TAMS 0x000000070d100000, 0x000000070d100000| Untracked 
| 198|0x000000070d200000, 0x000000070d200000, 0x000000070d300000|  0%| F|  |TAMS 0x000000070d200000, 0x000000070d200000| Untracked 
| 199|0x000000070d300000, 0x000000070d300000, 0x000000070d400000|  0%| F|  |TAMS 0x000000070d300000, 0x000000070d300000| Untracked 
| 200|0x000000070d400000, 0x000000070d400000, 0x000000070d500000|  0%| F|  |TAMS 0x000000070d400000, 0x000000070d400000| Untracked 
| 201|0x000000070d500000, 0x000000070d500000, 0x000000070d600000|  0%| F|  |TAMS 0x000000070d500000, 0x000000070d500000| Untracked 
| 202|0x000000070d600000, 0x000000070d600000, 0x000000070d700000|  0%| F|  |TAMS 0x000000070d600000, 0x000000070d600000| Untracked 
| 203|0x000000070d700000, 0x000000070d700000, 0x000000070d800000|  0%| F|  |TAMS 0x000000070d700000, 0x000000070d700000| Untracked 
| 204|0x000000070d800000, 0x000000070d800000, 0x000000070d900000|  0%| F|  |TAMS 0x000000070d800000, 0x000000070d800000| Untracked 
| 205|0x000000070d900000, 0x000000070d900000, 0x000000070da00000|  0%| F|  |TAMS 0x000000070d900000, 0x000000070d900000| Untracked 
| 206|0x000000070da00000, 0x000000070da00000, 0x000000070db00000|  0%| F|  |TAMS 0x000000070da00000, 0x000000070da00000| Untracked 
| 207|0x000000070db00000, 0x000000070db00000, 0x000000070dc00000|  0%| F|  |TAMS 0x000000070db00000, 0x000000070db00000| Untracked 
| 208|0x000000070dc00000, 0x000000070dc00000, 0x000000070dd00000|  0%| F|  |TAMS 0x000000070dc00000, 0x000000070dc00000| Untracked 
| 209|0x000000070dd00000, 0x000000070dd00000, 0x000000070de00000|  0%| F|  |TAMS 0x000000070dd00000, 0x000000070dd00000| Untracked 
| 210|0x000000070de00000, 0x000000070de00000, 0x000000070df00000|  0%| F|  |TAMS 0x000000070de00000, 0x000000070de00000| Untracked 
| 211|0x000000070df00000, 0x000000070df00000, 0x000000070e000000|  0%| F|  |TAMS 0x000000070df00000, 0x000000070df00000| Untracked 
| 212|0x000000070e000000, 0x000000070e000000, 0x000000070e100000|  0%| F|  |TAMS 0x000000070e000000, 0x000000070e000000| Untracked 
| 213|0x000000070e100000, 0x000000070e100000, 0x000000070e200000|  0%| F|  |TAMS 0x000000070e100000, 0x000000070e100000| Untracked 
| 214|0x000000070e200000, 0x000000070e200000, 0x000000070e300000|  0%| F|  |TAMS 0x000000070e200000, 0x000000070e200000| Untracked 
| 215|0x000000070e300000, 0x000000070e300000, 0x000000070e400000|  0%| F|  |TAMS 0x000000070e300000, 0x000000070e300000| Untracked 
| 216|0x000000070e400000, 0x000000070e400000, 0x000000070e500000|  0%| F|  |TAMS 0x000000070e400000, 0x000000070e400000| Untracked 
| 217|0x000000070e500000, 0x000000070e500000, 0x000000070e600000|  0%| F|  |TAMS 0x000000070e500000, 0x000000070e500000| Untracked 
| 218|0x000000070e600000, 0x000000070e600000, 0x000000070e700000|  0%| F|  |TAMS 0x000000070e600000, 0x000000070e600000| Untracked 
| 219|0x000000070e700000, 0x000000070e700000, 0x000000070e800000|  0%| F|  |TAMS 0x000000070e700000, 0x000000070e700000| Untracked 
| 220|0x000000070e800000, 0x000000070e800000, 0x000000070e900000|  0%| F|  |TAMS 0x000000070e800000, 0x000000070e800000| Untracked 
| 221|0x000000070e900000, 0x000000070e900000, 0x000000070ea00000|  0%| F|  |TAMS 0x000000070e900000, 0x000000070e900000| Untracked 
| 222|0x000000070ea00000, 0x000000070ea00000, 0x000000070eb00000|  0%| F|  |TAMS 0x000000070ea00000, 0x000000070ea00000| Untracked 
| 223|0x000000070eb00000, 0x000000070eb00000, 0x000000070ec00000|  0%| F|  |TAMS 0x000000070eb00000, 0x000000070eb00000| Untracked 
| 224|0x000000070ec00000, 0x000000070ec00000, 0x000000070ed00000|  0%| F|  |TAMS 0x000000070ec00000, 0x000000070ec00000| Untracked 
| 225|0x000000070ed00000, 0x000000070ed00000, 0x000000070ee00000|  0%| F|  |TAMS 0x000000070ed00000, 0x000000070ed00000| Untracked 
| 226|0x000000070ee00000, 0x000000070ee00000, 0x000000070ef00000|  0%| F|  |TAMS 0x000000070ee00000, 0x000000070ee00000| Untracked 
| 227|0x000000070ef00000, 0x000000070ef00000, 0x000000070f000000|  0%| F|  |TAMS 0x000000070ef00000, 0x000000070ef00000| Untracked 
| 228|0x000000070f000000, 0x000000070f000000, 0x000000070f100000|  0%| F|  |TAMS 0x000000070f000000, 0x000000070f000000| Untracked 
| 229|0x000000070f100000, 0x000000070f100000, 0x000000070f200000|  0%| F|  |TAMS 0x000000070f100000, 0x000000070f100000| Untracked 
| 230|0x000000070f200000, 0x000000070f200000, 0x000000070f300000|  0%| F|  |TAMS 0x000000070f200000, 0x000000070f200000| Untracked 
| 231|0x000000070f300000, 0x000000070f300000, 0x000000070f400000|  0%| F|  |TAMS 0x000000070f300000, 0x000000070f300000| Untracked 
| 232|0x000000070f400000, 0x000000070f400000, 0x000000070f500000|  0%| F|  |TAMS 0x000000070f400000, 0x000000070f400000| Untracked 
| 233|0x000000070f500000, 0x000000070f500000, 0x000000070f600000|  0%| F|  |TAMS 0x000000070f500000, 0x000000070f500000| Untracked 
| 234|0x000000070f600000, 0x000000070f600000, 0x000000070f700000|  0%| F|  |TAMS 0x000000070f600000, 0x000000070f600000| Untracked 
| 235|0x000000070f700000, 0x000000070f700000, 0x000000070f800000|  0%| F|  |TAMS 0x000000070f700000, 0x000000070f700000| Untracked 
| 236|0x000000070f800000, 0x000000070f800000, 0x000000070f900000|  0%| F|  |TAMS 0x000000070f800000, 0x000000070f800000| Untracked 
| 237|0x000000070f900000, 0x000000070f900000, 0x000000070fa00000|  0%| F|  |TAMS 0x000000070f900000, 0x000000070f900000| Untracked 
| 238|0x000000070fa00000, 0x000000070fa00000, 0x000000070fb00000|  0%| F|  |TAMS 0x000000070fa00000, 0x000000070fa00000| Untracked 
| 239|0x000000070fb00000, 0x000000070fb00000, 0x000000070fc00000|  0%| F|  |TAMS 0x000000070fb00000, 0x000000070fb00000| Untracked 
| 240|0x000000070fc00000, 0x000000070fc00000, 0x000000070fd00000|  0%| F|  |TAMS 0x000000070fc00000, 0x000000070fc00000| Untracked 
| 241|0x000000070fd00000, 0x000000070fd00000, 0x000000070fe00000|  0%| F|  |TAMS 0x000000070fd00000, 0x000000070fd00000| Untracked 
| 242|0x000000070fe00000, 0x000000070fe00000, 0x000000070ff00000|  0%| F|  |TAMS 0x000000070fe00000, 0x000000070fe00000| Untracked 
| 243|0x000000070ff00000, 0x000000070ff00000, 0x0000000710000000|  0%| F|  |TAMS 0x000000070ff00000, 0x000000070ff00000| Untracked 
| 244|0x0000000710000000, 0x0000000710000000, 0x0000000710100000|  0%| F|  |TAMS 0x0000000710000000, 0x0000000710000000| Untracked 
| 245|0x0000000710100000, 0x0000000710100000, 0x0000000710200000|  0%| F|  |TAMS 0x0000000710100000, 0x0000000710100000| Untracked 
| 246|0x0000000710200000, 0x0000000710200000, 0x0000000710300000|  0%| F|  |TAMS 0x0000000710200000, 0x0000000710200000| Untracked 
| 247|0x0000000710300000, 0x0000000710300000, 0x0000000710400000|  0%| F|  |TAMS 0x0000000710300000, 0x0000000710300000| Untracked 
| 248|0x0000000710400000, 0x0000000710400000, 0x0000000710500000|  0%| F|  |TAMS 0x0000000710400000, 0x0000000710400000| Untracked 
| 249|0x0000000710500000, 0x0000000710500000, 0x0000000710600000|  0%| F|  |TAMS 0x0000000710500000, 0x0000000710500000| Untracked 
| 250|0x0000000710600000, 0x0000000710600000, 0x0000000710700000|  0%| F|  |TAMS 0x0000000710600000, 0x0000000710600000| Untracked 
| 251|0x0000000710700000, 0x0000000710700000, 0x0000000710800000|  0%| F|  |TAMS 0x0000000710700000, 0x0000000710700000| Untracked 
| 252|0x0000000710800000, 0x0000000710800000, 0x0000000710900000|  0%| F|  |TAMS 0x0000000710800000, 0x0000000710800000| Untracked 
| 253|0x0000000710900000, 0x0000000710900000, 0x0000000710a00000|  0%| F|  |TAMS 0x0000000710900000, 0x0000000710900000| Untracked 
| 254|0x0000000710a00000, 0x0000000710a00000, 0x0000000710b00000|  0%| F|  |TAMS 0x0000000710a00000, 0x0000000710a00000| Untracked 
| 255|0x0000000710b00000, 0x0000000710b00000, 0x0000000710c00000|  0%| F|  |TAMS 0x0000000710b00000, 0x0000000710b00000| Untracked 
| 256|0x0000000710c00000, 0x0000000710c00000, 0x0000000710d00000|  0%| F|  |TAMS 0x0000000710c00000, 0x0000000710c00000| Untracked 
| 257|0x0000000710d00000, 0x0000000710d00000, 0x0000000710e00000|  0%| F|  |TAMS 0x0000000710d00000, 0x0000000710d00000| Untracked 
| 258|0x0000000710e00000, 0x0000000710e00000, 0x0000000710f00000|  0%| F|  |TAMS 0x0000000710e00000, 0x0000000710e00000| Untracked 
| 259|0x0000000710f00000, 0x0000000710f00000, 0x0000000711000000|  0%| F|  |TAMS 0x0000000710f00000, 0x0000000710f00000| Untracked 
| 260|0x0000000711000000, 0x0000000711000000, 0x0000000711100000|  0%| F|  |TAMS 0x0000000711000000, 0x0000000711000000| Untracked 
| 261|0x0000000711100000, 0x0000000711100000, 0x0000000711200000|  0%| F|  |TAMS 0x0000000711100000, 0x0000000711100000| Untracked 
| 262|0x0000000711200000, 0x0000000711200000, 0x0000000711300000|  0%| F|  |TAMS 0x0000000711200000, 0x0000000711200000| Untracked 
| 263|0x0000000711300000, 0x0000000711300000, 0x0000000711400000|  0%| F|  |TAMS 0x0000000711300000, 0x0000000711300000| Untracked 
| 264|0x0000000711400000, 0x0000000711400000, 0x0000000711500000|  0%| F|  |TAMS 0x0000000711400000, 0x0000000711400000| Untracked 
| 265|0x0000000711500000, 0x0000000711500000, 0x0000000711600000|  0%| F|  |TAMS 0x0000000711500000, 0x0000000711500000| Untracked 
| 266|0x0000000711600000, 0x0000000711600000, 0x0000000711700000|  0%| F|  |TAMS 0x0000000711600000, 0x0000000711600000| Untracked 
| 267|0x0000000711700000, 0x0000000711700000, 0x0000000711800000|  0%| F|  |TAMS 0x0000000711700000, 0x0000000711700000| Untracked 
| 268|0x0000000711800000, 0x0000000711800000, 0x0000000711900000|  0%| F|  |TAMS 0x0000000711800000, 0x0000000711800000| Untracked 
| 269|0x0000000711900000, 0x0000000711900000, 0x0000000711a00000|  0%| F|  |TAMS 0x0000000711900000, 0x0000000711900000| Untracked 
| 270|0x0000000711a00000, 0x0000000711a00000, 0x0000000711b00000|  0%| F|  |TAMS 0x0000000711a00000, 0x0000000711a00000| Untracked 
| 271|0x0000000711b00000, 0x0000000711b00000, 0x0000000711c00000|  0%| F|  |TAMS 0x0000000711b00000, 0x0000000711b00000| Untracked 
| 272|0x0000000711c00000, 0x0000000711c00000, 0x0000000711d00000|  0%| F|  |TAMS 0x0000000711c00000, 0x0000000711c00000| Untracked 
| 273|0x0000000711d00000, 0x0000000711d00000, 0x0000000711e00000|  0%| F|  |TAMS 0x0000000711d00000, 0x0000000711d00000| Untracked 
| 274|0x0000000711e00000, 0x0000000711e00000, 0x0000000711f00000|  0%| F|  |TAMS 0x0000000711e00000, 0x0000000711e00000| Untracked 
| 275|0x0000000711f00000, 0x0000000711f00000, 0x0000000712000000|  0%| F|  |TAMS 0x0000000711f00000, 0x0000000711f00000| Untracked 
| 276|0x0000000712000000, 0x0000000712000000, 0x0000000712100000|  0%| F|  |TAMS 0x0000000712000000, 0x0000000712000000| Untracked 
| 277|0x0000000712100000, 0x0000000712100000, 0x0000000712200000|  0%| F|  |TAMS 0x0000000712100000, 0x0000000712100000| Untracked 
| 278|0x0000000712200000, 0x0000000712200000, 0x0000000712300000|  0%| F|  |TAMS 0x0000000712200000, 0x0000000712200000| Untracked 
| 279|0x0000000712300000, 0x0000000712300000, 0x0000000712400000|  0%| F|  |TAMS 0x0000000712300000, 0x0000000712300000| Untracked 
| 280|0x0000000712400000, 0x0000000712400000, 0x0000000712500000|  0%| F|  |TAMS 0x0000000712400000, 0x0000000712400000| Untracked 
| 281|0x0000000712500000, 0x0000000712500000, 0x0000000712600000|  0%| F|  |TAMS 0x0000000712500000, 0x0000000712500000| Untracked 
| 282|0x0000000712600000, 0x0000000712600000, 0x0000000712700000|  0%| F|  |TAMS 0x0000000712600000, 0x0000000712600000| Untracked 
| 283|0x0000000712700000, 0x0000000712700000, 0x0000000712800000|  0%| F|  |TAMS 0x0000000712700000, 0x0000000712700000| Untracked 
| 284|0x0000000712800000, 0x0000000712800000, 0x0000000712900000|  0%| F|  |TAMS 0x0000000712800000, 0x0000000712800000| Untracked 
| 285|0x0000000712900000, 0x0000000712900000, 0x0000000712a00000|  0%| F|  |TAMS 0x0000000712900000, 0x0000000712900000| Untracked 
| 286|0x0000000712a00000, 0x0000000712a00000, 0x0000000712b00000|  0%| F|  |TAMS 0x0000000712a00000, 0x0000000712a00000| Untracked 
| 287|0x0000000712b00000, 0x0000000712b00000, 0x0000000712c00000|  0%| F|  |TAMS 0x0000000712b00000, 0x0000000712b00000| Untracked 
| 288|0x0000000712c00000, 0x0000000712c00000, 0x0000000712d00000|  0%| F|  |TAMS 0x0000000712c00000, 0x0000000712c00000| Untracked 
| 289|0x0000000712d00000, 0x0000000712d00000, 0x0000000712e00000|  0%| F|  |TAMS 0x0000000712d00000, 0x0000000712d00000| Untracked 
| 290|0x0000000712e00000, 0x0000000712e00000, 0x0000000712f00000|  0%| F|  |TAMS 0x0000000712e00000, 0x0000000712e00000| Untracked 
| 291|0x0000000712f00000, 0x0000000712f00000, 0x0000000713000000|  0%| F|  |TAMS 0x0000000712f00000, 0x0000000712f00000| Untracked 
| 292|0x0000000713000000, 0x0000000713000000, 0x0000000713100000|  0%| F|  |TAMS 0x0000000713000000, 0x0000000713000000| Untracked 
| 293|0x0000000713100000, 0x0000000713100000, 0x0000000713200000|  0%| F|  |TAMS 0x0000000713100000, 0x0000000713100000| Untracked 
| 294|0x0000000713200000, 0x0000000713200000, 0x0000000713300000|  0%| F|  |TAMS 0x0000000713200000, 0x0000000713200000| Untracked 
| 295|0x0000000713300000, 0x0000000713300000, 0x0000000713400000|  0%| F|  |TAMS 0x0000000713300000, 0x0000000713300000| Untracked 
| 296|0x0000000713400000, 0x0000000713400000, 0x0000000713500000|  0%| F|  |TAMS 0x0000000713400000, 0x0000000713400000| Untracked 
| 297|0x0000000713500000, 0x0000000713500000, 0x0000000713600000|  0%| F|  |TAMS 0x0000000713500000, 0x0000000713500000| Untracked 
| 298|0x0000000713600000, 0x0000000713600000, 0x0000000713700000|  0%| F|  |TAMS 0x0000000713600000, 0x0000000713600000| Untracked 
| 299|0x0000000713700000, 0x0000000713700000, 0x0000000713800000|  0%| F|  |TAMS 0x0000000713700000, 0x0000000713700000| Untracked 
| 300|0x0000000713800000, 0x0000000713880800, 0x0000000713900000| 50%| E|  |TAMS 0x0000000713800000, 0x0000000713800000| Complete 
| 301|0x0000000713900000, 0x0000000713a00000, 0x0000000713a00000|100%| E|CS|TAMS 0x0000000713900000, 0x0000000713900000| Complete 
| 302|0x0000000713a00000, 0x0000000713b00000, 0x0000000713b00000|100%| E|CS|TAMS 0x0000000713a00000, 0x0000000713a00000| Complete 
| 303|0x0000000713b00000, 0x0000000713c00000, 0x0000000713c00000|100%| E|CS|TAMS 0x0000000713b00000, 0x0000000713b00000| Complete 
| 304|0x0000000713c00000, 0x0000000713d00000, 0x0000000713d00000|100%| E|CS|TAMS 0x0000000713c00000, 0x0000000713c00000| Complete 
| 305|0x0000000713d00000, 0x0000000713e00000, 0x0000000713e00000|100%| E|CS|TAMS 0x0000000713d00000, 0x0000000713d00000| Complete 
| 306|0x0000000713e00000, 0x0000000713f00000, 0x0000000713f00000|100%| E|CS|TAMS 0x0000000713e00000, 0x0000000713e00000| Complete 
| 307|0x0000000713f00000, 0x0000000714000000, 0x0000000714000000|100%| E|CS|TAMS 0x0000000713f00000, 0x0000000713f00000| Complete 
| 308|0x0000000714000000, 0x0000000714100000, 0x0000000714100000|100%| E|CS|TAMS 0x0000000714000000, 0x0000000714000000| Complete 
| 309|0x0000000714100000, 0x0000000714200000, 0x0000000714200000|100%| E|CS|TAMS 0x0000000714100000, 0x0000000714100000| Complete 
| 310|0x0000000714200000, 0x0000000714300000, 0x0000000714300000|100%| E|CS|TAMS 0x0000000714200000, 0x0000000714200000| Complete 
| 311|0x0000000714300000, 0x0000000714400000, 0x0000000714400000|100%| E|CS|TAMS 0x0000000714300000, 0x0000000714300000| Complete 
| 312|0x0000000714400000, 0x0000000714500000, 0x0000000714500000|100%| E|CS|TAMS 0x0000000714400000, 0x0000000714400000| Complete 
| 313|0x0000000714500000, 0x0000000714600000, 0x0000000714600000|100%| E|CS|TAMS 0x0000000714500000, 0x0000000714500000| Complete 
| 314|0x0000000714600000, 0x0000000714700000, 0x0000000714700000|100%| E|CS|TAMS 0x0000000714600000, 0x0000000714600000| Complete 
| 315|0x0000000714700000, 0x0000000714800000, 0x0000000714800000|100%| E|CS|TAMS 0x0000000714700000, 0x0000000714700000| Complete 
| 316|0x0000000714800000, 0x0000000714900000, 0x0000000714900000|100%| E|CS|TAMS 0x0000000714800000, 0x0000000714800000| Complete 
| 317|0x0000000714900000, 0x0000000714a00000, 0x0000000714a00000|100%| E|CS|TAMS 0x0000000714900000, 0x0000000714900000| Complete 
| 318|0x0000000714a00000, 0x0000000714b00000, 0x0000000714b00000|100%| E|CS|TAMS 0x0000000714a00000, 0x0000000714a00000| Complete 
| 319|0x0000000714b00000, 0x0000000714c00000, 0x0000000714c00000|100%| E|CS|TAMS 0x0000000714b00000, 0x0000000714b00000| Complete 
| 320|0x0000000714c00000, 0x0000000714d00000, 0x0000000714d00000|100%| E|CS|TAMS 0x0000000714c00000, 0x0000000714c00000| Complete 
| 321|0x0000000714d00000, 0x0000000714e00000, 0x0000000714e00000|100%| E|CS|TAMS 0x0000000714d00000, 0x0000000714d00000| Complete 
| 322|0x0000000714e00000, 0x0000000714f00000, 0x0000000714f00000|100%| E|CS|TAMS 0x0000000714e00000, 0x0000000714e00000| Complete 
| 323|0x0000000714f00000, 0x0000000715000000, 0x0000000715000000|100%| E|CS|TAMS 0x0000000714f00000, 0x0000000714f00000| Complete 
| 324|0x0000000715000000, 0x0000000715100000, 0x0000000715100000|100%| E|CS|TAMS 0x0000000715000000, 0x0000000715000000| Complete 
| 325|0x0000000715100000, 0x0000000715200000, 0x0000000715200000|100%| E|CS|TAMS 0x0000000715100000, 0x0000000715100000| Complete 
| 326|0x0000000715200000, 0x0000000715300000, 0x0000000715300000|100%| E|CS|TAMS 0x0000000715200000, 0x0000000715200000| Complete 
| 327|0x0000000715300000, 0x0000000715400000, 0x0000000715400000|100%| E|CS|TAMS 0x0000000715300000, 0x0000000715300000| Complete 
| 328|0x0000000715400000, 0x0000000715500000, 0x0000000715500000|100%| E|CS|TAMS 0x0000000715400000, 0x0000000715400000| Complete 
| 329|0x0000000715500000, 0x0000000715600000, 0x0000000715600000|100%| E|CS|TAMS 0x0000000715500000, 0x0000000715500000| Complete 
| 330|0x0000000715600000, 0x0000000715700000, 0x0000000715700000|100%| E|CS|TAMS 0x0000000715600000, 0x0000000715600000| Complete 
| 331|0x0000000715700000, 0x0000000715800000, 0x0000000715800000|100%| E|CS|TAMS 0x0000000715700000, 0x0000000715700000| Complete 
| 332|0x0000000715800000, 0x000000071584ac90, 0x0000000715900000| 29%| S|CS|TAMS 0x0000000715800000, 0x0000000715800000| Complete 
| 333|0x0000000715900000, 0x0000000715a00000, 0x0000000715a00000|100%| S|CS|TAMS 0x0000000715900000, 0x0000000715900000| Complete 
| 334|0x0000000715a00000, 0x0000000715b00000, 0x0000000715b00000|100%| S|CS|TAMS 0x0000000715a00000, 0x0000000715a00000| Complete 
| 335|0x0000000715b00000, 0x0000000715c00000, 0x0000000715c00000|100%| S|CS|TAMS 0x0000000715b00000, 0x0000000715b00000| Complete 
| 336|0x0000000715c00000, 0x0000000715d00000, 0x0000000715d00000|100%| S|CS|TAMS 0x0000000715c00000, 0x0000000715c00000| Complete 
| 337|0x0000000715d00000, 0x0000000715e00000, 0x0000000715e00000|100%| S|CS|TAMS 0x0000000715d00000, 0x0000000715d00000| Complete 
| 338|0x0000000715e00000, 0x0000000715f00000, 0x0000000715f00000|100%| S|CS|TAMS 0x0000000715e00000, 0x0000000715e00000| Complete 
| 339|0x0000000715f00000, 0x0000000716000000, 0x0000000716000000|100%| S|CS|TAMS 0x0000000715f00000, 0x0000000715f00000| Complete 
| 340|0x0000000716000000, 0x0000000716100000, 0x0000000716100000|100%| S|CS|TAMS 0x0000000716000000, 0x0000000716000000| Complete 
| 341|0x0000000716100000, 0x0000000716200000, 0x0000000716200000|100%| S|CS|TAMS 0x0000000716100000, 0x0000000716100000| Complete 
| 342|0x0000000716200000, 0x0000000716300000, 0x0000000716300000|100%| S|CS|TAMS 0x0000000716200000, 0x0000000716200000| Complete 
| 343|0x0000000716300000, 0x0000000716400000, 0x0000000716400000|100%| S|CS|TAMS 0x0000000716300000, 0x0000000716300000| Complete 
| 344|0x0000000716400000, 0x0000000716500000, 0x0000000716500000|100%| S|CS|TAMS 0x0000000716400000, 0x0000000716400000| Complete 
| 345|0x0000000716500000, 0x0000000716600000, 0x0000000716600000|100%| E|CS|TAMS 0x0000000716500000, 0x0000000716500000| Complete 
| 346|0x0000000716600000, 0x0000000716700000, 0x0000000716700000|100%| E|CS|TAMS 0x0000000716600000, 0x0000000716600000| Complete 
| 347|0x0000000716700000, 0x0000000716800000, 0x0000000716800000|100%| E|CS|TAMS 0x0000000716700000, 0x0000000716700000| Complete 
| 348|0x0000000716800000, 0x0000000716900000, 0x0000000716900000|100%| E|CS|TAMS 0x0000000716800000, 0x0000000716800000| Complete 
| 349|0x0000000716900000, 0x0000000716a00000, 0x0000000716a00000|100%| E|CS|TAMS 0x0000000716900000, 0x0000000716900000| Complete 
| 350|0x0000000716a00000, 0x0000000716b00000, 0x0000000716b00000|100%| E|CS|TAMS 0x0000000716a00000, 0x0000000716a00000| Complete 
| 351|0x0000000716b00000, 0x0000000716c00000, 0x0000000716c00000|100%| E|CS|TAMS 0x0000000716b00000, 0x0000000716b00000| Complete 
| 352|0x0000000716c00000, 0x0000000716d00000, 0x0000000716d00000|100%| E|CS|TAMS 0x0000000716c00000, 0x0000000716c00000| Complete 
| 353|0x0000000716d00000, 0x0000000716e00000, 0x0000000716e00000|100%| E|CS|TAMS 0x0000000716d00000, 0x0000000716d00000| Complete 
| 354|0x0000000716e00000, 0x0000000716f00000, 0x0000000716f00000|100%| E|CS|TAMS 0x0000000716e00000, 0x0000000716e00000| Complete 
| 355|0x0000000716f00000, 0x0000000717000000, 0x0000000717000000|100%| E|CS|TAMS 0x0000000716f00000, 0x0000000716f00000| Complete 
| 356|0x0000000717000000, 0x0000000717100000, 0x0000000717100000|100%| E|CS|TAMS 0x0000000717000000, 0x0000000717000000| Complete 
| 357|0x0000000717100000, 0x0000000717200000, 0x0000000717200000|100%| E|CS|TAMS 0x0000000717100000, 0x0000000717100000| Complete 
| 358|0x0000000717200000, 0x0000000717300000, 0x0000000717300000|100%| E|CS|TAMS 0x0000000717200000, 0x0000000717200000| Complete 
| 359|0x0000000717300000, 0x0000000717400000, 0x0000000717400000|100%| E|CS|TAMS 0x0000000717300000, 0x0000000717300000| Complete 
| 360|0x0000000717400000, 0x0000000717500000, 0x0000000717500000|100%| E|CS|TAMS 0x0000000717400000, 0x0000000717400000| Complete 
| 361|0x0000000717500000, 0x0000000717600000, 0x0000000717600000|100%| E|CS|TAMS 0x0000000717500000, 0x0000000717500000| Complete 
| 362|0x0000000717600000, 0x0000000717700000, 0x0000000717700000|100%| E|CS|TAMS 0x0000000717600000, 0x0000000717600000| Complete 
| 363|0x0000000717700000, 0x0000000717800000, 0x0000000717800000|100%| E|CS|TAMS 0x0000000717700000, 0x0000000717700000| Complete 
| 364|0x0000000717800000, 0x0000000717900000, 0x0000000717900000|100%| E|CS|TAMS 0x0000000717800000, 0x0000000717800000| Complete 
| 365|0x0000000717900000, 0x0000000717a00000, 0x0000000717a00000|100%| E|CS|TAMS 0x0000000717900000, 0x0000000717900000| Complete 
| 366|0x0000000717a00000, 0x0000000717b00000, 0x0000000717b00000|100%| E|CS|TAMS 0x0000000717a00000, 0x0000000717a00000| Complete 
| 367|0x0000000717b00000, 0x0000000717c00000, 0x0000000717c00000|100%| E|CS|TAMS 0x0000000717b00000, 0x0000000717b00000| Complete 
| 368|0x0000000717c00000, 0x0000000717d00000, 0x0000000717d00000|100%| E|CS|TAMS 0x0000000717c00000, 0x0000000717c00000| Complete 
| 369|0x0000000717d00000, 0x0000000717e00000, 0x0000000717e00000|100%| E|CS|TAMS 0x0000000717d00000, 0x0000000717d00000| Complete 

Card table byte_map: [0x000002086c940000,0x000002086d140000] _byte_map_base: 0x000002086913a000

Marking Bits (Prev, Next): (CMBitMap*) 0x000002085449c900, (CMBitMap*) 0x000002085449c8c8
 Prev Bits: [0x0000020871910000, 0x00000208758e0000)
 Next Bits: [0x000002086d940000, 0x0000020871910000)

Polling page: 0x00000208520f0000

Metaspace:

Usage:
  Non-class:     51.81 MB capacity,    50.97 MB ( 98%) used,   685.79 KB (  1%) free+waste,   174.75 KB ( <1%) overhead. 
      Class:      7.99 MB capacity,     7.46 MB ( 93%) used,   457.31 KB (  6%) free+waste,    81.81 KB ( <1%) overhead. 
       Both:     59.81 MB capacity,    58.44 MB ( 98%) used,     1.12 MB (  2%) free+waste,   256.56 KB ( <1%) overhead. 

Virtual space:
  Non-class space:       54.00 MB reserved,      52.04 MB ( 96%) committed 
      Class space:        1.00 GB reserved,       8.00 MB ( <1%) committed 
             Both:        1.05 GB reserved,      60.04 MB (  6%) committed 

Chunk freelists:
   Non-Class:  4.25 KB
       Class:  1.13 KB
        Both:  5.38 KB

CodeHeap 'non-profiled nmethods': size=119168Kb used=7443Kb max_used=7443Kb free=111724Kb
 bounds [0x0000020864460000, 0x0000020864bb0000, 0x000002086b8c0000]
CodeHeap 'profiled nmethods': size=119168Kb used=17399Kb max_used=17399Kb free=101768Kb
 bounds [0x000002085d000000, 0x000002085e100000, 0x0000020864460000]
CodeHeap 'non-nmethods': size=7424Kb used=1790Kb max_used=2978Kb free=5633Kb
 bounds [0x000002085c8c0000, 0x000002085cc40000, 0x000002085d000000]
 total_blobs=7749 nmethods=7215 adapters=440
 compilation: enabled
              stopped_count=0, restarted_count=0
 full_count=0

Compilation events (10 events):
Event: 10.337 Thread 0x00000208797e5000 nmethod 7241 0x000002085e0f4e10 code [0x000002085e0f4fc0, 0x000002085e0f5178]
Event: 10.337 Thread 0x0000020879398000 nmethod 7240 0x000002085e0f5210 code [0x000002085e0f53e0, 0x000002085e0f5868]
Event: 10.337 Thread 0x00000208797e5000 7242       3       java.lang.ProcessEnvironment$CheckedEntry::getKey (5 bytes)
Event: 10.337 Thread 0x0000020879398000 7243       3       java.lang.ProcessEnvironment$CheckedEntry::getKey (13 bytes)
Event: 10.337 Thread 0x0000020879398000 nmethod 7243 0x000002085e0f5990 code [0x000002085e0f5b40, 0x000002085e0f5e08]
Event: 10.337 Thread 0x00000208797e5000 nmethod 7242 0x000002085e0f5f10 code [0x000002085e0f60e0, 0x000002085e0f6428]
Event: 10.355 Thread 0x0000020879398000 7244       3       java.text.DontCareFieldPosition$1::formatted (1 bytes)
Event: 10.355 Thread 0x0000020879398000 nmethod 7244 0x000002085e0f6510 code [0x000002085e0f66a0, 0x000002085e0f6798]
Event: 10.356 Thread 0x0000020806749800 nmethod 7095 0x0000020864b89810 code [0x0000020864b8a020, 0x0000020864b924b8]
Event: 10.357 Thread 0x0000020806749800 7209       4       java.lang.Class::arrayContentsEq (70 bytes)

GC Heap History (10 events):
Event: 5.582 GC heap before
{Heap before GC invocations=10 (full 0):
 garbage-first heap   total 315392K, used 205400K [0x0000000700c00000, 0x0000000800000000)
  region size 1024K, 184 young (188416K), 13 survivors (13312K)
 Metaspace       used 39867K, capacity 40896K, committed 41212K, reserved 1085440K
  class space    used 4750K, capacity 5158K, committed 5248K, reserved 1048576K
}
Event: 5.586 GC heap after
{Heap after GC invocations=11 (full 0):
 garbage-first heap   total 315392K, used 29384K [0x0000000700c00000, 0x0000000800000000)
  region size 1024K, 9 young (9216K), 9 survivors (9216K)
 Metaspace       used 39867K, capacity 40896K, committed 41212K, reserved 1085440K
  class space    used 4750K, capacity 5158K, committed 5248K, reserved 1048576K
}
Event: 6.249 GC heap before
{Heap before GC invocations=11 (full 0):
 garbage-first heap   total 315392K, used 208584K [0x0000000700c00000, 0x0000000800000000)
  region size 1024K, 184 young (188416K), 9 survivors (9216K)
 Metaspace       used 42518K, capacity 43568K, committed 43644K, reserved 1087488K
  class space    used 5144K, capacity 5571K, committed 5632K, reserved 1048576K
}
Event: 6.255 GC heap after
{Heap after GC invocations=12 (full 0):
 garbage-first heap   total 315392K, used 33872K [0x0000000700c00000, 0x0000000800000000)
  region size 1024K, 13 young (13312K), 13 survivors (13312K)
 Metaspace       used 42518K, capacity 43568K, committed 43644K, reserved 1087488K
  class space    used 5144K, capacity 5571K, committed 5632K, reserved 1048576K
}
Event: 7.921 GC heap before
{Heap before GC invocations=12 (full 0):
 garbage-first heap   total 315392K, used 208976K [0x0000000700c00000, 0x0000000800000000)
  region size 1024K, 184 young (188416K), 13 survivors (13312K)
 Metaspace       used 51338K, capacity 52415K, committed 52476K, reserved 1095680K
  class space    used 6559K, capacity 7016K, committed 7040K, reserved 1048576K
}
Event: 7.931 GC heap after
{Heap after GC invocations=13 (full 0):
 garbage-first heap   total 315392K, used 40134K [0x0000000700c00000, 0x0000000800000000)
  region size 1024K, 18 young (18432K), 18 survivors (18432K)
 Metaspace       used 51338K, capacity 52415K, committed 52476K, reserved 1095680K
  class space    used 6559K, capacity 7016K, committed 7040K, reserved 1048576K
}
Event: 9.278 GC heap before
{Heap before GC invocations=13 (full 0):
 garbage-first heap   total 315392K, used 210118K [0x0000000700c00000, 0x0000000800000000)
  region size 1024K, 184 young (188416K), 18 survivors (18432K)
 Metaspace       used 58140K, capacity 59387K, committed 59516K, reserved 1101824K
  class space    used 7379K, capacity 7879K, committed 7936K, reserved 1048576K
}
Event: 9.291 GC heap after
{Heap after GC invocations=14 (full 0):
 garbage-first heap   total 378880K, used 40364K [0x0000000700c00000, 0x0000000800000000)
  region size 1024K, 12 young (12288K), 12 survivors (12288K)
 Metaspace       used 58140K, capacity 59387K, committed 59516K, reserved 1101824K
  class space    used 7379K, capacity 7879K, committed 7936K, reserved 1048576K
}
Event: 9.967 GC heap before
{Heap before GC invocations=14 (full 0):
 garbage-first heap   total 378880K, used 64940K [0x0000000700c00000, 0x0000000800000000)
  region size 1024K, 37 young (37888K), 12 survivors (12288K)
 Metaspace       used 58631K, capacity 59845K, committed 59940K, reserved 1101824K
  class space    used 7437K, capacity 7923K, committed 7936K, reserved 1048576K
}
Event: 9.975 GC heap after
{Heap after GC invocations=15 (full 0):
 garbage-first heap   total 378880K, used 40663K [0x0000000700c00000, 0x0000000800000000)
  region size 1024K, 13 young (13312K), 13 survivors (13312K)
 Metaspace       used 58631K, capacity 59845K, committed 59940K, reserved 1101824K
  class space    used 7437K, capacity 7923K, committed 7936K, reserved 1048576K
}

Deoptimization events (10 events):
Event: 10.197 Thread 0x0000020854439000 Uncommon trap: reason=class_check action=maybe_recompile pc=0x0000020864a4fd74 method=java.lang.invoke.Invokers$Holder.linkToTargetMethod(Ljava/lang/Object;Ljava/lang/Object;Ljava/lang/Object;)Ljava/lang/Object; @ 1 c2
Event: 10.198 Thread 0x0000020854439000 Uncommon trap: reason=class_check action=maybe_recompile pc=0x0000020864a4fd74 method=java.lang.invoke.Invokers$Holder.linkToTargetMethod(Ljava/lang/Object;Ljava/lang/Object;Ljava/lang/Object;)Ljava/lang/Object; @ 1 c2
Event: 10.198 Thread 0x0000020854439000 Uncommon trap: reason=class_check action=maybe_recompile pc=0x0000020864a4fd74 method=java.lang.invoke.Invokers$Holder.linkToTargetMethod(Ljava/lang/Object;Ljava/lang/Object;Ljava/lang/Object;)Ljava/lang/Object; @ 1 c2
Event: 10.198 Thread 0x0000020854439000 Uncommon trap: reason=class_check action=maybe_recompile pc=0x0000020864a4fd74 method=java.lang.invoke.Invokers$Holder.linkToTargetMethod(Ljava/lang/Object;Ljava/lang/Object;Ljava/lang/Object;)Ljava/lang/Object; @ 1 c2
Event: 10.254 Thread 0x0000020854439000 Uncommon trap: reason=unstable_if action=reinterpret pc=0x0000020864a132d0 method=org.aspectj.apache.bcel.classfile.Constant.readConstant(Ljava/io/DataInputStream;)Lorg/aspectj/apache/bcel/classfile/Constant; @ 6 c2
Event: 10.254 Thread 0x0000020854439000 Uncommon trap: reason=unstable_if action=reinterpret pc=0x0000020864b4da90 method=org.aspectj.apache.bcel.classfile.ConstantPool.<init>(Ljava/io/DataInputStream;)V @ 89 c2
Event: 10.255 Thread 0x0000020854439000 Uncommon trap: reason=unstable_if action=reinterpret pc=0x0000020864b4b624 method=org.aspectj.apache.bcel.classfile.ConstantPool.<init>(Ljava/io/DataInputStream;)V @ 89 c2
Event: 10.258 Thread 0x0000020854439000 Uncommon trap: reason=unstable_if action=reinterpret pc=0x000002086493cdcc method=java.lang.Class.cast(Ljava/lang/Object;)Ljava/lang/Object; @ 9 c2
Event: 10.276 Thread 0x0000020854439000 Uncommon trap: reason=unstable_if action=reinterpret pc=0x0000020864605d0c method=jdk.internal.org.objectweb.asm.Type.getArgumentsAndReturnSizes(Ljava/lang/String;)I @ 41 c2
Event: 10.289 Thread 0x0000020854439000 Uncommon trap: reason=unstable_if action=reinterpret pc=0x0000020864623ac4 method=jdk.internal.org.objectweb.asm.Frame.push(Ljdk/internal/org/objectweb/asm/ClassWriter;Ljava/lang/String;)V @ 24 c2

Classes redefined (0 events):
No events

Internal exceptions (10 events):
Event: 10.265 Thread 0x0000020854439000 Exception <a 'java/lang/ClassNotFoundException'{0x00000007146e60c0}: org/springframework/cloud/netflix/hystrix/HystrixAutoConfiguration$HystrixMetricsConfigurationCustomizer> (0x00000007146e60c0) thrown at [./open/src/hotspot/share/classfile/systemDiction
Event: 10.268 Thread 0x0000020854439000 Exception <a 'java/lang/ClassNotFoundException'{0x0000000714570698}: java/lang/ObjectCustomizer> (0x0000000714570698) thrown at [./open/src/hotspot/share/classfile/systemDictionary.cpp, line 228]
Event: 10.269 Thread 0x0000020854439000 Exception <a 'java/lang/ClassNotFoundException'{0x0000000714598a20}: io/micrometer/core/instrument/binder/hystrix/HystrixMetricsBinderCustomizer> (0x0000000714598a20) thrown at [./open/src/hotspot/share/classfile/systemDictionary.cpp, line 228]
Event: 10.270 Thread 0x0000020854439000 Exception <a 'java/lang/ClassNotFoundException'{0x00000007145ba638}: io/micrometer/core/instrument/binder/MeterBinderCustomizer> (0x00000007145ba638) thrown at [./open/src/hotspot/share/classfile/systemDictionary.cpp, line 228]
Event: 10.275 Thread 0x0000020854439000 Exception <a 'java/lang/NoSuchMethodError'{0x0000000714444100}: java.lang.invoke.DirectMethodHandle$Holder.invokeVirtual(Ljava/lang/Object;Ljava/lang/Object;)J> (0x0000000714444100) thrown at [./open/src/hotspot/share/interpreter/linkResolver.cpp, line 77
Event: 10.284 Thread 0x0000020854439000 Exception <a 'java/lang/NoSuchMethodError'{0x00000007144c3aa8}: java.lang.invoke.DirectMethodHandle$Holder.invokeSpecial(Ljava/lang/Object;Ljava/lang/Object;Ljava/lang/Object;Ljava/lang/Object;Ljava/lang/Object;Ljava/lang/Object;Ljava/lang/Object;Ljava/la
Event: 10.285 Thread 0x0000020854439000 Exception <a 'java/lang/NoSuchMethodError'{0x00000007144c89e8}: java.lang.invoke.Invokers$Holder.linkToTargetMethod(Ljava/lang/Object;Ljava/lang/Object;Ljava/lang/Object;Ljava/lang/Object;Ljava/lang/Object;Ljava/lang/Object;Ljava/lang/Object;Ljava/lang/Ob
Event: 10.289 Thread 0x0000020854439000 Exception <a 'java/lang/NoSuchMethodError'{0x00000007144ee7a8}: java.lang.invoke.DirectMethodHandle$Holder.invokeStatic(Ljava/lang/Object;Ljava/lang/Object;)D> (0x00000007144ee7a8) thrown at [./open/src/hotspot/share/interpreter/linkResolver.cpp, line 772
Event: 10.298 Thread 0x0000020854439000 Exception <a 'java/lang/NoSuchMethodError'{0x000000071435e1e0}: java.lang.invoke.DirectMethodHandle$Holder.invokeSpecial(Ljava/lang/Object;Ljava/lang/Object;Ljava/lang/Object;)D> (0x000000071435e1e0) thrown at [./open/src/hotspot/share/interpreter/linkRes
Event: 10.338 Thread 0x0000020854439000 Exception <a 'java/lang/reflect/InvocationTargetException'{0x0000000714175930}> (0x0000000714175930) thrown at [./open/src/hotspot/share/runtime/reflection.cpp, line 1242]

Events (10 events):
Event: 10.353 loading class com/netflix/config/ConfigurationBackedDynamicPropertySupportImpl
Event: 10.353 loading class com/netflix/config/ConfigurationBackedDynamicPropertySupportImpl done
Event: 10.354 loading class com/netflix/config/DynamicProperty$DynamicPropertyListener
Event: 10.354 loading class com/netflix/config/DynamicProperty$DynamicPropertyListener done
Event: 10.354 loading class com/netflix/config/ExpandedConfigurationListenerAdapter
Event: 10.354 loading class com/netflix/config/ExpandedConfigurationListenerAdapter done
Event: 10.355 loading class org/apache/commons/configuration/PropertyConverter
Event: 10.355 loading class org/apache/commons/configuration/PropertyConverter done
Event: 10.358 loading class com/netflix/config/PropertyWrapper$1
Event: 10.358 loading class com/netflix/config/PropertyWrapper$1 done


Dynamic libraries:
0x00007ff6c35d0000 - 0x00007ff6c35df000 	C:\Program Files\Java\jdk-11.0.11\bin\javaw.exe
0x00007fff73970000 - 0x00007fff73b65000 	C:\Windows\SYSTEM32\ntdll.dll
0x00007fff733f0000 - 0x00007fff734ad000 	C:\Windows\System32\KERNEL32.DLL
0x00007fff71700000 - 0x00007fff719c9000 	C:\Windows\System32\KERNELBASE.dll
0x00007fff712f0000 - 0x00007fff713f0000 	C:\Windows\System32\ucrtbase.dll
0x00007fff59b00000 - 0x00007fff59b15000 	C:\Program Files\Java\jdk-11.0.11\bin\VCRUNTIME140.dll
0x00007fff59ae0000 - 0x00007fff59af8000 	C:\Program Files\Java\jdk-11.0.11\bin\jli.dll
0x00007fff73220000 - 0x00007fff732cc000 	C:\Windows\System32\ADVAPI32.dll
0x00007fff71a70000 - 0x00007fff71b0e000 	C:\Windows\System32\msvcrt.dll
0x00007fff719d0000 - 0x00007fff71a6b000 	C:\Windows\System32\sechost.dll
0x00007fff736d0000 - 0x00007fff737fa000 	C:\Windows\System32\RPCRT4.dll
0x00007fff71cc0000 - 0x00007fff71e60000 	C:\Windows\System32\USER32.dll
0x00007fff69c30000 - 0x00007fff69eca000 	C:\Windows\WinSxS\amd64_microsoft.windows.common-controls_6595b64144ccf1df_6.0.19041.1110_none_60b5254171f9507e\COMCTL32.dll
0x00007fff716a0000 - 0x00007fff716c2000 	C:\Windows\System32\win32u.dll
0x00007fff732d0000 - 0x00007fff732fa000 	C:\Windows\System32\GDI32.dll
0x00007fff714e0000 - 0x00007fff715eb000 	C:\Windows\System32\gdi32full.dll
0x00007fff713f0000 - 0x00007fff7148d000 	C:\Windows\System32\msvcp_win.dll
0x00007fff6b350000 - 0x00007fff6b35a000 	C:\Windows\SYSTEM32\VERSION.dll
0x00007fff71c90000 - 0x00007fff71cc0000 	C:\Windows\System32\IMM32.DLL
0x00007fff59880000 - 0x00007fff5991b000 	C:\Program Files\Java\jdk-11.0.11\bin\msvcp140.dll
0x00007fff58d10000 - 0x00007fff5980e000 	C:\Program Files\Java\jdk-11.0.11\bin\server\jvm.dll
0x00007fff71f80000 - 0x00007fff71f88000 	C:\Windows\System32\PSAPI.DLL
0x00007fff63810000 - 0x00007fff63819000 	C:\Windows\SYSTEM32\WSOCK32.dll
0x00007fff6a710000 - 0x00007fff6a737000 	C:\Windows\SYSTEM32\WINMM.dll
0x00007fff734b0000 - 0x00007fff7351b000 	C:\Windows\System32\WS2_32.dll
0x00007fff6ef90000 - 0x00007fff6efa2000 	C:\Windows\SYSTEM32\kernel.appcore.dll
0x00007fff5bb90000 - 0x00007fff5bba0000 	C:\Program Files\Java\jdk-11.0.11\bin\verify.dll
0x00007fff621a0000 - 0x00007fff62384000 	C:\Windows\SYSTEM32\DBGHELP.DLL
0x00007fff61820000 - 0x00007fff6184c000 	C:\Windows\SYSTEM32\dbgcore.DLL
0x00007fff71100000 - 0x00007fff71183000 	C:\Windows\System32\bcryptPrimitives.dll
0x00007fff58b90000 - 0x00007fff58bb8000 	C:\Program Files\Java\jdk-11.0.11\bin\java.dll
0x00007fff58a90000 - 0x00007fff58a9a000 	C:\Program Files\Java\jdk-11.0.11\bin\jimage.dll
0x00007fff58860000 - 0x00007fff58876000 	C:\Program Files\Java\jdk-11.0.11\bin\zip.dll
0x00007fff72440000 - 0x00007fff72b7f000 	C:\Windows\System32\SHELL32.dll
0x00007fff6f190000 - 0x00007fff6f920000 	C:\Windows\SYSTEM32\windows.storage.dll
0x00007fff720c0000 - 0x00007fff72415000 	C:\Windows\System32\combase.dll
0x00007fff70a20000 - 0x00007fff70a4c000 	C:\Windows\SYSTEM32\Wldp.dll
0x00007fff71b80000 - 0x00007fff71c2e000 	C:\Windows\System32\SHCORE.dll
0x00007fff73300000 - 0x00007fff73355000 	C:\Windows\System32\shlwapi.dll
0x00007fff70fe0000 - 0x00007fff70fff000 	C:\Windows\SYSTEM32\profapi.dll
0x00007fff572f0000 - 0x00007fff57309000 	C:\Program Files\Java\jdk-11.0.11\bin\net.dll
0x00007fff66c20000 - 0x00007fff66d28000 	C:\Windows\SYSTEM32\WINHTTP.dll
0x00007fff707b0000 - 0x00007fff7081a000 	C:\Windows\system32\mswsock.dll
0x00007fff572d0000 - 0x00007fff572e2000 	C:\Program Files\Java\jdk-11.0.11\bin\nio.dll
0x00007fff704a0000 - 0x00007fff704db000 	C:\Windows\SYSTEM32\IPHLPAPI.DLL
0x00007fff71b10000 - 0x00007fff71b18000 	C:\Windows\System32\NSI.dll
0x00007fff6b480000 - 0x00007fff6b497000 	C:\Windows\SYSTEM32\dhcpcsvc6.DLL
0x00007fff6b460000 - 0x00007fff6b47d000 	C:\Windows\SYSTEM32\dhcpcsvc.DLL
0x00007fff704e0000 - 0x00007fff705ac000 	C:\Windows\SYSTEM32\DNSAPI.dll
0x00007fff65770000 - 0x00007fff6577a000 	C:\Windows\System32\rasadhlp.dll
0x00007fff656a0000 - 0x00007fff6571f000 	C:\Windows\System32\fwpuclnt.dll
0x00007fff716d0000 - 0x00007fff716f7000 	C:\Windows\System32\bcrypt.dll
0x00007fff5bc40000 - 0x00007fff5bc49000 	C:\Program Files\Java\jdk-11.0.11\bin\management.dll
0x00007fff5bc30000 - 0x00007fff5bc3b000 	C:\Program Files\Java\jdk-11.0.11\bin\management_ext.dll
0x00007fff600a0000 - 0x00007fff600b7000 	C:\Windows\system32\napinsp.dll
0x00007fff5faf0000 - 0x00007fff5fb0b000 	C:\Windows\system32\pnrpnsp.dll
0x00007fff5fad0000 - 0x00007fff5fae5000 	C:\Windows\system32\wshbth.dll
0x00007fff6cac0000 - 0x00007fff6cadd000 	C:\Windows\system32\NLAapi.dll
0x00007fff5d2c0000 - 0x00007fff5d2d2000 	C:\Windows\System32\winrnr.dll
0x00007fff56ca0000 - 0x00007fff56cad000 	C:\Program Files\Java\jdk-11.0.11\bin\sunmscapi.dll
0x00007fff71190000 - 0x00007fff712ef000 	C:\Windows\System32\CRYPT32.dll
0x00007fff70b70000 - 0x00007fff70b97000 	C:\Windows\SYSTEM32\ncrypt.dll
0x00007fff70b30000 - 0x00007fff70b6b000 	C:\Windows\SYSTEM32\NTASN1.dll
0x00007fff56c70000 - 0x00007fff56c95000 	C:\Program Files\Java\jdk-11.0.11\bin\sunec.dll

dbghelp: loaded successfully - version: 4.0.5 - missing functions: none
symbol engine: initialized successfully - sym options: 0x614 - pdb path: .;C:\Program Files\Java\jdk-11.0.11\bin;C:\Windows\SYSTEM32;C:\Windows\WinSxS\amd64_microsoft.windows.common-controls_6595b64144ccf1df_6.0.19041.1110_none_60b5254171f9507e;C:\Program Files\Java\jdk-11.0.11\bin\server

VM Arguments:
jvm_args: -ea -Dfile.encoding=UTF-8 
java_command: org.eclipse.jdt.internal.junit.runner.RemoteTestRunner -version 3 -port 50312 -testLoaderClass org.eclipse.jdt.internal.junit5.runner.JUnit5TestLoader -loaderpluginname org.eclipse.jdt.junit5.runtime -classNames com.service.UserServiceTests -uniqueId [engine:junit-jupiter]/[class:com.service.UserServiceTests]
java_class_path (initial): D:\Programing\Git\Demo Project\OAuth2_JWT_Authentication_Server\target\test-classes;D:\Programing\Git\Demo Project\OAuth2_JWT_Authentication_Server\target\classes;C:\Users\john\.m2\repository\org\springframework\boot\spring-boot-starter-security\2.3.0.RELEASE\spring-boot-starter-security-2.3.0.RELEASE.jar;C:\Users\john\.m2\repository\org\springframework\boot\spring-boot-starter\2.3.0.RELEASE\spring-boot-starter-2.3.0.RELEASE.jar;C:\Users\john\.m2\repository\org\springframework\boot\spring-boot-starter-logging\2.3.0.RELEASE\spring-boot-starter-logging-2.3.0.RELEASE.jar;C:\Users\john\.m2\repository\ch\qos\logback\logback-classic\1.2.3\logback-classic-1.2.3.jar;C:\Users\john\.m2\repository\ch\qos\logback\logback-core\1.2.3\logback-core-1.2.3.jar;C:\Users\john\.m2\repository\org\apache\logging\log4j\log4j-to-slf4j\2.13.2\log4j-to-slf4j-2.13.2.jar;C:\Users\john\.m2\repository\org\apache\logging\log4j\log4j-api\2.13.2\log4j-api-2.13.2.jar;C:\Users\john\.m2\repository\org\slf4j\jul-to-slf4j\1.7.30\jul-to-slf4j-1.7.30.jar;C:\Users\john\.m2\repository\jakarta\annotation\jakarta.annotation-api\1.3.5\jakarta.annotation-api-1.3.5.jar;C:\Users\john\.m2\repository\org\yaml\snakeyaml\1.26\snakeyaml-1.26.jar;C:\Users\john\.m2\repository\org\springframework\spring-aop\5.2.6.RELEASE\spring-aop-5.2.6.RELEASE.jar;C:\Users\john\.m2\repository\org\springframework\security\spring-security-config\5.3.2.RELEASE\spring-security-config-5.3.2.RELEASE.jar;C:\Users\john\.m2\repository\org\springframework\security\spring-security-web\5.3.2.RELEASE\spring-security-web-5.3.2.RELEASE.jar;C:\Users\john\.m2\repository\org\springframework\spring-expression\5.2.6.RELEASE\spring-expression-5.2.6.RELEASE.jar;C:\Users\john\.m2\repository\org\springframework\boot\spring-boot-starter-web\2.3.0.RELEASE\spring-boot-starter-web-2.3.0.RELEASE.jar;C:\Users\john\.m2\repository\org\springframework\boot\spring-boot-starter-json\2.3.0.RELEASE\spring-boot-starter-json-2.3.0.RELEASE.jar;C:\
Launcher Type: SUN_STANDARD

[Global flags]
     intx CICompilerCount                          = 12                                        {product} {ergonomic}
     uint ConcGCThreads                            = 3                                         {product} {ergonomic}
     uint G1ConcRefinementThreads                  = 13                                        {product} {ergonomic}
   size_t G1HeapRegionSize                         = 1048576                                   {product} {ergonomic}
    uintx GCDrainStackTargetSize                   = 64                                        {product} {ergonomic}
   size_t InitialHeapSize                          = 268435456                                 {product} {ergonomic}
   size_t MarkStackSize                            = 4194304                                   {product} {ergonomic}
   size_t MaxHeapSize                              = 4282384384                                {product} {ergonomic}
   size_t MaxNewSize                               = 2569011200                                {product} {ergonomic}
   size_t MinHeapDeltaBytes                        = 1048576                                   {product} {ergonomic}
    uintx NonNMethodCodeHeapSize                   = 7594288                                {pd product} {ergonomic}
    uintx NonProfiledCodeHeapSize                  = 122031976                              {pd product} {ergonomic}
    uintx ProfiledCodeHeapSize                     = 122031976                              {pd product} {ergonomic}
    uintx ReservedCodeCacheSize                    = 251658240                              {pd product} {ergonomic}
     bool SegmentedCodeCache                       = true                                      {product} {ergonomic}
     bool UseCompressedClassPointers               = true                                 {lp64_product} {ergonomic}
     bool UseCompressedOops                        = true                                 {lp64_product} {ergonomic}
     bool UseG1GC                                  = true                                      {product} {ergonomic}
     bool UseLargePagesIndividualAllocation        = false                                  {pd product} {ergonomic}

Logging:
Log output configuration:
 #0: stdout all=warning uptime,level,tags
 #1: stderr all=off uptime,level,tags

Environment Variables:
JAVA_HOME=C:\Program Files\Java\jdk-11.0.11
JRE_HOME=C:\Program Files\Java\jdk11.0.10
PATH=D:/Programing/Programs/sts-4.11.1.RELEASE//plugins/org.eclipse.justj.openjdk.hotspot.jre.full.win32.x86_64_16.0.2.v20210721-1149/jre/bin/server;D:/Programing/Programs/sts-4.11.1.RELEASE//plugins/org.eclipse.justj.openjdk.hotspot.jre.full.win32.x86_64_16.0.2.v20210721-1149/jre/bin;C:\Program Files\Common Files\Oracle\Java\javapath;C:\Program Files\Docker\Docker\Resources\bin;C:\Program Files (x86)\Common Files\Oracle\Java\javapath;C:\Program Files (x86)\NVIDIA Corporation\PhysX\Common;C:\Windows\system32;C:\Windows;C:\Windows\System32\Wbem;C:\Windows\System32\WindowsPowerShell\v1.0\;D:\Programing\Programs\apache-groovy-binary-3.0.0-rc-1\groovy-3.0.0-rc-1\bin;D:\Programing\Programs\gradle-5.6.4\bin;D:\Programing\Programs\sts-4.10.0.RELEASE\bin;D:\Programing\Programs\apache-maven-3.6.3\apache-maven-3.6.3\bin;C:\Program Files\Calibre2\;C:\Program Files (x86)\Windows Kits\10\Windows Performance Toolkit\;C:\Program Files\MongoDB\Server\4.2\bin;C:\Program Files\nodejs;C:\Users\skybo\AppData\Roaming\npm;D:\Programing\Programs\apache-tomcat-8.5.57-windows-x64\apache-tomcat-8.5.57\bin;C:\Program Files\Java\jdk-11.0.11\bin;D:\Programing\Programs\curl\curl-7.76.0-win64-mingw\bin;D:\Programing\Programs\PostgreSQL\bin;C:\Program Files\nodejs\;C:\Users\john\AppData\Roaming\npm\node_modules\@angular\cli\bin;;C:\Program Files\Docker\Docker\resources\bin;C:\ProgramData\DockerDesktop\version-bin;C:\Users\john\AppData\Local\Microsoft\WindowsApps;C:\Users\skybo\AppData\Roaming\npm;C:\Users\skybo\AppData\Local\Programs\Git\cmd;D:\Programing\Programs\Git\cmd;C:\Users\john\AppData\Roaming\npm;D:\Programing\Programs\Microsoft VS Code\bin;D:\Programing\Programs\sts-4.11.1.RELEASE;
USERNAME=john
OS=Windows_NT
PROCESSOR_IDENTIFIER=AMD64 Family 23 Model 1 Stepping 1, AuthenticAMD



---------------  S Y S T E M  ---------------

OS: Windows 10 , 64 bit Build 19041 (10.0.19041.1151)
Hyper-V role detected

CPU:total 16 (initial active 16) (16 cores per cpu, 2 threads per core) family 23 model 1 stepping 1 microcode 0x0, cmov, cx8, fxsr, mmx, sse, sse2, sse3, ssse3, sse4.1, sse4.2, popcnt, avx, avx2, aes, clmul, mmxext, 3dnowpref, lzcnt, sse4a, ht, tsc, tscinvbit, tscinv, bmi1, bmi2, adx, s

Memory: 4k page, system-wide physical 16333M (6635M free)
TotalPageFile size 20429M (AvailPageFile size 5584M)
current process WorkingSet (physical memory assigned to process): 573M, peak: 617M
current process commit charge ("private bytes"): 715M, peak: 836M

vm_info: Java HotSpot(TM) 64-Bit Server VM (11.0.11+9-LTS-194) for windows-amd64 JRE (11.0.11+9-LTS-194), built on Mar 18 2021 18:46:53 by "mach5one" with MS VC++ 15.9 (VS2017)

END.
