#
# A fatal error has been detected by the Java Runtime Environment:
#
#  EXCEPTION_ACCESS_VIOLATION (0xc0000005) at pc=0x00000001800158d3, pid=15916, tid=5732
#
# JRE version: Java(TM) SE Runtime Environment 18.9 (11.0.11+9) (build 11.0.11+9-LTS-194)
# Java VM: Java HotSpot(TM) 64-Bit Server VM 18.9 (11.0.11+9-LTS-194, mixed mode, tiered, compressed oops, g1 gc, windows-amd64)
# Problematic frame:
# C  [tcnative-1.dll+0x158d3]
#
# No core dump will be written. Minidumps are not enabled by default on client versions of Windows
#
# If you would like to submit a bug report, please visit:
#   https://bugreport.java.com/bugreport/crash.jsp
# The crash happened outside the Java Virtual Machine in native code.
# See problematic frame for where to report the bug.
#

---------------  S U M M A R Y ------------

Command Line: -Dcom.sun.management.jmxremote -Dcom.sun.management.jmxremote.port=63167 -Dcom.sun.management.jmxremote.authenticate=false -Dcom.sun.management.jmxremote.ssl=false -Djava.rmi.server.hostname=localhost -Dspring.jmx.enabled=true -Dspring.application.admin.enabled=true -XX:TieredStopAtLevel=1 -Dspring.boot.project.name=OAuth2_JWT_Authentication_Server -Dfile.encoding=UTF-8 com.OAuth2JwtAuthorizationServerApplication --spring.output.ansi.enabled=always

Host: AMD Ryzen 7 1700X Eight-Core Processor         , 16 cores, 15G,  Windows 10 , 64 bit Build 19041 (10.0.19041.1348)
Time: Sun Nov 28 01:56:22 2021 GTB Standard Time elapsed time: 77.568406 seconds (0d 0h 1m 17s)

---------------  T H R E A D  ---------------

Current thread (0x0000022a1b28c800):  JavaThread "restartedMain" [_thread_in_native, id=5732, stack(0x0000007e64200000,0x0000007e64300000)]

Stack: [0x0000007e64200000,0x0000007e64300000],  sp=0x0000007e642fc9b0,  free space=1010k
Native frames: (J=compiled Java code, j=interpreted, Vv=VM code, C=native code)
C  [tcnative-1.dll+0x158d3]

Java frames: (J=compiled Java code, j=interpreted, Vv=VM code)
j  org.apache.tomcat.jni.Pool.create(J)J+0
j  org.apache.tomcat.util.net.openssl.OpenSSLEngine.<clinit>()V+35
v  ~StubRoutines::call_stub
j  org.apache.tomcat.util.net.openssl.OpenSSLUtil.getImplementedProtocols()Ljava/util/Set;+0
j  org.apache.tomcat.util.net.SSLUtilBase.<init>(Lorg/apache/tomcat/util/net/SSLHostConfigCertificate;Z)V+26
j  org.apache.tomcat.util.net.SSLUtilBase.<init>(Lorg/apache/tomcat/util/net/SSLHostConfigCertificate;)V+3
j  org.apache.tomcat.util.net.openssl.OpenSSLUtil.<init>(Lorg/apache/tomcat/util/net/SSLHostConfigCertificate;)V+2
j  org.apache.tomcat.util.net.openssl.OpenSSLImplementation.getSSLUtil(Lorg/apache/tomcat/util/net/SSLHostConfigCertificate;)Lorg/apache/tomcat/util/net/SSLUtil;+5
j  org.apache.tomcat.util.net.AbstractJsseEndpoint.createSSLContext(Lorg/apache/tomcat/util/net/SSLHostConfig;)V+39
j  org.apache.tomcat.util.net.AbstractJsseEndpoint.initialiseSsl()V+54
j  org.apache.tomcat.util.net.NioEndpoint.bind()V+17
j  org.apache.tomcat.util.net.AbstractEndpoint.bindWithCleanup()V+1
j  org.apache.tomcat.util.net.AbstractEndpoint.start()V+11
j  org.apache.coyote.AbstractProtocol.start()V+48
j  org.apache.catalina.connector.Connector.startInternal()V+48
j  org.apache.catalina.util.LifecycleBase.start()V+210
j  org.apache.catalina.core.StandardService.addConnector(Lorg/apache/catalina/connector/Connector;)V+74
j  org.springframework.boot.web.embedded.tomcat.TomcatWebServer.addPreviouslyRemovedConnectors()V+84
j  org.springframework.boot.web.embedded.tomcat.TomcatWebServer.start()V+18
j  org.springframework.boot.web.servlet.context.WebServerStartStopLifecycle.start()V+4
j  org.springframework.context.support.DefaultLifecycleProcessor.doStart(Ljava/util/Map;Ljava/lang/String;Z)V+173
j  org.springframework.context.support.DefaultLifecycleProcessor.access$200(Lorg/springframework/context/support/DefaultLifecycleProcessor;Ljava/util/Map;Ljava/lang/String;Z)V+4
j  org.springframework.context.support.DefaultLifecycleProcessor$LifecycleGroup.start()V+114
j  org.springframework.context.support.DefaultLifecycleProcessor.startBeans(Z)V+99
j  org.springframework.context.support.DefaultLifecycleProcessor.onRefresh()V+2
j  org.springframework.context.support.AbstractApplicationContext.finishRefresh()V+12
j  org.springframework.context.support.AbstractApplicationContext.refresh()V+58
j  org.springframework.boot.web.servlet.context.ServletWebServerApplicationContext.refresh()V+1
j  org.springframework.boot.SpringApplication.refresh(Lorg/springframework/context/ConfigurableApplicationContext;)V+1
j  org.springframework.boot.SpringApplication.refresh(Lorg/springframework/context/ApplicationContext;)V+11
j  org.springframework.boot.SpringApplication.refreshContext(Lorg/springframework/context/ConfigurableApplicationContext;)V+2
j  org.springframework.boot.SpringApplication.run([Ljava/lang/String;)Lorg/springframework/context/ConfigurableApplicationContext;+118
j  org.springframework.boot.SpringApplication.run([Ljava/lang/Class;[Ljava/lang/String;)Lorg/springframework/context/ConfigurableApplicationContext;+9
j  org.springframework.boot.SpringApplication.run(Ljava/lang/Class;[Ljava/lang/String;)Lorg/springframework/context/ConfigurableApplicationContext;+9
j  com.OAuth2JwtAuthorizationServerApplication.main([Ljava/lang/String;)V+3
v  ~StubRoutines::call_stub
j  jdk.internal.reflect.NativeMethodAccessorImpl.invoke0(Ljava/lang/reflect/Method;Ljava/lang/Object;[Ljava/lang/Object;)Ljava/lang/Object;+0 java.base@11.0.11
j  jdk.internal.reflect.NativeMethodAccessorImpl.invoke(Ljava/lang/Object;[Ljava/lang/Object;)Ljava/lang/Object;+100 java.base@11.0.11
j  jdk.internal.reflect.DelegatingMethodAccessorImpl.invoke(Ljava/lang/Object;[Ljava/lang/Object;)Ljava/lang/Object;+6 java.base@11.0.11
j  java.lang.reflect.Method.invoke(Ljava/lang/Object;[Ljava/lang/Object;)Ljava/lang/Object;+59 java.base@11.0.11
j  org.springframework.boot.devtools.restart.RestartLauncher.run()V+42
v  ~StubRoutines::call_stub

siginfo: EXCEPTION_ACCESS_VIOLATION (0xc0000005), reading address 0x0000000000000030


Register to memory mapping:

RIP=0x00000001800158d3 tcnative-1.dll
RAX=0x0000000180008410 tcnative-1.dll
RBX=0x0000022a1b28cb48 points into unknown readable memory: 00 9d 27 6c fc 7f 00 00
RCX=0x0000007e642fca28 is pointing into the stack for thread: 0x0000022a1b28c800
RDX=0x0 is NULL
RSP=0x0000007e642fc9b0 is pointing into the stack for thread: 0x0000022a1b28c800
RBP=0x0 is NULL
RSI=0x0 is NULL
RDI=0x0 is NULL
R8 =0x0 is NULL
R9 =0x0 is NULL
R10=0x0000022a0000f348 is at code_begin+1000 in an Interpreter codelet
method entry point (kind = native)  [0x0000022a0000ef60, 0x0000022a0000fa00]  2720 bytes
R11=0x000000070b9351b0 is an oop: java.lang.Class 
{0x000000070b9351b0} - klass: 'java/lang/Class'
R12=0x0000007e642fca28 is pointing into the stack for thread: 0x0000022a1b28c800
R13=0x0 is NULL
R14=0x0000007e642fcac8 is pointing into the stack for thread: 0x0000022a1b28c800
R15=0x0000022a1b28c800 is a thread


Registers:
RAX=0x0000000180008410, RBX=0x0000022a1b28cb48, RCX=0x0000007e642fca28, RDX=0x0000000000000000
RSP=0x0000007e642fc9b0, RBP=0x0000000000000000, RSI=0x0000000000000000, RDI=0x0000000000000000
R8 =0x0000000000000000, R9 =0x0000000000000000, R10=0x0000022a0000f348, R11=0x000000070b9351b0
R12=0x0000007e642fca28, R13=0x0000000000000000, R14=0x0000007e642fcac8, R15=0x0000022a1b28c800
RIP=0x00000001800158d3, EFLAGS=0x0000000000010246

Top of Stack: (sp=0x0000007e642fc9b0)
0x0000007e642fc9b0:   0000000000000000 0000000000000000
0x0000007e642fc9c0:   0000022a32ab83c0 0000022a1b28c800
0x0000007e642fc9d0:   0000022a32ab83c0 0000000000000000
0x0000007e642fc9e0:   0000000000000000 000000018000843b
0x0000007e642fc9f0:   0000007e642fce00 0000007e642fcaa0
0x0000007e642fca00:   0000000000000000 0000022a1b28c800
0x0000007e642fca10:   0000022a32ab83c0 0000022a0000f377
0x0000007e642fca20:   0000000000000000 0000000000000000
0x0000007e642fca30:   0000022a1b28c800 0000022a32ab83c0
0x0000007e642fca40:   0000007e642fcaa0 0000000000000000
0x0000007e642fca50:   0000022a0000f016 0000007e642fca58
0x0000007e642fca60:   0000022a32ab83c0 0000007e642fcac8
0x0000007e642fca70:   0000022a32ab90a0 0000000000000000
0x0000007e642fca80:   000000070b9351b0 0000022a32ab83c0
0x0000007e642fca90:   0000000000000000 0000007e642fcac0
0x0000007e642fcaa0:   0000007e642fcb18 0000022a00009c10 

Instructions: (pc=0x00000001800158d3)
0x00000001800158b3:   c9 a8 24 00 49 8b e9 49 8b f0 4c 8b e1 4d 85 c0
0x00000001800158c3:   75 09 48 85 ff 74 04 48 8b 77 40 4d 85 c9 75 04
0x00000001800158d3:   48 8b 6f 30 ba d8 1f 00 00 48 8b cd e8 6c fb ff
0x00000001800158e3:   ff 4c 8b d8 48 85 c0 75 14 48 85 f6 74 05 8d 48 


Stack slot to memory mapping:
stack at sp + 0 slots: 0x0 is NULL
stack at sp + 1 slots: 0x0 is NULL
stack at sp + 2 slots: {method} {0x0000022a32ab83c8} 'create' '(J)J' in 'org/apache/tomcat/jni/Pool'
stack at sp + 3 slots: 0x0000022a1b28c800 is a thread
stack at sp + 4 slots: {method} {0x0000022a32ab83c8} 'create' '(J)J' in 'org/apache/tomcat/jni/Pool'
stack at sp + 5 slots: 0x0 is NULL
stack at sp + 6 slots: 0x0 is NULL
stack at sp + 7 slots: 0x000000018000843b tcnative-1.dll


---------------  P R O C E S S  ---------------

Threads class SMR info:
_java_thread_list=0x0000022a2e006610, length=38, elements={
0x0000022a75165000, 0x0000022a1a0b7000, 0x0000022a1a0c0000, 0x0000022a1a112800,
0x0000022a1a113800, 0x0000022a1a116000, 0x0000022a1a126800, 0x0000022a1a2d3800,
0x0000022a1a364800, 0x0000022a1adee000, 0x0000022a1ae03000, 0x0000022a1ae5d800,
0x0000022a1b2cb000, 0x0000022a1b28c800, 0x0000022a1b328000, 0x0000022a1b35a000,
0x0000022a1b361000, 0x0000022a1b475000, 0x0000022a1b47a800, 0x0000022a1b475800,
0x0000022a1b47b800, 0x0000022a1b47c000, 0x0000022a1b476800, 0x0000022a1b477000,
0x0000022a1b479000, 0x0000022a1b478000, 0x0000022a1dada000, 0x0000022a1dadc800,
0x0000022a1dadb800, 0x0000022a1dad9000, 0x0000022a1dadd000, 0x0000022a1dad7800,
0x0000022a1dade000, 0x0000022a1dad8800, 0x0000022a1dadf800, 0x0000022a1dadf000,
0x0000022a1dae0800, 0x0000022a1dadb000
}

Java Threads: ( => current thread )
  0x0000022a75165000 JavaThread "main" [_thread_blocked, id=3816, stack(0x0000007e62900000,0x0000007e62a00000)]
  0x0000022a1a0b7000 JavaThread "Reference Handler" daemon [_thread_blocked, id=9084, stack(0x0000007e63000000,0x0000007e63100000)]
  0x0000022a1a0c0000 JavaThread "Finalizer" daemon [_thread_blocked, id=196, stack(0x0000007e63100000,0x0000007e63200000)]
  0x0000022a1a112800 JavaThread "Signal Dispatcher" daemon [_thread_blocked, id=4940, stack(0x0000007e63200000,0x0000007e63300000)]
  0x0000022a1a113800 JavaThread "Attach Listener" daemon [_thread_blocked, id=13780, stack(0x0000007e63300000,0x0000007e63400000)]
  0x0000022a1a116000 JavaThread "C1 CompilerThread0" daemon [_thread_blocked, id=17628, stack(0x0000007e63400000,0x0000007e63500000)]
  0x0000022a1a126800 JavaThread "Sweeper thread" daemon [_thread_blocked, id=15300, stack(0x0000007e63500000,0x0000007e63600000)]
  0x0000022a1a2d3800 JavaThread "Common-Cleaner" daemon [_thread_blocked, id=13584, stack(0x0000007e63600000,0x0000007e63700000)]
  0x0000022a1a364800 JavaThread "Service Thread" daemon [_thread_blocked, id=7640, stack(0x0000007e63700000,0x0000007e63800000)]
  0x0000022a1adee000 JavaThread "RMI TCP Accept-0" daemon [_thread_in_native, id=10908, stack(0x0000007e63800000,0x0000007e63900000)]
  0x0000022a1ae03000 JavaThread "RMI TCP Accept-63167" daemon [_thread_in_native, id=15280, stack(0x0000007e63900000,0x0000007e63a00000)]
  0x0000022a1ae5d800 JavaThread "RMI TCP Accept-0" daemon [_thread_in_native, id=4380, stack(0x0000007e63a00000,0x0000007e63b00000)]
  0x0000022a1b2cb000 JavaThread "Thread-0" [_thread_blocked, id=7160, stack(0x0000007e64100000,0x0000007e64200000)]
=>0x0000022a1b28c800 JavaThread "restartedMain" [_thread_in_native, id=5732, stack(0x0000007e64200000,0x0000007e64300000)]
  0x0000022a1b328000 JavaThread "RMI TCP Connection(idle)" daemon [_thread_blocked, id=6032, stack(0x0000007e64400000,0x0000007e64500000)]
  0x0000022a1b35a000 JavaThread "RMI Scheduler(0)" daemon [_thread_blocked, id=7024, stack(0x0000007e64500000,0x0000007e64600000)]
  0x0000022a1b361000 JavaThread "JMX server connection timeout 31" daemon [_thread_blocked, id=11228, stack(0x0000007e64600000,0x0000007e64700000)]
  0x0000022a1b475000 JavaThread "RMI TCP Connection(idle)" daemon [_thread_blocked, id=15732, stack(0x0000007e64700000,0x0000007e64800000)]
  0x0000022a1b47a800 JavaThread "RMI TCP Connection(3)-127.0.0.1" daemon [_thread_blocked, id=17780, stack(0x0000007e64800000,0x0000007e64900000)]
  0x0000022a1b475800 JavaThread "JMX server connection timeout 34" daemon [_thread_blocked, id=17784, stack(0x0000007e64900000,0x0000007e64a00000)]
  0x0000022a1b47b800 JavaThread "Keep-Alive-Timer" daemon [_thread_blocked, id=13768, stack(0x0000007e64e00000,0x0000007e64f00000)]
  0x0000022a1b47c000 JavaThread "AsyncReporter{org.springframework.cloud.sleuth.zipkin2.sender.RestTemplateSender@7c6fae9a}" daemon [_thread_blocked, id=7368, stack(0x0000007e64f00000,0x0000007e65000000)]
  0x0000022a1b476800 JavaThread "Catalina-utility-1" [_thread_blocked, id=18364, stack(0x0000007e65100000,0x0000007e65200000)]
  0x0000022a1b477000 JavaThread "Catalina-utility-2" [_thread_blocked, id=17608, stack(0x0000007e65200000,0x0000007e65300000)]
  0x0000022a1b479000 JavaThread "container-0" [_thread_blocked, id=2796, stack(0x0000007e65300000,0x0000007e65400000)]
  0x0000022a1b478000 JavaThread "spring.cloud.inetutils" daemon [_thread_blocked, id=16140, stack(0x0000007e65700000,0x0000007e65800000)]
  0x0000022a1dada000 JavaThread "Live Reload Server" daemon [_thread_in_native, id=5516, stack(0x0000007e65c00000,0x0000007e65d00000)]
  0x0000022a1dadc800 JavaThread "RMI TCP Connection(4)-127.0.0.1" daemon [_thread_in_native, id=7056, stack(0x0000007e65b00000,0x0000007e65c00000)]
  0x0000022a1dadb800 JavaThread "JMX server connection timeout 726" daemon [_thread_blocked, id=11904, stack(0x0000007e65f00000,0x0000007e66000000)]
  0x0000022a1dad9000 JavaThread "RMI TCP Connection(5)-127.0.0.1" daemon [_thread_in_native, id=4848, stack(0x0000007e66000000,0x0000007e66100000)]
  0x0000022a1dadd000 JavaThread "Thread-683" [_thread_blocked, id=18128, stack(0x0000007e66300000,0x0000007e66400000)]
  0x0000022a1dad7800 JavaThread "File Watcher" daemon [_thread_blocked, id=16800, stack(0x0000007e65a00000,0x0000007e65b00000)]
  0x0000022a1dade000 JavaThread "task-scheduler-1" [_thread_blocked, id=11588, stack(0x0000007e62600000,0x0000007e62700000)]
  0x0000022a1dad8800 JavaThread "Eureka-JerseyClient-Conn-Cleaner2" daemon [_thread_blocked, id=7908, stack(0x0000007e62700000,0x0000007e62800000)]
  0x0000022a1dadf800 JavaThread "AsyncResolver-bootstrap-0" daemon [_thread_blocked, id=16564, stack(0x0000007e62800000,0x0000007e62900000)]
  0x0000022a1dadf000 JavaThread "DiscoveryClient-0" daemon [_thread_blocked, id=2828, stack(0x0000007e65e00000,0x0000007e65f00000)]
  0x0000022a1dae0800 JavaThread "DiscoveryClient-1" daemon [_thread_blocked, id=8060, stack(0x0000007e66500000,0x0000007e66600000)]
  0x0000022a1dadb000 JavaThread "DiscoveryClient-InstanceInfoReplicator-0" daemon [_thread_blocked, id=16224, stack(0x0000007e66600000,0x0000007e66700000)]

Other Threads:
  0x0000022a1a090000 VMThread "VM Thread" [stack: 0x0000007e62f00000,0x0000007e63000000] [id=11576]
  0x0000022a1ae5f000 WatcherThread [stack: 0x0000007e63b00000,0x0000007e63c00000] [id=15584]
  0x0000022a7517b000 GCTaskThread "GC Thread#0" [stack: 0x0000007e62a00000,0x0000007e62b00000] [id=5704]
  0x0000022a1ae7e800 GCTaskThread "GC Thread#1" [stack: 0x0000007e63c00000,0x0000007e63d00000] [id=12724]
  0x0000022a1af49000 GCTaskThread "GC Thread#2" [stack: 0x0000007e63d00000,0x0000007e63e00000] [id=16312]
  0x0000022a1af49800 GCTaskThread "GC Thread#3" [stack: 0x0000007e63e00000,0x0000007e63f00000] [id=8068]
  0x0000022a1af4a800 GCTaskThread "GC Thread#4" [stack: 0x0000007e63f00000,0x0000007e64000000] [id=17020]
  0x0000022a1af4b000 GCTaskThread "GC Thread#5" [stack: 0x0000007e64000000,0x0000007e64100000] [id=14964]
  0x0000022a1b4b9800 GCTaskThread "GC Thread#6" [stack: 0x0000007e64a00000,0x0000007e64b00000] [id=17792]
  0x0000022a1b43d000 GCTaskThread "GC Thread#7" [stack: 0x0000007e64b00000,0x0000007e64c00000] [id=2584]
  0x0000022a1e448800 GCTaskThread "GC Thread#8" [stack: 0x0000007e65000000,0x0000007e65100000] [id=18360]
  0x0000022a1e44a000 GCTaskThread "GC Thread#9" [stack: 0x0000007e65400000,0x0000007e65500000] [id=18072]
  0x0000022a1e447800 GCTaskThread "GC Thread#10" [stack: 0x0000007e65500000,0x0000007e65600000] [id=18028]
  0x0000022a1e448000 GCTaskThread "GC Thread#11" [stack: 0x0000007e65600000,0x0000007e65700000] [id=18372]
  0x0000022a2197b800 GCTaskThread "GC Thread#12" [stack: 0x0000007e66400000,0x0000007e66500000] [id=2400]
  0x0000022a751db800 ConcurrentGCThread "G1 Main Marker" [stack: 0x0000007e62b00000,0x0000007e62c00000] [id=14932]
  0x0000022a751dc800 ConcurrentGCThread "G1 Conc#0" [stack: 0x0000007e62c00000,0x0000007e62d00000] [id=11424]
  0x0000022a1b4f4800 ConcurrentGCThread "G1 Conc#1" [stack: 0x0000007e64c00000,0x0000007e64d00000] [id=17796]
  0x0000022a1b4f3800 ConcurrentGCThread "G1 Conc#2" [stack: 0x0000007e64d00000,0x0000007e64e00000] [id=4412]
  0x0000022a196f6000 ConcurrentGCThread "G1 Refine#0" [stack: 0x0000007e62d00000,0x0000007e62e00000] [id=6012]
  0x0000022a21d5f800 ConcurrentGCThread "G1 Refine#1" [stack: 0x0000007e65800000,0x0000007e65900000] [id=7220]
  0x0000022a22a9a800 ConcurrentGCThread "G1 Refine#2" [stack: 0x0000007e65900000,0x0000007e65a00000] [id=9516]
  0x0000022a22df2000 ConcurrentGCThread "G1 Refine#3" [stack: 0x0000007e65d00000,0x0000007e65e00000] [id=16488]
  0x0000022a196f7000 ConcurrentGCThread "G1 Young RemSet Sampling" [stack: 0x0000007e62e00000,0x0000007e62f00000] [id=7548]

Threads with active compile tasks:

VM state:not at safepoint (normal execution)

VM Mutex/Monitor currently owned by a thread: None

Heap address: 0x0000000700c00000, size: 4084 MB, Compressed Oops mode: Zero based, Oop shift amount: 3
Narrow klass base: 0x0000000800000000, Narrow klass shift: 0
Compressed class space size: 1073741824 Address: 0x0000000800000000

Heap:
 garbage-first heap   total 191488K, used 86799K [0x0000000700c00000, 0x0000000800000000)
  region size 1024K, 25 young (25600K), 11 survivors (11264K)
 Metaspace       used 78637K, capacity 81250K, committed 81488K, reserved 1120256K
  class space    used 10748K, capacity 11765K, committed 11776K, reserved 1048576K
Heap Regions: E=young(eden), S=young(survivor), O=old, HS=humongous(starts), HC=humongous(continues), CS=collection set, F=free, A=archive, TAMS=top-at-mark-start (previous, next)
|   0|0x0000000700c00000, 0x0000000700cffff8, 0x0000000700d00000| 99%| O|  |TAMS 0x0000000700c00000, 0x0000000700c00000| Untracked 
|   1|0x0000000700d00000, 0x0000000700dffff0, 0x0000000700e00000| 99%| O|  |TAMS 0x0000000700d00000, 0x0000000700d00000| Untracked 
|   2|0x0000000700e00000, 0x0000000700eff8b8, 0x0000000700f00000| 99%| O|  |TAMS 0x0000000700e00000, 0x0000000700e00000| Untracked 
|   3|0x0000000700f00000, 0x0000000701000000, 0x0000000701000000|100%| O|  |TAMS 0x0000000700f00000, 0x0000000700f00000| Untracked 
|   4|0x0000000701000000, 0x00000007010ffff0, 0x0000000701100000| 99%| O|  |TAMS 0x0000000701000000, 0x0000000701000000| Untracked 
|   5|0x0000000701100000, 0x00000007011fffe8, 0x0000000701200000| 99%| O|  |TAMS 0x0000000701100000, 0x0000000701100000| Untracked 
|   6|0x0000000701200000, 0x00000007012ffff0, 0x0000000701300000| 99%| O|  |TAMS 0x0000000701200000, 0x0000000701200000| Untracked 
|   7|0x0000000701300000, 0x0000000701400000, 0x0000000701400000|100%| O|  |TAMS 0x0000000701300000, 0x0000000701300000| Untracked 
|   8|0x0000000701400000, 0x00000007014ffff0, 0x0000000701500000| 99%| O|  |TAMS 0x0000000701400000, 0x0000000701400000| Untracked 
|   9|0x0000000701500000, 0x00000007015ffff0, 0x0000000701600000| 99%| O|  |TAMS 0x0000000701500000, 0x0000000701500000| Untracked 
|  10|0x0000000701600000, 0x00000007016f0f38, 0x0000000701700000| 94%| O|  |TAMS 0x0000000701600000, 0x0000000701600000| Untracked 
|  11|0x0000000701700000, 0x0000000701800000, 0x0000000701800000|100%| O|  |TAMS 0x0000000701700000, 0x0000000701700000| Untracked 
|  12|0x0000000701800000, 0x00000007018ffff8, 0x0000000701900000| 99%| O|  |TAMS 0x0000000701800000, 0x0000000701800000| Untracked 
|  13|0x0000000701900000, 0x00000007019ffff8, 0x0000000701a00000| 99%| O|  |TAMS 0x0000000701900000, 0x0000000701900000| Untracked 
|  14|0x0000000701a00000, 0x0000000701b00000, 0x0000000701b00000|100%| O|  |TAMS 0x0000000701a00000, 0x0000000701a00000| Untracked 
|  15|0x0000000701b00000, 0x0000000701bffff8, 0x0000000701c00000| 99%| O|  |TAMS 0x0000000701b00000, 0x0000000701b00000| Untracked 
|  16|0x0000000701c00000, 0x0000000701cffff8, 0x0000000701d00000| 99%| O|  |TAMS 0x0000000701c00000, 0x0000000701c00000| Untracked 
|  17|0x0000000701d00000, 0x0000000701dffff8, 0x0000000701e00000| 99%| O|  |TAMS 0x0000000701d00000, 0x0000000701d00000| Untracked 
|  18|0x0000000701e00000, 0x0000000701f00000, 0x0000000701f00000|100%| O|  |TAMS 0x0000000701e00000, 0x0000000701e00000| Untracked 
|  19|0x0000000701f00000, 0x0000000701fffed8, 0x0000000702000000| 99%| O|  |TAMS 0x0000000701f00000, 0x0000000701f00000| Untracked 
|  20|0x0000000702000000, 0x00000007020ffff8, 0x0000000702100000| 99%| O|  |TAMS 0x0000000702000000, 0x0000000702000000| Untracked 
|  21|0x0000000702100000, 0x00000007021b0fb8, 0x0000000702200000| 69%| O|  |TAMS 0x0000000702100000, 0x0000000702100000| Untracked 
|  22|0x0000000702200000, 0x0000000702300000, 0x0000000702300000|100%| O|  |TAMS 0x0000000702200000, 0x0000000702200000| Untracked 
|  23|0x0000000702300000, 0x0000000702400000, 0x0000000702400000|100%| O|  |TAMS 0x0000000702300000, 0x0000000702300000| Untracked 
|  24|0x0000000702400000, 0x00000007024fffd0, 0x0000000702500000| 99%| O|  |TAMS 0x0000000702400000, 0x0000000702400000| Untracked 
|  25|0x0000000702500000, 0x0000000702600000, 0x0000000702600000|100%| O|  |TAMS 0x0000000702500000, 0x0000000702500000| Untracked 
|  26|0x0000000702600000, 0x0000000702700000, 0x0000000702700000|100%| O|  |TAMS 0x0000000702600000, 0x0000000702600000| Untracked 
|  27|0x0000000702700000, 0x00000007027fffe0, 0x0000000702800000| 99%| O|  |TAMS 0x0000000702700000, 0x0000000702700000| Untracked 
|  28|0x0000000702800000, 0x00000007028fffe8, 0x0000000702900000| 99%| O|  |TAMS 0x0000000702800000, 0x0000000702800000| Untracked 
|  29|0x0000000702900000, 0x00000007029fffd8, 0x0000000702a00000| 99%| O|  |TAMS 0x0000000702900000, 0x0000000702900000| Untracked 
|  30|0x0000000702a00000, 0x0000000702afffd8, 0x0000000702b00000| 99%| O|  |TAMS 0x0000000702a00000, 0x0000000702a00000| Untracked 
|  31|0x0000000702b00000, 0x0000000702bffff0, 0x0000000702c00000| 99%| O|  |TAMS 0x0000000702b00000, 0x0000000702b00000| Untracked 
|  32|0x0000000702c00000, 0x0000000702cffff8, 0x0000000702d00000| 99%| O|  |TAMS 0x0000000702c00000, 0x0000000702c00000| Untracked 
|  33|0x0000000702d00000, 0x0000000702dffff8, 0x0000000702e00000| 99%| O|  |TAMS 0x0000000702d00000, 0x0000000702d00000| Untracked 
|  34|0x0000000702e00000, 0x0000000702f00000, 0x0000000702f00000|100%| O|  |TAMS 0x0000000702e00000, 0x0000000702e00000| Untracked 
|  35|0x0000000702f00000, 0x0000000703000000, 0x0000000703000000|100%| O|  |TAMS 0x0000000702f00000, 0x0000000702f00000| Untracked 
|  36|0x0000000703000000, 0x00000007030fffc8, 0x0000000703100000| 99%| O|  |TAMS 0x0000000703000000, 0x0000000703000000| Untracked 
|  37|0x0000000703100000, 0x00000007031fffc8, 0x0000000703200000| 99%| O|  |TAMS 0x0000000703100000, 0x0000000703100000| Untracked 
|  38|0x0000000703200000, 0x00000007032fc238, 0x0000000703300000| 98%| O|  |TAMS 0x0000000703200000, 0x0000000703200000| Untracked 
|  39|0x0000000703300000, 0x00000007033ffff8, 0x0000000703400000| 99%| O|  |TAMS 0x0000000703300000, 0x0000000703300000| Untracked 
|  40|0x0000000703400000, 0x00000007034fffe8, 0x0000000703500000| 99%| O|  |TAMS 0x0000000703400000, 0x0000000703400000| Untracked 
|  41|0x0000000703500000, 0x00000007035ffff0, 0x0000000703600000| 99%| O|  |TAMS 0x0000000703500000, 0x0000000703500000| Untracked 
|  42|0x0000000703600000, 0x0000000703700000, 0x0000000703700000|100%| O|  |TAMS 0x0000000703600000, 0x0000000703600000| Untracked 
|  43|0x0000000703700000, 0x00000007037ffff0, 0x0000000703800000| 99%| O|  |TAMS 0x0000000703700000, 0x0000000703700000| Untracked 
|  44|0x0000000703800000, 0x00000007038fffb0, 0x0000000703900000| 99%| O|  |TAMS 0x0000000703800000, 0x0000000703800000| Untracked 
|  45|0x0000000703900000, 0x0000000703a00000, 0x0000000703a00000|100%| O|  |TAMS 0x0000000703900000, 0x0000000703900000| Untracked 
|  46|0x0000000703a00000, 0x0000000703a9bf58, 0x0000000703b00000| 60%| O|  |TAMS 0x0000000703a00000, 0x0000000703a00000| Untracked 
|  47|0x0000000703b00000, 0x0000000703b220a8, 0x0000000703c00000| 13%| O|  |TAMS 0x0000000703b00000, 0x0000000703b00000| Untracked 
|  48|0x0000000703c00000, 0x0000000703d00000, 0x0000000703d00000|100%| O|  |TAMS 0x0000000703c00000, 0x0000000703c00000| Untracked 
|  49|0x0000000703d00000, 0x0000000703dffff8, 0x0000000703e00000| 99%| O|  |TAMS 0x0000000703d00000, 0x0000000703d00000| Untracked 
|  50|0x0000000703e00000, 0x0000000703f00000, 0x0000000703f00000|100%| O|  |TAMS 0x0000000703e00000, 0x0000000703e00000| Untracked 
|  51|0x0000000703f00000, 0x0000000704000000, 0x0000000704000000|100%| O|  |TAMS 0x0000000703f00000, 0x0000000703f00000| Untracked 
|  52|0x0000000704000000, 0x0000000704045550, 0x0000000704100000| 27%| O|  |TAMS 0x0000000704000000, 0x0000000704000000| Untracked 
|  53|0x0000000704100000, 0x0000000704170d00, 0x0000000704200000| 44%| O|  |TAMS 0x0000000704100000, 0x0000000704100000| Untracked 
|  54|0x0000000704200000, 0x0000000704300000, 0x0000000704300000|100%| O|  |TAMS 0x0000000704200000, 0x0000000704200000| Untracked 
|  55|0x0000000704300000, 0x0000000704400000, 0x0000000704400000|100%| O|  |TAMS 0x0000000704300000, 0x0000000704300000| Untracked 
|  56|0x0000000704400000, 0x0000000704500000, 0x0000000704500000|100%| O|  |TAMS 0x0000000704400000, 0x0000000704400000| Untracked 
|  57|0x0000000704500000, 0x0000000704600000, 0x0000000704600000|100%| O|  |TAMS 0x0000000704500000, 0x0000000704500000| Untracked 
|  58|0x0000000704600000, 0x00000007046a1400, 0x0000000704700000| 62%| O|  |TAMS 0x0000000704600000, 0x0000000704600000| Untracked 
|  59|0x0000000704700000, 0x0000000704700000, 0x0000000704800000|  0%| F|  |TAMS 0x0000000704700000, 0x0000000704700000| Untracked 
|  60|0x0000000704800000, 0x0000000704800000, 0x0000000704900000|  0%| F|  |TAMS 0x0000000704800000, 0x0000000704800000| Untracked 
|  61|0x0000000704900000, 0x0000000704900000, 0x0000000704a00000|  0%| F|  |TAMS 0x0000000704900000, 0x0000000704900000| Untracked 
|  62|0x0000000704a00000, 0x0000000704a00000, 0x0000000704b00000|  0%| F|  |TAMS 0x0000000704a00000, 0x0000000704a00000| Untracked 
|  63|0x0000000704b00000, 0x0000000704b00000, 0x0000000704c00000|  0%| F|  |TAMS 0x0000000704b00000, 0x0000000704b00000| Untracked 
|  64|0x0000000704c00000, 0x0000000704c00000, 0x0000000704d00000|  0%| F|  |TAMS 0x0000000704c00000, 0x0000000704c00000| Untracked 
|  65|0x0000000704d00000, 0x0000000704d00000, 0x0000000704e00000|  0%| F|  |TAMS 0x0000000704d00000, 0x0000000704d00000| Untracked 
|  66|0x0000000704e00000, 0x0000000704e00000, 0x0000000704f00000|  0%| F|  |TAMS 0x0000000704e00000, 0x0000000704e00000| Untracked 
|  67|0x0000000704f00000, 0x0000000704f00000, 0x0000000705000000|  0%| F|  |TAMS 0x0000000704f00000, 0x0000000704f00000| Untracked 
|  68|0x0000000705000000, 0x0000000705000000, 0x0000000705100000|  0%| F|  |TAMS 0x0000000705000000, 0x0000000705000000| Untracked 
|  69|0x0000000705100000, 0x0000000705100000, 0x0000000705200000|  0%| F|  |TAMS 0x0000000705100000, 0x0000000705100000| Untracked 
|  70|0x0000000705200000, 0x0000000705200000, 0x0000000705300000|  0%| F|  |TAMS 0x0000000705200000, 0x0000000705200000| Untracked 
|  71|0x0000000705300000, 0x0000000705300000, 0x0000000705400000|  0%| F|  |TAMS 0x0000000705300000, 0x0000000705300000| Untracked 
|  72|0x0000000705400000, 0x0000000705400000, 0x0000000705500000|  0%| F|  |TAMS 0x0000000705400000, 0x0000000705400000| Untracked 
|  73|0x0000000705500000, 0x0000000705500000, 0x0000000705600000|  0%| F|  |TAMS 0x0000000705500000, 0x0000000705500000| Untracked 
|  74|0x0000000705600000, 0x0000000705600000, 0x0000000705700000|  0%| F|  |TAMS 0x0000000705600000, 0x0000000705600000| Untracked 
|  75|0x0000000705700000, 0x0000000705714dc8, 0x0000000705800000|  8%| S|CS|TAMS 0x0000000705700000, 0x0000000705700000| Complete 
|  76|0x0000000705800000, 0x0000000705900000, 0x0000000705900000|100%| S|CS|TAMS 0x0000000705800000, 0x0000000705800000| Complete 
|  77|0x0000000705900000, 0x0000000705a00000, 0x0000000705a00000|100%| S|CS|TAMS 0x0000000705900000, 0x0000000705900000| Complete 
|  78|0x0000000705a00000, 0x0000000705b00000, 0x0000000705b00000|100%| S|CS|TAMS 0x0000000705a00000, 0x0000000705a00000| Complete 
|  79|0x0000000705b00000, 0x0000000705c00000, 0x0000000705c00000|100%| S|CS|TAMS 0x0000000705b00000, 0x0000000705b00000| Complete 
|  80|0x0000000705c00000, 0x0000000705c00000, 0x0000000705d00000|  0%| F|  |TAMS 0x0000000705c00000, 0x0000000705c00000| Untracked 
|  81|0x0000000705d00000, 0x0000000705d00000, 0x0000000705e00000|  0%| F|  |TAMS 0x0000000705d00000, 0x0000000705d00000| Untracked 
|  82|0x0000000705e00000, 0x0000000705e00000, 0x0000000705f00000|  0%| F|  |TAMS 0x0000000705e00000, 0x0000000705e00000| Untracked 
|  83|0x0000000705f00000, 0x0000000705f00000, 0x0000000706000000|  0%| F|  |TAMS 0x0000000705f00000, 0x0000000705f00000| Untracked 
|  84|0x0000000706000000, 0x0000000706100000, 0x0000000706100000|100%| S|CS|TAMS 0x0000000706000000, 0x0000000706000000| Complete 
|  85|0x0000000706100000, 0x0000000706200000, 0x0000000706200000|100%| S|CS|TAMS 0x0000000706100000, 0x0000000706100000| Complete 
|  86|0x0000000706200000, 0x0000000706300000, 0x0000000706300000|100%| S|CS|TAMS 0x0000000706200000, 0x0000000706200000| Complete 
|  87|0x0000000706300000, 0x0000000706400000, 0x0000000706400000|100%| S|CS|TAMS 0x0000000706300000, 0x0000000706300000| Complete 
|  88|0x0000000706400000, 0x0000000706500000, 0x0000000706500000|100%| S|CS|TAMS 0x0000000706400000, 0x0000000706400000| Complete 
|  89|0x0000000706500000, 0x0000000706500000, 0x0000000706600000|  0%| F|  |TAMS 0x0000000706500000, 0x0000000706500000| Untracked 
|  90|0x0000000706600000, 0x0000000706600000, 0x0000000706700000|  0%| F|  |TAMS 0x0000000706600000, 0x0000000706600000| Untracked 
|  91|0x0000000706700000, 0x0000000706700000, 0x0000000706800000|  0%| F|  |TAMS 0x0000000706700000, 0x0000000706700000| Untracked 
|  92|0x0000000706800000, 0x0000000706900000, 0x0000000706900000|100%| S|CS|TAMS 0x0000000706800000, 0x0000000706800000| Complete 
|  93|0x0000000706900000, 0x0000000706900000, 0x0000000706a00000|  0%| F|  |TAMS 0x0000000706900000, 0x0000000706900000| Untracked 
|  94|0x0000000706a00000, 0x0000000706a00000, 0x0000000706b00000|  0%| F|  |TAMS 0x0000000706a00000, 0x0000000706a00000| Untracked 
|  95|0x0000000706b00000, 0x0000000706b00000, 0x0000000706c00000|  0%| F|  |TAMS 0x0000000706b00000, 0x0000000706b00000| Untracked 
|  96|0x0000000706c00000, 0x0000000706c00000, 0x0000000706d00000|  0%| F|  |TAMS 0x0000000706c00000, 0x0000000706c00000| Untracked 
|  97|0x0000000706d00000, 0x0000000706d00000, 0x0000000706e00000|  0%| F|  |TAMS 0x0000000706d00000, 0x0000000706d00000| Untracked 
|  98|0x0000000706e00000, 0x0000000706e00000, 0x0000000706f00000|  0%| F|  |TAMS 0x0000000706e00000, 0x0000000706e00000| Untracked 
|  99|0x0000000706f00000, 0x0000000706f00000, 0x0000000707000000|  0%| F|  |TAMS 0x0000000706f00000, 0x0000000706f00000| Untracked 
| 100|0x0000000707000000, 0x0000000707000000, 0x0000000707100000|  0%| F|  |TAMS 0x0000000707000000, 0x0000000707000000| Untracked 
| 101|0x0000000707100000, 0x0000000707100000, 0x0000000707200000|  0%| F|  |TAMS 0x0000000707100000, 0x0000000707100000| Untracked 
| 102|0x0000000707200000, 0x0000000707200000, 0x0000000707300000|  0%| F|  |TAMS 0x0000000707200000, 0x0000000707200000| Untracked 
| 103|0x0000000707300000, 0x0000000707300000, 0x0000000707400000|  0%| F|  |TAMS 0x0000000707300000, 0x0000000707300000| Untracked 
| 104|0x0000000707400000, 0x0000000707400000, 0x0000000707500000|  0%| F|  |TAMS 0x0000000707400000, 0x0000000707400000| Untracked 
| 105|0x0000000707500000, 0x0000000707500000, 0x0000000707600000|  0%| F|  |TAMS 0x0000000707500000, 0x0000000707500000| Untracked 
| 106|0x0000000707600000, 0x0000000707600000, 0x0000000707700000|  0%| F|  |TAMS 0x0000000707600000, 0x0000000707600000| Untracked 
| 107|0x0000000707700000, 0x0000000707700000, 0x0000000707800000|  0%| F|  |TAMS 0x0000000707700000, 0x0000000707700000| Untracked 
| 108|0x0000000707800000, 0x0000000707800000, 0x0000000707900000|  0%| F|  |TAMS 0x0000000707800000, 0x0000000707800000| Untracked 
| 109|0x0000000707900000, 0x0000000707900000, 0x0000000707a00000|  0%| F|  |TAMS 0x0000000707900000, 0x0000000707900000| Untracked 
| 110|0x0000000707a00000, 0x0000000707a00000, 0x0000000707b00000|  0%| F|  |TAMS 0x0000000707a00000, 0x0000000707a00000| Untracked 
| 111|0x0000000707b00000, 0x0000000707b00000, 0x0000000707c00000|  0%| F|  |TAMS 0x0000000707b00000, 0x0000000707b00000| Untracked 
| 112|0x0000000707c00000, 0x0000000707c00000, 0x0000000707d00000|  0%| F|  |TAMS 0x0000000707c00000, 0x0000000707c00000| Untracked 
| 113|0x0000000707d00000, 0x0000000707d00000, 0x0000000707e00000|  0%| F|  |TAMS 0x0000000707d00000, 0x0000000707d00000| Untracked 
| 114|0x0000000707e00000, 0x0000000707e00000, 0x0000000707f00000|  0%| F|  |TAMS 0x0000000707e00000, 0x0000000707e00000| Untracked 
| 115|0x0000000707f00000, 0x0000000707f00000, 0x0000000708000000|  0%| F|  |TAMS 0x0000000707f00000, 0x0000000707f00000| Untracked 
| 116|0x0000000708000000, 0x0000000708000000, 0x0000000708100000|  0%| F|  |TAMS 0x0000000708000000, 0x0000000708000000| Untracked 
| 117|0x0000000708100000, 0x0000000708100000, 0x0000000708200000|  0%| F|  |TAMS 0x0000000708100000, 0x0000000708100000| Untracked 
| 118|0x0000000708200000, 0x0000000708200000, 0x0000000708300000|  0%| F|  |TAMS 0x0000000708200000, 0x0000000708200000| Untracked 
| 119|0x0000000708300000, 0x0000000708300000, 0x0000000708400000|  0%| F|  |TAMS 0x0000000708300000, 0x0000000708300000| Untracked 
| 120|0x0000000708400000, 0x0000000708400000, 0x0000000708500000|  0%| F|  |TAMS 0x0000000708400000, 0x0000000708400000| Untracked 
| 121|0x0000000708500000, 0x0000000708500000, 0x0000000708600000|  0%| F|  |TAMS 0x0000000708500000, 0x0000000708500000| Untracked 
| 122|0x0000000708600000, 0x0000000708600000, 0x0000000708700000|  0%| F|  |TAMS 0x0000000708600000, 0x0000000708600000| Untracked 
| 123|0x0000000708700000, 0x00000007087fffe8, 0x0000000708800000| 99%| O|  |TAMS 0x0000000708700000, 0x0000000708700000| Untracked 
| 124|0x0000000708800000, 0x0000000708800000, 0x0000000708900000|  0%| F|  |TAMS 0x0000000708800000, 0x0000000708800000| Untracked 
| 125|0x0000000708900000, 0x0000000708900000, 0x0000000708a00000|  0%| F|  |TAMS 0x0000000708900000, 0x0000000708900000| Untracked 
| 126|0x0000000708a00000, 0x0000000708a00000, 0x0000000708b00000|  0%| F|  |TAMS 0x0000000708a00000, 0x0000000708a00000| Untracked 
| 127|0x0000000708b00000, 0x0000000708b00000, 0x0000000708c00000|  0%| F|  |TAMS 0x0000000708b00000, 0x0000000708b00000| Untracked 
| 128|0x0000000708c00000, 0x0000000708ceb1b0, 0x0000000708d00000| 91%| O|  |TAMS 0x0000000708c00000, 0x0000000708c00000| Untracked 
| 129|0x0000000708d00000, 0x0000000708d00000, 0x0000000708e00000|  0%| F|  |TAMS 0x0000000708d00000, 0x0000000708d00000| Untracked 
| 130|0x0000000708e00000, 0x0000000708e00000, 0x0000000708f00000|  0%| F|  |TAMS 0x0000000708e00000, 0x0000000708e00000| Untracked 
| 131|0x0000000708f00000, 0x0000000708f00000, 0x0000000709000000|  0%| F|  |TAMS 0x0000000708f00000, 0x0000000708f00000| Untracked 
| 132|0x0000000709000000, 0x0000000709000000, 0x0000000709100000|  0%| F|  |TAMS 0x0000000709000000, 0x0000000709000000| Untracked 
| 133|0x0000000709100000, 0x0000000709100000, 0x0000000709200000|  0%| F|  |TAMS 0x0000000709100000, 0x0000000709100000| Untracked 
| 134|0x0000000709200000, 0x0000000709200000, 0x0000000709300000|  0%| F|  |TAMS 0x0000000709200000, 0x0000000709200000| Untracked 
| 135|0x0000000709300000, 0x0000000709300000, 0x0000000709400000|  0%| F|  |TAMS 0x0000000709300000, 0x0000000709300000| Untracked 
| 136|0x0000000709400000, 0x0000000709400000, 0x0000000709500000|  0%| F|  |TAMS 0x0000000709400000, 0x0000000709400000| Untracked 
| 137|0x0000000709500000, 0x0000000709500000, 0x0000000709600000|  0%| F|  |TAMS 0x0000000709500000, 0x0000000709500000| Untracked 
| 138|0x0000000709600000, 0x0000000709600000, 0x0000000709700000|  0%| F|  |TAMS 0x0000000709600000, 0x0000000709600000| Untracked 
| 139|0x0000000709700000, 0x0000000709700000, 0x0000000709800000|  0%| F|  |TAMS 0x0000000709700000, 0x0000000709700000| Untracked 
| 140|0x0000000709800000, 0x0000000709800000, 0x0000000709900000|  0%| F|  |TAMS 0x0000000709800000, 0x0000000709800000| Untracked 
| 141|0x0000000709900000, 0x0000000709900000, 0x0000000709a00000|  0%| F|  |TAMS 0x0000000709900000, 0x0000000709900000| Untracked 
| 142|0x0000000709a00000, 0x0000000709a00000, 0x0000000709b00000|  0%| F|  |TAMS 0x0000000709a00000, 0x0000000709a00000| Untracked 
| 143|0x0000000709b00000, 0x0000000709b00000, 0x0000000709c00000|  0%| F|  |TAMS 0x0000000709b00000, 0x0000000709b00000| Untracked 
| 144|0x0000000709c00000, 0x0000000709c00000, 0x0000000709d00000|  0%| F|  |TAMS 0x0000000709c00000, 0x0000000709c00000| Untracked 
| 145|0x0000000709d00000, 0x0000000709d00000, 0x0000000709e00000|  0%| F|  |TAMS 0x0000000709d00000, 0x0000000709d00000| Untracked 
| 146|0x0000000709e00000, 0x0000000709e00000, 0x0000000709f00000|  0%| F|  |TAMS 0x0000000709e00000, 0x0000000709e00000| Untracked 
| 147|0x0000000709f00000, 0x0000000709f00000, 0x000000070a000000|  0%| F|  |TAMS 0x0000000709f00000, 0x0000000709f00000| Untracked 
| 148|0x000000070a000000, 0x000000070a000000, 0x000000070a100000|  0%| F|  |TAMS 0x000000070a000000, 0x000000070a000000| Untracked 
| 149|0x000000070a100000, 0x000000070a100000, 0x000000070a200000|  0%| F|  |TAMS 0x000000070a100000, 0x000000070a100000| Untracked 
| 150|0x000000070a200000, 0x000000070a200000, 0x000000070a300000|  0%| F|  |TAMS 0x000000070a200000, 0x000000070a200000| Untracked 
| 151|0x000000070a300000, 0x000000070a300000, 0x000000070a400000|  0%| F|  |TAMS 0x000000070a300000, 0x000000070a300000| Untracked 
| 152|0x000000070a400000, 0x000000070a400000, 0x000000070a500000|  0%| F|  |TAMS 0x000000070a400000, 0x000000070a400000| Untracked 
| 153|0x000000070a500000, 0x000000070a500000, 0x000000070a600000|  0%| F|  |TAMS 0x000000070a500000, 0x000000070a500000| Untracked 
| 154|0x000000070a600000, 0x000000070a600000, 0x000000070a700000|  0%| F|  |TAMS 0x000000070a600000, 0x000000070a600000| Untracked 
| 155|0x000000070a700000, 0x000000070a700000, 0x000000070a800000|  0%| F|  |TAMS 0x000000070a700000, 0x000000070a700000| Untracked 
| 156|0x000000070a800000, 0x000000070a800000, 0x000000070a900000|  0%| F|  |TAMS 0x000000070a800000, 0x000000070a800000| Untracked 
| 157|0x000000070a900000, 0x000000070a900000, 0x000000070aa00000|  0%| F|  |TAMS 0x000000070a900000, 0x000000070a900000| Untracked 
| 158|0x000000070aa00000, 0x000000070aa00000, 0x000000070ab00000|  0%| F|  |TAMS 0x000000070aa00000, 0x000000070aa00000| Untracked 
| 159|0x000000070ab00000, 0x000000070ab00000, 0x000000070ac00000|  0%| F|  |TAMS 0x000000070ab00000, 0x000000070ab00000| Untracked 
| 160|0x000000070ac00000, 0x000000070acfcda8, 0x000000070ad00000| 98%| O|  |TAMS 0x000000070ac00000, 0x000000070ac00000| Untracked 
| 161|0x000000070ad00000, 0x000000070ad00000, 0x000000070ae00000|  0%| F|  |TAMS 0x000000070ad00000, 0x000000070ad00000| Untracked 
| 162|0x000000070ae00000, 0x000000070aecd340, 0x000000070af00000| 80%| O|  |TAMS 0x000000070ae00000, 0x000000070ae00000| Untracked 
| 163|0x000000070af00000, 0x000000070affff90, 0x000000070b000000| 99%| O|  |TAMS 0x000000070af00000, 0x000000070af00000| Untracked 
| 164|0x000000070b000000, 0x000000070b000000, 0x000000070b100000|  0%| F|  |TAMS 0x000000070b000000, 0x000000070b000000| Untracked 
| 165|0x000000070b100000, 0x000000070b100000, 0x000000070b200000|  0%| F|  |TAMS 0x000000070b100000, 0x000000070b100000| Untracked 
| 166|0x000000070b200000, 0x000000070b2b3538, 0x000000070b300000| 70%| O|  |TAMS 0x000000070b200000, 0x000000070b200000| Untracked 
| 167|0x000000070b300000, 0x000000070b300000, 0x000000070b400000|  0%| F|  |TAMS 0x000000070b300000, 0x000000070b300000| Untracked 
| 168|0x000000070b400000, 0x000000070b400000, 0x000000070b500000|  0%| F|  |TAMS 0x000000070b400000, 0x000000070b400000| Untracked 
| 169|0x000000070b500000, 0x000000070b500000, 0x000000070b600000|  0%| F|  |TAMS 0x000000070b500000, 0x000000070b500000| Untracked 
| 170|0x000000070b600000, 0x000000070b600000, 0x000000070b700000|  0%| F|  |TAMS 0x000000070b600000, 0x000000070b600000| Untracked 
| 171|0x000000070b700000, 0x000000070b793e58, 0x000000070b800000| 57%| O|  |TAMS 0x000000070b700000, 0x000000070b700000| Untracked 
| 172|0x000000070b800000, 0x000000070b800000, 0x000000070b900000|  0%| F|  |TAMS 0x000000070b800000, 0x000000070b800000| Untracked 
| 173|0x000000070b900000, 0x000000070b9e6ff8, 0x000000070ba00000| 90%| E|  |TAMS 0x000000070b900000, 0x000000070b900000| Complete 
| 174|0x000000070ba00000, 0x000000070bb00000, 0x000000070bb00000|100%| E|CS|TAMS 0x000000070ba00000, 0x000000070ba00000| Complete 
| 175|0x000000070bb00000, 0x000000070bc00000, 0x000000070bc00000|100%| E|CS|TAMS 0x000000070bb00000, 0x000000070bb00000| Complete 
| 176|0x000000070bc00000, 0x000000070bd00000, 0x000000070bd00000|100%| E|CS|TAMS 0x000000070bc00000, 0x000000070bc00000| Complete 
| 177|0x000000070bd00000, 0x000000070be00000, 0x000000070be00000|100%| E|CS|TAMS 0x000000070bd00000, 0x000000070bd00000| Complete 
| 178|0x000000070be00000, 0x000000070bf00000, 0x000000070bf00000|100%| E|CS|TAMS 0x000000070be00000, 0x000000070be00000| Complete 
| 179|0x000000070bf00000, 0x000000070c000000, 0x000000070c000000|100%| E|CS|TAMS 0x000000070bf00000, 0x000000070bf00000| Complete 
| 180|0x000000070c000000, 0x000000070c100000, 0x000000070c100000|100%| E|CS|TAMS 0x000000070c000000, 0x000000070c000000| Complete 
| 181|0x000000070c100000, 0x000000070c200000, 0x000000070c200000|100%| E|CS|TAMS 0x000000070c100000, 0x000000070c100000| Complete 
| 182|0x000000070c200000, 0x000000070c300000, 0x000000070c300000|100%| E|CS|TAMS 0x000000070c200000, 0x000000070c200000| Complete 
| 183|0x000000070c300000, 0x000000070c400000, 0x000000070c400000|100%| E|CS|TAMS 0x000000070c300000, 0x000000070c300000| Complete 
| 184|0x000000070c400000, 0x000000070c500000, 0x000000070c500000|100%| E|CS|TAMS 0x000000070c400000, 0x000000070c400000| Complete 
| 185|0x000000070c500000, 0x000000070c600000, 0x000000070c600000|100%| E|CS|TAMS 0x000000070c500000, 0x000000070c500000| Complete 
| 186|0x000000070c600000, 0x000000070c700000, 0x000000070c700000|100%| E|CS|TAMS 0x000000070c600000, 0x000000070c600000| Complete 

Card table byte_map: [0x0000022a7e670000,0x0000022a7ee70000] _byte_map_base: 0x0000022a7ae6a000

Marking Bits (Prev, Next): (CMBitMap*) 0x0000022a751ca7e0, (CMBitMap*) 0x0000022a751ca7a8
 Prev Bits: [0x0000022a12fd0000, 0x0000022a16fa0000)
 Next Bits: [0x0000022a0f000000, 0x0000022a12fd0000)

Polling page: 0x0000022a72f30000

Metaspace:

Usage:
  Non-class:     67.86 MB capacity,    66.30 MB ( 98%) used,     1.27 MB (  2%) free+waste,   299.75 KB ( <1%) overhead. 
      Class:     11.49 MB capacity,    10.50 MB ( 91%) used,   868.39 KB (  7%) free+waste,   148.13 KB (  1%) overhead. 
       Both:     79.35 MB capacity,    76.79 MB ( 97%) used,     2.11 MB (  3%) free+waste,   447.88 KB ( <1%) overhead. 

Virtual space:
  Non-class space:       70.00 MB reserved,      68.08 MB ( 97%) committed 
      Class space:        1.00 GB reserved,      11.50 MB (  1%) committed 
             Both:        1.07 GB reserved,      79.58 MB (  7%) committed 

Chunk freelists:
   Non-Class:  4.38 KB
       Class:  1.38 KB
        Both:  5.75 KB

CodeHeap 'non-profiled nmethods': size=233856Kb used=15297Kb max_used=15297Kb free=218559Kb
 bounds [0x0000022a00ba0000, 0x0000022a01aa0000, 0x0000022a0f000000]
CodeHeap 'non-nmethods': size=11904Kb used=1266Kb max_used=1266Kb free=10637Kb
 bounds [0x0000022a00000000, 0x0000022a00270000, 0x0000022a00ba0000]
 total_blobs=9509 nmethods=8864 adapters=570
 compilation: enabled
              stopped_count=0, restarted_count=0
 full_count=0

Compilation events (10 events):
Event: 77.550 Thread 0x0000022a1a116000 8848       1       org.springframework.context.event.GenericApplicationListenerAdapter::supportsSourceType (32 bytes)
Event: 77.550 Thread 0x0000022a1a116000 nmethod 8848 0x0000022a01a8b790 code [0x0000022a01a8b940, 0x0000022a01a8bb08]
Event: 77.552 Thread 0x0000022a1a116000 8849       1       java.lang.StringBuilder::substring (7 bytes)
Event: 77.552 Thread 0x0000022a1a116000 nmethod 8849 0x0000022a01a8bb90 code [0x0000022a01a8bd40, 0x0000022a01a8be08]
Event: 77.552 Thread 0x0000022a1a116000 8850       1       sun.net.util.IPAddressUtil::match (50 bytes)
Event: 77.552 Thread 0x0000022a1a116000 nmethod 8850 0x0000022a01a8be90 code [0x0000022a01a8c020, 0x0000022a01a8c178]
Event: 77.552 Thread 0x0000022a1a116000 8851       1       java.util.logging.LogManager$LogNode::<init> (15 bytes)
Event: 77.552 Thread 0x0000022a1a116000 nmethod 8851 0x0000022a01a8c210 code [0x0000022a01a8c3a0, 0x0000022a01a8c4f8]
Event: 77.562 Thread 0x0000022a1a116000 8852       1       org.apache.http.message.BasicHeader::getName (5 bytes)
Event: 77.562 Thread 0x0000022a1a116000 nmethod 8852 0x0000022a01a8c590 code [0x0000022a01a8c720, 0x0000022a01a8c7d8]

GC Heap History (10 events):
Event: 42.481 GC heap before
{Heap before GC invocations=29 (full 1):
 garbage-first heap   total 191488K, used 156380K [0x0000000700c00000, 0x0000000800000000)
  region size 1024K, 98 young (100352K), 10 survivors (10240K)
 Metaspace       used 71505K, capacity 73919K, committed 74064K, reserved 1112064K
  class space    used 9713K, capacity 10694K, committed 10752K, reserved 1048576K
}
Event: 42.486 GC heap after
{Heap after GC invocations=30 (full 1):
 garbage-first heap   total 191488K, used 69720K [0x0000000700c00000, 0x0000000800000000)
  region size 1024K, 10 young (10240K), 10 survivors (10240K)
 Metaspace       used 71505K, capacity 73919K, committed 74064K, reserved 1112064K
  class space    used 9713K, capacity 10694K, committed 10752K, reserved 1048576K
}
Event: 43.019 GC heap before
{Heap before GC invocations=30 (full 1):
 garbage-first heap   total 191488K, used 156760K [0x0000000700c00000, 0x0000000800000000)
  region size 1024K, 95 young (97280K), 10 survivors (10240K)
 Metaspace       used 71549K, capacity 73991K, committed 74064K, reserved 1112064K
  class space    used 9717K, capacity 10698K, committed 10752K, reserved 1048576K
}
Event: 43.022 GC heap after
{Heap after GC invocations=31 (full 1):
 garbage-first heap   total 191488K, used 67209K [0x0000000700c00000, 0x0000000800000000)
  region size 1024K, 4 young (4096K), 4 survivors (4096K)
 Metaspace       used 71549K, capacity 73991K, committed 74064K, reserved 1112064K
  class space    used 9717K, capacity 10698K, committed 10752K, reserved 1048576K
}
Event: 43.450 GC heap before
{Heap before GC invocations=31 (full 1):
 garbage-first heap   total 191488K, used 156297K [0x0000000700c00000, 0x0000000800000000)
  region size 1024K, 92 young (94208K), 4 survivors (4096K)
 Metaspace       used 71551K, capacity 73994K, committed 74064K, reserved 1112064K
  class space    used 9718K, capacity 10699K, committed 10752K, reserved 1048576K
}
Event: 43.453 GC heap after
{Heap after GC invocations=32 (full 1):
 garbage-first heap   total 191488K, used 67835K [0x0000000700c00000, 0x0000000800000000)
  region size 1024K, 5 young (5120K), 5 survivors (5120K)
 Metaspace       used 71551K, capacity 73994K, committed 74064K, reserved 1112064K
  class space    used 9718K, capacity 10699K, committed 10752K, reserved 1048576K
}
Event: 45.320 GC heap before
{Heap before GC invocations=32 (full 1):
 garbage-first heap   total 191488K, used 157947K [0x0000000700c00000, 0x0000000800000000)
  region size 1024K, 93 young (95232K), 5 survivors (5120K)
 Metaspace       used 72094K, capacity 74573K, committed 74704K, reserved 1114112K
  class space    used 9806K, capacity 10806K, committed 10880K, reserved 1048576K
}
Event: 45.323 GC heap after
{Heap after GC invocations=33 (full 1):
 garbage-first heap   total 191488K, used 69376K [0x0000000700c00000, 0x0000000800000000)
  region size 1024K, 7 young (7168K), 7 survivors (7168K)
 Metaspace       used 72094K, capacity 74573K, committed 74704K, reserved 1114112K
  class space    used 9806K, capacity 10806K, committed 10880K, reserved 1048576K
}
Event: 77.423 GC heap before
{Heap before GC invocations=33 (full 1):
 garbage-first heap   total 191488K, used 158464K [0x0000000700c00000, 0x0000000800000000)
  region size 1024K, 94 young (96256K), 7 survivors (7168K)
 Metaspace       used 77290K, capacity 79820K, committed 80080K, reserved 1118208K
  class space    used 10560K, capacity 11587K, committed 11648K, reserved 1048576K
}
Event: 77.428 GC heap after
{Heap after GC invocations=34 (full 1):
 garbage-first heap   total 191488K, used 73487K [0x0000000700c00000, 0x0000000800000000)
  region size 1024K, 11 young (11264K), 11 survivors (11264K)
 Metaspace       used 77290K, capacity 79820K, committed 80080K, reserved 1118208K
  class space    used 10560K, capacity 11587K, committed 11648K, reserved 1048576K
}

Deoptimization events (0 events):
No events

Classes redefined (0 events):
No events

Internal exceptions (10 events):
Event: 51.806 Thread 0x0000022a1dadb000 Exception <a 'java/net/ConnectException'{0x000000070ad0fdf0}: Connection refused: no further information> (0x000000070ad0fdf0) thrown at [./open/src/hotspot/share/prims/jni.cpp, line 632]
Event: 55.003 Thread 0x0000022a1dadb000 Exception <a 'java/net/ConnectException'{0x000000070ad658b8}: Connection refused: no further information> (0x000000070ad658b8) thrown at [./open/src/hotspot/share/prims/jni.cpp, line 632]
Event: 58.094 Thread 0x0000022a1dadb000 Exception <a 'java/net/ConnectException'{0x000000070adb8f98}: Connection refused: no further information> (0x000000070adb8f98) thrown at [./open/src/hotspot/share/prims/jni.cpp, line 632]
Event: 61.289 Thread 0x0000022a1dadb000 Exception <a 'java/net/ConnectException'{0x000000070ab1f678}: Connection refused: no further information> (0x000000070ab1f678) thrown at [./open/src/hotspot/share/prims/jni.cpp, line 632]
Event: 64.279 Thread 0x0000022a1dadb000 Exception <a 'java/net/ConnectException'{0x000000070ab731f8}: Connection refused: no further information> (0x000000070ab731f8) thrown at [./open/src/hotspot/share/prims/jni.cpp, line 632]
Event: 67.371 Thread 0x0000022a1dadb000 Exception <a 'java/net/ConnectException'{0x000000070abc68b0}: Connection refused: no further information> (0x000000070abc68b0) thrown at [./open/src/hotspot/share/prims/jni.cpp, line 632]
Event: 70.465 Thread 0x0000022a1dadb000 Exception <a 'java/net/ConnectException'{0x000000070aa0eea8}: Connection refused: no further information> (0x000000070aa0eea8) thrown at [./open/src/hotspot/share/prims/jni.cpp, line 632]
Event: 73.766 Thread 0x0000022a1dadb000 Exception <a 'java/net/ConnectException'{0x000000070aa67a48}: Connection refused: no further information> (0x000000070aa67a48) thrown at [./open/src/hotspot/share/prims/jni.cpp, line 632]
Event: 76.679 Thread 0x0000022a1b28c800 Exception <a 'java/lang/NoSuchMethodError'{0x000000070b03ad80}: java.lang.invoke.Invokers$Holder.linkToTargetMethod(Ljava/lang/Object;Ljava/lang/Object;Ljava/lang/Object;Ljava/lang/Object;Ljava/lang/Object;Ljava/lang/Object;Ljava/lang/Object;)Ljava/lang/O
Event: 77.561 Thread 0x0000022a1dadb000 Exception <a 'java/net/SocketTimeoutException'{0x000000070b919650}: Read timed out> (0x000000070b919650) thrown at [./open/src/hotspot/share/prims/jni.cpp, line 632]

Events (10 events):
Event: 77.561 loading class java/nio/ReadOnlyBufferException
Event: 77.561 loading class java/nio/ReadOnlyBufferException done
Event: 77.561 loading class sun/net/ConnectionResetException
Event: 77.561 loading class sun/net/ConnectionResetException done
Event: 77.561 loading class org/apache/tomcat/jni/Pool
Event: 77.561 loading class org/apache/tomcat/jni/Pool done
Event: 77.563 Executing VM operation: RevokeBias
Event: 77.563 Executing VM operation: RevokeBias done
Event: 77.564 loading class com/fasterxml/jackson/core/io/NumberOutput
Event: 77.564 loading class com/fasterxml/jackson/core/io/NumberOutput done


Dynamic libraries:
0x00007ff7fab30000 - 0x00007ff7fab3f000 	C:\Program Files\Java\jdk-11.0.11\bin\javaw.exe
0x00007ffcdc190000 - 0x00007ffcdc385000 	C:\Windows\SYSTEM32\ntdll.dll
0x00007ffcda290000 - 0x00007ffcda34e000 	C:\Windows\System32\KERNEL32.DLL
0x00007ffcd9da0000 - 0x00007ffcda068000 	C:\Windows\System32\KERNELBASE.dll
0x00007ffcd9ca0000 - 0x00007ffcd9da0000 	C:\Windows\System32\ucrtbase.dll
0x00007ffcc21e0000 - 0x00007ffcc21f8000 	C:\Program Files\Java\jdk-11.0.11\bin\jli.dll
0x00007ffcc21c0000 - 0x00007ffcc21d5000 	C:\Program Files\Java\jdk-11.0.11\bin\VCRUNTIME140.dll
0x00007ffcdb400000 - 0x00007ffcdb4ac000 	C:\Windows\System32\ADVAPI32.dll
0x00007ffcdbc80000 - 0x00007ffcdbd1e000 	C:\Windows\System32\msvcrt.dll
0x00007ffcdb280000 - 0x00007ffcdb31b000 	C:\Windows\System32\sechost.dll
0x00007ffcdbef0000 - 0x00007ffcdc01a000 	C:\Windows\System32\RPCRT4.dll
0x00007ffcdbd40000 - 0x00007ffcdbee1000 	C:\Windows\System32\USER32.dll
0x00007ffcd98b0000 - 0x00007ffcd98d2000 	C:\Windows\System32\win32u.dll
0x00007ffcd3150000 - 0x00007ffcd33ea000 	C:\Windows\WinSxS\amd64_microsoft.windows.common-controls_6595b64144ccf1df_6.0.19041.1110_none_60b5254171f9507e\COMCTL32.dll
0x00007ffcda530000 - 0x00007ffcda55b000 	C:\Windows\System32\GDI32.dll
0x00007ffcd9990000 - 0x00007ffcd9a9b000 	C:\Windows\System32\gdi32full.dll
0x00007ffcd9c00000 - 0x00007ffcd9c9d000 	C:\Windows\System32\msvcp_win.dll
0x00007ffcd3980000 - 0x00007ffcd398a000 	C:\Windows\SYSTEM32\VERSION.dll
0x00007ffcda430000 - 0x00007ffcda460000 	C:\Windows\System32\IMM32.DLL
0x00007ffcc11b0000 - 0x00007ffcc124b000 	C:\Program Files\Java\jdk-11.0.11\bin\msvcp140.dll
0x00007ffc6b8b0000 - 0x00007ffc6c3ae000 	C:\Program Files\Java\jdk-11.0.11\bin\server\jvm.dll
0x00007ffcdbd20000 - 0x00007ffcdbd28000 	C:\Windows\System32\PSAPI.DLL
0x00007ffcd3950000 - 0x00007ffcd3977000 	C:\Windows\SYSTEM32\WINMM.dll
0x00007ffcd6f60000 - 0x00007ffcd6f69000 	C:\Windows\SYSTEM32\WSOCK32.dll
0x00007ffcda610000 - 0x00007ffcda67b000 	C:\Windows\System32\WS2_32.dll
0x00007ffcd7790000 - 0x00007ffcd77a2000 	C:\Windows\SYSTEM32\kernel.appcore.dll
0x00007ffcd56a0000 - 0x00007ffcd56b0000 	C:\Program Files\Java\jdk-11.0.11\bin\verify.dll
0x00007ffcc92a0000 - 0x00007ffcc9484000 	C:\Windows\SYSTEM32\DBGHELP.DLL
0x00007ffcc9270000 - 0x00007ffcc929c000 	C:\Windows\SYSTEM32\dbgcore.DLL
0x00007ffcda150000 - 0x00007ffcda1d3000 	C:\Windows\System32\bcryptPrimitives.dll
0x00007ffcc1fd0000 - 0x00007ffcc1ff8000 	C:\Program Files\Java\jdk-11.0.11\bin\java.dll
0x00007ffcd5680000 - 0x00007ffcd568a000 	C:\Program Files\Java\jdk-11.0.11\bin\jimage.dll
0x00007ffcc21a0000 - 0x00007ffcc21b6000 	C:\Program Files\Java\jdk-11.0.11\bin\zip.dll
0x00007ffcda680000 - 0x00007ffcdadbf000 	C:\Windows\System32\SHELL32.dll
0x00007ffcd7990000 - 0x00007ffcd8120000 	C:\Windows\SYSTEM32\windows.storage.dll
0x00007ffcdae50000 - 0x00007ffcdb1a5000 	C:\Windows\System32\combase.dll
0x00007ffcd9220000 - 0x00007ffcd924e000 	C:\Windows\SYSTEM32\Wldp.dll
0x00007ffcda560000 - 0x00007ffcda60d000 	C:\Windows\System32\SHCORE.dll
0x00007ffcda3d0000 - 0x00007ffcda425000 	C:\Windows\System32\shlwapi.dll
0x00007ffcd97f0000 - 0x00007ffcd980f000 	C:\Windows\SYSTEM32\profapi.dll
0x00007ffcc1f00000 - 0x00007ffcc1f19000 	C:\Program Files\Java\jdk-11.0.11\bin\net.dll
0x00007ffccdad0000 - 0x00007ffccdbdc000 	C:\Windows\SYSTEM32\WINHTTP.dll
0x00007ffcd8f90000 - 0x00007ffcd8ffa000 	C:\Windows\system32\mswsock.dll
0x00007ffcc1190000 - 0x00007ffcc11a2000 	C:\Program Files\Java\jdk-11.0.11\bin\nio.dll
0x00007ffcd1100000 - 0x00007ffcd1109000 	C:\Program Files\Java\jdk-11.0.11\bin\management.dll
0x00007ffcc2250000 - 0x00007ffcc225b000 	C:\Program Files\Java\jdk-11.0.11\bin\management_ext.dll
0x00007ffcc53c0000 - 0x00007ffcc53d7000 	C:\Windows\system32\napinsp.dll
0x00007ffcc24c0000 - 0x00007ffcc24db000 	C:\Windows\system32\pnrpnsp.dll
0x00007ffcd2c50000 - 0x00007ffcd2c65000 	C:\Windows\system32\wshbth.dll
0x00007ffcd5440000 - 0x00007ffcd545d000 	C:\Windows\system32\NLAapi.dll
0x00007ffcd8ca0000 - 0x00007ffcd8cdb000 	C:\Windows\SYSTEM32\IPHLPAPI.DLL
0x00007ffcd8ce0000 - 0x00007ffcd8dab000 	C:\Windows\SYSTEM32\DNSAPI.dll
0x00007ffcdbd30000 - 0x00007ffcdbd38000 	C:\Windows\System32\NSI.dll
0x00007ffcc24a0000 - 0x00007ffcc24b2000 	C:\Windows\System32\winrnr.dll
0x00007ffcd3400000 - 0x00007ffcd340a000 	C:\Windows\System32\rasadhlp.dll
0x00007ffccd0d0000 - 0x00007ffccd14f000 	C:\Windows\System32\fwpuclnt.dll
0x00007ffcda0c0000 - 0x00007ffcda0e7000 	C:\Windows\System32\bcrypt.dll
0x00007ffcd9260000 - 0x00007ffcd9278000 	C:\Windows\SYSTEM32\CRYPTSP.dll
0x00007ffcd88d0000 - 0x00007ffcd8904000 	C:\Windows\system32\rsaenh.dll
0x00007ffcd97b0000 - 0x00007ffcd97de000 	C:\Windows\SYSTEM32\USERENV.dll
0x00007ffcd9120000 - 0x00007ffcd912c000 	C:\Windows\SYSTEM32\CRYPTBASE.dll
0x00007ffcd3e10000 - 0x00007ffcd3e27000 	C:\Windows\SYSTEM32\dhcpcsvc6.DLL
0x00007ffcd3df0000 - 0x00007ffcd3e0d000 	C:\Windows\SYSTEM32\dhcpcsvc.DLL
0x00007ffcc1160000 - 0x00007ffcc1185000 	C:\Program Files\Java\jdk-11.0.11\bin\sunec.dll
0x0000000180000000 - 0x0000000180285000 	D:\Programing\Programs\apache-tomcat-8.5.57-windows-x64\apache-tomcat-8.5.57\bin\tcnative-1.dll
0x00007ffcd9aa0000 - 0x00007ffcd9bf6000 	C:\Windows\System32\CRYPT32.dll

dbghelp: loaded successfully - version: 4.0.5 - missing functions: none
symbol engine: initialized successfully - sym options: 0x614 - pdb path: .;C:\Program Files\Java\jdk-11.0.11\bin;C:\Windows\SYSTEM32;C:\Windows\WinSxS\amd64_microsoft.windows.common-controls_6595b64144ccf1df_6.0.19041.1110_none_60b5254171f9507e;C:\Program Files\Java\jdk-11.0.11\bin\server;D:\Programing\Programs\apache-tomcat-8.5.57-windows-x64\apache-tomcat-8.5.57\bin

VM Arguments:
jvm_args: -Dcom.sun.management.jmxremote -Dcom.sun.management.jmxremote.port=63167 -Dcom.sun.management.jmxremote.authenticate=false -Dcom.sun.management.jmxremote.ssl=false -Djava.rmi.server.hostname=localhost -Dspring.jmx.enabled=true -Dspring.application.admin.enabled=true -XX:TieredStopAtLevel=1 -Dspring.boot.project.name=OAuth2_JWT_Authentication_Server -Dfile.encoding=UTF-8 
java_command: com.OAuth2JwtAuthorizationServerApplication --spring.output.ansi.enabled=always
java_class_path (initial): D:\Programing\Git\Demo_Project\OAuth2_JWT_Authentication_Server\target\classes;D:\Programing\Programs\sts-4.11.1.RELEASE\plugins\org.junit_4.13.0.v20200204-1500.jar;D:\Programing\Programs\sts-4.11.1.RELEASE\plugins\org.hamcrest.core_1.3.0.v20180420-1519.jar;C:\Users\john\.m2\repository\org\springframework\boot\spring-boot-starter-security\2.3.0.RELEASE\spring-boot-starter-security-2.3.0.RELEASE.jar;C:\Users\john\.m2\repository\org\springframework\boot\spring-boot-starter\2.3.0.RELEASE\spring-boot-starter-2.3.0.RELEASE.jar;C:\Users\john\.m2\repository\org\springframework\boot\spring-boot-starter-logging\2.3.0.RELEASE\spring-boot-starter-logging-2.3.0.RELEASE.jar;C:\Users\john\.m2\repository\ch\qos\logback\logback-classic\1.2.3\logback-classic-1.2.3.jar;C:\Users\john\.m2\repository\ch\qos\logback\logback-core\1.2.3\logback-core-1.2.3.jar;C:\Users\john\.m2\repository\org\apache\logging\log4j\log4j-to-slf4j\2.13.2\log4j-to-slf4j-2.13.2.jar;C:\Users\john\.m2\repository\org\apache\logging\log4j\log4j-api\2.13.2\log4j-api-2.13.2.jar;C:\Users\john\.m2\repository\org\slf4j\jul-to-slf4j\1.7.30\jul-to-slf4j-1.7.30.jar;C:\Users\john\.m2\repository\jakarta\annotation\jakarta.annotation-api\1.3.5\jakarta.annotation-api-1.3.5.jar;C:\Users\john\.m2\repository\org\yaml\snakeyaml\1.26\snakeyaml-1.26.jar;C:\Users\john\.m2\repository\org\springframework\spring-aop\5.2.6.RELEASE\spring-aop-5.2.6.RELEASE.jar;C:\Users\john\.m2\repository\org\springframework\security\spring-security-config\5.3.2.RELEASE\spring-security-config-5.3.2.RELEASE.jar;C:\Users\john\.m2\repository\org\springframework\security\spring-security-web\5.3.2.RELEASE\spring-security-web-5.3.2.RELEASE.jar;C:\Users\john\.m2\repository\org\springframework\spring-expression\5.2.6.RELEASE\spring-expression-5.2.6.RELEASE.jar;C:\Users\john\.m2\repository\org\springframework\boot\spring-boot-starter-web\2.3.0.RELEASE\spring-boot-starter-web-2.3.0.RELEASE.jar;C:\Users\john\.m2\repository\org\springframe
Launcher Type: SUN_STANDARD

[Global flags]
     intx CICompilerCount                          = 12                                        {product} {ergonomic}
     uint ConcGCThreads                            = 3                                         {product} {ergonomic}
     uint G1ConcRefinementThreads                  = 13                                        {product} {ergonomic}
   size_t G1HeapRegionSize                         = 1048576                                   {product} {ergonomic}
    uintx GCDrainStackTargetSize                   = 64                                        {product} {ergonomic}
   size_t InitialHeapSize                          = 268435456                                 {product} {ergonomic}
     bool ManagementServer                         = true                                      {product} {command line}
   size_t MarkStackSize                            = 4194304                                   {product} {ergonomic}
   size_t MaxHeapSize                              = 4282384384                                {product} {ergonomic}
   size_t MaxNewSize                               = 2569011200                                {product} {ergonomic}
   size_t MinHeapDeltaBytes                        = 1048576                                   {product} {ergonomic}
    uintx NonNMethodCodeHeapSize                   = 12163472                               {pd product} {ergonomic}
    uintx NonProfiledCodeHeapSize                  = 239494768                              {pd product} {ergonomic}
    uintx ProfiledCodeHeapSize                     = 0                                      {pd product} {ergonomic}
    uintx ReservedCodeCacheSize                    = 251658240                              {pd product} {ergonomic}
     bool SegmentedCodeCache                       = true                                      {product} {ergonomic}
     intx TieredStopAtLevel                        = 1                                         {product} {command line}
     bool UseCompressedClassPointers               = true                                 {lp64_product} {ergonomic}
     bool UseCompressedOops                        = true                                 {lp64_product} {ergonomic}
     bool UseG1GC                                  = true                                      {product} {ergonomic}
     bool UseLargePagesIndividualAllocation        = false                                  {pd product} {ergonomic}

Logging:
Log output configuration:
 #0: stdout all=warning uptime,level,tags
 #1: stderr all=off uptime,level,tags

Environment Variables:
JAVA_HOME=C:\Program Files\Java\jdk-11.0.11
JRE_HOME=C:\Program Files\Java\jdk11.0.10
PATH=D:/Programing/Programs/sts-4.11.1.RELEASE//plugins/org.eclipse.justj.openjdk.hotspot.jre.full.win32.x86_64_16.0.2.v20210721-1149/jre/bin/server;D:/Programing/Programs/sts-4.11.1.RELEASE//plugins/org.eclipse.justj.openjdk.hotspot.jre.full.win32.x86_64_16.0.2.v20210721-1149/jre/bin;C:\Program Files\Common Files\Oracle\Java\javapath;C:\Program Files\Docker\Docker\Resources\bin;C:\Program Files (x86)\Common Files\Oracle\Java\javapath;C:\Program Files (x86)\NVIDIA Corporation\PhysX\Common;C:\Windows\system32;C:\Windows;C:\Windows\System32\Wbem;C:\Windows\System32\WindowsPowerShell\v1.0\;D:\Programing\Programs\apache-groovy-binary-3.0.0-rc-1\groovy-3.0.0-rc-1\bin;D:\Programing\Programs\gradle-5.6.4\bin;D:\Programing\Programs\sts-4.10.0.RELEASE\bin;D:\Programing\Programs\apache-maven-3.6.3\apache-maven-3.6.3\bin;C:\Program Files\Calibre2\;C:\Program Files (x86)\Windows Kits\10\Windows Performance Toolkit\;C:\Program Files\MongoDB\Server\4.2\bin;C:\Program Files\nodejs;C:\Users\skybo\AppData\Roaming\npm;D:\Programing\Programs\apache-tomcat-8.5.57-windows-x64\apache-tomcat-8.5.57\bin;C:\Program Files\Java\jdk-11.0.11\bin;D:\Programing\Programs\curl\curl-7.76.0-win64-mingw\bin;D:\Programing\Programs\PostgreSQL\bin;C:\Program Files\nodejs\;C:\Users\john\AppData\Roaming\npm\node_modules\@angular\cli\bin;C:\Program Files\Docker\Docker\resources\bin;C:\ProgramData\DockerDesktop\version-bin;C:\ProgramData\chocolatey\bin;C:\Program Files\OpenSSH-Win64;C:\Program Files\Kubernetes\Minikube;C:\minikube;D:\Programing\Programs\OpenSSL-Win64\bin;C:\Users\john\AppData\Local\Microsoft\WindowsApps;C:\Users\skybo\AppData\Roaming\npm;C:\Users\skybo\AppData\Local\Programs\Git\cmd;D:\Programing\Programs\Git\cmd;C:\Users\john\AppData\Roaming\npm;D:\Programing\Programs\Microsoft VS Code\bin;D:\Programing\Programs\sts-4.11.1.RELEASE;
USERNAME=john
OS=Windows_NT
PROCESSOR_IDENTIFIER=AMD64 Family 23 Model 1 Stepping 1, AuthenticAMD



---------------  S Y S T E M  ---------------

OS: Windows 10 , 64 bit Build 19041 (10.0.19041.1348)
Hyper-V role detected

CPU:total 16 (initial active 16) (16 cores per cpu, 2 threads per core) family 23 model 1 stepping 1 microcode 0x0, cmov, cx8, fxsr, mmx, sse, sse2, sse3, ssse3, sse4.1, sse4.2, popcnt, avx, avx2, aes, clmul, mmxext, 3dnowpref, lzcnt, sse4a, ht, tsc, tscinvbit, tscinv, bmi1, bmi2, adx, s

Memory: 4k page, system-wide physical 16333M (1151M free)
TotalPageFile size 21453M (AvailPageFile size 2689M)
current process WorkingSet (physical memory assigned to process): 353M, peak: 491M
current process commit charge ("private bytes"): 426M, peak: 760M

vm_info: Java HotSpot(TM) 64-Bit Server VM (11.0.11+9-LTS-194) for windows-amd64 JRE (11.0.11+9-LTS-194), built on Mar 18 2021 18:46:53 by "mach5one" with MS VC++ 15.9 (VS2017)

END.
