#
# A fatal error has been detected by the Java Runtime Environment:
#
#  EXCEPTION_ACCESS_VIOLATION (0xc0000005) at pc=0x00007fff58ea5543, pid=1584, tid=20076
#
# JRE version: Java(TM) SE Runtime Environment 18.9 (11.0.11+9) (build 11.0.11+9-LTS-194)
# Java VM: Java HotSpot(TM) 64-Bit Server VM 18.9 (11.0.11+9-LTS-194, mixed mode, tiered, compressed oops, g1 gc, windows-amd64)
# Problematic frame:
# V  [jvm.dll+0x195543]
#
# No core dump will be written. Minidumps are not enabled by default on client versions of Windows
#
# If you would like to submit a bug report, please visit:
#   https://bugreport.java.com/bugreport/crash.jsp
#

---------------  S U M M A R Y ------------

Command Line: -ea -Dfile.encoding=UTF-8 org.eclipse.jdt.internal.junit.runner.RemoteTestRunner -version 3 -port 49184 -testLoaderClass org.eclipse.jdt.internal.junit5.runner.JUnit5TestLoader -loaderpluginname org.eclipse.jdt.junit5.runtime -packageNameFile C:\Users\john\AppData\Local\Temp\packageNames7381917616963158371.txt

Host: AMD Ryzen 7 1700X Eight-Core Processor         , 16 cores, 15G,  Windows 10 , 64 bit Build 19041 (10.0.19041.1151)
Time: Fri Sep 10 00:43:35 2021 GTB Summer Time elapsed time: 9.505683 seconds (0d 0h 0m 9s)

---------------  T H R E A D  ---------------

Current thread (0x0000012670e2d800):  JavaThread "C2 CompilerThread1" daemon [_thread_in_native, id=20076, stack(0x00000010f9100000,0x00000010f9200000)]


Current CompileTask:
C2:   9505 7041   !   4       org.springframework.aop.aspectj.AspectJExpressionPointcut::getShadowMatch (284 bytes)

Stack: [0x00000010f9100000,0x00000010f9200000],  sp=0x00000010f91fbad0,  free space=1006k
Native frames: (J=compiled Java code, j=interpreted, Vv=VM code, C=native code)
V  [jvm.dll+0x195543]
V  [jvm.dll+0x66baf3]
V  [jvm.dll+0x6698f0]
V  [jvm.dll+0x193cff]
V  [jvm.dll+0x1fd152]
V  [jvm.dll+0x1fc22f]
V  [jvm.dll+0x17f0bc]
V  [jvm.dll+0x20b68c]
V  [jvm.dll+0x20978b]
V  [jvm.dll+0x7152c9]
V  [jvm.dll+0x70dfc4]
V  [jvm.dll+0x6160f6]
C  [ucrtbase.dll+0x21bb2]
C  [KERNEL32.DLL+0x17034]
C  [ntdll.dll+0x52651]


siginfo: EXCEPTION_ACCESS_VIOLATION (0xc0000005), reading address 0x0000013772029680


Register to memory mapping:

RIP=0x00007fff58ea5543 jvm.dll
RAX=0x0000000000000002 is an unknown value
RBX=0x00000126747059c0 points into unknown readable memory: b0 9b 52 59 ff 7f 00 00
RCX=0x0000012675675f80 points into unknown readable memory: 90 30 4b 59 ff 7f 00 00
RDX=0x00000126747059c0 points into unknown readable memory: b0 9b 52 59 ff 7f 00 00
RSP=0x00000010f91fbad0 is pointing into the stack for thread: 0x0000012670e2d800
RBP=0x0000012678e2db30 points into unknown readable memory: 98 86 4b 59 ff 7f 00 00
RSI=0x0000012675546d80 points into unknown readable memory: 98 86 4b 59 ff 7f 00 00
RDI=0x000000000000000f is an unknown value
R8 =0x000000000000000f is an unknown value
R9 =0x0000012678e2db30 points into unknown readable memory: 98 86 4b 59 ff 7f 00 00
R10=0x0000012675546b00 points into unknown readable memory: 88 df e2 78 26 01 00 00
R11=0x00000010f91fbb38 is pointing into the stack for thread: 0x0000012670e2d800
R12=0x0000000000000001 is an unknown value
R13=0x000000000000000f is an unknown value
R14=0x00000010f91fbfb8 is pointing into the stack for thread: 0x0000012670e2d800
R15=0x0 is NULL


Registers:
RAX=0x0000000000000002, RBX=0x00000126747059c0, RCX=0x0000012675675f80, RDX=0x00000126747059c0
RSP=0x00000010f91fbad0, RBP=0x0000012678e2db30, RSI=0x0000012675546d80, RDI=0x000000000000000f
R8 =0x000000000000000f, R9 =0x0000012678e2db30, R10=0x0000012675546b00, R11=0x00000010f91fbb38
R12=0x0000000000000001, R13=0x000000000000000f, R14=0x00000010f91fbfb8, R15=0x0000000000000000
RIP=0x00007fff58ea5543, EFLAGS=0x0000000000010246

Top of Stack: (sp=0x00000010f91fbad0)
0x00000010f91fbad0:   0000012675546dd0 00007fff593064fd
0x00000010f91fbae0:   0000000000000400 0000012675546d80
0x00000010f91fbaf0:   000000000000000e 00007fff5937b54b
0x00000010f91fbb00:   00000010f91fbfb8 0000000000000001
0x00000010f91fbb10:   000000000000000f 0000012675546d80
0x00000010f91fbb20:   0000012678e2dbf8 00000126747059c0
0x00000010f91fbb30:   00000010f91fc430 00007fff5937baf3
0x00000010f91fbb40:   00000010f91fc430 00000126747059c0
0x00000010f91fbb50:   0000012678e2db30 0000012678e2db30
0x00000010f91fbb60:   0000012675546d80 00000010f91fbfb8
0x00000010f91fbb70:   0000012678e2dbf8 0000000000000009
0x00000010f91fbb80:   0000000000001180 0000000000000009
0x00000010f91fbb90:   0000000000000013 00000126747059c0
0x00000010f91fbba0:   00000010f91fbcb0 00007fff593798f0
0x00000010f91fbbb0:   0000012678e2db30 000001267a731808
0x00000010f91fbbc0:   0000000000000000 000000100000000e 

Instructions: (pc=0x00007fff58ea5543)
0x00007fff58ea5523:   c6 08 49 83 ec 01 0f 85 c1 fe ff ff 4c 8b 74 24
0x00007fff58ea5533:   30 4c 8b 64 24 38 48 8b 7c 24 40 48 8b 74 24 48
0x00007fff58ea5543:   48 8b ac 24 80 00 00 00 41 8b c7 48 83 c4 50 41
0x00007fff58ea5553:   5f 41 5d 5b c3 cc cc cc cc cc cc cc cc 48 89 5c 


Stack slot to memory mapping:
stack at sp + 0 slots: 0x0000012675546dd0 points into unknown readable memory: 00 6e 54 75 26 01 00 00
stack at sp + 1 slots: 0x00007fff593064fd jvm.dll
stack at sp + 2 slots: 0x0000000000000400 is an unknown value
stack at sp + 3 slots: 0x0000012675546d80 points into unknown readable memory: 98 86 4b 59 ff 7f 00 00
stack at sp + 4 slots: 0x000000000000000e is an unknown value
stack at sp + 5 slots: 0x00007fff5937b54b jvm.dll
stack at sp + 6 slots: 0x00000010f91fbfb8 is pointing into the stack for thread: 0x0000012670e2d800
stack at sp + 7 slots: 0x0000000000000001 is an unknown value


---------------  P R O C E S S  ---------------

Threads class SMR info:
_java_thread_list=0x0000012674d0bbf0, length=21, elements={
0x0000012646ef7800, 0x000001266bda6800, 0x000001266bdd0000, 0x000001266be24800,
0x000001266be25800, 0x000001266be26800, 0x000001266be36000, 0x000001266be40000,
0x000001266c22f800, 0x000001266bf55000, 0x000001266c753000, 0x000001266c782000,
0x000001266e15d800, 0x000001266c233800, 0x0000012670e2d800, 0x0000012670e2b000,
0x0000012670e2c800, 0x0000012670e2e000, 0x0000012670e28800, 0x0000012670e2f000,
0x0000012670e29800
}

Java Threads: ( => current thread )
  0x0000012646ef7800 JavaThread "main" [_thread_in_vm, id=18228, stack(0x00000010f7f00000,0x00000010f8000000)]
  0x000001266bda6800 JavaThread "Reference Handler" daemon [_thread_blocked, id=2008, stack(0x00000010f8600000,0x00000010f8700000)]
  0x000001266bdd0000 JavaThread "Finalizer" daemon [_thread_blocked, id=8644, stack(0x00000010f8700000,0x00000010f8800000)]
  0x000001266be24800 JavaThread "Signal Dispatcher" daemon [_thread_blocked, id=15580, stack(0x00000010f8800000,0x00000010f8900000)]
  0x000001266be25800 JavaThread "Attach Listener" daemon [_thread_blocked, id=14844, stack(0x00000010f8900000,0x00000010f8a00000)]
  0x000001266be26800 JavaThread "C2 CompilerThread0" daemon [_thread_in_native, id=18440, stack(0x00000010f8a00000,0x00000010f8b00000)]
  0x000001266be36000 JavaThread "C1 CompilerThread0" daemon [_thread_blocked, id=17360, stack(0x00000010f8b00000,0x00000010f8c00000)]
  0x000001266be40000 JavaThread "Sweeper thread" daemon [_thread_blocked, id=6804, stack(0x00000010f8c00000,0x00000010f8d00000)]
  0x000001266c22f800 JavaThread "Service Thread" daemon [_thread_blocked, id=14352, stack(0x00000010f8d00000,0x00000010f8e00000)]
  0x000001266bf55000 JavaThread "Common-Cleaner" daemon [_thread_blocked, id=11348, stack(0x00000010f8f00000,0x00000010f9000000)]
  0x000001266c753000 JavaThread "C1 CompilerThread1" daemon [_thread_blocked, id=11608, stack(0x00000010f9200000,0x00000010f9300000)]
  0x000001266c782000 JavaThread "C1 CompilerThread2" daemon [_thread_blocked, id=12884, stack(0x00000010f9300000,0x00000010f9400000)]
  0x000001266e15d800 JavaThread "ReaderThread" [_thread_in_native, id=13972, stack(0x00000010f9600000,0x00000010f9700000)]
  0x000001266c233800 JavaThread "Keep-Alive-Timer" daemon [_thread_blocked, id=18748, stack(0x00000010f9000000,0x00000010f9100000)]
=>0x0000012670e2d800 JavaThread "C2 CompilerThread1" daemon [_thread_in_native, id=20076, stack(0x00000010f9100000,0x00000010f9200000)]
  0x0000012670e2b000 JavaThread "C2 CompilerThread2" daemon [_thread_in_native, id=10816, stack(0x00000010f9400000,0x00000010f9500000)]
  0x0000012670e2c800 JavaThread "C2 CompilerThread3" daemon [_thread_in_native, id=16296, stack(0x00000010f9c00000,0x00000010f9d00000)]
  0x0000012670e2e000 JavaThread "C2 CompilerThread4" daemon [_thread_in_vm, id=2492, stack(0x00000010f9e00000,0x00000010f9f00000)]
  0x0000012670e28800 JavaThread "C2 CompilerThread5" daemon [_thread_in_native, id=12480, stack(0x00000010fa000000,0x00000010fa100000)]
  0x0000012670e2f000 JavaThread "C1 CompilerThread3" daemon [_thread_blocked, id=8180, stack(0x00000010fa100000,0x00000010fa200000)]
  0x0000012670e29800 JavaThread "C2 CompilerThread6" daemon [_thread_in_native, id=8392, stack(0x00000010fa200000,0x00000010fa300000)]

Other Threads:
  0x000001266bda4800 VMThread "VM Thread" [stack: 0x00000010f8500000,0x00000010f8600000] [id=14084]
  0x000001266bf52000 WatcherThread [stack: 0x00000010f8e00000,0x00000010f8f00000] [id=11560]
  0x0000012646f0b000 GCTaskThread "GC Thread#0" [stack: 0x00000010f8000000,0x00000010f8100000] [id=13004]
  0x000001266e976800 GCTaskThread "GC Thread#1" [stack: 0x00000010f9700000,0x00000010f9800000] [id=14992]
  0x000001266d6ba800 GCTaskThread "GC Thread#2" [stack: 0x00000010f9800000,0x00000010f9900000] [id=5568]
  0x000001266d757800 GCTaskThread "GC Thread#3" [stack: 0x00000010f9900000,0x00000010f9a00000] [id=19760]
  0x000001266dad7000 GCTaskThread "GC Thread#4" [stack: 0x00000010f9a00000,0x00000010f9b00000] [id=8624]
  0x000001266dbd4000 GCTaskThread "GC Thread#5" [stack: 0x00000010f9b00000,0x00000010f9c00000] [id=12620]
  0x0000012672a47000 GCTaskThread "GC Thread#6" [stack: 0x00000010fa400000,0x00000010fa500000] [id=18836]
  0x0000012679ea5800 GCTaskThread "GC Thread#7" [stack: 0x00000010fa300000,0x00000010fa400000] [id=3232]
  0x0000012646f6a000 ConcurrentGCThread "G1 Main Marker" [stack: 0x00000010f8100000,0x00000010f8200000] [id=17592]
  0x0000012646f6b800 ConcurrentGCThread "G1 Conc#0" [stack: 0x00000010f8200000,0x00000010f8300000] [id=16580]
  0x000001266e75c000 ConcurrentGCThread "G1 Conc#1" [stack: 0x00000010f9500000,0x00000010f9600000] [id=15276]
  0x000001266f69f000 ConcurrentGCThread "G1 Conc#2" [stack: 0x00000010f9d00000,0x00000010f9e00000] [id=16416]
  0x000001266b409800 ConcurrentGCThread "G1 Refine#0" [stack: 0x00000010f8300000,0x00000010f8400000] [id=3092]
  0x000001266b40a800 ConcurrentGCThread "G1 Young RemSet Sampling" [stack: 0x00000010f8400000,0x00000010f8500000] [id=21436]

Threads with active compile tasks:
C2 CompilerThread0   9539 7008       4       org.springframework.core.annotation.AnnotationsScanner::processMethodAnnotations (104 bytes)
C2 CompilerThread1   9539 7041   !   4       org.springframework.aop.aspectj.AspectJExpressionPointcut::getShadowMatch (284 bytes)
C2 CompilerThread2   9539 7196       4       org.aspectj.apache.bcel.classfile.Attribute::readAttribute (568 bytes)
C2 CompilerThread3   9539 7124       4       org.springframework.boot.context.properties.source.SpringIterableConfigurationPropertySource::getConfigurationProperty (93 bytes)
C2 CompilerThread4   9539 7197   !   4       org.aspectj.weaver.World::resolve (293 bytes)
C2 CompilerThread5   9539 7141       4       org.springframework.asm.Frame::execute (2305 bytes)
C2 CompilerThread6   9539 7039       4       org.springframework.aop.aspectj.AspectJExpressionPointcut::matches (74 bytes)

VM state:not at safepoint (normal execution)

VM Mutex/Monitor currently owned by a thread: None

Heap address: 0x0000000700c00000, size: 4084 MB, Compressed Oops mode: Zero based, Oop shift amount: 3
Narrow klass base: 0x0000000800000000, Narrow klass shift: 0
Compressed class space size: 1073741824 Address: 0x0000000800000000

Heap:
 garbage-first heap   total 378880K, used 49113K [0x0000000700c00000, 0x0000000800000000)
  region size 1024K, 24 young (24576K), 14 survivors (14336K)
 Metaspace       used 58923K, capacity 60213K, committed 60492K, reserved 1101824K
  class space    used 7445K, capacity 7948K, committed 8012K, reserved 1048576K
Heap Regions: E=young(eden), S=young(survivor), O=old, HS=humongous(starts), HC=humongous(continues), CS=collection set, F=free, A=archive, TAMS=top-at-mark-start (previous, next)
|   0|0x0000000700c00000, 0x0000000700d00000, 0x0000000700d00000|100%| O|  |TAMS 0x0000000700d00000, 0x0000000700c00000| Untracked 
|   1|0x0000000700d00000, 0x0000000700e00000, 0x0000000700e00000|100%| O|  |TAMS 0x0000000700e00000, 0x0000000700d00000| Untracked 
|   2|0x0000000700e00000, 0x0000000700f00000, 0x0000000700f00000|100%| O|  |TAMS 0x0000000700f00000, 0x0000000700e00000| Untracked 
|   3|0x0000000700f00000, 0x0000000701000000, 0x0000000701000000|100%| O|  |TAMS 0x0000000701000000, 0x0000000700f00000| Untracked 
|   4|0x0000000701000000, 0x0000000701100000, 0x0000000701100000|100%| O|  |TAMS 0x0000000701100000, 0x0000000701000000| Untracked 
|   5|0x0000000701100000, 0x0000000701200000, 0x0000000701200000|100%| O|  |TAMS 0x0000000701200000, 0x0000000701100000| Untracked 
|   6|0x0000000701200000, 0x0000000701300000, 0x0000000701300000|100%| O|  |TAMS 0x0000000701300000, 0x0000000701200000| Untracked 
|   7|0x0000000701300000, 0x0000000701400000, 0x0000000701400000|100%| O|  |TAMS 0x0000000701400000, 0x0000000701300000| Untracked 
|   8|0x0000000701400000, 0x0000000701500000, 0x0000000701500000|100%| O|  |TAMS 0x0000000701500000, 0x0000000701400000| Untracked 
|   9|0x0000000701500000, 0x0000000701600000, 0x0000000701600000|100%| O|  |TAMS 0x0000000701600000, 0x0000000701500000| Untracked 
|  10|0x0000000701600000, 0x0000000701700000, 0x0000000701700000|100%| O|  |TAMS 0x0000000701700000, 0x0000000701600000| Untracked 
|  11|0x0000000701700000, 0x0000000701800000, 0x0000000701800000|100%| O|  |TAMS 0x0000000701800000, 0x0000000701700000| Untracked 
|  12|0x0000000701800000, 0x0000000701900000, 0x0000000701900000|100%| O|  |TAMS 0x0000000701900000, 0x0000000701800000| Untracked 
|  13|0x0000000701900000, 0x0000000701a00000, 0x0000000701a00000|100%| O|  |TAMS 0x0000000701a00000, 0x0000000701900000| Untracked 
|  14|0x0000000701a00000, 0x0000000701b00000, 0x0000000701b00000|100%| O|  |TAMS 0x0000000701b00000, 0x0000000701a00000| Untracked 
|  15|0x0000000701b00000, 0x0000000701c00000, 0x0000000701c00000|100%| O|  |TAMS 0x0000000701c00000, 0x0000000701b00000| Untracked 
|  16|0x0000000701c00000, 0x0000000701d00000, 0x0000000701d00000|100%| O|  |TAMS 0x0000000701d00000, 0x0000000701c00000| Untracked 
|  17|0x0000000701d00000, 0x0000000701e00000, 0x0000000701e00000|100%| O|  |TAMS 0x0000000701e00000, 0x0000000701d00000| Untracked 
|  18|0x0000000701e00000, 0x0000000701f00000, 0x0000000701f00000|100%| O|  |TAMS 0x0000000701f00000, 0x0000000701e00000| Untracked 
|  19|0x0000000701f00000, 0x0000000702000000, 0x0000000702000000|100%| O|  |TAMS 0x0000000702000000, 0x0000000701f00000| Untracked 
|  20|0x0000000702000000, 0x0000000702100000, 0x0000000702100000|100%| O|  |TAMS 0x0000000702100000, 0x0000000702000000| Untracked 
|  21|0x0000000702100000, 0x0000000702200000, 0x0000000702200000|100%| O|  |TAMS 0x0000000702200000, 0x0000000702100000| Untracked 
|  22|0x0000000702200000, 0x0000000702300000, 0x0000000702300000|100%| O|  |TAMS 0x0000000702300000, 0x0000000702200000| Untracked 
|  23|0x0000000702300000, 0x0000000702400000, 0x0000000702400000|100%| O|  |TAMS 0x0000000702400000, 0x0000000702300000| Untracked 
|  24|0x0000000702400000, 0x00000007024f6400, 0x0000000702500000| 96%| O|  |TAMS 0x00000007024f6400, 0x0000000702400000| Untracked 
|  25|0x0000000702500000, 0x0000000702500000, 0x0000000702600000|  0%| F|  |TAMS 0x0000000702500000, 0x0000000702500000| Untracked 
|  26|0x0000000702600000, 0x0000000702600000, 0x0000000702700000|  0%| F|  |TAMS 0x0000000702600000, 0x0000000702600000| Untracked 
|  27|0x0000000702700000, 0x0000000702700000, 0x0000000702800000|  0%| F|  |TAMS 0x0000000702700000, 0x0000000702700000| Untracked 
|  28|0x0000000702800000, 0x0000000702800000, 0x0000000702900000|  0%| F|  |TAMS 0x0000000702800000, 0x0000000702800000| Untracked 
|  29|0x0000000702900000, 0x0000000702900000, 0x0000000702a00000|  0%| F|  |TAMS 0x0000000702900000, 0x0000000702900000| Untracked 
|  30|0x0000000702a00000, 0x0000000702a00000, 0x0000000702b00000|  0%| F|  |TAMS 0x0000000702a00000, 0x0000000702a00000| Untracked 
|  31|0x0000000702b00000, 0x0000000702b00000, 0x0000000702c00000|  0%| F|  |TAMS 0x0000000702b00000, 0x0000000702b00000| Untracked 
|  32|0x0000000702c00000, 0x0000000702c00000, 0x0000000702d00000|  0%| F|  |TAMS 0x0000000702c00000, 0x0000000702c00000| Untracked 
|  33|0x0000000702d00000, 0x0000000702d00000, 0x0000000702e00000|  0%| F|  |TAMS 0x0000000702d00000, 0x0000000702d00000| Untracked 
|  34|0x0000000702e00000, 0x0000000702e00000, 0x0000000702f00000|  0%| F|  |TAMS 0x0000000702e00000, 0x0000000702e00000| Untracked 
|  35|0x0000000702f00000, 0x0000000702f00000, 0x0000000703000000|  0%| F|  |TAMS 0x0000000702f00000, 0x0000000702f00000| Untracked 
|  36|0x0000000703000000, 0x0000000703000000, 0x0000000703100000|  0%| F|  |TAMS 0x0000000703000000, 0x0000000703000000| Untracked 
|  37|0x0000000703100000, 0x0000000703100000, 0x0000000703200000|  0%| F|  |TAMS 0x0000000703100000, 0x0000000703100000| Untracked 
|  38|0x0000000703200000, 0x0000000703200000, 0x0000000703300000|  0%| F|  |TAMS 0x0000000703200000, 0x0000000703200000| Untracked 
|  39|0x0000000703300000, 0x0000000703300000, 0x0000000703400000|  0%| F|  |TAMS 0x0000000703300000, 0x0000000703300000| Untracked 
|  40|0x0000000703400000, 0x0000000703400000, 0x0000000703500000|  0%| F|  |TAMS 0x0000000703400000, 0x0000000703400000| Untracked 
|  41|0x0000000703500000, 0x0000000703500000, 0x0000000703600000|  0%| F|  |TAMS 0x0000000703500000, 0x0000000703500000| Untracked 
|  42|0x0000000703600000, 0x0000000703600000, 0x0000000703700000|  0%| F|  |TAMS 0x0000000703600000, 0x0000000703600000| Untracked 
|  43|0x0000000703700000, 0x0000000703700000, 0x0000000703800000|  0%| F|  |TAMS 0x0000000703700000, 0x0000000703700000| Untracked 
|  44|0x0000000703800000, 0x0000000703800000, 0x0000000703900000|  0%| F|  |TAMS 0x0000000703800000, 0x0000000703800000| Untracked 
|  45|0x0000000703900000, 0x0000000703900000, 0x0000000703a00000|  0%| F|  |TAMS 0x0000000703900000, 0x0000000703900000| Untracked 
|  46|0x0000000703a00000, 0x0000000703a00000, 0x0000000703b00000|  0%| F|  |TAMS 0x0000000703a00000, 0x0000000703a00000| Untracked 
|  47|0x0000000703b00000, 0x0000000703b00000, 0x0000000703c00000|  0%| F|  |TAMS 0x0000000703b00000, 0x0000000703b00000| Untracked 
|  48|0x0000000703c00000, 0x0000000703c00000, 0x0000000703d00000|  0%| F|  |TAMS 0x0000000703c00000, 0x0000000703c00000| Untracked 
|  49|0x0000000703d00000, 0x0000000703d00000, 0x0000000703e00000|  0%| F|  |TAMS 0x0000000703d00000, 0x0000000703d00000| Untracked 
|  50|0x0000000703e00000, 0x0000000703e00000, 0x0000000703f00000|  0%| F|  |TAMS 0x0000000703e00000, 0x0000000703e00000| Untracked 
|  51|0x0000000703f00000, 0x0000000703f00000, 0x0000000704000000|  0%| F|  |TAMS 0x0000000703f00000, 0x0000000703f00000| Untracked 
|  52|0x0000000704000000, 0x0000000704000000, 0x0000000704100000|  0%| F|  |TAMS 0x0000000704000000, 0x0000000704000000| Untracked 
|  53|0x0000000704100000, 0x0000000704100000, 0x0000000704200000|  0%| F|  |TAMS 0x0000000704100000, 0x0000000704100000| Untracked 
|  54|0x0000000704200000, 0x0000000704200000, 0x0000000704300000|  0%| F|  |TAMS 0x0000000704200000, 0x0000000704200000| Untracked 
|  55|0x0000000704300000, 0x0000000704300000, 0x0000000704400000|  0%| F|  |TAMS 0x0000000704300000, 0x0000000704300000| Untracked 
|  56|0x0000000704400000, 0x0000000704400000, 0x0000000704500000|  0%| F|  |TAMS 0x0000000704400000, 0x0000000704400000| Untracked 
|  57|0x0000000704500000, 0x0000000704500000, 0x0000000704600000|  0%| F|  |TAMS 0x0000000704500000, 0x0000000704500000| Untracked 
|  58|0x0000000704600000, 0x0000000704600000, 0x0000000704700000|  0%| F|  |TAMS 0x0000000704600000, 0x0000000704600000| Untracked 
|  59|0x0000000704700000, 0x0000000704700000, 0x0000000704800000|  0%| F|  |TAMS 0x0000000704700000, 0x0000000704700000| Untracked 
|  60|0x0000000704800000, 0x0000000704800000, 0x0000000704900000|  0%| F|  |TAMS 0x0000000704800000, 0x0000000704800000| Untracked 
|  61|0x0000000704900000, 0x0000000704900000, 0x0000000704a00000|  0%| F|  |TAMS 0x0000000704900000, 0x0000000704900000| Untracked 
|  62|0x0000000704a00000, 0x0000000704a00000, 0x0000000704b00000|  0%| F|  |TAMS 0x0000000704a00000, 0x0000000704a00000| Untracked 
|  63|0x0000000704b00000, 0x0000000704b00000, 0x0000000704c00000|  0%| F|  |TAMS 0x0000000704b00000, 0x0000000704b00000| Untracked 
|  64|0x0000000704c00000, 0x0000000704c00000, 0x0000000704d00000|  0%| F|  |TAMS 0x0000000704c00000, 0x0000000704c00000| Untracked 
|  65|0x0000000704d00000, 0x0000000704d00000, 0x0000000704e00000|  0%| F|  |TAMS 0x0000000704d00000, 0x0000000704d00000| Untracked 
|  66|0x0000000704e00000, 0x0000000704e00000, 0x0000000704f00000|  0%| F|  |TAMS 0x0000000704e00000, 0x0000000704e00000| Untracked 
|  67|0x0000000704f00000, 0x0000000704f00000, 0x0000000705000000|  0%| F|  |TAMS 0x0000000704f00000, 0x0000000704f00000| Untracked 
|  68|0x0000000705000000, 0x0000000705000000, 0x0000000705100000|  0%| F|  |TAMS 0x0000000705000000, 0x0000000705000000| Untracked 
|  69|0x0000000705100000, 0x0000000705100000, 0x0000000705200000|  0%| F|  |TAMS 0x0000000705100000, 0x0000000705100000| Untracked 
|  70|0x0000000705200000, 0x0000000705200000, 0x0000000705300000|  0%| F|  |TAMS 0x0000000705200000, 0x0000000705200000| Untracked 
|  71|0x0000000705300000, 0x0000000705300000, 0x0000000705400000|  0%| F|  |TAMS 0x0000000705300000, 0x0000000705300000| Untracked 
|  72|0x0000000705400000, 0x0000000705400000, 0x0000000705500000|  0%| F|  |TAMS 0x0000000705400000, 0x0000000705400000| Untracked 
|  73|0x0000000705500000, 0x0000000705500000, 0x0000000705600000|  0%| F|  |TAMS 0x0000000705500000, 0x0000000705500000| Untracked 
|  74|0x0000000705600000, 0x0000000705600000, 0x0000000705700000|  0%| F|  |TAMS 0x0000000705600000, 0x0000000705600000| Untracked 
|  75|0x0000000705700000, 0x0000000705700000, 0x0000000705800000|  0%| F|  |TAMS 0x0000000705700000, 0x0000000705700000| Untracked 
|  76|0x0000000705800000, 0x0000000705800000, 0x0000000705900000|  0%| F|  |TAMS 0x0000000705800000, 0x0000000705800000| Untracked 
|  77|0x0000000705900000, 0x0000000705900000, 0x0000000705a00000|  0%| F|  |TAMS 0x0000000705900000, 0x0000000705900000| Untracked 
|  78|0x0000000705a00000, 0x0000000705a00000, 0x0000000705b00000|  0%| F|  |TAMS 0x0000000705a00000, 0x0000000705a00000| Untracked 
|  79|0x0000000705b00000, 0x0000000705b00000, 0x0000000705c00000|  0%| F|  |TAMS 0x0000000705b00000, 0x0000000705b00000| Untracked 
|  80|0x0000000705c00000, 0x0000000705c00000, 0x0000000705d00000|  0%| F|  |TAMS 0x0000000705c00000, 0x0000000705c00000| Untracked 
|  81|0x0000000705d00000, 0x0000000705d00000, 0x0000000705e00000|  0%| F|  |TAMS 0x0000000705d00000, 0x0000000705d00000| Untracked 
|  82|0x0000000705e00000, 0x0000000705e00000, 0x0000000705f00000|  0%| F|  |TAMS 0x0000000705e00000, 0x0000000705e00000| Untracked 
|  83|0x0000000705f00000, 0x0000000705f00000, 0x0000000706000000|  0%| F|  |TAMS 0x0000000705f00000, 0x0000000705f00000| Untracked 
|  84|0x0000000706000000, 0x0000000706000000, 0x0000000706100000|  0%| F|  |TAMS 0x0000000706000000, 0x0000000706000000| Untracked 
|  85|0x0000000706100000, 0x0000000706100000, 0x0000000706200000|  0%| F|  |TAMS 0x0000000706100000, 0x0000000706100000| Untracked 
|  86|0x0000000706200000, 0x0000000706200000, 0x0000000706300000|  0%| F|  |TAMS 0x0000000706200000, 0x0000000706200000| Untracked 
|  87|0x0000000706300000, 0x0000000706300000, 0x0000000706400000|  0%| F|  |TAMS 0x0000000706300000, 0x0000000706300000| Untracked 
|  88|0x0000000706400000, 0x0000000706400000, 0x0000000706500000|  0%| F|  |TAMS 0x0000000706400000, 0x0000000706400000| Untracked 
|  89|0x0000000706500000, 0x0000000706500000, 0x0000000706600000|  0%| F|  |TAMS 0x0000000706500000, 0x0000000706500000| Untracked 
|  90|0x0000000706600000, 0x0000000706600000, 0x0000000706700000|  0%| F|  |TAMS 0x0000000706600000, 0x0000000706600000| Untracked 
|  91|0x0000000706700000, 0x0000000706700000, 0x0000000706800000|  0%| F|  |TAMS 0x0000000706700000, 0x0000000706700000| Untracked 
|  92|0x0000000706800000, 0x0000000706800000, 0x0000000706900000|  0%| F|  |TAMS 0x0000000706800000, 0x0000000706800000| Untracked 
|  93|0x0000000706900000, 0x0000000706900000, 0x0000000706a00000|  0%| F|  |TAMS 0x0000000706900000, 0x0000000706900000| Untracked 
|  94|0x0000000706a00000, 0x0000000706a00000, 0x0000000706b00000|  0%| F|  |TAMS 0x0000000706a00000, 0x0000000706a00000| Untracked 
|  95|0x0000000706b00000, 0x0000000706b00000, 0x0000000706c00000|  0%| F|  |TAMS 0x0000000706b00000, 0x0000000706b00000| Untracked 
|  96|0x0000000706c00000, 0x0000000706c00000, 0x0000000706d00000|  0%| F|  |TAMS 0x0000000706c00000, 0x0000000706c00000| Untracked 
|  97|0x0000000706d00000, 0x0000000706d00000, 0x0000000706e00000|  0%| F|  |TAMS 0x0000000706d00000, 0x0000000706d00000| Untracked 
|  98|0x0000000706e00000, 0x0000000706e00000, 0x0000000706f00000|  0%| F|  |TAMS 0x0000000706e00000, 0x0000000706e00000| Untracked 
|  99|0x0000000706f00000, 0x0000000706f00000, 0x0000000707000000|  0%| F|  |TAMS 0x0000000706f00000, 0x0000000706f00000| Untracked 
| 100|0x0000000707000000, 0x0000000707000000, 0x0000000707100000|  0%| F|  |TAMS 0x0000000707000000, 0x0000000707000000| Untracked 
| 101|0x0000000707100000, 0x0000000707100000, 0x0000000707200000|  0%| F|  |TAMS 0x0000000707100000, 0x0000000707100000| Untracked 
| 102|0x0000000707200000, 0x0000000707200000, 0x0000000707300000|  0%| F|  |TAMS 0x0000000707200000, 0x0000000707200000| Untracked 
| 103|0x0000000707300000, 0x0000000707300000, 0x0000000707400000|  0%| F|  |TAMS 0x0000000707300000, 0x0000000707300000| Untracked 
| 104|0x0000000707400000, 0x0000000707400000, 0x0000000707500000|  0%| F|  |TAMS 0x0000000707400000, 0x0000000707400000| Untracked 
| 105|0x0000000707500000, 0x0000000707500000, 0x0000000707600000|  0%| F|  |TAMS 0x0000000707500000, 0x0000000707500000| Untracked 
| 106|0x0000000707600000, 0x0000000707600000, 0x0000000707700000|  0%| F|  |TAMS 0x0000000707600000, 0x0000000707600000| Untracked 
| 107|0x0000000707700000, 0x0000000707700000, 0x0000000707800000|  0%| F|  |TAMS 0x0000000707700000, 0x0000000707700000| Untracked 
| 108|0x0000000707800000, 0x0000000707800000, 0x0000000707900000|  0%| F|  |TAMS 0x0000000707800000, 0x0000000707800000| Untracked 
| 109|0x0000000707900000, 0x0000000707900000, 0x0000000707a00000|  0%| F|  |TAMS 0x0000000707900000, 0x0000000707900000| Untracked 
| 110|0x0000000707a00000, 0x0000000707a00000, 0x0000000707b00000|  0%| F|  |TAMS 0x0000000707a00000, 0x0000000707a00000| Untracked 
| 111|0x0000000707b00000, 0x0000000707b00000, 0x0000000707c00000|  0%| F|  |TAMS 0x0000000707b00000, 0x0000000707b00000| Untracked 
| 112|0x0000000707c00000, 0x0000000707c00000, 0x0000000707d00000|  0%| F|  |TAMS 0x0000000707c00000, 0x0000000707c00000| Untracked 
| 113|0x0000000707d00000, 0x0000000707d00000, 0x0000000707e00000|  0%| F|  |TAMS 0x0000000707d00000, 0x0000000707d00000| Untracked 
| 114|0x0000000707e00000, 0x0000000707e00000, 0x0000000707f00000|  0%| F|  |TAMS 0x0000000707e00000, 0x0000000707e00000| Untracked 
| 115|0x0000000707f00000, 0x0000000707f00000, 0x0000000708000000|  0%| F|  |TAMS 0x0000000707f00000, 0x0000000707f00000| Untracked 
| 116|0x0000000708000000, 0x0000000708000000, 0x0000000708100000|  0%| F|  |TAMS 0x0000000708000000, 0x0000000708000000| Untracked 
| 117|0x0000000708100000, 0x0000000708100000, 0x0000000708200000|  0%| F|  |TAMS 0x0000000708100000, 0x0000000708100000| Untracked 
| 118|0x0000000708200000, 0x0000000708200000, 0x0000000708300000|  0%| F|  |TAMS 0x0000000708200000, 0x0000000708200000| Untracked 
| 119|0x0000000708300000, 0x0000000708300000, 0x0000000708400000|  0%| F|  |TAMS 0x0000000708300000, 0x0000000708300000| Untracked 
| 120|0x0000000708400000, 0x0000000708400000, 0x0000000708500000|  0%| F|  |TAMS 0x0000000708400000, 0x0000000708400000| Untracked 
| 121|0x0000000708500000, 0x0000000708500000, 0x0000000708600000|  0%| F|  |TAMS 0x0000000708500000, 0x0000000708500000| Untracked 
| 122|0x0000000708600000, 0x0000000708600000, 0x0000000708700000|  0%| F|  |TAMS 0x0000000708600000, 0x0000000708600000| Untracked 
| 123|0x0000000708700000, 0x0000000708700000, 0x0000000708800000|  0%| F|  |TAMS 0x0000000708700000, 0x0000000708700000| Untracked 
| 124|0x0000000708800000, 0x0000000708800000, 0x0000000708900000|  0%| F|  |TAMS 0x0000000708800000, 0x0000000708800000| Untracked 
| 125|0x0000000708900000, 0x0000000708900000, 0x0000000708a00000|  0%| F|  |TAMS 0x0000000708900000, 0x0000000708900000| Untracked 
| 126|0x0000000708a00000, 0x0000000708a00000, 0x0000000708b00000|  0%| F|  |TAMS 0x0000000708a00000, 0x0000000708a00000| Untracked 
| 127|0x0000000708b00000, 0x0000000708b00000, 0x0000000708c00000|  0%| F|  |TAMS 0x0000000708b00000, 0x0000000708b00000| Untracked 
| 128|0x0000000708c00000, 0x0000000708c00000, 0x0000000708d00000|  0%| F|  |TAMS 0x0000000708c00000, 0x0000000708c00000| Untracked 
| 129|0x0000000708d00000, 0x0000000708d00000, 0x0000000708e00000|  0%| F|  |TAMS 0x0000000708d00000, 0x0000000708d00000| Untracked 
| 130|0x0000000708e00000, 0x0000000708e00000, 0x0000000708f00000|  0%| F|  |TAMS 0x0000000708e00000, 0x0000000708e00000| Untracked 
| 131|0x0000000708f00000, 0x0000000708f00000, 0x0000000709000000|  0%| F|  |TAMS 0x0000000708f00000, 0x0000000708f00000| Untracked 
| 132|0x0000000709000000, 0x0000000709000000, 0x0000000709100000|  0%| F|  |TAMS 0x0000000709000000, 0x0000000709000000| Untracked 
| 133|0x0000000709100000, 0x0000000709100000, 0x0000000709200000|  0%| F|  |TAMS 0x0000000709100000, 0x0000000709100000| Untracked 
| 134|0x0000000709200000, 0x0000000709200000, 0x0000000709300000|  0%| F|  |TAMS 0x0000000709200000, 0x0000000709200000| Untracked 
| 135|0x0000000709300000, 0x0000000709300000, 0x0000000709400000|  0%| F|  |TAMS 0x0000000709300000, 0x0000000709300000| Untracked 
| 136|0x0000000709400000, 0x0000000709400000, 0x0000000709500000|  0%| F|  |TAMS 0x0000000709400000, 0x0000000709400000| Untracked 
| 137|0x0000000709500000, 0x0000000709500000, 0x0000000709600000|  0%| F|  |TAMS 0x0000000709500000, 0x0000000709500000| Untracked 
| 138|0x0000000709600000, 0x0000000709600000, 0x0000000709700000|  0%| F|  |TAMS 0x0000000709600000, 0x0000000709600000| Untracked 
| 139|0x0000000709700000, 0x0000000709700000, 0x0000000709800000|  0%| F|  |TAMS 0x0000000709700000, 0x0000000709700000| Untracked 
| 140|0x0000000709800000, 0x0000000709800000, 0x0000000709900000|  0%| F|  |TAMS 0x0000000709800000, 0x0000000709800000| Untracked 
| 141|0x0000000709900000, 0x0000000709900000, 0x0000000709a00000|  0%| F|  |TAMS 0x0000000709900000, 0x0000000709900000| Untracked 
| 142|0x0000000709a00000, 0x0000000709a00000, 0x0000000709b00000|  0%| F|  |TAMS 0x0000000709a00000, 0x0000000709a00000| Untracked 
| 143|0x0000000709b00000, 0x0000000709b00000, 0x0000000709c00000|  0%| F|  |TAMS 0x0000000709b00000, 0x0000000709b00000| Untracked 
| 144|0x0000000709c00000, 0x0000000709c00000, 0x0000000709d00000|  0%| F|  |TAMS 0x0000000709c00000, 0x0000000709c00000| Untracked 
| 145|0x0000000709d00000, 0x0000000709d00000, 0x0000000709e00000|  0%| F|  |TAMS 0x0000000709d00000, 0x0000000709d00000| Untracked 
| 146|0x0000000709e00000, 0x0000000709e00000, 0x0000000709f00000|  0%| F|  |TAMS 0x0000000709e00000, 0x0000000709e00000| Untracked 
| 147|0x0000000709f00000, 0x0000000709f00000, 0x000000070a000000|  0%| F|  |TAMS 0x0000000709f00000, 0x0000000709f00000| Untracked 
| 148|0x000000070a000000, 0x000000070a000000, 0x000000070a100000|  0%| F|  |TAMS 0x000000070a000000, 0x000000070a000000| Untracked 
| 149|0x000000070a100000, 0x000000070a100000, 0x000000070a200000|  0%| F|  |TAMS 0x000000070a100000, 0x000000070a100000| Untracked 
| 150|0x000000070a200000, 0x000000070a200000, 0x000000070a300000|  0%| F|  |TAMS 0x000000070a200000, 0x000000070a200000| Untracked 
| 151|0x000000070a300000, 0x000000070a300000, 0x000000070a400000|  0%| F|  |TAMS 0x000000070a300000, 0x000000070a300000| Untracked 
| 152|0x000000070a400000, 0x000000070a400000, 0x000000070a500000|  0%| F|  |TAMS 0x000000070a400000, 0x000000070a400000| Untracked 
| 153|0x000000070a500000, 0x000000070a500000, 0x000000070a600000|  0%| F|  |TAMS 0x000000070a500000, 0x000000070a500000| Untracked 
| 154|0x000000070a600000, 0x000000070a600000, 0x000000070a700000|  0%| F|  |TAMS 0x000000070a600000, 0x000000070a600000| Untracked 
| 155|0x000000070a700000, 0x000000070a700000, 0x000000070a800000|  0%| F|  |TAMS 0x000000070a700000, 0x000000070a700000| Untracked 
| 156|0x000000070a800000, 0x000000070a800000, 0x000000070a900000|  0%| F|  |TAMS 0x000000070a800000, 0x000000070a800000| Untracked 
| 157|0x000000070a900000, 0x000000070a900000, 0x000000070aa00000|  0%| F|  |TAMS 0x000000070a900000, 0x000000070a900000| Untracked 
| 158|0x000000070aa00000, 0x000000070aa00000, 0x000000070ab00000|  0%| F|  |TAMS 0x000000070aa00000, 0x000000070aa00000| Untracked 
| 159|0x000000070ab00000, 0x000000070ab00000, 0x000000070ac00000|  0%| F|  |TAMS 0x000000070ab00000, 0x000000070ab00000| Untracked 
| 160|0x000000070ac00000, 0x000000070ac00000, 0x000000070ad00000|  0%| F|  |TAMS 0x000000070ac00000, 0x000000070ac00000| Untracked 
| 161|0x000000070ad00000, 0x000000070ad00000, 0x000000070ae00000|  0%| F|  |TAMS 0x000000070ad00000, 0x000000070ad00000| Untracked 
| 162|0x000000070ae00000, 0x000000070ae00000, 0x000000070af00000|  0%| F|  |TAMS 0x000000070ae00000, 0x000000070ae00000| Untracked 
| 163|0x000000070af00000, 0x000000070af00000, 0x000000070b000000|  0%| F|  |TAMS 0x000000070af00000, 0x000000070af00000| Untracked 
| 164|0x000000070b000000, 0x000000070b000000, 0x000000070b100000|  0%| F|  |TAMS 0x000000070b000000, 0x000000070b000000| Untracked 
| 165|0x000000070b100000, 0x000000070b100000, 0x000000070b200000|  0%| F|  |TAMS 0x000000070b100000, 0x000000070b100000| Untracked 
| 166|0x000000070b200000, 0x000000070b200000, 0x000000070b300000|  0%| F|  |TAMS 0x000000070b200000, 0x000000070b200000| Untracked 
| 167|0x000000070b300000, 0x000000070b300000, 0x000000070b400000|  0%| F|  |TAMS 0x000000070b300000, 0x000000070b300000| Untracked 
| 168|0x000000070b400000, 0x000000070b400000, 0x000000070b500000|  0%| F|  |TAMS 0x000000070b400000, 0x000000070b400000| Untracked 
| 169|0x000000070b500000, 0x000000070b500000, 0x000000070b600000|  0%| F|  |TAMS 0x000000070b500000, 0x000000070b500000| Untracked 
| 170|0x000000070b600000, 0x000000070b600000, 0x000000070b700000|  0%| F|  |TAMS 0x000000070b600000, 0x000000070b600000| Untracked 
| 171|0x000000070b700000, 0x000000070b700000, 0x000000070b800000|  0%| F|  |TAMS 0x000000070b700000, 0x000000070b700000| Untracked 
| 172|0x000000070b800000, 0x000000070b800000, 0x000000070b900000|  0%| F|  |TAMS 0x000000070b800000, 0x000000070b800000| Untracked 
| 173|0x000000070b900000, 0x000000070b900000, 0x000000070ba00000|  0%| F|  |TAMS 0x000000070b900000, 0x000000070b900000| Untracked 
| 174|0x000000070ba00000, 0x000000070ba00000, 0x000000070bb00000|  0%| F|  |TAMS 0x000000070ba00000, 0x000000070ba00000| Untracked 
| 175|0x000000070bb00000, 0x000000070bb00000, 0x000000070bc00000|  0%| F|  |TAMS 0x000000070bb00000, 0x000000070bb00000| Untracked 
| 176|0x000000070bc00000, 0x000000070bc00000, 0x000000070bd00000|  0%| F|  |TAMS 0x000000070bc00000, 0x000000070bc00000| Untracked 
| 177|0x000000070bd00000, 0x000000070bd00000, 0x000000070be00000|  0%| F|  |TAMS 0x000000070bd00000, 0x000000070bd00000| Untracked 
| 178|0x000000070be00000, 0x000000070be00000, 0x000000070bf00000|  0%| F|  |TAMS 0x000000070be00000, 0x000000070be00000| Untracked 
| 179|0x000000070bf00000, 0x000000070bf00000, 0x000000070c000000|  0%| F|  |TAMS 0x000000070bf00000, 0x000000070bf00000| Untracked 
| 180|0x000000070c000000, 0x000000070c000000, 0x000000070c100000|  0%| F|  |TAMS 0x000000070c000000, 0x000000070c000000| Untracked 
| 181|0x000000070c100000, 0x000000070c100000, 0x000000070c200000|  0%| F|  |TAMS 0x000000070c100000, 0x000000070c100000| Untracked 
| 182|0x000000070c200000, 0x000000070c200000, 0x000000070c300000|  0%| F|  |TAMS 0x000000070c200000, 0x000000070c200000| Untracked 
| 183|0x000000070c300000, 0x000000070c300000, 0x000000070c400000|  0%| F|  |TAMS 0x000000070c300000, 0x000000070c300000| Untracked 
| 184|0x000000070c400000, 0x000000070c400000, 0x000000070c500000|  0%| F|  |TAMS 0x000000070c400000, 0x000000070c400000| Untracked 
| 185|0x000000070c500000, 0x000000070c500000, 0x000000070c600000|  0%| F|  |TAMS 0x000000070c500000, 0x000000070c500000| Untracked 
| 186|0x000000070c600000, 0x000000070c600000, 0x000000070c700000|  0%| F|  |TAMS 0x000000070c600000, 0x000000070c600000| Untracked 
| 187|0x000000070c700000, 0x000000070c700000, 0x000000070c800000|  0%| F|  |TAMS 0x000000070c700000, 0x000000070c700000| Untracked 
| 188|0x000000070c800000, 0x000000070c800000, 0x000000070c900000|  0%| F|  |TAMS 0x000000070c800000, 0x000000070c800000| Untracked 
| 189|0x000000070c900000, 0x000000070c900000, 0x000000070ca00000|  0%| F|  |TAMS 0x000000070c900000, 0x000000070c900000| Untracked 
| 190|0x000000070ca00000, 0x000000070ca00000, 0x000000070cb00000|  0%| F|  |TAMS 0x000000070ca00000, 0x000000070ca00000| Untracked 
| 191|0x000000070cb00000, 0x000000070cb00000, 0x000000070cc00000|  0%| F|  |TAMS 0x000000070cb00000, 0x000000070cb00000| Untracked 
| 192|0x000000070cc00000, 0x000000070cc00000, 0x000000070cd00000|  0%| F|  |TAMS 0x000000070cc00000, 0x000000070cc00000| Untracked 
| 193|0x000000070cd00000, 0x000000070cd00000, 0x000000070ce00000|  0%| F|  |TAMS 0x000000070cd00000, 0x000000070cd00000| Untracked 
| 194|0x000000070ce00000, 0x000000070ce00000, 0x000000070cf00000|  0%| F|  |TAMS 0x000000070ce00000, 0x000000070ce00000| Untracked 
| 195|0x000000070cf00000, 0x000000070cf00000, 0x000000070d000000|  0%| F|  |TAMS 0x000000070cf00000, 0x000000070cf00000| Untracked 
| 196|0x000000070d000000, 0x000000070d000000, 0x000000070d100000|  0%| F|  |TAMS 0x000000070d000000, 0x000000070d000000| Untracked 
| 197|0x000000070d100000, 0x000000070d100000, 0x000000070d200000|  0%| F|  |TAMS 0x000000070d100000, 0x000000070d100000| Untracked 
| 198|0x000000070d200000, 0x000000070d200000, 0x000000070d300000|  0%| F|  |TAMS 0x000000070d200000, 0x000000070d200000| Untracked 
| 199|0x000000070d300000, 0x000000070d300000, 0x000000070d400000|  0%| F|  |TAMS 0x000000070d300000, 0x000000070d300000| Untracked 
| 200|0x000000070d400000, 0x000000070d400000, 0x000000070d500000|  0%| F|  |TAMS 0x000000070d400000, 0x000000070d400000| Untracked 
| 201|0x000000070d500000, 0x000000070d500000, 0x000000070d600000|  0%| F|  |TAMS 0x000000070d500000, 0x000000070d500000| Untracked 
| 202|0x000000070d600000, 0x000000070d600000, 0x000000070d700000|  0%| F|  |TAMS 0x000000070d600000, 0x000000070d600000| Untracked 
| 203|0x000000070d700000, 0x000000070d700000, 0x000000070d800000|  0%| F|  |TAMS 0x000000070d700000, 0x000000070d700000| Untracked 
| 204|0x000000070d800000, 0x000000070d800000, 0x000000070d900000|  0%| F|  |TAMS 0x000000070d800000, 0x000000070d800000| Untracked 
| 205|0x000000070d900000, 0x000000070d900000, 0x000000070da00000|  0%| F|  |TAMS 0x000000070d900000, 0x000000070d900000| Untracked 
| 206|0x000000070da00000, 0x000000070da00000, 0x000000070db00000|  0%| F|  |TAMS 0x000000070da00000, 0x000000070da00000| Untracked 
| 207|0x000000070db00000, 0x000000070db00000, 0x000000070dc00000|  0%| F|  |TAMS 0x000000070db00000, 0x000000070db00000| Untracked 
| 208|0x000000070dc00000, 0x000000070dc00000, 0x000000070dd00000|  0%| F|  |TAMS 0x000000070dc00000, 0x000000070dc00000| Untracked 
| 209|0x000000070dd00000, 0x000000070dd00000, 0x000000070de00000|  0%| F|  |TAMS 0x000000070dd00000, 0x000000070dd00000| Untracked 
| 210|0x000000070de00000, 0x000000070de00000, 0x000000070df00000|  0%| F|  |TAMS 0x000000070de00000, 0x000000070de00000| Untracked 
| 211|0x000000070df00000, 0x000000070df00000, 0x000000070e000000|  0%| F|  |TAMS 0x000000070df00000, 0x000000070df00000| Untracked 
| 212|0x000000070e000000, 0x000000070e000000, 0x000000070e100000|  0%| F|  |TAMS 0x000000070e000000, 0x000000070e000000| Untracked 
| 213|0x000000070e100000, 0x000000070e100000, 0x000000070e200000|  0%| F|  |TAMS 0x000000070e100000, 0x000000070e100000| Untracked 
| 214|0x000000070e200000, 0x000000070e200000, 0x000000070e300000|  0%| F|  |TAMS 0x000000070e200000, 0x000000070e200000| Untracked 
| 215|0x000000070e300000, 0x000000070e300000, 0x000000070e400000|  0%| F|  |TAMS 0x000000070e300000, 0x000000070e300000| Untracked 
| 216|0x000000070e400000, 0x000000070e400000, 0x000000070e500000|  0%| F|  |TAMS 0x000000070e400000, 0x000000070e400000| Untracked 
| 217|0x000000070e500000, 0x000000070e500000, 0x000000070e600000|  0%| F|  |TAMS 0x000000070e500000, 0x000000070e500000| Untracked 
| 218|0x000000070e600000, 0x000000070e600000, 0x000000070e700000|  0%| F|  |TAMS 0x000000070e600000, 0x000000070e600000| Untracked 
| 219|0x000000070e700000, 0x000000070e700000, 0x000000070e800000|  0%| F|  |TAMS 0x000000070e700000, 0x000000070e700000| Untracked 
| 220|0x000000070e800000, 0x000000070e800000, 0x000000070e900000|  0%| F|  |TAMS 0x000000070e800000, 0x000000070e800000| Untracked 
| 221|0x000000070e900000, 0x000000070e900000, 0x000000070ea00000|  0%| F|  |TAMS 0x000000070e900000, 0x000000070e900000| Untracked 
| 222|0x000000070ea00000, 0x000000070ea00000, 0x000000070eb00000|  0%| F|  |TAMS 0x000000070ea00000, 0x000000070ea00000| Untracked 
| 223|0x000000070eb00000, 0x000000070eb00000, 0x000000070ec00000|  0%| F|  |TAMS 0x000000070eb00000, 0x000000070eb00000| Untracked 
| 224|0x000000070ec00000, 0x000000070ec00000, 0x000000070ed00000|  0%| F|  |TAMS 0x000000070ec00000, 0x000000070ec00000| Untracked 
| 225|0x000000070ed00000, 0x000000070ed00000, 0x000000070ee00000|  0%| F|  |TAMS 0x000000070ed00000, 0x000000070ed00000| Untracked 
| 226|0x000000070ee00000, 0x000000070ee00000, 0x000000070ef00000|  0%| F|  |TAMS 0x000000070ee00000, 0x000000070ee00000| Untracked 
| 227|0x000000070ef00000, 0x000000070ef00000, 0x000000070f000000|  0%| F|  |TAMS 0x000000070ef00000, 0x000000070ef00000| Untracked 
| 228|0x000000070f000000, 0x000000070f000000, 0x000000070f100000|  0%| F|  |TAMS 0x000000070f000000, 0x000000070f000000| Untracked 
| 229|0x000000070f100000, 0x000000070f100000, 0x000000070f200000|  0%| F|  |TAMS 0x000000070f100000, 0x000000070f100000| Untracked 
| 230|0x000000070f200000, 0x000000070f200000, 0x000000070f300000|  0%| F|  |TAMS 0x000000070f200000, 0x000000070f200000| Untracked 
| 231|0x000000070f300000, 0x000000070f300000, 0x000000070f400000|  0%| F|  |TAMS 0x000000070f300000, 0x000000070f300000| Untracked 
| 232|0x000000070f400000, 0x000000070f400000, 0x000000070f500000|  0%| F|  |TAMS 0x000000070f400000, 0x000000070f400000| Untracked 
| 233|0x000000070f500000, 0x000000070f500000, 0x000000070f600000|  0%| F|  |TAMS 0x000000070f500000, 0x000000070f500000| Untracked 
| 234|0x000000070f600000, 0x000000070f600000, 0x000000070f700000|  0%| F|  |TAMS 0x000000070f600000, 0x000000070f600000| Untracked 
| 235|0x000000070f700000, 0x000000070f700000, 0x000000070f800000|  0%| F|  |TAMS 0x000000070f700000, 0x000000070f700000| Untracked 
| 236|0x000000070f800000, 0x000000070f800000, 0x000000070f900000|  0%| F|  |TAMS 0x000000070f800000, 0x000000070f800000| Untracked 
| 237|0x000000070f900000, 0x000000070f900000, 0x000000070fa00000|  0%| F|  |TAMS 0x000000070f900000, 0x000000070f900000| Untracked 
| 238|0x000000070fa00000, 0x000000070fa00000, 0x000000070fb00000|  0%| F|  |TAMS 0x000000070fa00000, 0x000000070fa00000| Untracked 
| 239|0x000000070fb00000, 0x000000070fb00000, 0x000000070fc00000|  0%| F|  |TAMS 0x000000070fb00000, 0x000000070fb00000| Untracked 
| 240|0x000000070fc00000, 0x000000070fc00000, 0x000000070fd00000|  0%| F|  |TAMS 0x000000070fc00000, 0x000000070fc00000| Untracked 
| 241|0x000000070fd00000, 0x000000070fd00000, 0x000000070fe00000|  0%| F|  |TAMS 0x000000070fd00000, 0x000000070fd00000| Untracked 
| 242|0x000000070fe00000, 0x000000070ff00000, 0x000000070ff00000|100%| S|CS|TAMS 0x000000070fe00000, 0x000000070fe00000| Complete 
| 243|0x000000070ff00000, 0x0000000710000000, 0x0000000710000000|100%| S|CS|TAMS 0x000000070ff00000, 0x000000070ff00000| Complete 
| 244|0x0000000710000000, 0x0000000710100000, 0x0000000710100000|100%| S|CS|TAMS 0x0000000710000000, 0x0000000710000000| Complete 
| 245|0x0000000710100000, 0x0000000710200000, 0x0000000710200000|100%| S|CS|TAMS 0x0000000710100000, 0x0000000710100000| Complete 
| 246|0x0000000710200000, 0x0000000710300000, 0x0000000710300000|100%| S|CS|TAMS 0x0000000710200000, 0x0000000710200000| Complete 
| 247|0x0000000710300000, 0x0000000710400000, 0x0000000710400000|100%| S|CS|TAMS 0x0000000710300000, 0x0000000710300000| Complete 
| 248|0x0000000710400000, 0x0000000710500000, 0x0000000710500000|100%| S|CS|TAMS 0x0000000710400000, 0x0000000710400000| Complete 
| 249|0x0000000710500000, 0x0000000710600000, 0x0000000710600000|100%| S|CS|TAMS 0x0000000710500000, 0x0000000710500000| Complete 
| 250|0x0000000710600000, 0x0000000710700000, 0x0000000710700000|100%| S|CS|TAMS 0x0000000710600000, 0x0000000710600000| Complete 
| 251|0x0000000710700000, 0x0000000710800000, 0x0000000710800000|100%| S|CS|TAMS 0x0000000710700000, 0x0000000710700000| Complete 
| 252|0x0000000710800000, 0x0000000710900000, 0x0000000710900000|100%| S|CS|TAMS 0x0000000710800000, 0x0000000710800000| Complete 
| 253|0x0000000710900000, 0x0000000710a00000, 0x0000000710a00000|100%| S|CS|TAMS 0x0000000710900000, 0x0000000710900000| Complete 
| 254|0x0000000710a00000, 0x0000000710b00000, 0x0000000710b00000|100%| S|CS|TAMS 0x0000000710a00000, 0x0000000710a00000| Complete 
| 255|0x0000000710b00000, 0x0000000710c00000, 0x0000000710c00000|100%| S|CS|TAMS 0x0000000710b00000, 0x0000000710b00000| Complete 
| 256|0x0000000710c00000, 0x0000000710c00000, 0x0000000710d00000|  0%| F|  |TAMS 0x0000000710c00000, 0x0000000710c00000| Untracked 
| 257|0x0000000710d00000, 0x0000000710d00000, 0x0000000710e00000|  0%| F|  |TAMS 0x0000000710d00000, 0x0000000710d00000| Untracked 
| 258|0x0000000710e00000, 0x0000000710e00000, 0x0000000710f00000|  0%| F|  |TAMS 0x0000000710e00000, 0x0000000710e00000| Untracked 
| 259|0x0000000710f00000, 0x0000000710f00000, 0x0000000711000000|  0%| F|  |TAMS 0x0000000710f00000, 0x0000000710f00000| Untracked 
| 260|0x0000000711000000, 0x0000000711000000, 0x0000000711100000|  0%| F|  |TAMS 0x0000000711000000, 0x0000000711000000| Untracked 
| 261|0x0000000711100000, 0x0000000711100000, 0x0000000711200000|  0%| F|  |TAMS 0x0000000711100000, 0x0000000711100000| Untracked 
| 262|0x0000000711200000, 0x0000000711200000, 0x0000000711300000|  0%| F|  |TAMS 0x0000000711200000, 0x0000000711200000| Untracked 
| 263|0x0000000711300000, 0x0000000711300000, 0x0000000711400000|  0%| F|  |TAMS 0x0000000711300000, 0x0000000711300000| Untracked 
| 264|0x0000000711400000, 0x0000000711400000, 0x0000000711500000|  0%| F|  |TAMS 0x0000000711400000, 0x0000000711400000| Untracked 
| 265|0x0000000711500000, 0x0000000711500000, 0x0000000711600000|  0%| F|  |TAMS 0x0000000711500000, 0x0000000711500000| Untracked 
| 266|0x0000000711600000, 0x0000000711600000, 0x0000000711700000|  0%| F|  |TAMS 0x0000000711600000, 0x0000000711600000| Untracked 
| 267|0x0000000711700000, 0x0000000711700000, 0x0000000711800000|  0%| F|  |TAMS 0x0000000711700000, 0x0000000711700000| Untracked 
| 268|0x0000000711800000, 0x0000000711800000, 0x0000000711900000|  0%| F|  |TAMS 0x0000000711800000, 0x0000000711800000| Untracked 
| 269|0x0000000711900000, 0x0000000711900000, 0x0000000711a00000|  0%| F|  |TAMS 0x0000000711900000, 0x0000000711900000| Untracked 
| 270|0x0000000711a00000, 0x0000000711a00000, 0x0000000711b00000|  0%| F|  |TAMS 0x0000000711a00000, 0x0000000711a00000| Untracked 
| 271|0x0000000711b00000, 0x0000000711b00000, 0x0000000711c00000|  0%| F|  |TAMS 0x0000000711b00000, 0x0000000711b00000| Untracked 
| 272|0x0000000711c00000, 0x0000000711c00000, 0x0000000711d00000|  0%| F|  |TAMS 0x0000000711c00000, 0x0000000711c00000| Untracked 
| 273|0x0000000711d00000, 0x0000000711d00000, 0x0000000711e00000|  0%| F|  |TAMS 0x0000000711d00000, 0x0000000711d00000| Untracked 
| 274|0x0000000711e00000, 0x0000000711e00000, 0x0000000711f00000|  0%| F|  |TAMS 0x0000000711e00000, 0x0000000711e00000| Untracked 
| 275|0x0000000711f00000, 0x0000000711f00000, 0x0000000712000000|  0%| F|  |TAMS 0x0000000711f00000, 0x0000000711f00000| Untracked 
| 276|0x0000000712000000, 0x0000000712000000, 0x0000000712100000|  0%| F|  |TAMS 0x0000000712000000, 0x0000000712000000| Untracked 
| 277|0x0000000712100000, 0x0000000712100000, 0x0000000712200000|  0%| F|  |TAMS 0x0000000712100000, 0x0000000712100000| Untracked 
| 278|0x0000000712200000, 0x0000000712200000, 0x0000000712300000|  0%| F|  |TAMS 0x0000000712200000, 0x0000000712200000| Untracked 
| 279|0x0000000712300000, 0x0000000712300000, 0x0000000712400000|  0%| F|  |TAMS 0x0000000712300000, 0x0000000712300000| Untracked 
| 280|0x0000000712400000, 0x0000000712400000, 0x0000000712500000|  0%| F|  |TAMS 0x0000000712400000, 0x0000000712400000| Untracked 
| 281|0x0000000712500000, 0x0000000712500000, 0x0000000712600000|  0%| F|  |TAMS 0x0000000712500000, 0x0000000712500000| Untracked 
| 282|0x0000000712600000, 0x0000000712600000, 0x0000000712700000|  0%| F|  |TAMS 0x0000000712600000, 0x0000000712600000| Untracked 
| 283|0x0000000712700000, 0x0000000712700000, 0x0000000712800000|  0%| F|  |TAMS 0x0000000712700000, 0x0000000712700000| Untracked 
| 284|0x0000000712800000, 0x0000000712800000, 0x0000000712900000|  0%| F|  |TAMS 0x0000000712800000, 0x0000000712800000| Untracked 
| 285|0x0000000712900000, 0x0000000712900000, 0x0000000712a00000|  0%| F|  |TAMS 0x0000000712900000, 0x0000000712900000| Untracked 
| 286|0x0000000712a00000, 0x0000000712a00000, 0x0000000712b00000|  0%| F|  |TAMS 0x0000000712a00000, 0x0000000712a00000| Untracked 
| 287|0x0000000712b00000, 0x0000000712b00000, 0x0000000712c00000|  0%| F|  |TAMS 0x0000000712b00000, 0x0000000712b00000| Untracked 
| 288|0x0000000712c00000, 0x0000000712c00000, 0x0000000712d00000|  0%| F|  |TAMS 0x0000000712c00000, 0x0000000712c00000| Untracked 
| 289|0x0000000712d00000, 0x0000000712d00000, 0x0000000712e00000|  0%| F|  |TAMS 0x0000000712d00000, 0x0000000712d00000| Untracked 
| 290|0x0000000712e00000, 0x0000000712e00000, 0x0000000712f00000|  0%| F|  |TAMS 0x0000000712e00000, 0x0000000712e00000| Untracked 
| 291|0x0000000712f00000, 0x0000000712f00000, 0x0000000713000000|  0%| F|  |TAMS 0x0000000712f00000, 0x0000000712f00000| Untracked 
| 292|0x0000000713000000, 0x0000000713000000, 0x0000000713100000|  0%| F|  |TAMS 0x0000000713000000, 0x0000000713000000| Untracked 
| 293|0x0000000713100000, 0x0000000713100000, 0x0000000713200000|  0%| F|  |TAMS 0x0000000713100000, 0x0000000713100000| Untracked 
| 294|0x0000000713200000, 0x0000000713200000, 0x0000000713300000|  0%| F|  |TAMS 0x0000000713200000, 0x0000000713200000| Untracked 
| 295|0x0000000713300000, 0x0000000713300000, 0x0000000713400000|  0%| F|  |TAMS 0x0000000713300000, 0x0000000713300000| Untracked 
| 296|0x0000000713400000, 0x0000000713400000, 0x0000000713500000|  0%| F|  |TAMS 0x0000000713400000, 0x0000000713400000| Untracked 
| 297|0x0000000713500000, 0x0000000713500000, 0x0000000713600000|  0%| F|  |TAMS 0x0000000713500000, 0x0000000713500000| Untracked 
| 298|0x0000000713600000, 0x0000000713600000, 0x0000000713700000|  0%| F|  |TAMS 0x0000000713600000, 0x0000000713600000| Untracked 
| 299|0x0000000713700000, 0x0000000713700000, 0x0000000713800000|  0%| F|  |TAMS 0x0000000713700000, 0x0000000713700000| Untracked 
| 300|0x0000000713800000, 0x0000000713800000, 0x0000000713900000|  0%| F|  |TAMS 0x0000000713800000, 0x0000000713800000| Untracked 
| 301|0x0000000713900000, 0x0000000713900000, 0x0000000713a00000|  0%| F|  |TAMS 0x0000000713900000, 0x0000000713900000| Untracked 
| 302|0x0000000713a00000, 0x0000000713a00000, 0x0000000713b00000|  0%| F|  |TAMS 0x0000000713a00000, 0x0000000713a00000| Untracked 
| 303|0x0000000713b00000, 0x0000000713b00000, 0x0000000713c00000|  0%| F|  |TAMS 0x0000000713b00000, 0x0000000713b00000| Untracked 
| 304|0x0000000713c00000, 0x0000000713c00000, 0x0000000713d00000|  0%| F|  |TAMS 0x0000000713c00000, 0x0000000713c00000| Untracked 
| 305|0x0000000713d00000, 0x0000000713d00000, 0x0000000713e00000|  0%| F|  |TAMS 0x0000000713d00000, 0x0000000713d00000| Untracked 
| 306|0x0000000713e00000, 0x0000000713e00000, 0x0000000713f00000|  0%| F|  |TAMS 0x0000000713e00000, 0x0000000713e00000| Untracked 
| 307|0x0000000713f00000, 0x0000000713f00000, 0x0000000714000000|  0%| F|  |TAMS 0x0000000713f00000, 0x0000000713f00000| Untracked 
| 308|0x0000000714000000, 0x0000000714000000, 0x0000000714100000|  0%| F|  |TAMS 0x0000000714000000, 0x0000000714000000| Untracked 
| 309|0x0000000714100000, 0x0000000714100000, 0x0000000714200000|  0%| F|  |TAMS 0x0000000714100000, 0x0000000714100000| Untracked 
| 310|0x0000000714200000, 0x0000000714200000, 0x0000000714300000|  0%| F|  |TAMS 0x0000000714200000, 0x0000000714200000| Untracked 
| 311|0x0000000714300000, 0x0000000714300000, 0x0000000714400000|  0%| F|  |TAMS 0x0000000714300000, 0x0000000714300000| Untracked 
| 312|0x0000000714400000, 0x0000000714400000, 0x0000000714500000|  0%| F|  |TAMS 0x0000000714400000, 0x0000000714400000| Untracked 
| 313|0x0000000714500000, 0x0000000714500000, 0x0000000714600000|  0%| F|  |TAMS 0x0000000714500000, 0x0000000714500000| Untracked 
| 314|0x0000000714600000, 0x0000000714600000, 0x0000000714700000|  0%| F|  |TAMS 0x0000000714600000, 0x0000000714600000| Untracked 
| 315|0x0000000714700000, 0x0000000714700000, 0x0000000714800000|  0%| F|  |TAMS 0x0000000714700000, 0x0000000714700000| Untracked 
| 316|0x0000000714800000, 0x0000000714800000, 0x0000000714900000|  0%| F|  |TAMS 0x0000000714800000, 0x0000000714800000| Untracked 
| 317|0x0000000714900000, 0x0000000714900000, 0x0000000714a00000|  0%| F|  |TAMS 0x0000000714900000, 0x0000000714900000| Untracked 
| 318|0x0000000714a00000, 0x0000000714a00000, 0x0000000714b00000|  0%| F|  |TAMS 0x0000000714a00000, 0x0000000714a00000| Untracked 
| 319|0x0000000714b00000, 0x0000000714b00000, 0x0000000714c00000|  0%| F|  |TAMS 0x0000000714b00000, 0x0000000714b00000| Untracked 
| 320|0x0000000714c00000, 0x0000000714c00000, 0x0000000714d00000|  0%| F|  |TAMS 0x0000000714c00000, 0x0000000714c00000| Untracked 
| 321|0x0000000714d00000, 0x0000000714d00000, 0x0000000714e00000|  0%| F|  |TAMS 0x0000000714d00000, 0x0000000714d00000| Untracked 
| 322|0x0000000714e00000, 0x0000000714e00000, 0x0000000714f00000|  0%| F|  |TAMS 0x0000000714e00000, 0x0000000714e00000| Untracked 
| 323|0x0000000714f00000, 0x0000000714f00000, 0x0000000715000000|  0%| F|  |TAMS 0x0000000714f00000, 0x0000000714f00000| Untracked 
| 324|0x0000000715000000, 0x0000000715000000, 0x0000000715100000|  0%| F|  |TAMS 0x0000000715000000, 0x0000000715000000| Untracked 
| 325|0x0000000715100000, 0x0000000715100000, 0x0000000715200000|  0%| F|  |TAMS 0x0000000715100000, 0x0000000715100000| Untracked 
| 326|0x0000000715200000, 0x0000000715200000, 0x0000000715300000|  0%| F|  |TAMS 0x0000000715200000, 0x0000000715200000| Untracked 
| 327|0x0000000715300000, 0x0000000715300000, 0x0000000715400000|  0%| F|  |TAMS 0x0000000715300000, 0x0000000715300000| Untracked 
| 328|0x0000000715400000, 0x0000000715400000, 0x0000000715500000|  0%| F|  |TAMS 0x0000000715400000, 0x0000000715400000| Untracked 
| 329|0x0000000715500000, 0x0000000715500000, 0x0000000715600000|  0%| F|  |TAMS 0x0000000715500000, 0x0000000715500000| Untracked 
| 330|0x0000000715600000, 0x0000000715600000, 0x0000000715700000|  0%| F|  |TAMS 0x0000000715600000, 0x0000000715600000| Untracked 
| 331|0x0000000715700000, 0x0000000715700000, 0x0000000715800000|  0%| F|  |TAMS 0x0000000715700000, 0x0000000715700000| Untracked 
| 332|0x0000000715800000, 0x0000000715800000, 0x0000000715900000|  0%| F|  |TAMS 0x0000000715800000, 0x0000000715800000| Untracked 
| 333|0x0000000715900000, 0x0000000715900000, 0x0000000715a00000|  0%| F|  |TAMS 0x0000000715900000, 0x0000000715900000| Untracked 
| 334|0x0000000715a00000, 0x0000000715a00000, 0x0000000715b00000|  0%| F|  |TAMS 0x0000000715a00000, 0x0000000715a00000| Untracked 
| 335|0x0000000715b00000, 0x0000000715b00000, 0x0000000715c00000|  0%| F|  |TAMS 0x0000000715b00000, 0x0000000715b00000| Untracked 
| 336|0x0000000715c00000, 0x0000000715c00000, 0x0000000715d00000|  0%| F|  |TAMS 0x0000000715c00000, 0x0000000715c00000| Untracked 
| 337|0x0000000715d00000, 0x0000000715d00000, 0x0000000715e00000|  0%| F|  |TAMS 0x0000000715d00000, 0x0000000715d00000| Untracked 
| 338|0x0000000715e00000, 0x0000000715e00000, 0x0000000715f00000|  0%| F|  |TAMS 0x0000000715e00000, 0x0000000715e00000| Untracked 
| 339|0x0000000715f00000, 0x0000000715f00000, 0x0000000716000000|  0%| F|  |TAMS 0x0000000715f00000, 0x0000000715f00000| Untracked 
| 340|0x0000000716000000, 0x0000000716000000, 0x0000000716100000|  0%| F|  |TAMS 0x0000000716000000, 0x0000000716000000| Untracked 
| 341|0x0000000716100000, 0x0000000716100000, 0x0000000716200000|  0%| F|  |TAMS 0x0000000716100000, 0x0000000716100000| Untracked 
| 342|0x0000000716200000, 0x0000000716200000, 0x0000000716300000|  0%| F|  |TAMS 0x0000000716200000, 0x0000000716200000| Untracked 
| 343|0x0000000716300000, 0x0000000716300000, 0x0000000716400000|  0%| F|  |TAMS 0x0000000716300000, 0x0000000716300000| Untracked 
| 344|0x0000000716400000, 0x0000000716400000, 0x0000000716500000|  0%| F|  |TAMS 0x0000000716400000, 0x0000000716400000| Untracked 
| 345|0x0000000716500000, 0x0000000716500000, 0x0000000716600000|  0%| F|  |TAMS 0x0000000716500000, 0x0000000716500000| Untracked 
| 346|0x0000000716600000, 0x0000000716600000, 0x0000000716700000|  0%| F|  |TAMS 0x0000000716600000, 0x0000000716600000| Untracked 
| 347|0x0000000716700000, 0x0000000716700000, 0x0000000716800000|  0%| F|  |TAMS 0x0000000716700000, 0x0000000716700000| Untracked 
| 348|0x0000000716800000, 0x0000000716800000, 0x0000000716900000|  0%| F|  |TAMS 0x0000000716800000, 0x0000000716800000| Untracked 
| 349|0x0000000716900000, 0x0000000716900000, 0x0000000716a00000|  0%| F|  |TAMS 0x0000000716900000, 0x0000000716900000| Untracked 
| 350|0x0000000716a00000, 0x0000000716a00000, 0x0000000716b00000|  0%| F|  |TAMS 0x0000000716a00000, 0x0000000716a00000| Untracked 
| 351|0x0000000716b00000, 0x0000000716b00000, 0x0000000716c00000|  0%| F|  |TAMS 0x0000000716b00000, 0x0000000716b00000| Untracked 
| 352|0x0000000716c00000, 0x0000000716c00000, 0x0000000716d00000|  0%| F|  |TAMS 0x0000000716c00000, 0x0000000716c00000| Untracked 
| 353|0x0000000716d00000, 0x0000000716d00000, 0x0000000716e00000|  0%| F|  |TAMS 0x0000000716d00000, 0x0000000716d00000| Untracked 
| 354|0x0000000716e00000, 0x0000000716e00000, 0x0000000716f00000|  0%| F|  |TAMS 0x0000000716e00000, 0x0000000716e00000| Untracked 
| 355|0x0000000716f00000, 0x0000000716f00000, 0x0000000717000000|  0%| F|  |TAMS 0x0000000716f00000, 0x0000000716f00000| Untracked 
| 356|0x0000000717000000, 0x0000000717000000, 0x0000000717100000|  0%| F|  |TAMS 0x0000000717000000, 0x0000000717000000| Untracked 
| 357|0x0000000717100000, 0x0000000717100000, 0x0000000717200000|  0%| F|  |TAMS 0x0000000717100000, 0x0000000717100000| Untracked 
| 358|0x0000000717200000, 0x0000000717200000, 0x0000000717300000|  0%| F|  |TAMS 0x0000000717200000, 0x0000000717200000| Untracked 
| 359|0x0000000717300000, 0x0000000717400000, 0x0000000717400000|100%| E|  |TAMS 0x0000000717300000, 0x0000000717300000| Complete 
| 360|0x0000000717400000, 0x0000000717500000, 0x0000000717500000|100%| E|CS|TAMS 0x0000000717400000, 0x0000000717400000| Complete 
| 361|0x0000000717500000, 0x0000000717600000, 0x0000000717600000|100%| E|CS|TAMS 0x0000000717500000, 0x0000000717500000| Complete 
| 362|0x0000000717600000, 0x0000000717700000, 0x0000000717700000|100%| E|CS|TAMS 0x0000000717600000, 0x0000000717600000| Complete 
| 363|0x0000000717700000, 0x0000000717800000, 0x0000000717800000|100%| E|CS|TAMS 0x0000000717700000, 0x0000000717700000| Complete 
| 364|0x0000000717800000, 0x0000000717900000, 0x0000000717900000|100%| E|CS|TAMS 0x0000000717800000, 0x0000000717800000| Complete 
| 365|0x0000000717900000, 0x0000000717a00000, 0x0000000717a00000|100%| E|CS|TAMS 0x0000000717900000, 0x0000000717900000| Complete 
| 366|0x0000000717a00000, 0x0000000717b00000, 0x0000000717b00000|100%| E|CS|TAMS 0x0000000717a00000, 0x0000000717a00000| Complete 
| 367|0x0000000717b00000, 0x0000000717c00000, 0x0000000717c00000|100%| E|CS|TAMS 0x0000000717b00000, 0x0000000717b00000| Complete 
| 368|0x0000000717c00000, 0x0000000717d00000, 0x0000000717d00000|100%| E|CS|TAMS 0x0000000717c00000, 0x0000000717c00000| Complete 
| 369|0x0000000717d00000, 0x0000000717e00000, 0x0000000717e00000|100%| E|CS|TAMS 0x0000000717d00000, 0x0000000717d00000| Complete 

Card table byte_map: [0x000001265f400000,0x000001265fc00000] _byte_map_base: 0x000001265bbfa000

Marking Bits (Prev, Next): (CMBitMap*) 0x0000012646f597a0, (CMBitMap*) 0x0000012646f59768
 Prev Bits: [0x00000126643d0000, 0x00000126683a0000)
 Next Bits: [0x0000012660400000, 0x00000126643d0000)

Polling page: 0x0000012644ec0000

Metaspace:

Usage:
  Non-class:     51.04 MB capacity,    50.27 MB ( 98%) used,   620.89 KB (  1%) free+waste,   166.44 KB ( <1%) overhead. 
      Class:      7.76 MB capacity,     7.27 MB ( 94%) used,   425.36 KB (  5%) free+waste,    76.81 KB ( <1%) overhead. 
       Both:     58.80 MB capacity,    57.54 MB ( 98%) used,     1.02 MB (  2%) free+waste,   243.25 KB ( <1%) overhead. 

Virtual space:
  Non-class space:       52.00 MB reserved,      51.25 MB ( 99%) committed 
      Class space:        1.00 GB reserved,       7.82 MB ( <1%) committed 
             Both:        1.05 GB reserved,      59.07 MB (  5%) committed 

Chunk freelists:
   Non-Class:  2.88 KB
       Class:  2.50 KB
        Both:  5.38 KB

CodeHeap 'non-profiled nmethods': size=119168Kb used=6791Kb max_used=6791Kb free=112377Kb
 bounds [0x0000012656f20000, 0x00000126575d0000, 0x000001265e380000]
CodeHeap 'profiled nmethods': size=119168Kb used=17064Kb max_used=17064Kb free=102103Kb
 bounds [0x000001264fac0000, 0x0000012650b70000, 0x0000012656f20000]
CodeHeap 'non-nmethods': size=7424Kb used=2887Kb max_used=2964Kb free=4537Kb
 bounds [0x000001264f380000, 0x000001264f6f0000, 0x000001264fac0000]
 total_blobs=7713 nmethods=7175 adapters=445
 compilation: enabled
              stopped_count=0, restarted_count=0
 full_count=0

Compilation events (10 events):
Event: 9.474 Thread 0x000001266c753000 7200       3       com.sun.beans.introspect.PropertyInfo::isPrefix (25 bytes)
Event: 9.474 Thread 0x000001266c753000 nmethod 7200 0x0000012650b50110 code [0x0000012650b50300, 0x0000012650b50728]
Event: 9.488 Thread 0x000001266be36000 7202   !   3       jdk.internal.reflect.GeneratedMethodAccessor23::invoke (63 bytes)
Event: 9.489 Thread 0x000001266be36000 nmethod 7202 0x0000012650b50910 code [0x0000012650b50b40, 0x0000012650b51278]
Event: 9.491 Thread 0x0000012670e2f000 7203       3       com.sun.beans.introspect.PropertyInfo::getReadMethod (19 bytes)
Event: 9.491 Thread 0x000001266c782000 7204       3       com.sun.beans.introspect.PropertyInfo::getWriteMethod (19 bytes)
Event: 9.491 Thread 0x000001266c753000 7205       3       com.sun.beans.introspect.PropertyInfo::isConstrained (101 bytes)
Event: 9.491 Thread 0x000001266c782000 nmethod 7204 0x0000012650b51590 code [0x0000012650b51740, 0x0000012650b518b8]
Event: 9.491 Thread 0x0000012670e2f000 nmethod 7203 0x0000012650b51990 code [0x0000012650b51b40, 0x0000012650b51cb8]
Event: 9.491 Thread 0x000001266c753000 nmethod 7205 0x0000012650b51d90 code [0x0000012650b51f60, 0x0000012650b52218]

GC Heap History (10 events):
Event: 5.893 GC heap before
{Heap before GC invocations=11 (full 0):
 garbage-first heap   total 315392K, used 205031K [0x0000000700c00000, 0x0000000800000000)
  region size 1024K, 184 young (188416K), 13 survivors (13312K)
 Metaspace       used 40843K, capacity 41900K, committed 42240K, reserved 1085440K
  class space    used 4829K, capacity 5254K, committed 5376K, reserved 1048576K
}
Event: 5.898 GC heap after
{Heap after GC invocations=12 (full 0):
 garbage-first heap   total 315392K, used 30261K [0x0000000700c00000, 0x0000000800000000)
  region size 1024K, 13 young (13312K), 13 survivors (13312K)
 Metaspace       used 40843K, capacity 41900K, committed 42240K, reserved 1085440K
  class space    used 4829K, capacity 5254K, committed 5376K, reserved 1048576K
}
Event: 6.088 GC heap before
{Heap before GC invocations=12 (full 0):
 garbage-first heap   total 315392K, used 205365K [0x0000000700c00000, 0x0000000800000000)
  region size 1024K, 184 young (188416K), 13 survivors (13312K)
 Metaspace       used 41116K, capacity 42189K, committed 42496K, reserved 1087488K
  class space    used 4868K, capacity 5286K, committed 5376K, reserved 1048576K
}
Event: 6.093 GC heap after
{Heap after GC invocations=13 (full 0):
 garbage-first heap   total 315392K, used 30594K [0x0000000700c00000, 0x0000000800000000)
  region size 1024K, 13 young (13312K), 13 survivors (13312K)
 Metaspace       used 41116K, capacity 42189K, committed 42496K, reserved 1087488K
  class space    used 4868K, capacity 5286K, committed 5376K, reserved 1048576K
}
Event: 6.878 GC heap before
{Heap before GC invocations=13 (full 0):
 garbage-first heap   total 315392K, used 205698K [0x0000000700c00000, 0x0000000800000000)
  region size 1024K, 184 young (188416K), 13 survivors (13312K)
 Metaspace       used 43589K, capacity 44698K, committed 44928K, reserved 1089536K
  class space    used 5235K, capacity 5666K, committed 5760K, reserved 1048576K
}
Event: 6.888 GC heap after
{Heap after GC invocations=14 (full 0):
 garbage-first heap   total 315392K, used 37151K [0x0000000700c00000, 0x0000000800000000)
  region size 1024K, 15 young (15360K), 15 survivors (15360K)
 Metaspace       used 43589K, capacity 44698K, committed 44928K, reserved 1089536K
  class space    used 5235K, capacity 5666K, committed 5760K, reserved 1048576K
}
Event: 8.573 GC heap before
{Heap before GC invocations=14 (full 0):
 garbage-first heap   total 315392K, used 210207K [0x0000000700c00000, 0x0000000800000000)
  region size 1024K, 184 young (188416K), 15 survivors (15360K)
 Metaspace       used 56100K, capacity 57282K, committed 57600K, reserved 1099776K
  class space    used 7122K, capacity 7594K, committed 7680K, reserved 1048576K
}
Event: 8.583 GC heap after
{Heap after GC invocations=15 (full 0):
 garbage-first heap   total 378880K, used 39641K [0x0000000700c00000, 0x0000000800000000)
  region size 1024K, 14 young (14336K), 14 survivors (14336K)
 Metaspace       used 56100K, capacity 57282K, committed 57600K, reserved 1099776K
  class space    used 7122K, capacity 7594K, committed 7680K, reserved 1048576K
}
Event: 9.461 GC heap before
{Heap before GC invocations=15 (full 0):
 garbage-first heap   total 378880K, used 155353K [0x0000000700c00000, 0x0000000800000000)
  region size 1024K, 128 young (131072K), 14 survivors (14336K)
 Metaspace       used 58857K, capacity 60100K, committed 60160K, reserved 1101824K
  class space    used 7433K, capacity 7910K, committed 7936K, reserved 1048576K
}
Event: 9.470 GC heap after
{Heap after GC invocations=16 (full 0):
 garbage-first heap   total 378880K, used 39897K [0x0000000700c00000, 0x0000000800000000)
  region size 1024K, 14 young (14336K), 14 survivors (14336K)
 Metaspace       used 58857K, capacity 60100K, committed 60160K, reserved 1101824K
  class space    used 7433K, capacity 7910K, committed 7936K, reserved 1048576K
}

Deoptimization events (10 events):
Event: 9.304 Thread 0x0000012646ef7800 Uncommon trap: reason=profile_predicate action=maybe_recompile pc=0x0000012657376634 method=org.springframework.boot.context.properties.source.SpringIterableConfigurationPropertySource$Mappings.updateMappings([Ljava/lang/String;)V @ 97 c2
Event: 9.304 Thread 0x0000012646ef7800 Uncommon trap: reason=profile_predicate action=maybe_recompile pc=0x0000012657376634 method=org.springframework.boot.context.properties.source.SpringIterableConfigurationPropertySource$Mappings.updateMappings([Ljava/lang/String;)V @ 97 c2
Event: 9.304 Thread 0x0000012646ef7800 Uncommon trap: reason=profile_predicate action=maybe_recompile pc=0x0000012657376634 method=org.springframework.boot.context.properties.source.SpringIterableConfigurationPropertySource$Mappings.updateMappings([Ljava/lang/String;)V @ 97 c2
Event: 9.304 Thread 0x0000012646ef7800 Uncommon trap: reason=profile_predicate action=maybe_recompile pc=0x0000012657376634 method=org.springframework.boot.context.properties.source.SpringIterableConfigurationPropertySource$Mappings.updateMappings([Ljava/lang/String;)V @ 97 c2
Event: 9.319 Thread 0x0000012646ef7800 Uncommon trap: reason=unstable_if action=reinterpret pc=0x00000126575937cc method=org.aspectj.apache.bcel.classfile.Attribute.readAttribute(Ljava/io/DataInputStream;Lorg/aspectj/apache/bcel/classfile/ConstantPool;)Lorg/aspectj/apache/bcel/classfile/Attrib
Event: 9.345 Thread 0x0000012646ef7800 Uncommon trap: reason=class_check action=maybe_recompile pc=0x000001265751667c method=java.util.WeakHashMap.eq(Ljava/lang/Object;Ljava/lang/Object;)Z @ 7 c2
Event: 9.350 Thread 0x0000012646ef7800 Uncommon trap: reason=unstable_if action=reinterpret pc=0x00000126574bf51c method=org.springframework.beans.factory.support.AbstractBeanFactory.isTypeMatch(Ljava/lang/String;Lorg/springframework/core/ResolvableType;Z)Z @ 559 c2
Event: 9.396 Thread 0x0000012646ef7800 Uncommon trap: reason=unstable_if action=reinterpret pc=0x00000126572a3b2c method=java.util.concurrent.ConcurrentHashMap.transfer([Ljava/util/concurrent/ConcurrentHashMap$Node;[Ljava/util/concurrent/ConcurrentHashMap$Node;)V @ 352 c2
Event: 9.427 Thread 0x0000012646ef7800 Uncommon trap: reason=bimorphic_or_optimized_type_check action=maybe_recompile pc=0x00000126570ae674 method=java.util.stream.ReduceOps$ReduceOp.evaluateSequential(Ljava/util/stream/PipelineHelper;Ljava/util/Spliterator;)Ljava/lang/Object; @ 2 c2
Event: 9.435 Thread 0x0000012646ef7800 Uncommon trap: reason=unstable_if action=reinterpret pc=0x000001265756d3d8 method=org.springframework.util.ClassUtils.isOverridable(Ljava/lang/reflect/Method;Ljava/lang/Class;)Z @ 29 c2

Classes redefined (0 events):
No events

Internal exceptions (10 events):
Event: 9.424 Thread 0x0000012646ef7800 Exception <a 'java/lang/IncompatibleClassChangeError'{0x000000071110c1d8}: Found class java.lang.Object, but interface was expected> (0x000000071110c1d8) thrown at [./open/src/hotspot/share/interpreter/linkResolver.cpp, line 838]
Event: 9.426 Thread 0x0000012646ef7800 Exception <a 'java/lang/IncompatibleClassChangeError'{0x000000071111ee20}: Found class java.lang.Object, but interface was expected> (0x000000071111ee20) thrown at [./open/src/hotspot/share/interpreter/linkResolver.cpp, line 838]
Event: 9.430 Thread 0x0000012646ef7800 Exception <a 'java/lang/IncompatibleClassChangeError'{0x000000071115c160}: Found class java.lang.Object, but interface was expected> (0x000000071115c160) thrown at [./open/src/hotspot/share/interpreter/linkResolver.cpp, line 838]
Event: 9.435 Thread 0x0000012646ef7800 Exception <a 'java/lang/ClassNotFoundException'{0x00000007111be3d0}: java/lang/ObjectCustomizer> (0x00000007111be3d0) thrown at [./open/src/hotspot/share/classfile/systemDictionary.cpp, line 228]
Event: 9.436 Thread 0x0000012646ef7800 Exception <a 'java/lang/ClassNotFoundException'{0x00000007111dec98}: io/micrometer/core/instrument/MeterRegistryCustomizer> (0x00000007111dec98) thrown at [./open/src/hotspot/share/classfile/systemDictionary.cpp, line 228]
Event: 9.438 Thread 0x0000012646ef7800 Exception <a 'java/lang/ClassNotFoundException'{0x000000071101a5a0}: io/micrometer/core/instrument/simple/SimpleMeterRegistryCustomizer> (0x000000071101a5a0) thrown at [./open/src/hotspot/share/classfile/systemDictionary.cpp, line 228]
Event: 9.473 Thread 0x0000012646ef7800 Exception <a 'java/lang/ClassNotFoundException'{0x0000000717d2cb70}: java/lang/ObjectCustomizer> (0x0000000717d2cb70) thrown at [./open/src/hotspot/share/classfile/systemDictionary.cpp, line 228]
Event: 9.473 Thread 0x0000012646ef7800 Exception <a 'java/lang/ClassNotFoundException'{0x0000000717d55980}: org/springframework/boot/actuate/autoconfigure/metrics/MetricsPropertiesCustomizer> (0x0000000717d55980) thrown at [./open/src/hotspot/share/classfile/systemDictionary.cpp, line 228]
Event: 9.491 Thread 0x0000012646ef7800 Exception <a 'java/lang/ClassNotFoundException'{0x0000000717cc3518}: java/lang/ObjectCustomizer> (0x0000000717cc3518) thrown at [./open/src/hotspot/share/classfile/systemDictionary.cpp, line 228]
Event: 9.492 Thread 0x0000012646ef7800 Exception <a 'java/lang/ClassNotFoundException'{0x0000000717ced608}: org/springframework/boot/actuate/autoconfigure/metrics/PropertiesMeterFilterCustomizer> (0x0000000717ced608) thrown at [./open/src/hotspot/share/classfile/systemDictionary.cpp, line 228]

Events (10 events):
Event: 9.491 loading class java/lang/ObjectCustomizer done
Event: 9.491 loading class org/springframework/boot/actuate/autoconfigure/metrics/PropertiesMeterFilterCustomizer
Event: 9.491 loading class org/springframework/boot/actuate/autoconfigure/metrics/PropertiesMeterFilterCustomizer done
Event: 9.492 loading class org/springframework/boot/actuate/autoconfigure/metrics/PropertiesMeterFilterCustomizer
Event: 9.492 loading class org/springframework/boot/actuate/autoconfigure/metrics/PropertiesMeterFilterCustomizer done
Event: 9.492 loading class org/springframework/boot/actuate/autoconfigure/metrics/PropertiesMeterFilterCustomizer
Event: 9.492 loading class org/springframework/boot/actuate/autoconfigure/metrics/PropertiesMeterFilterCustomizer done
Event: 9.492 loading class io/micrometer/core/instrument/config/MeterFilterCustomizer
Event: 9.492 loading class io/micrometer/core/instrument/config/MeterFilterCustomizer done
Event: 9.492 Executing VM operation: CGC_Operation


Dynamic libraries:
0x00007ff6c35d0000 - 0x00007ff6c35df000 	C:\Program Files\Java\jdk-11.0.11\bin\javaw.exe
0x00007fff73970000 - 0x00007fff73b65000 	C:\Windows\SYSTEM32\ntdll.dll
0x00007fff733f0000 - 0x00007fff734ad000 	C:\Windows\System32\KERNEL32.DLL
0x00007fff71700000 - 0x00007fff719c9000 	C:\Windows\System32\KERNELBASE.dll
0x00007fff712f0000 - 0x00007fff713f0000 	C:\Windows\System32\ucrtbase.dll
0x00007fff59ae0000 - 0x00007fff59af8000 	C:\Program Files\Java\jdk-11.0.11\bin\jli.dll
0x00007fff59b00000 - 0x00007fff59b15000 	C:\Program Files\Java\jdk-11.0.11\bin\VCRUNTIME140.dll
0x00007fff73220000 - 0x00007fff732cc000 	C:\Windows\System32\ADVAPI32.dll
0x00007fff71a70000 - 0x00007fff71b0e000 	C:\Windows\System32\msvcrt.dll
0x00007fff719d0000 - 0x00007fff71a6b000 	C:\Windows\System32\sechost.dll
0x00007fff736d0000 - 0x00007fff737fa000 	C:\Windows\System32\RPCRT4.dll
0x00007fff71cc0000 - 0x00007fff71e60000 	C:\Windows\System32\USER32.dll
0x00007fff716a0000 - 0x00007fff716c2000 	C:\Windows\System32\win32u.dll
0x00007fff732d0000 - 0x00007fff732fa000 	C:\Windows\System32\GDI32.dll
0x00007fff69c30000 - 0x00007fff69eca000 	C:\Windows\WinSxS\amd64_microsoft.windows.common-controls_6595b64144ccf1df_6.0.19041.1110_none_60b5254171f9507e\COMCTL32.dll
0x00007fff714e0000 - 0x00007fff715eb000 	C:\Windows\System32\gdi32full.dll
0x00007fff713f0000 - 0x00007fff7148d000 	C:\Windows\System32\msvcp_win.dll
0x00007fff6b350000 - 0x00007fff6b35a000 	C:\Windows\SYSTEM32\VERSION.dll
0x00007fff71c90000 - 0x00007fff71cc0000 	C:\Windows\System32\IMM32.DLL
0x00007fff59880000 - 0x00007fff5991b000 	C:\Program Files\Java\jdk-11.0.11\bin\msvcp140.dll
0x00007fff58d10000 - 0x00007fff5980e000 	C:\Program Files\Java\jdk-11.0.11\bin\server\jvm.dll
0x00007fff71f80000 - 0x00007fff71f88000 	C:\Windows\System32\PSAPI.DLL
0x00007fff6a710000 - 0x00007fff6a737000 	C:\Windows\SYSTEM32\WINMM.dll
0x00007fff63810000 - 0x00007fff63819000 	C:\Windows\SYSTEM32\WSOCK32.dll
0x00007fff734b0000 - 0x00007fff7351b000 	C:\Windows\System32\WS2_32.dll
0x00007fff6ef90000 - 0x00007fff6efa2000 	C:\Windows\SYSTEM32\kernel.appcore.dll
0x00007fff5bb90000 - 0x00007fff5bba0000 	C:\Program Files\Java\jdk-11.0.11\bin\verify.dll
0x00007fff621a0000 - 0x00007fff62384000 	C:\Windows\SYSTEM32\DBGHELP.DLL
0x00007fff61820000 - 0x00007fff6184c000 	C:\Windows\SYSTEM32\dbgcore.DLL
0x00007fff71100000 - 0x00007fff71183000 	C:\Windows\System32\bcryptPrimitives.dll
0x00007fff58b90000 - 0x00007fff58bb8000 	C:\Program Files\Java\jdk-11.0.11\bin\java.dll
0x00007fff58a90000 - 0x00007fff58a9a000 	C:\Program Files\Java\jdk-11.0.11\bin\jimage.dll
0x00007fff58860000 - 0x00007fff58876000 	C:\Program Files\Java\jdk-11.0.11\bin\zip.dll
0x00007fff72440000 - 0x00007fff72b7f000 	C:\Windows\System32\SHELL32.dll
0x00007fff6f190000 - 0x00007fff6f920000 	C:\Windows\SYSTEM32\windows.storage.dll
0x00007fff720c0000 - 0x00007fff72415000 	C:\Windows\System32\combase.dll
0x00007fff70a20000 - 0x00007fff70a4c000 	C:\Windows\SYSTEM32\Wldp.dll
0x00007fff71b80000 - 0x00007fff71c2e000 	C:\Windows\System32\SHCORE.dll
0x00007fff73300000 - 0x00007fff73355000 	C:\Windows\System32\shlwapi.dll
0x00007fff70fe0000 - 0x00007fff70fff000 	C:\Windows\SYSTEM32\profapi.dll
0x00007fff572f0000 - 0x00007fff57309000 	C:\Program Files\Java\jdk-11.0.11\bin\net.dll
0x00007fff66c20000 - 0x00007fff66d28000 	C:\Windows\SYSTEM32\WINHTTP.dll
0x00007fff707b0000 - 0x00007fff7081a000 	C:\Windows\system32\mswsock.dll
0x00007fff572d0000 - 0x00007fff572e2000 	C:\Program Files\Java\jdk-11.0.11\bin\nio.dll
0x00007fff704a0000 - 0x00007fff704db000 	C:\Windows\SYSTEM32\IPHLPAPI.DLL
0x00007fff71b10000 - 0x00007fff71b18000 	C:\Windows\System32\NSI.dll
0x00007fff6b480000 - 0x00007fff6b497000 	C:\Windows\SYSTEM32\dhcpcsvc6.DLL
0x00007fff6b460000 - 0x00007fff6b47d000 	C:\Windows\SYSTEM32\dhcpcsvc.DLL
0x00007fff704e0000 - 0x00007fff705ac000 	C:\Windows\SYSTEM32\DNSAPI.dll
0x00007fff65770000 - 0x00007fff6577a000 	C:\Windows\System32\rasadhlp.dll
0x00007fff656a0000 - 0x00007fff6571f000 	C:\Windows\System32\fwpuclnt.dll
0x00007fff716d0000 - 0x00007fff716f7000 	C:\Windows\System32\bcrypt.dll
0x00007fff5bc40000 - 0x00007fff5bc49000 	C:\Program Files\Java\jdk-11.0.11\bin\management.dll
0x00007fff5bc30000 - 0x00007fff5bc3b000 	C:\Program Files\Java\jdk-11.0.11\bin\management_ext.dll
0x00007fff600a0000 - 0x00007fff600b7000 	C:\Windows\system32\napinsp.dll
0x00007fff5faf0000 - 0x00007fff5fb0b000 	C:\Windows\system32\pnrpnsp.dll
0x00007fff5fad0000 - 0x00007fff5fae5000 	C:\Windows\system32\wshbth.dll
0x00007fff6cac0000 - 0x00007fff6cadd000 	C:\Windows\system32\NLAapi.dll
0x00007fff5d2c0000 - 0x00007fff5d2d2000 	C:\Windows\System32\winrnr.dll
0x00007fff56c70000 - 0x00007fff56c95000 	C:\Program Files\Java\jdk-11.0.11\bin\sunec.dll

dbghelp: loaded successfully - version: 4.0.5 - missing functions: none
symbol engine: initialized successfully - sym options: 0x614 - pdb path: .;C:\Program Files\Java\jdk-11.0.11\bin;C:\Windows\SYSTEM32;C:\Windows\WinSxS\amd64_microsoft.windows.common-controls_6595b64144ccf1df_6.0.19041.1110_none_60b5254171f9507e;C:\Program Files\Java\jdk-11.0.11\bin\server

VM Arguments:
jvm_args: -ea -Dfile.encoding=UTF-8 
java_command: org.eclipse.jdt.internal.junit.runner.RemoteTestRunner -version 3 -port 49184 -testLoaderClass org.eclipse.jdt.internal.junit5.runner.JUnit5TestLoader -loaderpluginname org.eclipse.jdt.junit5.runtime -packageNameFile C:\Users\john\AppData\Local\Temp\packageNames7381917616963158371.txt
java_class_path (initial): D:\Programing\Git\Demo Project\OAuth2_JWT_Authentication_Server\target\test-classes;D:\Programing\Git\Demo Project\OAuth2_JWT_Authentication_Server\target\classes;C:\Users\john\.m2\repository\org\springframework\boot\spring-boot-starter-security\2.3.0.RELEASE\spring-boot-starter-security-2.3.0.RELEASE.jar;C:\Users\john\.m2\repository\org\springframework\boot\spring-boot-starter\2.3.0.RELEASE\spring-boot-starter-2.3.0.RELEASE.jar;C:\Users\john\.m2\repository\org\springframework\boot\spring-boot-starter-logging\2.3.0.RELEASE\spring-boot-starter-logging-2.3.0.RELEASE.jar;C:\Users\john\.m2\repository\ch\qos\logback\logback-classic\1.2.3\logback-classic-1.2.3.jar;C:\Users\john\.m2\repository\ch\qos\logback\logback-core\1.2.3\logback-core-1.2.3.jar;C:\Users\john\.m2\repository\org\apache\logging\log4j\log4j-to-slf4j\2.13.2\log4j-to-slf4j-2.13.2.jar;C:\Users\john\.m2\repository\org\apache\logging\log4j\log4j-api\2.13.2\log4j-api-2.13.2.jar;C:\Users\john\.m2\repository\org\slf4j\jul-to-slf4j\1.7.30\jul-to-slf4j-1.7.30.jar;C:\Users\john\.m2\repository\jakarta\annotation\jakarta.annotation-api\1.3.5\jakarta.annotation-api-1.3.5.jar;C:\Users\john\.m2\repository\org\yaml\snakeyaml\1.26\snakeyaml-1.26.jar;C:\Users\john\.m2\repository\org\springframework\spring-aop\5.2.6.RELEASE\spring-aop-5.2.6.RELEASE.jar;C:\Users\john\.m2\repository\org\springframework\security\spring-security-config\5.3.2.RELEASE\spring-security-config-5.3.2.RELEASE.jar;C:\Users\john\.m2\repository\org\springframework\security\spring-security-web\5.3.2.RELEASE\spring-security-web-5.3.2.RELEASE.jar;C:\Users\john\.m2\repository\org\springframework\spring-expression\5.2.6.RELEASE\spring-expression-5.2.6.RELEASE.jar;C:\Users\john\.m2\repository\org\springframework\boot\spring-boot-starter-web\2.3.0.RELEASE\spring-boot-starter-web-2.3.0.RELEASE.jar;C:\Users\john\.m2\repository\org\springframework\boot\spring-boot-starter-json\2.3.0.RELEASE\spring-boot-starter-json-2.3.0.RELEASE.jar;C:\
Launcher Type: SUN_STANDARD

[Global flags]
     intx CICompilerCount                          = 12                                        {product} {ergonomic}
     uint ConcGCThreads                            = 3                                         {product} {ergonomic}
     uint G1ConcRefinementThreads                  = 13                                        {product} {ergonomic}
   size_t G1HeapRegionSize                         = 1048576                                   {product} {ergonomic}
    uintx GCDrainStackTargetSize                   = 64                                        {product} {ergonomic}
   size_t InitialHeapSize                          = 268435456                                 {product} {ergonomic}
   size_t MarkStackSize                            = 4194304                                   {product} {ergonomic}
   size_t MaxHeapSize                              = 4282384384                                {product} {ergonomic}
   size_t MaxNewSize                               = 2569011200                                {product} {ergonomic}
   size_t MinHeapDeltaBytes                        = 1048576                                   {product} {ergonomic}
    uintx NonNMethodCodeHeapSize                   = 7594288                                {pd product} {ergonomic}
    uintx NonProfiledCodeHeapSize                  = 122031976                              {pd product} {ergonomic}
    uintx ProfiledCodeHeapSize                     = 122031976                              {pd product} {ergonomic}
    uintx ReservedCodeCacheSize                    = 251658240                              {pd product} {ergonomic}
     bool SegmentedCodeCache                       = true                                      {product} {ergonomic}
     bool UseCompressedClassPointers               = true                                 {lp64_product} {ergonomic}
     bool UseCompressedOops                        = true                                 {lp64_product} {ergonomic}
     bool UseG1GC                                  = true                                      {product} {ergonomic}
     bool UseLargePagesIndividualAllocation        = false                                  {pd product} {ergonomic}

Logging:
Log output configuration:
 #0: stdout all=warning uptime,level,tags
 #1: stderr all=off uptime,level,tags

Environment Variables:
JAVA_HOME=C:\Program Files\Java\jdk-11.0.11
JRE_HOME=C:\Program Files\Java\jdk11.0.10
PATH=D:/Programing/Programs/sts-4.11.1.RELEASE//plugins/org.eclipse.justj.openjdk.hotspot.jre.full.win32.x86_64_16.0.2.v20210721-1149/jre/bin/server;D:/Programing/Programs/sts-4.11.1.RELEASE//plugins/org.eclipse.justj.openjdk.hotspot.jre.full.win32.x86_64_16.0.2.v20210721-1149/jre/bin;C:\Program Files\Common Files\Oracle\Java\javapath;C:\Program Files\Docker\Docker\Resources\bin;C:\Program Files (x86)\Common Files\Oracle\Java\javapath;C:\Program Files (x86)\NVIDIA Corporation\PhysX\Common;C:\Windows\system32;C:\Windows;C:\Windows\System32\Wbem;C:\Windows\System32\WindowsPowerShell\v1.0\;D:\Programing\Programs\apache-groovy-binary-3.0.0-rc-1\groovy-3.0.0-rc-1\bin;D:\Programing\Programs\gradle-5.6.4\bin;D:\Programing\Programs\sts-4.10.0.RELEASE\bin;D:\Programing\Programs\apache-maven-3.6.3\apache-maven-3.6.3\bin;C:\Program Files\Calibre2\;C:\Program Files (x86)\Windows Kits\10\Windows Performance Toolkit\;C:\Program Files\MongoDB\Server\4.2\bin;C:\Program Files\nodejs;C:\Users\skybo\AppData\Roaming\npm;D:\Programing\Programs\apache-tomcat-8.5.57-windows-x64\apache-tomcat-8.5.57\bin;C:\Program Files\Java\jdk-11.0.11\bin;D:\Programing\Programs\curl\curl-7.76.0-win64-mingw\bin;D:\Programing\Programs\PostgreSQL\bin;C:\Program Files\nodejs\;C:\Users\john\AppData\Roaming\npm\node_modules\@angular\cli\bin;;C:\Program Files\Docker\Docker\resources\bin;C:\ProgramData\DockerDesktop\version-bin;C:\Users\john\AppData\Local\Microsoft\WindowsApps;C:\Users\skybo\AppData\Roaming\npm;C:\Users\skybo\AppData\Local\Programs\Git\cmd;D:\Programing\Programs\Git\cmd;C:\Users\john\AppData\Roaming\npm;D:\Programing\Programs\Microsoft VS Code\bin;D:\Programing\Programs\sts-4.11.1.RELEASE;
USERNAME=john
OS=Windows_NT
PROCESSOR_IDENTIFIER=AMD64 Family 23 Model 1 Stepping 1, AuthenticAMD



---------------  S Y S T E M  ---------------

OS: Windows 10 , 64 bit Build 19041 (10.0.19041.1151)
Hyper-V role detected

CPU:total 16 (initial active 16) (16 cores per cpu, 2 threads per core) family 23 model 1 stepping 1 microcode 0x0, cmov, cx8, fxsr, mmx, sse, sse2, sse3, ssse3, sse4.1, sse4.2, popcnt, avx, avx2, aes, clmul, mmxext, 3dnowpref, lzcnt, sse4a, ht, tsc, tscinvbit, tscinv, bmi1, bmi2, adx, s

Memory: 4k page, system-wide physical 16333M (7272M free)
TotalPageFile size 20429M (AvailPageFile size 6199M)
current process WorkingSet (physical memory assigned to process): 611M, peak: 614M
current process commit charge ("private bytes"): 754M, peak: 782M

vm_info: Java HotSpot(TM) 64-Bit Server VM (11.0.11+9-LTS-194) for windows-amd64 JRE (11.0.11+9-LTS-194), built on Mar 18 2021 18:46:53 by "mach5one" with MS VC++ 15.9 (VS2017)

END.
