#
# A fatal error has been detected by the Java Runtime Environment:
#
#  EXCEPTION_ACCESS_VIOLATION (0xc0000005) at pc=0x00007ff9be3dc146, pid=13976, tid=16848
#
# JRE version: OpenJDK Runtime Environment (15.0.2+7) (build 15.0.2+7-27)
# Java VM: OpenJDK 64-Bit Server VM (15.0.2+7-27, mixed mode, tiered, compressed oops, g1 gc, windows-amd64)
# Problematic frame:
# V  [jvm.dll+0x64c146]
#
# No core dump will be written. Minidumps are not enabled by default on client versions of Windows
#
# If you would like to submit a bug report, please visit:
#   https://bugreport.java.com/bugreport/crash.jsp
#

---------------  S U M M A R Y ------------

Command Line: -Dcom.sun.management.jmxremote -Dcom.sun.management.jmxremote.port=49924 -Dcom.sun.management.jmxremote.authenticate=false -Dcom.sun.management.jmxremote.ssl=false -Djava.rmi.server.hostname=localhost -Dspring.jmx.enabled=true -Dspring.application.admin.enabled=true -XX:TieredStopAtLevel=1 -Dspring.boot.project.name=OAuth2_JWT_Authentication_Server -Dfile.encoding=UTF-8 -XX:+ShowCodeDetailsInExceptionMessages com.OAuth2JwtAuthorizationServerApplication --spring.output.ansi.enabled=always

Host: AMD Ryzen 7 1700X Eight-Core Processor         , 16 cores, 15G,  Windows 10 , 64 bit Build 19041 (10.0.19041.1023)
Time: Thu Aug  5 22:23:04 2021 GTB Summer Time elapsed time: 2.143410 seconds (0d 0h 0m 2s)

---------------  T H R E A D  ---------------

Current thread (0x00000176fa78a530):  JavaThread "C1 CompilerThread0" daemon [_thread_in_vm, id=16848, stack(0x0000000e65300000,0x0000000e65400000)]


Current CompileTask:
C1:   2143 3217   !   1       sun.net.www.protocol.jar.JarURLConnection$JarURLInputStream::close (51 bytes)

Stack: [0x0000000e65300000,0x0000000e65400000],  sp=0x0000000e653feed0,  free space=1019k
Native frames: (J=compiled Java code, j=interpreted, Vv=VM code, C=native code)
V  [jvm.dll+0x64c146]
V  [jvm.dll+0x1f5b5d]
V  [jvm.dll+0x1f953d]
V  [jvm.dll+0x1f72cc]
V  [jvm.dll+0x74495d]
V  [jvm.dll+0x73d75a]
V  [jvm.dll+0x629c56]
C  [ucrtbase.dll+0x21bb2]
C  [KERNEL32.DLL+0x17034]
C  [ntdll.dll+0x52651]


siginfo: EXCEPTION_ACCESS_VIOLATION (0xc0000005), reading address 0xffffffffffffffff


Register to memory mapping:

RIP=0x00007ff9be3dc146 jvm.dll
RAX=0x0 is NULL
RBX=0x00000176da3c21a0 points into unknown readable memory: 0x00000176fa78a530 | 30 a5 78 fa 76 01 00 00
RCX=0x01000176f93cb370 is an unknown value
RDX=0x00000176fa747600 points into unknown readable memory: 0x2f74656e2f6e7573 | 73 75 6e 2f 6e 65 74 2f
RSP=0x0000000e653feed0 is pointing into the stack for thread: 0x00000176fa78a530
RBP=0x0000000e653fef50 is pointing into the stack for thread: 0x00000176fa78a530
RSI=0x0000000e653ff0d0 is pointing into the stack for thread: 0x00000176fa78a530
RDI=0x0000000000000001 is an unknown value
R8 =0x00000176fbb2e390 points into unknown readable memory: 0x00000176fbc64520 | 20 45 c6 fb 76 01 00 00
R9 =0x0000000e653ff090 is pointing into the stack for thread: 0x00000176fa78a530
R10=0x0 is NULL
R11=0x0000000000000246 is an unknown value
R12=0x00000176dee35210 is at entry_point+-464 in (nmethod*)0x00000176dee35210
R13=0x00000176fa747600 points into unknown readable memory: 0x2f74656e2f6e7573 | 73 75 6e 2f 6e 65 74 2f
R14=0x00000176fbb2e390 points into unknown readable memory: 0x00000176fbc64520 | 20 45 c6 fb 76 01 00 00
R15=0x00000000ffffffff is an unknown value


Registers:
RAX=0x0000000000000000, RBX=0x00000176da3c21a0, RCX=0x01000176f93cb370, RDX=0x00000176fa747600
RSP=0x0000000e653feed0, RBP=0x0000000e653fef50, RSI=0x0000000e653ff0d0, RDI=0x0000000000000001
R8 =0x00000176fbb2e390, R9 =0x0000000e653ff090, R10=0x0000000000000000, R11=0x0000000000000246
R12=0x00000176dee35210, R13=0x00000176fa747600, R14=0x00000176fbb2e390, R15=0x00000000ffffffff
RIP=0x00007ff9be3dc146, EFLAGS=0x0000000000010202

Top of Stack: (sp=0x0000000e653feed0)
0x0000000e653feed0:   0000000000000000 00007ff9ff9a24bd
0x0000000e653feee0:   0000000000000000 0000000000000000
0x0000000e653feef0:   00000176da3c21a0 00007ff9bdf85b5d
0x0000000e653fef00:   00000176da3c21a0 0000000e653ff0d0
0x0000000e653fef10:   00000176fa8b1f70 00007ff9be56cc9f
0x0000000e653fef20:   00000176fcde4248 00000176fa78a530
0x0000000e653fef30:   00000000000008a0 00007ff9be613840
0x0000000e653fef40:   0000000000000000 00000176fbb2e390
0x0000000e653fef50:   00000176fa7691d0 00000176fa78a530
0x0000000e653fef60:   0000000000000000 0000000000000000
0x0000000e653fef70:   0000000000000000 00000176fbb2e390
0x0000000e653fef80:   0000000e653ff090 00007ff9bdf8953d
0x0000000e653fef90:   00000176ffffffff 00000176fbb2e390
0x0000000e653fefa0:   00000176fcde4248 0000000000000000
0x0000000e653fefb0:   0000017600000000 0000000000000000
0x0000000e653fefc0:   00007ff9be5fdfe0 0000000e653ff068 

Instructions: (pc=0x00007ff9be3dc146)
0x00007ff9be3dc046:   c7 c0 ff ff ff ff 48 8b c8 90 48 ff c1 80 3c 0f
0x00007ff9be3dc056:   00 75 f7 48 8d 54 24 20 66 90 48 ff c0 80 3c 02
0x00007ff9be3dc066:   00 75 f7 48 83 c0 02 33 d2 48 03 c8 e8 39 67 03
0x00007ff9be3dc076:   00 4c 8d 4c 24 20 4c 8b c7 48 8d 15 ce b2 22 00
0x00007ff9be3dc086:   48 8b c8 48 8b d8 e8 1f 2a ab ff 48 8b c3 48 8b
0x00007ff9be3dc096:   4c 24 48 48 33 cc e8 3f cb 18 00 48 8b 5c 24 70
0x00007ff9be3dc0a6:   48 83 c4 50 5f c3 cc cc cc cc 40 53 48 83 ec 20
0x00007ff9be3dc0b6:   48 8b d9 48 8b 49 38 48 85 c9 74 0c 48 8b 01 ff
0x00007ff9be3dc0c6:   10 48 8b 4b 28 48 89 01 48 83 c4 20 5b c3 cc cc
0x00007ff9be3dc0d6:   cc cc cc cc cc cc cc cc cc cc 40 53 48 83 ec 20
0x00007ff9be3dc0e6:   48 8b 1d 4b b5 44 00 48 85 db 74 08 48 8b cb e8
0x00007ff9be3dc0f6:   f6 0a fb ff 48 8b 0d 77 f7 44 00 48 89 7c 24 30
0x00007ff9be3dc106:   48 85 c9 75 04 33 ff eb 08 e8 2c f0 ff ff 48 8b
0x00007ff9be3dc116:   f8 48 85 db 74 08 48 8b cb e8 ec 0c fb ff 48 8b
0x00007ff9be3dc126:   c7 48 8b 7c 24 30 48 83 c4 20 5b c3 cc cc cc cc
0x00007ff9be3dc136:   cc cc cc cc cc cc cc cc cc cc 40 53 48 83 ec 20
0x00007ff9be3dc146:   4c 63 41 30 48 8d 05 4e 0b 19 00 48 85 d2 48 8b
0x00007ff9be3dc156:   d9 48 8b 49 28 48 0f 44 d0 ff 15 3b f7 18 00 48
0x00007ff9be3dc166:   63 53 30 48 8b 43 28 c6 44 02 ff 00 48 83 c4 20
0x00007ff9be3dc176:   5b c3 cc cc cc cc cc cc cc cc 48 89 4c 24 08 48
0x00007ff9be3dc186:   89 54 24 10 4c 89 44 24 18 4c 89 4c 24 20 48 83
0x00007ff9be3dc196:   ec 28 4c 8b c1 4c 8d 4c 24 38 48 8d 0d 89 f7 44
0x00007ff9be3dc1a6:   00 ba 02 00 00 00 e8 3f 19 ee ff 48 83 c4 28 c3
0x00007ff9be3dc1b6:   cc cc cc cc cc cc cc cc cc cc 40 56 48 83 ec 20
0x00007ff9be3dc1c6:   80 3d 8a 0b 3b 00 00 48 8b f1 75 08 33 c0 48 83
0x00007ff9be3dc1d6:   c4 20 5e c3 48 89 5c 24 30 48 8b 1d 4a b4 44 00
0x00007ff9be3dc1e6:   48 89 7c 24 38 48 85 db 74 08 48 8b cb e8 f8 09
0x00007ff9be3dc1f6:   fb ff 48 8b 3d 11 f7 44 00 48 8d 04 37 48 3b 05
0x00007ff9be3dc206:   fe f6 44 00 72 0e 48 8b 05 0d f7 44 00 01 70 0c
0x00007ff9be3dc216:   33 ff eb 21 48 8b 0d ff f6 44 00 48 89 05 e8 f6
0x00007ff9be3dc226:   44 00 2b 05 d2 f6 44 00 89 41 08 48 8b 0d e8 f6
0x00007ff9be3dc236:   44 00 ff 41 1c 48 85 db 74 08 48 8b cb e8 c8 0b 


Stack slot to memory mapping:
stack at sp + 0 slots: 0x0 is NULL
stack at sp + 1 slots: 0x00007ff9ff9a24bd KERNELBASE.dll
stack at sp + 2 slots: 0x0 is NULL
stack at sp + 3 slots: 0x0 is NULL
stack at sp + 4 slots: 0x00000176da3c21a0 points into unknown readable memory: 0x00000176fa78a530 | 30 a5 78 fa 76 01 00 00
stack at sp + 5 slots: 0x00007ff9bdf85b5d jvm.dll
stack at sp + 6 slots: 0x00000176da3c21a0 points into unknown readable memory: 0x00000176fa78a530 | 30 a5 78 fa 76 01 00 00
stack at sp + 7 slots: 0x0000000e653ff0d0 is pointing into the stack for thread: 0x00000176fa78a530


---------------  P R O C E S S  ---------------

Threads class SMR info:
_java_thread_list=0x00000176fc59e4d0, length=20, elements={
0x00000176da3c55a0, 0x00000176fa765130, 0x00000176fa7449f0, 0x00000176fa7952c0,
0x00000176fa795c80, 0x00000176fa796de0, 0x00000176fa78a530, 0x00000176fa78cb50,
0x00000176f94b9270, 0x00000176faa04a60, 0x00000176fb2cacc0, 0x00000176fb2cc200,
0x00000176fb2dc960, 0x00000176fb2cc9d0, 0x00000176fb37c0b0, 0x00000176fb37e870,
0x00000176fbb30030, 0x00000176fbbd3320, 0x00000176fbf7b890, 0x00000176fc34aa30
}

Java Threads: ( => current thread )
  0x00000176da3c55a0 JavaThread "main" [_thread_blocked, id=6940, stack(0x0000000e64700000,0x0000000e64800000)]
  0x00000176fa765130 JavaThread "Reference Handler" daemon [_thread_blocked, id=12628, stack(0x0000000e64e00000,0x0000000e64f00000)]
  0x00000176fa7449f0 JavaThread "Finalizer" daemon [_thread_blocked, id=4428, stack(0x0000000e64f00000,0x0000000e65000000)]
  0x00000176fa7952c0 JavaThread "Signal Dispatcher" daemon [_thread_blocked, id=10024, stack(0x0000000e65000000,0x0000000e65100000)]
  0x00000176fa795c80 JavaThread "Attach Listener" daemon [_thread_blocked, id=5228, stack(0x0000000e65100000,0x0000000e65200000)]
  0x00000176fa796de0 JavaThread "Service Thread" daemon [_thread_blocked, id=12588, stack(0x0000000e65200000,0x0000000e65300000)]
=>0x00000176fa78a530 JavaThread "C1 CompilerThread0" daemon [_thread_in_vm, id=16848, stack(0x0000000e65300000,0x0000000e65400000)]
  0x00000176fa78cb50 JavaThread "Sweeper thread" daemon [_thread_blocked, id=3032, stack(0x0000000e65400000,0x0000000e65500000)]
  0x00000176f94b9270 JavaThread "Common-Cleaner" daemon [_thread_blocked, id=14488, stack(0x0000000e65500000,0x0000000e65600000)]
  0x00000176faa04a60 JavaThread "Notification Thread" daemon [_thread_blocked, id=16456, stack(0x0000000e65600000,0x0000000e65700000)]
  0x00000176fb2cacc0 JavaThread "RMI TCP Accept-0" daemon [_thread_in_native, id=9612, stack(0x0000000e65700000,0x0000000e65800000)]
  0x00000176fb2cc200 JavaThread "RMI TCP Accept-49924" daemon [_thread_in_native, id=9292, stack(0x0000000e65800000,0x0000000e65900000)]
  0x00000176fb2dc960 JavaThread "RMI TCP Connection(1)-127.0.0.1" daemon [_thread_in_native, id=7312, stack(0x0000000e65900000,0x0000000e65a00000)]
  0x00000176fb2cc9d0 JavaThread "RMI TCP Accept-0" daemon [_thread_in_native, id=16184, stack(0x0000000e65a00000,0x0000000e65b00000)]
  0x00000176fb37c0b0 JavaThread "RMI Scheduler(0)" daemon [_thread_blocked, id=7244, stack(0x0000000e65c00000,0x0000000e65d00000)]
  0x00000176fb37e870 JavaThread "RMI TCP Connection(2)-127.0.0.1" daemon [_thread_in_native, id=12016, stack(0x0000000e65d00000,0x0000000e65e00000)]
  0x00000176fbb30030 JavaThread "JMX server connection timeout 29" daemon [_thread_blocked, id=17184, stack(0x0000000e65e00000,0x0000000e65f00000)]
  0x00000176fbbd3320 JavaThread "Thread-0" [_thread_blocked, id=18348, stack(0x0000000e66400000,0x0000000e66500000)]
  0x00000176fbf7b890 JavaThread "restartedMain" [_thread_in_Java, id=18704, stack(0x0000000e66500000,0x0000000e66600000)]
  0x00000176fc34aa30 JavaThread "Keep-Alive-Timer" daemon [_thread_blocked, id=17848, stack(0x0000000e66b00000,0x0000000e66c00000)]

Other Threads:
  0x00000176f94e7a60 VMThread "VM Thread" [stack: 0x0000000e64d00000,0x0000000e64e00000] [id=13320]
  0x00000176da3c6520 WatcherThread [stack: 0x0000000e65b00000,0x0000000e65c00000] [id=10080]
  0x00000176da418b20 GCTaskThread "GC Thread#0" [stack: 0x0000000e64800000,0x0000000e64900000] [id=13076]
  0x00000176fbbbb180 GCTaskThread "GC Thread#1" [stack: 0x0000000e65f00000,0x0000000e66000000] [id=13736]
  0x00000176fbbbe150 GCTaskThread "GC Thread#2" [stack: 0x0000000e66000000,0x0000000e66100000] [id=15808]
  0x00000176fbbbe480 GCTaskThread "GC Thread#3" [stack: 0x0000000e66100000,0x0000000e66200000] [id=16504]
  0x00000176fbbbae50 GCTaskThread "GC Thread#4" [stack: 0x0000000e66200000,0x0000000e66300000] [id=15832]
  0x00000176fbbbce30 GCTaskThread "GC Thread#5" [stack: 0x0000000e66300000,0x0000000e66400000] [id=6916]
  0x00000176fbbbde20 GCTaskThread "GC Thread#6" [stack: 0x0000000e66700000,0x0000000e66800000] [id=18780]
  0x00000176fbbbb4b0 GCTaskThread "GC Thread#7" [stack: 0x0000000e66800000,0x0000000e66900000] [id=19148]
  0x00000176da46a010 ConcurrentGCThread "G1 Main Marker" [stack: 0x0000000e64900000,0x0000000e64a00000] [id=13468]
  0x00000176da46bb20 ConcurrentGCThread "G1 Conc#0" [stack: 0x0000000e64a00000,0x0000000e64b00000] [id=10736]
  0x00000176fbbbb7e0 ConcurrentGCThread "G1 Conc#1" [stack: 0x0000000e66900000,0x0000000e66a00000] [id=18476]
  0x00000176fbbbe7b0 ConcurrentGCThread "G1 Conc#2" [stack: 0x0000000e66a00000,0x0000000e66b00000] [id=6240]
  0x00000176da47ebd0 ConcurrentGCThread "G1 Refine#0" [stack: 0x0000000e64b00000,0x0000000e64c00000] [id=10116]
  0x00000176f93c6f20 ConcurrentGCThread "G1 Young RemSet Sampling" [stack: 0x0000000e64c00000,0x0000000e64d00000] [id=16992]

Threads with active compile tasks:
C1 CompilerThread0     2201 3217   !   1       sun.net.www.protocol.jar.JarURLConnection$JarURLInputStream::close (51 bytes)

VM state: not at safepoint (normal execution)

VM Mutex/Monitor currently owned by a thread:  ([mutex/lock_event])
[0x00000176da3c21a0] CompileStatistics_lock - owner thread: 0x00000176fa78a530

Heap address: 0x0000000700c00000, size: 4084 MB, Compressed Oops mode: Zero based, Oop shift amount: 3
CDS disabled.
Compressed class space mapped at: 0x0000000800000000-0x0000000840000000, size: 1073741824
Narrow klass base: 0x0000000800000000, Narrow klass shift: 0, Narrow klass range: 0x40000000

GC Precious Log:
 CPUs: 16 total, 16 available
 Memory: 16333M
 Large Page Support: Disabled
 NUMA Support: Disabled
 Compressed Oops: Enabled (Zero based)
 Heap Region Size: 2M
 Heap Min Capacity: 8M
 Heap Initial Capacity: 256M
 Heap Max Capacity: 4084M
 Pre-touch: Disabled
 Parallel Workers: 13
 Concurrent Workers: 3
 Concurrent Refinement Workers: 13
 Periodic GC: Disabled

Heap:
 garbage-first heap   total 155648K, used 92199K [0x0000000700c00000, 0x0000000800000000)
  region size 2048K, 40 young (81920K), 1 survivors (2048K)
 Metaspace       used 32040K, capacity 32466K, committed 32640K, reserved 1077248K
  class space    used 3741K, capacity 3889K, committed 3968K, reserved 1048576K

Heap Regions: E=young(eden), S=young(survivor), O=old, HS=humongous(starts), HC=humongous(continues), CS=collection set, F=free, OA=open archive, CA=closed archive, TAMS=top-at-mark-start (previous, next)
|   0|0x0000000700c00000, 0x0000000700e00000, 0x0000000700e00000|100%| O|  |TAMS 0x0000000700e00000, 0x0000000700c00000| Untracked 
|   1|0x0000000700e00000, 0x0000000701000000, 0x0000000701000000|100%| O|  |TAMS 0x0000000701000000, 0x0000000700e00000| Untracked 
|   2|0x0000000701000000, 0x0000000701200000, 0x0000000701200000|100%| O|  |TAMS 0x0000000701200000, 0x0000000701000000| Untracked 
|   3|0x0000000701200000, 0x00000007012d3a00, 0x0000000701400000| 41%| O|  |TAMS 0x00000007012d3a00, 0x0000000701200000| Untracked 
|   4|0x0000000701400000, 0x0000000701600000, 0x0000000701600000|100%| O|  |TAMS 0x0000000701400000, 0x0000000701400000| Untracked 
|   5|0x0000000701600000, 0x0000000701800000, 0x0000000701800000|100%| O|  |TAMS 0x0000000701600000, 0x0000000701600000| Untracked 
|   6|0x0000000701800000, 0x0000000701976e00, 0x0000000701a00000| 73%| O|  |TAMS 0x0000000701800000, 0x0000000701800000| Untracked 
|   7|0x0000000701a00000, 0x0000000701a00000, 0x0000000701c00000|  0%| F|  |TAMS 0x0000000701a00000, 0x0000000701a00000| Untracked 
|   8|0x0000000701c00000, 0x0000000701c00000, 0x0000000701e00000|  0%| F|  |TAMS 0x0000000701c00000, 0x0000000701c00000| Untracked 
|   9|0x0000000701e00000, 0x0000000701e00000, 0x0000000702000000|  0%| F|  |TAMS 0x0000000701e00000, 0x0000000701e00000| Untracked 
|  10|0x0000000702000000, 0x0000000702000000, 0x0000000702200000|  0%| F|  |TAMS 0x0000000702000000, 0x0000000702000000| Untracked 
|  11|0x0000000702200000, 0x0000000702200000, 0x0000000702400000|  0%| F|  |TAMS 0x0000000702200000, 0x0000000702200000| Untracked 
|  12|0x0000000702400000, 0x0000000702400000, 0x0000000702600000|  0%| F|  |TAMS 0x0000000702400000, 0x0000000702400000| Untracked 
|  13|0x0000000702600000, 0x0000000702600000, 0x0000000702800000|  0%| F|  |TAMS 0x0000000702600000, 0x0000000702600000| Untracked 
|  14|0x0000000702800000, 0x0000000702800000, 0x0000000702a00000|  0%| F|  |TAMS 0x0000000702800000, 0x0000000702800000| Untracked 
|  15|0x0000000702a00000, 0x0000000702bbf6f0, 0x0000000702c00000| 87%| S|CS|TAMS 0x0000000702a00000, 0x0000000702a00000| Complete 
|  16|0x0000000702c00000, 0x0000000702c00000, 0x0000000702e00000|  0%| F|  |TAMS 0x0000000702c00000, 0x0000000702c00000| Untracked 
|  17|0x0000000702e00000, 0x0000000702e00000, 0x0000000703000000|  0%| F|  |TAMS 0x0000000702e00000, 0x0000000702e00000| Untracked 
|  18|0x0000000703000000, 0x0000000703000000, 0x0000000703200000|  0%| F|  |TAMS 0x0000000703000000, 0x0000000703000000| Untracked 
|  19|0x0000000703200000, 0x0000000703200000, 0x0000000703400000|  0%| F|  |TAMS 0x0000000703200000, 0x0000000703200000| Untracked 
|  20|0x0000000703400000, 0x0000000703400000, 0x0000000703600000|  0%| F|  |TAMS 0x0000000703400000, 0x0000000703400000| Untracked 
|  21|0x0000000703600000, 0x0000000703600000, 0x0000000703800000|  0%| F|  |TAMS 0x0000000703600000, 0x0000000703600000| Untracked 
|  22|0x0000000703800000, 0x0000000703800000, 0x0000000703a00000|  0%| F|  |TAMS 0x0000000703800000, 0x0000000703800000| Untracked 
|  23|0x0000000703a00000, 0x0000000703a00000, 0x0000000703c00000|  0%| F|  |TAMS 0x0000000703a00000, 0x0000000703a00000| Untracked 
|  24|0x0000000703c00000, 0x0000000703c00000, 0x0000000703e00000|  0%| F|  |TAMS 0x0000000703c00000, 0x0000000703c00000| Untracked 
|  25|0x0000000703e00000, 0x0000000703e00000, 0x0000000704000000|  0%| F|  |TAMS 0x0000000703e00000, 0x0000000703e00000| Untracked 
|  26|0x0000000704000000, 0x0000000704000000, 0x0000000704200000|  0%| F|  |TAMS 0x0000000704000000, 0x0000000704000000| Untracked 
|  27|0x0000000704200000, 0x0000000704200000, 0x0000000704400000|  0%| F|  |TAMS 0x0000000704200000, 0x0000000704200000| Untracked 
|  28|0x0000000704400000, 0x0000000704400000, 0x0000000704600000|  0%| F|  |TAMS 0x0000000704400000, 0x0000000704400000| Untracked 
|  29|0x0000000704600000, 0x0000000704600000, 0x0000000704800000|  0%| F|  |TAMS 0x0000000704600000, 0x0000000704600000| Untracked 
|  30|0x0000000704800000, 0x0000000704800000, 0x0000000704a00000|  0%| F|  |TAMS 0x0000000704800000, 0x0000000704800000| Untracked 
|  31|0x0000000704a00000, 0x0000000704a00000, 0x0000000704c00000|  0%| F|  |TAMS 0x0000000704a00000, 0x0000000704a00000| Untracked 
|  32|0x0000000704c00000, 0x0000000704c00000, 0x0000000704e00000|  0%| F|  |TAMS 0x0000000704c00000, 0x0000000704c00000| Untracked 
|  33|0x0000000704e00000, 0x0000000704e00000, 0x0000000705000000|  0%| F|  |TAMS 0x0000000704e00000, 0x0000000704e00000| Untracked 
|  34|0x0000000705000000, 0x0000000705000000, 0x0000000705200000|  0%| F|  |TAMS 0x0000000705000000, 0x0000000705000000| Untracked 
|  35|0x0000000705200000, 0x0000000705200000, 0x0000000705400000|  0%| F|  |TAMS 0x0000000705200000, 0x0000000705200000| Untracked 
|  36|0x0000000705400000, 0x0000000705400000, 0x0000000705600000|  0%| F|  |TAMS 0x0000000705400000, 0x0000000705400000| Untracked 
|  37|0x0000000705600000, 0x0000000705700800, 0x0000000705800000| 50%| E|  |TAMS 0x0000000705600000, 0x0000000705600000| Complete 
|  38|0x0000000705800000, 0x0000000705a00000, 0x0000000705a00000|100%| E|CS|TAMS 0x0000000705800000, 0x0000000705800000| Complete 
|  39|0x0000000705a00000, 0x0000000705c00000, 0x0000000705c00000|100%| E|CS|TAMS 0x0000000705a00000, 0x0000000705a00000| Complete 
|  40|0x0000000705c00000, 0x0000000705e00000, 0x0000000705e00000|100%| E|CS|TAMS 0x0000000705c00000, 0x0000000705c00000| Complete 
|  41|0x0000000705e00000, 0x0000000706000000, 0x0000000706000000|100%| E|CS|TAMS 0x0000000705e00000, 0x0000000705e00000| Complete 
|  42|0x0000000706000000, 0x0000000706200000, 0x0000000706200000|100%| E|CS|TAMS 0x0000000706000000, 0x0000000706000000| Complete 
|  43|0x0000000706200000, 0x0000000706400000, 0x0000000706400000|100%| E|CS|TAMS 0x0000000706200000, 0x0000000706200000| Complete 
|  44|0x0000000706400000, 0x0000000706600000, 0x0000000706600000|100%| E|CS|TAMS 0x0000000706400000, 0x0000000706400000| Complete 
|  45|0x0000000706600000, 0x0000000706800000, 0x0000000706800000|100%| E|CS|TAMS 0x0000000706600000, 0x0000000706600000| Complete 
|  46|0x0000000706800000, 0x0000000706a00000, 0x0000000706a00000|100%| E|CS|TAMS 0x0000000706800000, 0x0000000706800000| Complete 
|  47|0x0000000706a00000, 0x0000000706c00000, 0x0000000706c00000|100%| E|CS|TAMS 0x0000000706a00000, 0x0000000706a00000| Complete 
|  48|0x0000000706c00000, 0x0000000706e00000, 0x0000000706e00000|100%| E|CS|TAMS 0x0000000706c00000, 0x0000000706c00000| Complete 
|  49|0x0000000706e00000, 0x0000000707000000, 0x0000000707000000|100%| E|CS|TAMS 0x0000000706e00000, 0x0000000706e00000| Complete 
|  50|0x0000000707000000, 0x0000000707200000, 0x0000000707200000|100%| E|CS|TAMS 0x0000000707000000, 0x0000000707000000| Complete 
|  51|0x0000000707200000, 0x0000000707400000, 0x0000000707400000|100%| E|CS|TAMS 0x0000000707200000, 0x0000000707200000| Complete 
|  52|0x0000000707400000, 0x0000000707600000, 0x0000000707600000|100%| E|CS|TAMS 0x0000000707400000, 0x0000000707400000| Complete 
|  53|0x0000000707600000, 0x0000000707800000, 0x0000000707800000|100%| E|CS|TAMS 0x0000000707600000, 0x0000000707600000| Complete 
|  54|0x0000000707800000, 0x0000000707a00000, 0x0000000707a00000|100%| E|CS|TAMS 0x0000000707800000, 0x0000000707800000| Complete 
|  55|0x0000000707a00000, 0x0000000707c00000, 0x0000000707c00000|100%| E|CS|TAMS 0x0000000707a00000, 0x0000000707a00000| Complete 
|  56|0x0000000707c00000, 0x0000000707e00000, 0x0000000707e00000|100%| E|CS|TAMS 0x0000000707c00000, 0x0000000707c00000| Complete 
|  57|0x0000000707e00000, 0x0000000708000000, 0x0000000708000000|100%| E|CS|TAMS 0x0000000707e00000, 0x0000000707e00000| Complete 
|  58|0x0000000708000000, 0x0000000708200000, 0x0000000708200000|100%| E|CS|TAMS 0x0000000708000000, 0x0000000708000000| Complete 
|  59|0x0000000708200000, 0x0000000708400000, 0x0000000708400000|100%| E|CS|TAMS 0x0000000708200000, 0x0000000708200000| Complete 
|  60|0x0000000708400000, 0x0000000708600000, 0x0000000708600000|100%| E|CS|TAMS 0x0000000708400000, 0x0000000708400000| Complete 
|  61|0x0000000708600000, 0x0000000708800000, 0x0000000708800000|100%| E|CS|TAMS 0x0000000708600000, 0x0000000708600000| Complete 
|  62|0x0000000708800000, 0x0000000708a00000, 0x0000000708a00000|100%| E|CS|TAMS 0x0000000708800000, 0x0000000708800000| Complete 
|  63|0x0000000708a00000, 0x0000000708c00000, 0x0000000708c00000|100%| E|CS|TAMS 0x0000000708a00000, 0x0000000708a00000| Complete 
|  64|0x0000000708c00000, 0x0000000708e00000, 0x0000000708e00000|100%| E|CS|TAMS 0x0000000708c00000, 0x0000000708c00000| Complete 
|  65|0x0000000708e00000, 0x0000000709000000, 0x0000000709000000|100%| E|CS|TAMS 0x0000000708e00000, 0x0000000708e00000| Complete 
|  66|0x0000000709000000, 0x0000000709200000, 0x0000000709200000|100%| E|CS|TAMS 0x0000000709000000, 0x0000000709000000| Complete 
|  67|0x0000000709200000, 0x0000000709400000, 0x0000000709400000|100%| E|CS|TAMS 0x0000000709200000, 0x0000000709200000| Complete 
|  68|0x0000000709400000, 0x0000000709600000, 0x0000000709600000|100%| E|CS|TAMS 0x0000000709400000, 0x0000000709400000| Complete 
|  69|0x0000000709600000, 0x0000000709800000, 0x0000000709800000|100%| E|CS|TAMS 0x0000000709600000, 0x0000000709600000| Complete 
|  70|0x0000000709800000, 0x0000000709a00000, 0x0000000709a00000|100%| E|CS|TAMS 0x0000000709800000, 0x0000000709800000| Complete 
|  71|0x0000000709a00000, 0x0000000709c00000, 0x0000000709c00000|100%| E|CS|TAMS 0x0000000709a00000, 0x0000000709a00000| Complete 
|  72|0x0000000709c00000, 0x0000000709e00000, 0x0000000709e00000|100%| E|CS|TAMS 0x0000000709c00000, 0x0000000709c00000| Complete 
| 115|0x000000070f200000, 0x000000070f400000, 0x000000070f400000|100%| E|CS|TAMS 0x000000070f200000, 0x000000070f200000| Complete 
| 116|0x000000070f400000, 0x000000070f600000, 0x000000070f600000|100%| E|CS|TAMS 0x000000070f400000, 0x000000070f400000| Complete 
| 127|0x0000000710a00000, 0x0000000710c00000, 0x0000000710c00000|100%| E|CS|TAMS 0x0000000710a00000, 0x0000000710a00000| Complete 

Card table byte_map: [0x00000176ede40000,0x00000176ee640000] _byte_map_base: 0x00000176ea63a000

Marking Bits (Prev, Next): (CMBitMap*) 0x00000176da4192e0, (CMBitMap*) 0x00000176da4192a0
 Prev Bits: [0x00000176f2e10000, 0x00000176f6de0000)
 Next Bits: [0x00000176eee40000, 0x00000176f2e10000)

Polling page: 0x00000176d9b80000

Metaspace:

Usage:
  Non-class:     27.91 MB capacity,    27.64 MB (>99%) used,   234.07 KB ( <1%) free+waste,    44.00 KB ( <1%) overhead. 
      Class:      3.80 MB capacity,     3.65 MB ( 96%) used,   130.82 KB (  3%) free+waste,    16.81 KB ( <1%) overhead. 
       Both:     31.71 MB capacity,    31.29 MB ( 99%) used,   364.89 KB (  1%) free+waste,    60.81 KB ( <1%) overhead. 

Virtual space:
  Non-class space:       28.00 MB reserved,      28.00 MB (100%) committed 
      Class space:        1.00 GB reserved,       3.88 MB ( <1%) committed 
             Both:        1.03 GB reserved,      31.88 MB (  3%) committed 

Chunk freelists:
   Non-Class:  31.00 KB
       Class:  15.00 KB
        Both:  46.00 KB

MaxMetaspaceSize: 17179869184.00 GB
CompressedClassSpaceSize: 1.00 GB

CodeHeap 'non-profiled nmethods': size=233856Kb used=4951Kb max_used=4951Kb free=228904Kb
 bounds [0x00000176de960000, 0x00000176dee40000, 0x00000176ecdc0000]
CodeHeap 'non-nmethods': size=11904Kb used=1218Kb max_used=1218Kb free=10686Kb
 bounds [0x00000176dddc0000, 0x00000176de030000, 0x00000176de960000]
 total_blobs=3707 nmethods=3218 adapters=416
 compilation: enabled
              stopped_count=0, restarted_count=0
 full_count=0

Compilation events (20 events):
Event: 2.122 Thread 0x00000176fa78a530 3205       1       org.springframework.boot.context.TypeExcludeFilter::match (66 bytes)
Event: 2.122 Thread 0x00000176fa78a530 nmethod 3205 0x00000176dee30d10 code [0x00000176dee30ee0, 0x00000176dee31168]
Event: 2.122 Thread 0x00000176fa78a530 3206       1       org.springframework.boot.context.TypeExcludeFilter::getDelegates (36 bytes)
Event: 2.122 Thread 0x00000176fa78a530 nmethod 3206 0x00000176dee31310 code [0x00000176dee314c0, 0x00000176dee316b8]
Event: 2.123 Thread 0x00000176fa78a530 3210       1       org.springframework.core.type.classreading.SimpleAnnotationMetadataReadingVisitor::visitInnerClass (81 bytes)
Event: 2.124 Thread 0x00000176fa78a530 nmethod 3210 0x00000176dee31790 code [0x00000176dee319a0, 0x00000176dee31de8]
Event: 2.125 Thread 0x00000176fa78a530 3211   !   1       org.springframework.core.type.classreading.MergedAnnotationReadingVisitor::get (73 bytes)
Event: 2.125 Thread 0x00000176fa78a530 nmethod 3211 0x00000176dee32090 code [0x00000176dee32280, 0x00000176dee32578]
Event: 2.125 Thread 0x00000176fa78a530 3212       1       org.springframework.core.annotation.MergedAnnotationsCollection::isPresent (136 bytes)
Event: 2.125 Thread 0x00000176fa78a530 nmethod 3212 0x00000176dee32810 code [0x00000176dee32a20, 0x00000176dee32e08]
Event: 2.127 Thread 0x00000176fa78a530 3213   !   1       org.springframework.core.io.AbstractFileResolvingResource::isReadable (112 bytes)
Event: 2.127 Thread 0x00000176fa78a530 nmethod 3213 0x00000176dee33190 code [0x00000176dee33460, 0x00000176dee33c18]
Event: 2.127 Thread 0x00000176fa78a530 3214       1       org.springframework.core.io.AbstractFileResolvingResource::customizeConnection (20 bytes)
Event: 2.128 Thread 0x00000176fa78a530 nmethod 3214 0x00000176dee34390 code [0x00000176dee34580, 0x00000176dee34868]
Event: 2.128 Thread 0x00000176fa78a530 3215   !   1       sun.net.www.protocol.jar.JarURLConnection::getContentLengthLong (40 bytes)
Event: 2.128 Thread 0x00000176fa78a530 nmethod 3215 0x00000176dee34a90 code [0x00000176dee34c40, 0x00000176dee34dc8]
Event: 2.130 Thread 0x00000176fa78a530 3216       1       org.springframework.core.annotation.TypeMappedAnnotations::get (8 bytes)
Event: 2.130 Thread 0x00000176fa78a530 nmethod 3216 0x00000176dee34f10 code [0x00000176dee350a0, 0x00000176dee35188]
Event: 2.140 Thread 0x00000176fa78a530 3217   !   1       sun.net.www.protocol.jar.JarURLConnection$JarURLInputStream::close (51 bytes)
Event: 2.140 Thread 0x00000176fa78a530 nmethod 3217 0x00000176dee35210 code [0x00000176dee353e0, 0x00000176dee35608]

GC Heap History (12 events):
Event: 0.532 GC heap before
{Heap before GC invocations=0 (full 0):
 garbage-first heap   total 262144K, used 20480K [0x0000000700c00000, 0x0000000800000000)
  region size 2048K, 11 young (22528K), 0 survivors (0K)
 Metaspace       used 12947K, capacity 13217K, committed 13440K, reserved 1060864K
  class space    used 1317K, capacity 1408K, committed 1408K, reserved 1048576K
}
Event: 0.536 GC heap after
{Heap after GC invocations=1 (full 0):
 garbage-first heap   total 262144K, used 7072K [0x0000000700c00000, 0x0000000800000000)
  region size 2048K, 2 young (4096K), 2 survivors (4096K)
 Metaspace       used 12947K, capacity 13217K, committed 13440K, reserved 1060864K
  class space    used 1317K, capacity 1408K, committed 1408K, reserved 1048576K
}
Event: 0.746 GC heap before
{Heap before GC invocations=1 (full 0):
 garbage-first heap   total 262144K, used 27552K [0x0000000700c00000, 0x0000000800000000)
  region size 2048K, 13 young (26624K), 2 survivors (4096K)
 Metaspace       used 15924K, capacity 16209K, committed 16384K, reserved 1064960K
  class space    used 1657K, capacity 1742K, committed 1792K, reserved 1048576K
}
Event: 0.749 GC heap after
{Heap after GC invocations=2 (full 0):
 garbage-first heap   total 262144K, used 8985K [0x0000000700c00000, 0x0000000800000000)
  region size 2048K, 1 young (2048K), 1 survivors (2048K)
 Metaspace       used 15924K, capacity 16209K, committed 16384K, reserved 1064960K
  class space    used 1657K, capacity 1742K, committed 1792K, reserved 1048576K
}
Event: 0.912 GC heap before
{Heap before GC invocations=2 (full 0):
 garbage-first heap   total 262144K, used 29465K [0x0000000700c00000, 0x0000000800000000)
  region size 2048K, 12 young (24576K), 1 survivors (2048K)
 Metaspace       used 20815K, capacity 21103K, committed 21248K, reserved 1069056K
  class space    used 2196K, capacity 2282K, committed 2304K, reserved 1048576K
}
Event: 0.914 GC heap after
{Heap after GC invocations=3 (full 0):
 garbage-first heap   total 262144K, used 9584K [0x0000000700c00000, 0x0000000800000000)
  region size 2048K, 2 young (4096K), 2 survivors (4096K)
 Metaspace       used 20815K, capacity 21103K, committed 21248K, reserved 1069056K
  class space    used 2196K, capacity 2282K, committed 2304K, reserved 1048576K
}
Event: 1.154 GC heap before
{Heap before GC invocations=4 (full 0):
 garbage-first heap   total 49152K, used 34160K [0x0000000700c00000, 0x0000000800000000)
  region size 2048K, 14 young (28672K), 2 survivors (4096K)
 Metaspace       used 25906K, capacity 26293K, committed 26368K, reserved 1073152K
  class space    used 2971K, capacity 3070K, committed 3072K, reserved 1048576K
}
Event: 1.157 GC heap after
{Heap after GC invocations=5 (full 0):
 garbage-first heap   total 49152K, used 10599K [0x0000000700c00000, 0x0000000800000000)
  region size 2048K, 2 young (4096K), 2 survivors (4096K)
 Metaspace       used 25906K, capacity 26293K, committed 26368K, reserved 1073152K
  class space    used 2971K, capacity 3070K, committed 3072K, reserved 1048576K
}
Event: 1.316 GC heap before
{Heap before GC invocations=5 (full 0):
 garbage-first heap   total 49152K, used 26983K [0x0000000700c00000, 0x0000000800000000)
  region size 2048K, 11 young (22528K), 2 survivors (4096K)
 Metaspace       used 27593K, capacity 27952K, committed 28160K, reserved 1075200K
  class space    used 3187K, capacity 3301K, committed 3328K, reserved 1048576K
}
Event: 1.319 GC heap after
{Heap after GC invocations=6 (full 0):
 garbage-first heap   total 49152K, used 13398K [0x0000000700c00000, 0x0000000800000000)
  region size 2048K, 2 young (4096K), 2 survivors (4096K)
 Metaspace       used 27593K, capacity 27952K, committed 28160K, reserved 1075200K
  class space    used 3187K, capacity 3301K, committed 3328K, reserved 1048576K
}
Event: 1.520 GC heap before
{Heap before GC invocations=6 (full 0):
 garbage-first heap   total 49152K, used 27734K [0x0000000700c00000, 0x0000000800000000)
  region size 2048K, 10 young (20480K), 2 survivors (4096K)
 Metaspace       used 29686K, capacity 30080K, committed 30208K, reserved 1075200K
  class space    used 3430K, capacity 3565K, committed 3584K, reserved 1048576K
}
Event: 1.524 GC heap after
{Heap after GC invocations=7 (full 0):
 garbage-first heap   total 155648K, used 14375K [0x0000000700c00000, 0x0000000800000000)
  region size 2048K, 1 young (2048K), 1 survivors (2048K)
 Metaspace       used 29686K, capacity 30080K, committed 30208K, reserved 1075200K
  class space    used 3430K, capacity 3565K, committed 3584K, reserved 1048576K
}

Deoptimization events (4 events):
Event: 1.437 Thread 0x00000176fbf7b890 DEOPT PACKING pc=0x00000176de9cb5ac sp=0x0000000e665fb5a0
Event: 1.437 Thread 0x00000176fbf7b890 DEOPT UNPACKING pc=0x00000176dde0e23f sp=0x0000000e665faa68 mode 0
Event: 1.562 Thread 0x00000176fbf7b890 DEOPT PACKING pc=0x00000176deae338c sp=0x0000000e665fbcc0
Event: 1.562 Thread 0x00000176fbf7b890 DEOPT UNPACKING pc=0x00000176dde0e23f sp=0x0000000e665fb1e8 mode 0

Classes unloaded (1 events):
Event: 0.918 Thread 0x00000176f94e7a60 Unloading class 0x00000008000cb840 'java/lang/invoke/LambdaForm$MH+0x00000008000cb840'

Classes redefined (0 events):
No events

Internal exceptions (20 events):
Event: 1.165 Thread 0x00000176fbf7b890 Exception <a 'java/lang/ClassNotFoundException'{0x0000000710a29bb0}: org/springframework/context/annotation/ConfigurationClassPostProcessorCustomizer> (0x0000000710a29bb0) 
thrown [./open/src/hotspot/share/classfile/systemDictionary.cpp, line 295]
Event: 1.167 Thread 0x00000176fbf7b890 Exception <a 'java/lang/ClassNotFoundException'{0x0000000710aa27b8}: org/springframework/beans/factory/support/BeanDefinitionRegistryPostProcessorCustomizer> (0x0000000710aa27b8) 
thrown [./open/src/hotspot/share/classfile/systemDictionary.cpp, line 295]
Event: 1.167 Thread 0x00000176fbf7b890 Exception <a 'java/lang/ClassNotFoundException'{0x0000000710aa7f10}: org/springframework/beans/factory/config/BeanFactoryPostProcessorCustomizer> (0x0000000710aa7f10) 
thrown [./open/src/hotspot/share/classfile/systemDictionary.cpp, line 295]
Event: 1.167 Thread 0x00000176fbf7b890 Exception <a 'java/lang/ClassNotFoundException'{0x0000000710aad480}: org/springframework/core/PriorityOrderedCustomizer> (0x0000000710aad480) 
thrown [./open/src/hotspot/share/classfile/systemDictionary.cpp, line 295]
Event: 1.168 Thread 0x00000176fbf7b890 Exception <a 'java/lang/ClassNotFoundException'{0x0000000710ac5078}: org/springframework/core/OrderedCustomizer> (0x0000000710ac5078) 
thrown [./open/src/hotspot/share/classfile/systemDictionary.cpp, line 295]
Event: 1.168 Thread 0x00000176fbf7b890 Exception <a 'java/lang/ClassNotFoundException'{0x0000000710aca440}: org/springframework/context/ResourceLoaderAwareCustomizer> (0x0000000710aca440) 
thrown [./open/src/hotspot/share/classfile/systemDictionary.cpp, line 295]
Event: 1.168 Thread 0x00000176fbf7b890 Exception <a 'java/lang/ClassNotFoundException'{0x0000000710acf908}: org/springframework/beans/factory/AwareCustomizer> (0x0000000710acf908) 
thrown [./open/src/hotspot/share/classfile/systemDictionary.cpp, line 295]
Event: 1.168 Thread 0x00000176fbf7b890 Exception <a 'java/lang/ClassNotFoundException'{0x0000000710ad3ea0}: org/springframework/beans/factory/BeanClassLoaderAwareCustomizer> (0x0000000710ad3ea0) 
thrown [./open/src/hotspot/share/classfile/systemDictionary.cpp, line 295]
Event: 1.169 Thread 0x00000176fbf7b890 Exception <a 'java/lang/ClassNotFoundException'{0x0000000710ad9380}: org/springframework/beans/factory/AwareCustomizer> (0x0000000710ad9380) 
thrown [./open/src/hotspot/share/classfile/systemDictionary.cpp, line 295]
Event: 1.169 Thread 0x00000176fbf7b890 Exception <a 'java/lang/ClassNotFoundException'{0x0000000710add628}: org/springframework/context/EnvironmentAwareCustomizer> (0x0000000710add628) 
thrown [./open/src/hotspot/share/classfile/systemDictionary.cpp, line 295]
Event: 1.169 Thread 0x00000176fbf7b890 Exception <a 'java/lang/ClassNotFoundException'{0x0000000710ae2a58}: org/springframework/beans/factory/AwareCustomizer> (0x0000000710ae2a58) 
thrown [./open/src/hotspot/share/classfile/systemDictionary.cpp, line 295]
Event: 1.212 Thread 0x00000176fbf7b890 Exception <a 'java/lang/NoSuchMethodError'{0x000000070f24a080}: 'void java.lang.invoke.DirectMethodHandle$Holder.invokeInterface(java.lang.Object, java.lang.Object, java.lang.Object, java.lang.Object)'> (0x000000070f24a080) 
thrown [./open/src/hotspot/share/interpreter/linkResolver.cpp, line 782]
Event: 1.295 Thread 0x00000176fbf7b890 Exception <a 'java/lang/NoSuchMethodError'{0x0000000703391c50}: 'void java.lang.invoke.DirectMethodHandle$Holder.invokeInterface(java.lang.Object, java.lang.Object, java.lang.Object)'> (0x0000000703391c50) 
thrown [./open/src/hotspot/share/interpreter/linkResolver.cpp, line 782]
Event: 1.434 Thread 0x00000176fbf7b890 Exception <a 'sun/nio/fs/WindowsException'{0x00000007031d44f8}> (0x00000007031d44f8) 
thrown [./open/src/hotspot/share/prims/jni.cpp, line 578]
Event: 1.515 Thread 0x00000176fbf7b890 Exception <a 'java/lang/NoClassDefFoundError'{0x0000000702dc9400}: javax/validation/ValidationException> (0x0000000702dc9400) 
thrown [./open/src/hotspot/share/classfile/systemDictionary.cpp, line 284]
Event: 1.519 Thread 0x00000176fbf7b890 Exception <a 'java/lang/ClassNotFoundException'{0x0000000702de6418}: java/lang/ObjectCustomizer> (0x0000000702de6418) 
thrown [./open/src/hotspot/share/classfile/systemDictionary.cpp, line 295]
Event: 1.519 Thread 0x00000176fbf7b890 Exception <a 'java/lang/ClassNotFoundException'{0x0000000702dedfc0}: org/springframework/cloud/config/client/ConfigClientPropertiesCustomizer> (0x0000000702dedfc0) 
thrown [./open/src/hotspot/share/classfile/systemDictionary.cpp, line 295]
Event: 1.593 Thread 0x00000176fb37e870 Exception <a 'java/lang/reflect/InvocationTargetException'{0x0000000709c01e18}> (0x0000000709c01e18) 
thrown [./open/src/hotspot/share/runtime/reflection.cpp, line 1157]
Event: 1.595 Thread 0x00000176fbf7b890 Exception <a 'java/lang/NoSuchMethodError'{0x000000070f348300}: 'java.lang.Object java.lang.invoke.DirectMethodHandle$Holder.invokeSpecialIFC(java.lang.Object, java.lang.Object, java.lang.Object, java.lang.Object)'> (0x000000070f348300) 
thrown [./open/src/hotspot/share/interpreter/linkResolver.cpp, line 782]
Event: 2.095 Thread 0x00000176fb37e870 Exception <a 'java/lang/reflect/InvocationTargetException'{0x0000000709c05e60}> (0x0000000709c05e60) 
thrown [./open/src/hotspot/share/runtime/reflection.cpp, line 1157]

Events (20 events):
Event: 1.933 loading class jdk/internal/icu/text/UCharacterIterator
Event: 1.933 loading class jdk/internal/icu/text/UCharacterIterator done
Event: 1.933 loading class jdk/internal/icu/impl/ReplaceableUCharacterIterator
Event: 1.933 loading class jdk/internal/icu/impl/ReplaceableUCharacterIterator done
Event: 1.933 loading class jdk/internal/icu/text/ReplaceableString
Event: 1.933 loading class jdk/internal/icu/text/Replaceable
Event: 1.933 loading class jdk/internal/icu/text/Replaceable done
Event: 1.933 loading class jdk/internal/icu/text/ReplaceableString done
Event: 1.944 loading class java/lang/annotation/Repeatable
Event: 1.944 loading class java/lang/annotation/Repeatable done
Event: 1.959 loading class java/util/regex/Pattern$LazyLoop
Event: 1.959 loading class java/util/regex/Pattern$LazyLoop done
Event: 1.963 loading class java/util/zip/ZipFile$ZipEntryIterator
Event: 1.963 loading class java/util/zip/ZipFile$ZipEntryIterator done
Event: 2.018 Loaded shared library D:\Programing\Programs\sts-4.10.0.RELEASE\plugins\org.eclipse.justj.openjdk.hotspot.jre.full.win32.x86_64_15.0.2.v20210201-0955\jre\bin\nio.dll
Event: 2.065 Loaded shared library D:\Programing\Programs\sts-4.10.0.RELEASE\plugins\org.eclipse.justj.openjdk.hotspot.jre.full.win32.x86_64_15.0.2.v20210201-0955\jre\bin\zip.dll
Event: 2.127 Executing VM operation: ICBufferFull
Event: 2.128 Executing VM operation: ICBufferFull done
Event: 2.128 Executing VM operation: HandshakeAllThreads
Event: 2.128 Executing VM operation: HandshakeAllThreads done


Dynamic libraries:
0x00007ff62e880000 - 0x00007ff62e88d000 	D:\Programing\Programs\sts-4.10.0.RELEASE\plugins\org.eclipse.justj.openjdk.hotspot.jre.full.win32.x86_64_15.0.2.v20210201-0955\jre\bin\javaw.exe
0x00007ffa01df0000 - 0x00007ffa01fe5000 	C:\Windows\SYSTEM32\ntdll.dll
0x00007ffa00650000 - 0x00007ffa0070d000 	C:\Windows\System32\KERNEL32.DLL
0x00007ff9ff940000 - 0x00007ff9ffc09000 	C:\Windows\System32\KERNELBASE.dll
0x00007ff9ff6d0000 - 0x00007ff9ff7d0000 	C:\Windows\System32\ucrtbase.dll
0x00007ff9f0fd0000 - 0x00007ff9f0fe8000 	D:\Programing\Programs\sts-4.10.0.RELEASE\plugins\org.eclipse.justj.openjdk.hotspot.jre.full.win32.x86_64_15.0.2.v20210201-0955\jre\bin\jli.dll
0x00007ff9f0fb0000 - 0x00007ff9f0fc9000 	D:\Programing\Programs\sts-4.10.0.RELEASE\plugins\org.eclipse.justj.openjdk.hotspot.jre.full.win32.x86_64_15.0.2.v20210201-0955\jre\bin\VCRUNTIME140.dll
0x00007ffa00710000 - 0x00007ffa008b0000 	C:\Windows\System32\USER32.dll
0x00007ff9ff7d0000 - 0x00007ff9ff7f2000 	C:\Windows\System32\win32u.dll
0x00007ffa01740000 - 0x00007ffa0176a000 	C:\Windows\System32\GDI32.dll
0x00007ff9f8eb0000 - 0x00007ff9f914a000 	C:\Windows\WinSxS\amd64_microsoft.windows.common-controls_6595b64144ccf1df_6.0.19041.1110_none_60b5254171f9507e\COMCTL32.dll
0x00007ff9ff5c0000 - 0x00007ff9ff6cb000 	C:\Windows\System32\gdi32full.dll
0x00007ffa01800000 - 0x00007ffa0189e000 	C:\Windows\System32\msvcrt.dll
0x00007ff9ffd70000 - 0x00007ff9ffe0d000 	C:\Windows\System32\msvcp_win.dll
0x00007ffa01770000 - 0x00007ffa017a0000 	C:\Windows\System32\IMM32.DLL
0x00007ff9fa500000 - 0x00007ff9fa50c000 	D:\Programing\Programs\sts-4.10.0.RELEASE\plugins\org.eclipse.justj.openjdk.hotspot.jre.full.win32.x86_64_15.0.2.v20210201-0955\jre\bin\vcruntime140_1.dll
0x00007ff9d1ff0000 - 0x00007ff9d2081000 	D:\Programing\Programs\sts-4.10.0.RELEASE\plugins\org.eclipse.justj.openjdk.hotspot.jre.full.win32.x86_64_15.0.2.v20210201-0955\jre\bin\msvcp140.dll
0x00007ff9bdd90000 - 0x00007ff9be8ee000 	D:\Programing\Programs\sts-4.10.0.RELEASE\plugins\org.eclipse.justj.openjdk.hotspot.jre.full.win32.x86_64_15.0.2.v20210201-0955\jre\bin\server\jvm.dll
0x00007ffa01a10000 - 0x00007ffa01abc000 	C:\Windows\System32\ADVAPI32.dll
0x00007ffa01910000 - 0x00007ffa019ab000 	C:\Windows\System32\sechost.dll
0x00007ffa01c80000 - 0x00007ffa01daa000 	C:\Windows\System32\RPCRT4.dll
0x00007ffa01670000 - 0x00007ffa01678000 	C:\Windows\System32\PSAPI.DLL
0x00007ff9f9310000 - 0x00007ff9f9337000 	C:\Windows\SYSTEM32\WINMM.dll
0x00007ff9f9be0000 - 0x00007ff9f9bea000 	C:\Windows\SYSTEM32\VERSION.dll
0x00007ff9f0e30000 - 0x00007ff9f0e39000 	C:\Windows\SYSTEM32\WSOCK32.dll
0x00007ffa018a0000 - 0x00007ffa0190b000 	C:\Windows\System32\WS2_32.dll
0x00007ff9fd440000 - 0x00007ff9fd452000 	C:\Windows\SYSTEM32\kernel.appcore.dll
0x00007ff9fb3a0000 - 0x00007ff9fb3aa000 	D:\Programing\Programs\sts-4.10.0.RELEASE\plugins\org.eclipse.justj.openjdk.hotspot.jre.full.win32.x86_64_15.0.2.v20210201-0955\jre\bin\jimage.dll
0x00007ff9f3300000 - 0x00007ff9f34e4000 	C:\Windows\SYSTEM32\DBGHELP.DLL
0x00007ff9f2ca0000 - 0x00007ff9f2ccc000 	C:\Windows\SYSTEM32\dbgcore.DLL
0x00007ff9ff530000 - 0x00007ff9ff5b3000 	C:\Windows\System32\bcryptPrimitives.dll
0x00007ff9e6600000 - 0x00007ff9e6625000 	D:\Programing\Programs\sts-4.10.0.RELEASE\plugins\org.eclipse.justj.openjdk.hotspot.jre.full.win32.x86_64_15.0.2.v20210201-0955\jre\bin\java.dll
0x00007ff9fb2e0000 - 0x00007ff9fb2f8000 	D:\Programing\Programs\sts-4.10.0.RELEASE\plugins\org.eclipse.justj.openjdk.hotspot.jre.full.win32.x86_64_15.0.2.v20210201-0955\jre\bin\zip.dll
0x00007ff9fff10000 - 0x00007ffa0064f000 	C:\Windows\System32\SHELL32.dll
0x00007ff9fd640000 - 0x00007ff9fddd1000 	C:\Windows\SYSTEM32\windows.storage.dll
0x00007ffa01180000 - 0x00007ffa014d5000 	C:\Windows\System32\combase.dll
0x00007ff9feec0000 - 0x00007ff9feeec000 	C:\Windows\SYSTEM32\Wldp.dll
0x00007ff9ffe60000 - 0x00007ff9fff0e000 	C:\Windows\System32\SHCORE.dll
0x00007ffa019b0000 - 0x00007ffa01a05000 	C:\Windows\System32\shlwapi.dll
0x00007ff9ff470000 - 0x00007ff9ff48f000 	C:\Windows\SYSTEM32\profapi.dll
0x00007ff9fb260000 - 0x00007ff9fb279000 	D:\Programing\Programs\sts-4.10.0.RELEASE\plugins\org.eclipse.justj.openjdk.hotspot.jre.full.win32.x86_64_15.0.2.v20210201-0955\jre\bin\net.dll
0x00007ff9f7010000 - 0x00007ff9f711a000 	C:\Windows\SYSTEM32\WINHTTP.dll
0x00007ff9fec30000 - 0x00007ff9fec9a000 	C:\Windows\system32\mswsock.dll
0x00007ff9e9140000 - 0x00007ff9e9152000 	D:\Programing\Programs\sts-4.10.0.RELEASE\plugins\org.eclipse.justj.openjdk.hotspot.jre.full.win32.x86_64_15.0.2.v20210201-0955\jre\bin\nio.dll
0x00007ff9ee400000 - 0x00007ff9ee409000 	D:\Programing\Programs\sts-4.10.0.RELEASE\plugins\org.eclipse.justj.openjdk.hotspot.jre.full.win32.x86_64_15.0.2.v20210201-0955\jre\bin\management.dll
0x00007ff9e8b40000 - 0x00007ff9e8b4b000 	D:\Programing\Programs\sts-4.10.0.RELEASE\plugins\org.eclipse.justj.openjdk.hotspot.jre.full.win32.x86_64_15.0.2.v20210201-0955\jre\bin\management_ext.dll
0x00007ff9ee330000 - 0x00007ff9ee347000 	C:\Windows\system32\napinsp.dll
0x00007ff9ee310000 - 0x00007ff9ee32b000 	C:\Windows\system32\pnrpnsp.dll
0x00007ff9ee240000 - 0x00007ff9ee255000 	C:\Windows\system32\wshbth.dll
0x00007ff9fb1d0000 - 0x00007ff9fb1ed000 	C:\Windows\system32\NLAapi.dll
0x00007ff9fe940000 - 0x00007ff9fe97b000 	C:\Windows\SYSTEM32\IPHLPAPI.DLL
0x00007ff9fe980000 - 0x00007ff9fea4c000 	C:\Windows\SYSTEM32\DNSAPI.dll
0x00007ffa01730000 - 0x00007ffa01738000 	C:\Windows\System32\NSI.dll
0x00007ff9ee440000 - 0x00007ff9ee452000 	C:\Windows\System32\winrnr.dll
0x00007ff9f5620000 - 0x00007ff9f562a000 	C:\Windows\System32\rasadhlp.dll
0x00007ff9f6b10000 - 0x00007ff9f6b8f000 	C:\Windows\System32\fwpuclnt.dll
0x00007ff9ff860000 - 0x00007ff9ff887000 	C:\Windows\System32\bcrypt.dll
0x00007ff9fef00000 - 0x00007ff9fef18000 	C:\Windows\SYSTEM32\CRYPTSP.dll
0x00007ff9fe590000 - 0x00007ff9fe5c4000 	C:\Windows\system32\rsaenh.dll
0x00007ff9ff3f0000 - 0x00007ff9ff41e000 	C:\Windows\SYSTEM32\USERENV.dll
0x00007ff9fedb0000 - 0x00007ff9fedbc000 	C:\Windows\SYSTEM32\CRYPTBASE.dll
0x00007ff9f9ca0000 - 0x00007ff9f9cb7000 	C:\Windows\SYSTEM32\dhcpcsvc6.DLL
0x00007ff9f9c80000 - 0x00007ff9f9c9d000 	C:\Windows\SYSTEM32\dhcpcsvc.DLL
0x00007ff9fa8e0000 - 0x00007ff9fa8f0000 	D:\Programing\Programs\sts-4.10.0.RELEASE\plugins\org.eclipse.justj.openjdk.hotspot.jre.full.win32.x86_64_15.0.2.v20210201-0955\jre\bin\verify.dll

dbghelp: loaded successfully - version: 4.0.5 - missing functions: none
symbol engine: initialized successfully - sym options: 0x614 - pdb path: .;D:\Programing\Programs\sts-4.10.0.RELEASE\plugins\org.eclipse.justj.openjdk.hotspot.jre.full.win32.x86_64_15.0.2.v20210201-0955\jre\bin;C:\Windows\SYSTEM32;C:\Windows\WinSxS\amd64_microsoft.windows.common-controls_6595b64144ccf1df_6.0.19041.1110_none_60b5254171f9507e;D:\Programing\Programs\sts-4.10.0.RELEASE\plugins\org.eclipse.justj.openjdk.hotspot.jre.full.win32.x86_64_15.0.2.v20210201-0955\jre\bin\server

VM Arguments:
jvm_args: -Dcom.sun.management.jmxremote -Dcom.sun.management.jmxremote.port=49924 -Dcom.sun.management.jmxremote.authenticate=false -Dcom.sun.management.jmxremote.ssl=false -Djava.rmi.server.hostname=localhost -Dspring.jmx.enabled=true -Dspring.application.admin.enabled=true -XX:TieredStopAtLevel=1 -Dspring.boot.project.name=OAuth2_JWT_Authentication_Server -Dfile.encoding=UTF-8 -XX:+ShowCodeDetailsInExceptionMessages 
java_command: com.OAuth2JwtAuthorizationServerApplication --spring.output.ansi.enabled=always
java_class_path (initial): D:\Programing\Git\Demo Project\OAuth2_JWT_Authentication_Server\target\classes;C:\Users\john\.m2\repository\org\springframework\boot\spring-boot-starter-security\2.3.0.RELEASE\spring-boot-starter-security-2.3.0.RELEASE.jar;C:\Users\john\.m2\repository\org\springframework\boot\spring-boot-starter\2.3.0.RELEASE\spring-boot-starter-2.3.0.RELEASE.jar;C:\Users\john\.m2\repository\org\springframework\boot\spring-boot-starter-logging\2.3.0.RELEASE\spring-boot-starter-logging-2.3.0.RELEASE.jar;C:\Users\john\.m2\repository\ch\qos\logback\logback-classic\1.2.3\logback-classic-1.2.3.jar;C:\Users\john\.m2\repository\ch\qos\logback\logback-core\1.2.3\logback-core-1.2.3.jar;C:\Users\john\.m2\repository\org\apache\logging\log4j\log4j-to-slf4j\2.13.2\log4j-to-slf4j-2.13.2.jar;C:\Users\john\.m2\repository\org\apache\logging\log4j\log4j-api\2.13.2\log4j-api-2.13.2.jar;C:\Users\john\.m2\repository\org\slf4j\jul-to-slf4j\1.7.30\jul-to-slf4j-1.7.30.jar;C:\Users\john\.m2\repository\jakarta\annotation\jakarta.annotation-api\1.3.5\jakarta.annotation-api-1.3.5.jar;C:\Users\john\.m2\repository\org\yaml\snakeyaml\1.26\snakeyaml-1.26.jar;C:\Users\john\.m2\repository\org\springframework\spring-aop\5.2.6.RELEASE\spring-aop-5.2.6.RELEASE.jar;C:\Users\john\.m2\repository\org\springframework\security\spring-security-config\5.3.2.RELEASE\spring-security-config-5.3.2.RELEASE.jar;C:\Users\john\.m2\repository\org\springframework\security\spring-security-web\5.3.2.RELEASE\spring-security-web-5.3.2.RELEASE.jar;C:\Users\john\.m2\repository\org\springframework\spring-expression\5.2.6.RELEASE\spring-expression-5.2.6.RELEASE.jar;C:\Users\john\.m2\repository\org\springframework\boot\spring-boot-starter-web\2.3.0.RELEASE\spring-boot-starter-web-2.3.0.RELEASE.jar;C:\Users\john\.m2\repository\org\springframework\boot\spring-boot-starter-json\2.3.0.RELEASE\spring-boot-starter-json-2.3.0.RELEASE.jar;C:\Users\john\.m2\repository\com\fasterxml\jackson\datatype\jackson-datatype-jdk8\2.11.
Launcher Type: SUN_STANDARD

[Global flags]
     intx CICompilerCount                          = 12                                        {product} {ergonomic}
     uint ConcGCThreads                            = 3                                         {product} {ergonomic}
     uint G1ConcRefinementThreads                  = 13                                        {product} {ergonomic}
   size_t G1HeapRegionSize                         = 2097152                                   {product} {ergonomic}
    uintx GCDrainStackTargetSize                   = 64                                        {product} {ergonomic}
   size_t InitialHeapSize                          = 268435456                                 {product} {ergonomic}
     bool ManagementServer                         = true                                      {product} {command line}
   size_t MarkStackSize                            = 4194304                                   {product} {ergonomic}
   size_t MaxHeapSize                              = 4282384384                                {product} {ergonomic}
   size_t MaxNewSize                               = 2569011200                                {product} {ergonomic}
   size_t MinHeapDeltaBytes                        = 2097152                                   {product} {ergonomic}
   size_t MinHeapSize                              = 8388608                                   {product} {ergonomic}
    uintx NonNMethodCodeHeapSize                   = 12163472                               {pd product} {ergonomic}
    uintx NonProfiledCodeHeapSize                  = 239494768                              {pd product} {ergonomic}
    uintx ProfiledCodeHeapSize                     = 0                                      {pd product} {ergonomic}
    uintx ReservedCodeCacheSize                    = 251658240                              {pd product} {ergonomic}
     bool SegmentedCodeCache                       = true                                      {product} {ergonomic}
     bool ShowCodeDetailsInExceptionMessages       = true                                   {manageable} {command line}
   size_t SoftMaxHeapSize                          = 4282384384                             {manageable} {ergonomic}
     intx TieredStopAtLevel                        = 1                                         {product} {command line}
     bool UseCompressedClassPointers               = true                                 {lp64_product} {ergonomic}
     bool UseCompressedOops                        = true                                 {lp64_product} {ergonomic}
     bool UseG1GC                                  = true                                      {product} {ergonomic}
     bool UseLargePagesIndividualAllocation        = false                                  {pd product} {ergonomic}

Logging:
Log output configuration:
 #0: stdout all=warning uptime,level,tags
 #1: stderr all=off uptime,level,tags

Environment Variables:
JAVA_HOME=C:\Program Files\Java\jdk-11.0.11
PATH=D:/Programing/Programs/sts-4.10.0.RELEASE//plugins/org.eclipse.justj.openjdk.hotspot.jre.full.win32.x86_64_15.0.2.v20210201-0955/jre/bin/server;D:/Programing/Programs/sts-4.10.0.RELEASE//plugins/org.eclipse.justj.openjdk.hotspot.jre.full.win32.x86_64_15.0.2.v20210201-0955/jre/bin;C:\Program Files\Common Files\Oracle\Java\javapath;C:\Program Files\Docker\Docker\Resources\bin;C:\Program Files (x86)\Common Files\Oracle\Java\javapath;C:\Program Files (x86)\NVIDIA Corporation\PhysX\Common;C:\Windows\system32;C:\Windows;C:\Windows\System32\Wbem;C:\Windows\System32\WindowsPowerShell\v1.0\;D:\Programing\Programs\apache-groovy-binary-3.0.0-rc-1\groovy-3.0.0-rc-1\bin;D:\Programing\Programs\gradle-5.6.4\bin;D:\Programing\Programs\sts-4.10.0.RELEASE\bin;D:\Programing\Programs\apache-maven-3.6.3\apache-maven-3.6.3\bin;C:\Program Files\Calibre2\;C:\Program Files (x86)\Windows Kits\10\Windows Performance Toolkit\;C:\Program Files\MongoDB\Server\4.2\bin;C:\Program Files\nodejs;C:\Users\skybo\AppData\Roaming\npm;D:\Programing\Programs\apache-tomcat-8.5.57-windows-x64\apache-tomcat-8.5.57\bin;C:\Program Files\Java\jdk-11.0.11\bin;D:\Programing\Programs\curl\curl-7.76.0-win64-mingw\bin;D:\Programing\Programs\PostgreSQL\bin;C:\Program Files\nodejs\;C:\Users\john\AppData\Roaming\npm\node_modules\@angular\cli\bin;;C:\Program Files\Docker\Docker\resources\bin;C:\ProgramData\DockerDesktop\version-bin;C:\Users\john\AppData\Local\Microsoft\WindowsApps;C:\Users\skybo\AppData\Roaming\npm;C:\Users\skybo\AppData\Local\Programs\Git\cmd;D:\Programing\Programs\Git\cmd;C:\Users\john\AppData\Roaming\npm;D:\Programing\Programs\Microsoft VS Code\bin;D:\Programing\Programs\sts-4.10.0.RELEASE;
USERNAME=john
OS=Windows_NT
PROCESSOR_IDENTIFIER=AMD64 Family 23 Model 1 Stepping 1, AuthenticAMD



---------------  S Y S T E M  ---------------

OS:
 Windows 10 , 64 bit Build 19041 (10.0.19041.1023)
OS uptime: 0 days 2:42 hours
HyperV virtualization detected

CPU: total 16 (initial active 16) (16 cores per cpu, 2 threads per core) family 23 model 1 stepping 1 microcode 0x0, cmov, cx8, fxsr, mmx, sse, sse2, sse3, ssse3, sse4.1, sse4.2, popcnt, vzeroupper, avx, avx2, aes, clmul, 3dnowpref, lzcnt, sse4a, ht, tsc, tscinvbit, tscinv, bmi1, bmi2, adx, sha, fma, clflush, clflushopt

Memory: 4k page, system-wide physical 16333M (4527M free)
TotalPageFile size 20429M (AvailPageFile size 4041M)
current process WorkingSet (physical memory assigned to process): 211M, peak: 211M
current process commit charge ("private bytes"): 312M, peak: 379M

vm_info: OpenJDK 64-Bit Server VM (15.0.2+7-27) for windows-amd64 JRE (15.0.2+7-27), built on Dec  7 2020 20:02:38 by "mach5one" with unknown MS VC++:1925

END.
