#
# A fatal error has been detected by the Java Runtime Environment:
#
#  EXCEPTION_ACCESS_VIOLATION (0xc0000005) at pc=0x00007fff58ea5543, pid=1192, tid=10832
#
# JRE version: Java(TM) SE Runtime Environment 18.9 (11.0.11+9) (build 11.0.11+9-LTS-194)
# Java VM: Java HotSpot(TM) 64-Bit Server VM 18.9 (11.0.11+9-LTS-194, mixed mode, tiered, compressed oops, g1 gc, windows-amd64)
# Problematic frame:
# V  [jvm.dll+0x195543]
#
# No core dump will be written. Minidumps are not enabled by default on client versions of Windows
#
# If you would like to submit a bug report, please visit:
#   https://bugreport.java.com/bugreport/crash.jsp
#

---------------  S U M M A R Y ------------

Command Line: -ea -Dfile.encoding=UTF-8 org.eclipse.jdt.internal.junit.runner.RemoteTestRunner -version 3 -port 55408 -testLoaderClass org.eclipse.jdt.internal.junit5.runner.JUnit5TestLoader -loaderpluginname org.eclipse.jdt.junit5.runtime -classNames com.service.UserServiceTests -uniqueId [engine:junit-jupiter]/[class:com.service.UserServiceTests]

Host: AMD Ryzen 7 1700X Eight-Core Processor         , 16 cores, 15G,  Windows 10 , 64 bit Build 19041 (10.0.19041.1151)
Time: Thu Sep  9 22:53:24 2021 GTB Summer Time elapsed time: 4.502141 seconds (0d 0h 0m 4s)

---------------  T H R E A D  ---------------

Current thread (0x000002f5840ea800):  JavaThread "C2 CompilerThread0" daemon [_thread_in_native, id=10832, stack(0x000000f5f9c00000,0x000000f5f9d00000)]


Current CompileTask:
C2:   4502 4108   !   4       org.springframework.core.io.AbstractFileResolvingResource::isReadable (112 bytes)

Stack: [0x000000f5f9c00000,0x000000f5f9d00000],  sp=0x000000f5f9cfb850,  free space=1006k
Native frames: (J=compiled Java code, j=interpreted, Vv=VM code, C=native code)
V  [jvm.dll+0x195543]
V  [jvm.dll+0x1d4b22]
V  [jvm.dll+0x193bb4]
V  [jvm.dll+0x1fd152]
V  [jvm.dll+0x1fc22f]
V  [jvm.dll+0x17f0bc]
V  [jvm.dll+0x20b68c]
V  [jvm.dll+0x20978b]
V  [jvm.dll+0x7152c9]
V  [jvm.dll+0x70dfc4]
V  [jvm.dll+0x6160f6]
C  [ucrtbase.dll+0x21bb2]
C  [KERNEL32.DLL+0x17034]
C  [ntdll.dll+0x52651]


siginfo: EXCEPTION_ACCESS_VIOLATION (0xc0000005), reading address 0x000001ebf39f76b0


Register to memory mapping:

RIP=0x00007fff58ea5543 jvm.dll
RAX=0x000000000000000c is an unknown value
RBX=0x000002f5893efd80 points into unknown readable memory: b0 9b 52 59 ff 7f 00 00
RCX=0x000002f58e286608 points into unknown readable memory: 80 54 52 59 ff 7f 00 00
RDX=0x00000000000000f9 is an unknown value
RSP=0x000000f5f9cfb850 is pointing into the stack for thread: 0x000002f5840ea800
RBP=0x000000f5f9cfbde0 is pointing into the stack for thread: 0x000002f5840ea800
RSI=0x000000f5f9cfbde0 is pointing into the stack for thread: 0x000002f5840ea800
RDI=0x000002f587f8c8e8 points into unknown readable memory: 00 88 4b 59 ff 7f 00 00
R8 =0x000000f5f9cfb870 is pointing into the stack for thread: 0x000002f5840ea800
R9 =0x000002f58e284508 points into unknown readable memory: 00 88 4b 59 ff 7f 00 00
R10=0x000002f5893efe10 points into unknown readable memory: 18 fd 3e 89 f5 02 00 00
R11=0x000002f587f8ca20 points into unknown readable memory: 98 45 28 8e f5 02 00 00
R12=0x0000000000000018 is an unknown value
R13=0x0000000000000003 is an unknown value
R14=0x000002f58e284508 points into unknown readable memory: 00 88 4b 59 ff 7f 00 00
R15=0x0000000000000001 is an unknown value


Registers:
RAX=0x000000000000000c, RBX=0x000002f5893efd80, RCX=0x000002f58e286608, RDX=0x00000000000000f9
RSP=0x000000f5f9cfb850, RBP=0x000000f5f9cfbde0, RSI=0x000000f5f9cfbde0, RDI=0x000002f587f8c8e8
R8 =0x000000f5f9cfb870, R9 =0x000002f58e284508, R10=0x000002f5893efe10, R11=0x000002f587f8ca20
R12=0x0000000000000018, R13=0x0000000000000003, R14=0x000002f58e284508, R15=0x0000000000000001
RIP=0x00007fff58ea5543, EFLAGS=0x0000000000010246

Top of Stack: (sp=0x000000f5f9cfb850)
0x000000f5f9cfb850:   000002f5893efd80 00000000000000f9
0x000000f5f9cfb860:   000002f587f8c8e8 0000000000000000
0x000000f5f9cfb870:   000000f5000000f9 0000000000000000
0x000000f5f9cfb880:   000002f58e284508 0000000000000018
0x000000f5f9cfb890:   000002f587f8c8e8 000000f5f9cfbde0
0x000000f5f9cfb8a0:   000002f5893efd80 000002f58e284490
0x000000f5f9cfb8b0:   0000000000000002 00007fff58ee4b22
0x000000f5f9cfb8c0:   000000f5f9cfbde0 000002f5893efd80
0x000000f5f9cfb8d0:   d8000002f58413b9 000002f58e284508
0x000000f5f9cfb8e0:   000002f587f8c8e8 000000f5f9cfb8f4
0x000000f5f9cfb8f0:   000000fa00000056 0000000400000051
0x000000f5f9cfb900:   0000000000000000 000002f58612dba8
0x000000f5f9cfb910:   0000000000000000 0000000000000000
0x000000f5f9cfb920:   000002f58413b9a0 00000000000003d8
0x000000f5f9cfb930:   000002f58413b990 000002f58413bd78
0x000000f5f9cfb940:   0000000000000000 000000f5f9cfbec8 

Instructions: (pc=0x00007fff58ea5543)
0x00007fff58ea5523:   c6 08 49 83 ec 01 0f 85 c1 fe ff ff 4c 8b 74 24
0x00007fff58ea5533:   30 4c 8b 64 24 38 48 8b 7c 24 40 48 8b 74 24 48
0x00007fff58ea5543:   48 8b ac 24 80 00 00 00 41 8b c7 48 83 c4 50 41
0x00007fff58ea5553:   5f 41 5d 5b c3 cc cc cc cc cc cc cc cc 48 89 5c 


Stack slot to memory mapping:
stack at sp + 0 slots: 0x000002f5893efd80 points into unknown readable memory: b0 9b 52 59 ff 7f 00 00
stack at sp + 1 slots: 0x00000000000000f9 is an unknown value
stack at sp + 2 slots: 0x000002f587f8c8e8 points into unknown readable memory: 00 88 4b 59 ff 7f 00 00
stack at sp + 3 slots: 0x0 is NULL
stack at sp + 4 slots: 0x000000f5000000f9 is an unknown value
stack at sp + 5 slots: 0x0 is NULL
stack at sp + 6 slots: 0x000002f58e284508 points into unknown readable memory: 00 88 4b 59 ff 7f 00 00
stack at sp + 7 slots: 0x0000000000000018 is an unknown value


---------------  P R O C E S S  ---------------

Threads class SMR info:
_java_thread_list=0x000002f58807bbd0, length=20, elements={
0x000002f5df09f000, 0x000002f58408c800, 0x000002f584098000, 0x000002f5840e8800,
0x000002f5840e9800, 0x000002f5840ea800, 0x000002f5840f8800, 0x000002f5840fb800,
0x000002f5843b4000, 0x000002f584231000, 0x000002f5844c6800, 0x000002f5844c5000,
0x000002f5844c5800, 0x000002f5844c7800, 0x000002f584b74800, 0x000002f587ac4000,
0x000002f5844c8000, 0x000002f5844c2800, 0x000002f5844c9000, 0x000002f5844c3000
}

Java Threads: ( => current thread )
  0x000002f5df09f000 JavaThread "main" [_thread_in_Java, id=2252, stack(0x000000f5f9100000,0x000000f5f9200000)]
  0x000002f58408c800 JavaThread "Reference Handler" daemon [_thread_blocked, id=7392, stack(0x000000f5f9800000,0x000000f5f9900000)]
  0x000002f584098000 JavaThread "Finalizer" daemon [_thread_blocked, id=20472, stack(0x000000f5f9900000,0x000000f5f9a00000)]
  0x000002f5840e8800 JavaThread "Signal Dispatcher" daemon [_thread_blocked, id=17732, stack(0x000000f5f9a00000,0x000000f5f9b00000)]
  0x000002f5840e9800 JavaThread "Attach Listener" daemon [_thread_blocked, id=8068, stack(0x000000f5f9b00000,0x000000f5f9c00000)]
=>0x000002f5840ea800 JavaThread "C2 CompilerThread0" daemon [_thread_in_native, id=10832, stack(0x000000f5f9c00000,0x000000f5f9d00000)]
  0x000002f5840f8800 JavaThread "C1 CompilerThread0" daemon [_thread_blocked, id=15732, stack(0x000000f5f9d00000,0x000000f5f9e00000)]
  0x000002f5840fb800 JavaThread "Sweeper thread" daemon [_thread_blocked, id=20656, stack(0x000000f5f9e00000,0x000000f5f9f00000)]
  0x000002f5843b4000 JavaThread "Service Thread" daemon [_thread_blocked, id=18000, stack(0x000000f5f9f00000,0x000000f5fa000000)]
  0x000002f584231000 JavaThread "Common-Cleaner" daemon [_thread_blocked, id=8520, stack(0x000000f5fa100000,0x000000f5fa200000)]
  0x000002f5844c6800 JavaThread "C2 CompilerThread1" daemon [_thread_blocked, id=6048, stack(0x000000f5fa200000,0x000000f5fa300000)]
  0x000002f5844c5000 JavaThread "C1 CompilerThread1" daemon [_thread_blocked, id=8140, stack(0x000000f5fa400000,0x000000f5fa500000)]
  0x000002f5844c5800 JavaThread "C1 CompilerThread2" daemon [_thread_blocked, id=8156, stack(0x000000f5fa500000,0x000000f5fa600000)]
  0x000002f5844c7800 JavaThread "C1 CompilerThread3" daemon [_thread_blocked, id=8456, stack(0x000000f5fa600000,0x000000f5fa700000)]
  0x000002f584b74800 JavaThread "ReaderThread" [_thread_in_native, id=8624, stack(0x000000f5fa800000,0x000000f5fa900000)]
  0x000002f587ac4000 JavaThread "Keep-Alive-Timer" daemon [_thread_blocked, id=3240, stack(0x000000f5fa300000,0x000000f5fa400000)]
  0x000002f5844c8000 JavaThread "C2 CompilerThread2" daemon [_thread_blocked, id=3576, stack(0x000000f5fa700000,0x000000f5fa800000)]
  0x000002f5844c2800 JavaThread "C2 CompilerThread3" daemon [_thread_blocked, id=15696, stack(0x000000f5fae00000,0x000000f5faf00000)]
  0x000002f5844c9000 JavaThread "C2 CompilerThread4" daemon [_thread_blocked, id=9792, stack(0x000000f5fb200000,0x000000f5fb300000)]
  0x000002f5844c3000 JavaThread "C2 CompilerThread5" daemon [_thread_blocked, id=17348, stack(0x000000f5fb300000,0x000000f5fb400000)]

Other Threads:
  0x000002f58408a800 VMThread "VM Thread" [stack: 0x000000f5f9700000,0x000000f5f9800000] [id=18400]
  0x000002f5843b8800 WatcherThread [stack: 0x000000f5fa000000,0x000000f5fa100000] [id=11576]
  0x000002f5df0b4800 GCTaskThread "GC Thread#0" [stack: 0x000000f5f9200000,0x000000f5f9300000] [id=10696]
  0x000002f58502f000 GCTaskThread "GC Thread#1" [stack: 0x000000f5fa900000,0x000000f5faa00000] [id=20476]
  0x000002f585b33800 GCTaskThread "GC Thread#2" [stack: 0x000000f5faa00000,0x000000f5fab00000] [id=1944]
  0x000002f585be4000 GCTaskThread "GC Thread#3" [stack: 0x000000f5fab00000,0x000000f5fac00000] [id=2008]
  0x000002f5857ea800 GCTaskThread "GC Thread#4" [stack: 0x000000f5fac00000,0x000000f5fad00000] [id=18580]
  0x000002f5857eb800 GCTaskThread "GC Thread#5" [stack: 0x000000f5fad00000,0x000000f5fae00000] [id=7044]
  0x000002f5857ef000 GCTaskThread "GC Thread#6" [stack: 0x000000f5fb500000,0x000000f5fb600000] [id=12504]
  0x000002f5df10e800 ConcurrentGCThread "G1 Main Marker" [stack: 0x000000f5f9300000,0x000000f5f9400000] [id=20732]
  0x000002f5df111000 ConcurrentGCThread "G1 Conc#0" [stack: 0x000000f5f9400000,0x000000f5f9500000] [id=9328]
  0x000002f5857f1000 ConcurrentGCThread "G1 Conc#1" [stack: 0x000000f5fb000000,0x000000f5fb100000] [id=9372]
  0x000002f5857ec000 ConcurrentGCThread "G1 Conc#2" [stack: 0x000000f5fb100000,0x000000f5fb200000] [id=20552]
  0x000002f5ff5ca000 ConcurrentGCThread "G1 Refine#0" [stack: 0x000000f5f9500000,0x000000f5f9600000] [id=19832]
  0x000002f5ff5cb000 ConcurrentGCThread "G1 Young RemSet Sampling" [stack: 0x000000f5f9600000,0x000000f5f9700000] [id=15876]

Threads with active compile tasks:
C2 CompilerThread0   4532 4108   !   4       org.springframework.core.io.AbstractFileResolvingResource::isReadable (112 bytes)

VM state:not at safepoint (normal execution)

VM Mutex/Monitor currently owned by a thread: None

Heap address: 0x0000000700c00000, size: 4084 MB, Compressed Oops mode: Zero based, Oop shift amount: 3
Narrow klass base: 0x0000000800000000, Narrow klass shift: 0
Compressed class space size: 1073741824 Address: 0x0000000800000000

Heap:
 garbage-first heap   total 315392K, used 168687K [0x0000000700c00000, 0x0000000800000000)
  region size 1024K, 154 young (157696K), 14 survivors (14336K)
 Metaspace       used 37209K, capacity 38177K, committed 38396K, reserved 1083392K
  class space    used 4459K, capacity 4866K, committed 4992K, reserved 1048576K
Heap Regions: E=young(eden), S=young(survivor), O=old, HS=humongous(starts), HC=humongous(continues), CS=collection set, F=free, A=archive, TAMS=top-at-mark-start (previous, next)
|   0|0x0000000700c00000, 0x0000000700d00000, 0x0000000700d00000|100%| O|  |TAMS 0x0000000700d00000, 0x0000000700c00000| Untracked 
|   1|0x0000000700d00000, 0x0000000700e00000, 0x0000000700e00000|100%| O|  |TAMS 0x0000000700e00000, 0x0000000700d00000| Untracked 
|   2|0x0000000700e00000, 0x0000000700f00000, 0x0000000700f00000|100%| O|  |TAMS 0x0000000700f00000, 0x0000000700e00000| Untracked 
|   3|0x0000000700f00000, 0x0000000701000000, 0x0000000701000000|100%| O|  |TAMS 0x0000000701000000, 0x0000000700f00000| Untracked 
|   4|0x0000000701000000, 0x0000000701100000, 0x0000000701100000|100%| O|  |TAMS 0x0000000701100000, 0x0000000701000000| Untracked 
|   5|0x0000000701100000, 0x0000000701200000, 0x0000000701200000|100%| O|  |TAMS 0x0000000701200000, 0x0000000701100000| Untracked 
|   6|0x0000000701200000, 0x0000000701300000, 0x0000000701300000|100%| O|  |TAMS 0x0000000701300000, 0x0000000701200000| Untracked 
|   7|0x0000000701300000, 0x0000000701400000, 0x0000000701400000|100%| O|  |TAMS 0x0000000701400000, 0x0000000701300000| Untracked 
|   8|0x0000000701400000, 0x0000000701500000, 0x0000000701500000|100%| O|  |TAMS 0x0000000701426400, 0x0000000701400000| Untracked 
|   9|0x0000000701500000, 0x0000000701600000, 0x0000000701600000|100%| O|  |TAMS 0x0000000701500000, 0x0000000701500000| Untracked 
|  10|0x0000000701600000, 0x0000000701700000, 0x0000000701700000|100%| O|  |TAMS 0x0000000701600000, 0x0000000701600000| Untracked 
|  11|0x0000000701700000, 0x0000000701800000, 0x0000000701800000|100%| O|  |TAMS 0x0000000701700000, 0x0000000701700000| Untracked 
|  12|0x0000000701800000, 0x000000070182d200, 0x0000000701900000| 17%| O|  |TAMS 0x0000000701800000, 0x0000000701800000| Untracked 
|  13|0x0000000701900000, 0x0000000701900000, 0x0000000701a00000|  0%| F|  |TAMS 0x0000000701900000, 0x0000000701900000| Untracked 
|  14|0x0000000701a00000, 0x0000000701a00000, 0x0000000701b00000|  0%| F|  |TAMS 0x0000000701a00000, 0x0000000701a00000| Untracked 
|  15|0x0000000701b00000, 0x0000000701b00000, 0x0000000701c00000|  0%| F|  |TAMS 0x0000000701b00000, 0x0000000701b00000| Untracked 
|  16|0x0000000701c00000, 0x0000000701c00000, 0x0000000701d00000|  0%| F|  |TAMS 0x0000000701c00000, 0x0000000701c00000| Untracked 
|  17|0x0000000701d00000, 0x0000000701d00000, 0x0000000701e00000|  0%| F|  |TAMS 0x0000000701d00000, 0x0000000701d00000| Untracked 
|  18|0x0000000701e00000, 0x0000000701e00000, 0x0000000701f00000|  0%| F|  |TAMS 0x0000000701e00000, 0x0000000701e00000| Untracked 
|  19|0x0000000701f00000, 0x0000000701f00000, 0x0000000702000000|  0%| F|  |TAMS 0x0000000701f00000, 0x0000000701f00000| Untracked 
|  20|0x0000000702000000, 0x0000000702000000, 0x0000000702100000|  0%| F|  |TAMS 0x0000000702000000, 0x0000000702000000| Untracked 
|  21|0x0000000702100000, 0x0000000702100000, 0x0000000702200000|  0%| F|  |TAMS 0x0000000702100000, 0x0000000702100000| Untracked 
|  22|0x0000000702200000, 0x0000000702200000, 0x0000000702300000|  0%| F|  |TAMS 0x0000000702200000, 0x0000000702200000| Untracked 
|  23|0x0000000702300000, 0x0000000702300000, 0x0000000702400000|  0%| F|  |TAMS 0x0000000702300000, 0x0000000702300000| Untracked 
|  24|0x0000000702400000, 0x0000000702400000, 0x0000000702500000|  0%| F|  |TAMS 0x0000000702400000, 0x0000000702400000| Untracked 
|  25|0x0000000702500000, 0x0000000702500000, 0x0000000702600000|  0%| F|  |TAMS 0x0000000702500000, 0x0000000702500000| Untracked 
|  26|0x0000000702600000, 0x0000000702600000, 0x0000000702700000|  0%| F|  |TAMS 0x0000000702600000, 0x0000000702600000| Untracked 
|  27|0x0000000702700000, 0x0000000702700000, 0x0000000702800000|  0%| F|  |TAMS 0x0000000702700000, 0x0000000702700000| Untracked 
|  28|0x0000000702800000, 0x0000000702800000, 0x0000000702900000|  0%| F|  |TAMS 0x0000000702800000, 0x0000000702800000| Untracked 
|  29|0x0000000702900000, 0x0000000702900000, 0x0000000702a00000|  0%| F|  |TAMS 0x0000000702900000, 0x0000000702900000| Untracked 
|  30|0x0000000702a00000, 0x0000000702a00000, 0x0000000702b00000|  0%| F|  |TAMS 0x0000000702a00000, 0x0000000702a00000| Untracked 
|  31|0x0000000702b00000, 0x0000000702b00000, 0x0000000702c00000|  0%| F|  |TAMS 0x0000000702b00000, 0x0000000702b00000| Untracked 
|  32|0x0000000702c00000, 0x0000000702c00000, 0x0000000702d00000|  0%| F|  |TAMS 0x0000000702c00000, 0x0000000702c00000| Untracked 
|  33|0x0000000702d00000, 0x0000000702d00000, 0x0000000702e00000|  0%| F|  |TAMS 0x0000000702d00000, 0x0000000702d00000| Untracked 
|  34|0x0000000702e00000, 0x0000000702e00000, 0x0000000702f00000|  0%| F|  |TAMS 0x0000000702e00000, 0x0000000702e00000| Untracked 
|  35|0x0000000702f00000, 0x0000000702f00000, 0x0000000703000000|  0%| F|  |TAMS 0x0000000702f00000, 0x0000000702f00000| Untracked 
|  36|0x0000000703000000, 0x0000000703000000, 0x0000000703100000|  0%| F|  |TAMS 0x0000000703000000, 0x0000000703000000| Untracked 
|  37|0x0000000703100000, 0x0000000703100000, 0x0000000703200000|  0%| F|  |TAMS 0x0000000703100000, 0x0000000703100000| Untracked 
|  38|0x0000000703200000, 0x0000000703200000, 0x0000000703300000|  0%| F|  |TAMS 0x0000000703200000, 0x0000000703200000| Untracked 
|  39|0x0000000703300000, 0x0000000703300000, 0x0000000703400000|  0%| F|  |TAMS 0x0000000703300000, 0x0000000703300000| Untracked 
|  40|0x0000000703400000, 0x0000000703400000, 0x0000000703500000|  0%| F|  |TAMS 0x0000000703400000, 0x0000000703400000| Untracked 
|  41|0x0000000703500000, 0x0000000703500000, 0x0000000703600000|  0%| F|  |TAMS 0x0000000703500000, 0x0000000703500000| Untracked 
|  42|0x0000000703600000, 0x0000000703600000, 0x0000000703700000|  0%| F|  |TAMS 0x0000000703600000, 0x0000000703600000| Untracked 
|  43|0x0000000703700000, 0x0000000703700000, 0x0000000703800000|  0%| F|  |TAMS 0x0000000703700000, 0x0000000703700000| Untracked 
|  44|0x0000000703800000, 0x0000000703800000, 0x0000000703900000|  0%| F|  |TAMS 0x0000000703800000, 0x0000000703800000| Untracked 
|  45|0x0000000703900000, 0x0000000703900000, 0x0000000703a00000|  0%| F|  |TAMS 0x0000000703900000, 0x0000000703900000| Untracked 
|  46|0x0000000703a00000, 0x0000000703a00000, 0x0000000703b00000|  0%| F|  |TAMS 0x0000000703a00000, 0x0000000703a00000| Untracked 
|  47|0x0000000703b00000, 0x0000000703b00000, 0x0000000703c00000|  0%| F|  |TAMS 0x0000000703b00000, 0x0000000703b00000| Untracked 
|  48|0x0000000703c00000, 0x0000000703c00000, 0x0000000703d00000|  0%| F|  |TAMS 0x0000000703c00000, 0x0000000703c00000| Untracked 
|  49|0x0000000703d00000, 0x0000000703d00000, 0x0000000703e00000|  0%| F|  |TAMS 0x0000000703d00000, 0x0000000703d00000| Untracked 
|  50|0x0000000703e00000, 0x0000000703e00000, 0x0000000703f00000|  0%| F|  |TAMS 0x0000000703e00000, 0x0000000703e00000| Untracked 
|  51|0x0000000703f00000, 0x0000000703f00000, 0x0000000704000000|  0%| F|  |TAMS 0x0000000703f00000, 0x0000000703f00000| Untracked 
|  52|0x0000000704000000, 0x0000000704000000, 0x0000000704100000|  0%| F|  |TAMS 0x0000000704000000, 0x0000000704000000| Untracked 
|  53|0x0000000704100000, 0x0000000704100000, 0x0000000704200000|  0%| F|  |TAMS 0x0000000704100000, 0x0000000704100000| Untracked 
|  54|0x0000000704200000, 0x0000000704200000, 0x0000000704300000|  0%| F|  |TAMS 0x0000000704200000, 0x0000000704200000| Untracked 
|  55|0x0000000704300000, 0x0000000704300000, 0x0000000704400000|  0%| F|  |TAMS 0x0000000704300000, 0x0000000704300000| Untracked 
|  56|0x0000000704400000, 0x0000000704400000, 0x0000000704500000|  0%| F|  |TAMS 0x0000000704400000, 0x0000000704400000| Untracked 
|  57|0x0000000704500000, 0x0000000704500000, 0x0000000704600000|  0%| F|  |TAMS 0x0000000704500000, 0x0000000704500000| Untracked 
|  58|0x0000000704600000, 0x0000000704600000, 0x0000000704700000|  0%| F|  |TAMS 0x0000000704600000, 0x0000000704600000| Untracked 
|  59|0x0000000704700000, 0x0000000704700000, 0x0000000704800000|  0%| F|  |TAMS 0x0000000704700000, 0x0000000704700000| Untracked 
|  60|0x0000000704800000, 0x0000000704800000, 0x0000000704900000|  0%| F|  |TAMS 0x0000000704800000, 0x0000000704800000| Untracked 
|  61|0x0000000704900000, 0x0000000704900000, 0x0000000704a00000|  0%| F|  |TAMS 0x0000000704900000, 0x0000000704900000| Untracked 
|  62|0x0000000704a00000, 0x0000000704a00000, 0x0000000704b00000|  0%| F|  |TAMS 0x0000000704a00000, 0x0000000704a00000| Untracked 
|  63|0x0000000704b00000, 0x0000000704b00000, 0x0000000704c00000|  0%| F|  |TAMS 0x0000000704b00000, 0x0000000704b00000| Untracked 
|  64|0x0000000704c00000, 0x0000000704c00000, 0x0000000704d00000|  0%| F|  |TAMS 0x0000000704c00000, 0x0000000704c00000| Untracked 
|  65|0x0000000704d00000, 0x0000000704d00000, 0x0000000704e00000|  0%| F|  |TAMS 0x0000000704d00000, 0x0000000704d00000| Untracked 
|  66|0x0000000704e00000, 0x0000000704e00000, 0x0000000704f00000|  0%| F|  |TAMS 0x0000000704e00000, 0x0000000704e00000| Untracked 
|  67|0x0000000704f00000, 0x0000000704f00000, 0x0000000705000000|  0%| F|  |TAMS 0x0000000704f00000, 0x0000000704f00000| Untracked 
|  68|0x0000000705000000, 0x0000000705000000, 0x0000000705100000|  0%| F|  |TAMS 0x0000000705000000, 0x0000000705000000| Untracked 
|  69|0x0000000705100000, 0x0000000705100000, 0x0000000705200000|  0%| F|  |TAMS 0x0000000705100000, 0x0000000705100000| Untracked 
|  70|0x0000000705200000, 0x0000000705200000, 0x0000000705300000|  0%| F|  |TAMS 0x0000000705200000, 0x0000000705200000| Untracked 
|  71|0x0000000705300000, 0x0000000705300000, 0x0000000705400000|  0%| F|  |TAMS 0x0000000705300000, 0x0000000705300000| Untracked 
|  72|0x0000000705400000, 0x0000000705400000, 0x0000000705500000|  0%| F|  |TAMS 0x0000000705400000, 0x0000000705400000| Untracked 
|  73|0x0000000705500000, 0x0000000705500000, 0x0000000705600000|  0%| F|  |TAMS 0x0000000705500000, 0x0000000705500000| Untracked 
|  74|0x0000000705600000, 0x0000000705600000, 0x0000000705700000|  0%| F|  |TAMS 0x0000000705600000, 0x0000000705600000| Untracked 
|  75|0x0000000705700000, 0x0000000705700000, 0x0000000705800000|  0%| F|  |TAMS 0x0000000705700000, 0x0000000705700000| Untracked 
|  76|0x0000000705800000, 0x0000000705800000, 0x0000000705900000|  0%| F|  |TAMS 0x0000000705800000, 0x0000000705800000| Untracked 
|  77|0x0000000705900000, 0x0000000705900000, 0x0000000705a00000|  0%| F|  |TAMS 0x0000000705900000, 0x0000000705900000| Untracked 
|  78|0x0000000705a00000, 0x0000000705a00000, 0x0000000705b00000|  0%| F|  |TAMS 0x0000000705a00000, 0x0000000705a00000| Untracked 
|  79|0x0000000705b00000, 0x0000000705b00000, 0x0000000705c00000|  0%| F|  |TAMS 0x0000000705b00000, 0x0000000705b00000| Untracked 
|  80|0x0000000705c00000, 0x0000000705c00000, 0x0000000705d00000|  0%| F|  |TAMS 0x0000000705c00000, 0x0000000705c00000| Untracked 
|  81|0x0000000705d00000, 0x0000000705d00000, 0x0000000705e00000|  0%| F|  |TAMS 0x0000000705d00000, 0x0000000705d00000| Untracked 
|  82|0x0000000705e00000, 0x0000000705e00000, 0x0000000705f00000|  0%| F|  |TAMS 0x0000000705e00000, 0x0000000705e00000| Untracked 
|  83|0x0000000705f00000, 0x0000000705f00000, 0x0000000706000000|  0%| F|  |TAMS 0x0000000705f00000, 0x0000000705f00000| Untracked 
|  84|0x0000000706000000, 0x0000000706000000, 0x0000000706100000|  0%| F|  |TAMS 0x0000000706000000, 0x0000000706000000| Untracked 
|  85|0x0000000706100000, 0x0000000706100000, 0x0000000706200000|  0%| F|  |TAMS 0x0000000706100000, 0x0000000706100000| Untracked 
|  86|0x0000000706200000, 0x0000000706200000, 0x0000000706300000|  0%| F|  |TAMS 0x0000000706200000, 0x0000000706200000| Untracked 
|  87|0x0000000706300000, 0x0000000706300000, 0x0000000706400000|  0%| F|  |TAMS 0x0000000706300000, 0x0000000706300000| Untracked 
|  88|0x0000000706400000, 0x0000000706400000, 0x0000000706500000|  0%| F|  |TAMS 0x0000000706400000, 0x0000000706400000| Untracked 
|  89|0x0000000706500000, 0x0000000706500000, 0x0000000706600000|  0%| F|  |TAMS 0x0000000706500000, 0x0000000706500000| Untracked 
|  90|0x0000000706600000, 0x0000000706600000, 0x0000000706700000|  0%| F|  |TAMS 0x0000000706600000, 0x0000000706600000| Untracked 
|  91|0x0000000706700000, 0x0000000706700000, 0x0000000706800000|  0%| F|  |TAMS 0x0000000706700000, 0x0000000706700000| Untracked 
|  92|0x0000000706800000, 0x0000000706800000, 0x0000000706900000|  0%| F|  |TAMS 0x0000000706800000, 0x0000000706800000| Untracked 
|  93|0x0000000706900000, 0x0000000706900000, 0x0000000706a00000|  0%| F|  |TAMS 0x0000000706900000, 0x0000000706900000| Untracked 
|  94|0x0000000706a00000, 0x0000000706a00000, 0x0000000706b00000|  0%| F|  |TAMS 0x0000000706a00000, 0x0000000706a00000| Untracked 
|  95|0x0000000706b00000, 0x0000000706b00000, 0x0000000706c00000|  0%| F|  |TAMS 0x0000000706b00000, 0x0000000706b00000| Untracked 
|  96|0x0000000706c00000, 0x0000000706c00000, 0x0000000706d00000|  0%| F|  |TAMS 0x0000000706c00000, 0x0000000706c00000| Untracked 
|  97|0x0000000706d00000, 0x0000000706d00000, 0x0000000706e00000|  0%| F|  |TAMS 0x0000000706d00000, 0x0000000706d00000| Untracked 
|  98|0x0000000706e00000, 0x0000000706e00000, 0x0000000706f00000|  0%| F|  |TAMS 0x0000000706e00000, 0x0000000706e00000| Untracked 
|  99|0x0000000706f00000, 0x0000000706f00000, 0x0000000707000000|  0%| F|  |TAMS 0x0000000706f00000, 0x0000000706f00000| Untracked 
| 100|0x0000000707000000, 0x0000000707000000, 0x0000000707100000|  0%| F|  |TAMS 0x0000000707000000, 0x0000000707000000| Untracked 
| 101|0x0000000707100000, 0x0000000707100000, 0x0000000707200000|  0%| F|  |TAMS 0x0000000707100000, 0x0000000707100000| Untracked 
| 102|0x0000000707200000, 0x0000000707200000, 0x0000000707300000|  0%| F|  |TAMS 0x0000000707200000, 0x0000000707200000| Untracked 
| 103|0x0000000707300000, 0x0000000707300000, 0x0000000707400000|  0%| F|  |TAMS 0x0000000707300000, 0x0000000707300000| Untracked 
| 104|0x0000000707400000, 0x0000000707400000, 0x0000000707500000|  0%| F|  |TAMS 0x0000000707400000, 0x0000000707400000| Untracked 
| 105|0x0000000707500000, 0x0000000707500000, 0x0000000707600000|  0%| F|  |TAMS 0x0000000707500000, 0x0000000707500000| Untracked 
| 106|0x0000000707600000, 0x0000000707600000, 0x0000000707700000|  0%| F|  |TAMS 0x0000000707600000, 0x0000000707600000| Untracked 
| 107|0x0000000707700000, 0x0000000707700000, 0x0000000707800000|  0%| F|  |TAMS 0x0000000707700000, 0x0000000707700000| Untracked 
| 108|0x0000000707800000, 0x0000000707800000, 0x0000000707900000|  0%| F|  |TAMS 0x0000000707800000, 0x0000000707800000| Untracked 
| 109|0x0000000707900000, 0x0000000707900000, 0x0000000707a00000|  0%| F|  |TAMS 0x0000000707900000, 0x0000000707900000| Untracked 
| 110|0x0000000707a00000, 0x0000000707a00000, 0x0000000707b00000|  0%| F|  |TAMS 0x0000000707a00000, 0x0000000707a00000| Untracked 
| 111|0x0000000707b00000, 0x0000000707b00000, 0x0000000707c00000|  0%| F|  |TAMS 0x0000000707b00000, 0x0000000707b00000| Untracked 
| 112|0x0000000707c00000, 0x0000000707c00000, 0x0000000707d00000|  0%| F|  |TAMS 0x0000000707c00000, 0x0000000707c00000| Untracked 
| 113|0x0000000707d00000, 0x0000000707d00000, 0x0000000707e00000|  0%| F|  |TAMS 0x0000000707d00000, 0x0000000707d00000| Untracked 
| 114|0x0000000707e00000, 0x0000000707e00000, 0x0000000707f00000|  0%| F|  |TAMS 0x0000000707e00000, 0x0000000707e00000| Untracked 
| 115|0x0000000707f00000, 0x0000000707f00000, 0x0000000708000000|  0%| F|  |TAMS 0x0000000707f00000, 0x0000000707f00000| Untracked 
| 116|0x0000000708000000, 0x0000000708000000, 0x0000000708100000|  0%| F|  |TAMS 0x0000000708000000, 0x0000000708000000| Untracked 
| 117|0x0000000708100000, 0x0000000708100000, 0x0000000708200000|  0%| F|  |TAMS 0x0000000708100000, 0x0000000708100000| Untracked 
| 118|0x0000000708200000, 0x0000000708200000, 0x0000000708300000|  0%| F|  |TAMS 0x0000000708200000, 0x0000000708200000| Untracked 
| 119|0x0000000708300000, 0x0000000708300000, 0x0000000708400000|  0%| F|  |TAMS 0x0000000708300000, 0x0000000708300000| Untracked 
| 120|0x0000000708400000, 0x0000000708400000, 0x0000000708500000|  0%| F|  |TAMS 0x0000000708400000, 0x0000000708400000| Untracked 
| 121|0x0000000708500000, 0x0000000708500000, 0x0000000708600000|  0%| F|  |TAMS 0x0000000708500000, 0x0000000708500000| Untracked 
| 122|0x0000000708600000, 0x0000000708600000, 0x0000000708700000|  0%| F|  |TAMS 0x0000000708600000, 0x0000000708600000| Untracked 
| 123|0x0000000708700000, 0x0000000708700000, 0x0000000708800000|  0%| F|  |TAMS 0x0000000708700000, 0x0000000708700000| Untracked 
| 124|0x0000000708800000, 0x0000000708800000, 0x0000000708900000|  0%| F|  |TAMS 0x0000000708800000, 0x0000000708800000| Untracked 
| 125|0x0000000708900000, 0x0000000708900000, 0x0000000708a00000|  0%| F|  |TAMS 0x0000000708900000, 0x0000000708900000| Untracked 
| 126|0x0000000708a00000, 0x0000000708a00000, 0x0000000708b00000|  0%| F|  |TAMS 0x0000000708a00000, 0x0000000708a00000| Untracked 
| 127|0x0000000708b00000, 0x0000000708b00000, 0x0000000708c00000|  0%| F|  |TAMS 0x0000000708b00000, 0x0000000708b00000| Untracked 
| 128|0x0000000708c00000, 0x0000000708c00000, 0x0000000708d00000|  0%| F|  |TAMS 0x0000000708c00000, 0x0000000708c00000| Untracked 
| 129|0x0000000708d00000, 0x0000000708d00000, 0x0000000708e00000|  0%| F|  |TAMS 0x0000000708d00000, 0x0000000708d00000| Untracked 
| 130|0x0000000708e00000, 0x0000000708e00000, 0x0000000708f00000|  0%| F|  |TAMS 0x0000000708e00000, 0x0000000708e00000| Untracked 
| 131|0x0000000708f00000, 0x0000000708f00000, 0x0000000709000000|  0%| F|  |TAMS 0x0000000708f00000, 0x0000000708f00000| Untracked 
| 132|0x0000000709000000, 0x0000000709000000, 0x0000000709100000|  0%| F|  |TAMS 0x0000000709000000, 0x0000000709000000| Untracked 
| 133|0x0000000709100000, 0x0000000709100000, 0x0000000709200000|  0%| F|  |TAMS 0x0000000709100000, 0x0000000709100000| Untracked 
| 134|0x0000000709200000, 0x0000000709200000, 0x0000000709300000|  0%| F|  |TAMS 0x0000000709200000, 0x0000000709200000| Untracked 
| 135|0x0000000709300000, 0x0000000709300000, 0x0000000709400000|  0%| F|  |TAMS 0x0000000709300000, 0x0000000709300000| Untracked 
| 136|0x0000000709400000, 0x0000000709400000, 0x0000000709500000|  0%| F|  |TAMS 0x0000000709400000, 0x0000000709400000| Untracked 
| 137|0x0000000709500000, 0x0000000709500000, 0x0000000709600000|  0%| F|  |TAMS 0x0000000709500000, 0x0000000709500000| Untracked 
| 138|0x0000000709600000, 0x0000000709600000, 0x0000000709700000|  0%| F|  |TAMS 0x0000000709600000, 0x0000000709600000| Untracked 
| 139|0x0000000709700000, 0x0000000709700000, 0x0000000709800000|  0%| F|  |TAMS 0x0000000709700000, 0x0000000709700000| Untracked 
| 140|0x0000000709800000, 0x0000000709800000, 0x0000000709900000|  0%| F|  |TAMS 0x0000000709800000, 0x0000000709800000| Untracked 
| 141|0x0000000709900000, 0x0000000709900000, 0x0000000709a00000|  0%| F|  |TAMS 0x0000000709900000, 0x0000000709900000| Untracked 
| 142|0x0000000709a00000, 0x0000000709a00000, 0x0000000709b00000|  0%| F|  |TAMS 0x0000000709a00000, 0x0000000709a00000| Untracked 
| 143|0x0000000709b00000, 0x0000000709b00000, 0x0000000709c00000|  0%| F|  |TAMS 0x0000000709b00000, 0x0000000709b00000| Untracked 
| 144|0x0000000709c00000, 0x0000000709c8ec00, 0x0000000709d00000| 55%| S|CS|TAMS 0x0000000709c00000, 0x0000000709c00000| Complete 
| 145|0x0000000709d00000, 0x0000000709e00000, 0x0000000709e00000|100%| S|CS|TAMS 0x0000000709d00000, 0x0000000709d00000| Complete 
| 146|0x0000000709e00000, 0x0000000709f00000, 0x0000000709f00000|100%| S|CS|TAMS 0x0000000709e00000, 0x0000000709e00000| Complete 
| 147|0x0000000709f00000, 0x000000070a000000, 0x000000070a000000|100%| S|CS|TAMS 0x0000000709f00000, 0x0000000709f00000| Complete 
| 148|0x000000070a000000, 0x000000070a100000, 0x000000070a100000|100%| S|CS|TAMS 0x000000070a000000, 0x000000070a000000| Complete 
| 149|0x000000070a100000, 0x000000070a200000, 0x000000070a200000|100%| S|CS|TAMS 0x000000070a100000, 0x000000070a100000| Complete 
| 150|0x000000070a200000, 0x000000070a300000, 0x000000070a300000|100%| S|CS|TAMS 0x000000070a200000, 0x000000070a200000| Complete 
| 151|0x000000070a300000, 0x000000070a400000, 0x000000070a400000|100%| S|CS|TAMS 0x000000070a300000, 0x000000070a300000| Complete 
| 152|0x000000070a400000, 0x000000070a500000, 0x000000070a500000|100%| S|CS|TAMS 0x000000070a400000, 0x000000070a400000| Complete 
| 153|0x000000070a500000, 0x000000070a600000, 0x000000070a600000|100%| S|CS|TAMS 0x000000070a500000, 0x000000070a500000| Complete 
| 154|0x000000070a600000, 0x000000070a700000, 0x000000070a700000|100%| S|CS|TAMS 0x000000070a600000, 0x000000070a600000| Complete 
| 155|0x000000070a700000, 0x000000070a800000, 0x000000070a800000|100%| S|CS|TAMS 0x000000070a700000, 0x000000070a700000| Complete 
| 156|0x000000070a800000, 0x000000070a900000, 0x000000070a900000|100%| S|CS|TAMS 0x000000070a800000, 0x000000070a800000| Complete 
| 157|0x000000070a900000, 0x000000070aa00000, 0x000000070aa00000|100%| S|CS|TAMS 0x000000070a900000, 0x000000070a900000| Complete 
| 158|0x000000070aa00000, 0x000000070aa00000, 0x000000070ab00000|  0%| F|  |TAMS 0x000000070aa00000, 0x000000070aa00000| Untracked 
| 159|0x000000070ab00000, 0x000000070ab00000, 0x000000070ac00000|  0%| F|  |TAMS 0x000000070ab00000, 0x000000070ab00000| Untracked 
| 160|0x000000070ac00000, 0x000000070ac00000, 0x000000070ad00000|  0%| F|  |TAMS 0x000000070ac00000, 0x000000070ac00000| Untracked 
| 161|0x000000070ad00000, 0x000000070ad00000, 0x000000070ae00000|  0%| F|  |TAMS 0x000000070ad00000, 0x000000070ad00000| Untracked 
| 162|0x000000070ae00000, 0x000000070ae00000, 0x000000070af00000|  0%| F|  |TAMS 0x000000070ae00000, 0x000000070ae00000| Untracked 
| 163|0x000000070af00000, 0x000000070af00000, 0x000000070b000000|  0%| F|  |TAMS 0x000000070af00000, 0x000000070af00000| Untracked 
| 164|0x000000070b000000, 0x000000070b000000, 0x000000070b100000|  0%| F|  |TAMS 0x000000070b000000, 0x000000070b000000| Untracked 
| 165|0x000000070b100000, 0x000000070b100000, 0x000000070b200000|  0%| F|  |TAMS 0x000000070b100000, 0x000000070b100000| Untracked 
| 166|0x000000070b200000, 0x000000070b200000, 0x000000070b300000|  0%| F|  |TAMS 0x000000070b200000, 0x000000070b200000| Untracked 
| 167|0x000000070b300000, 0x000000070b388010, 0x000000070b400000| 53%| E|  |TAMS 0x000000070b300000, 0x000000070b300000| Complete 
| 168|0x000000070b400000, 0x000000070b500000, 0x000000070b500000|100%| E|CS|TAMS 0x000000070b400000, 0x000000070b400000| Complete 
| 169|0x000000070b500000, 0x000000070b600000, 0x000000070b600000|100%| E|CS|TAMS 0x000000070b500000, 0x000000070b500000| Complete 
| 170|0x000000070b600000, 0x000000070b700000, 0x000000070b700000|100%| E|CS|TAMS 0x000000070b600000, 0x000000070b600000| Complete 
| 171|0x000000070b700000, 0x000000070b800000, 0x000000070b800000|100%| E|CS|TAMS 0x000000070b700000, 0x000000070b700000| Complete 
| 172|0x000000070b800000, 0x000000070b900000, 0x000000070b900000|100%| E|CS|TAMS 0x000000070b800000, 0x000000070b800000| Complete 
| 173|0x000000070b900000, 0x000000070ba00000, 0x000000070ba00000|100%| E|CS|TAMS 0x000000070b900000, 0x000000070b900000| Complete 
| 174|0x000000070ba00000, 0x000000070bb00000, 0x000000070bb00000|100%| E|CS|TAMS 0x000000070ba00000, 0x000000070ba00000| Complete 
| 175|0x000000070bb00000, 0x000000070bc00000, 0x000000070bc00000|100%| E|CS|TAMS 0x000000070bb00000, 0x000000070bb00000| Complete 
| 176|0x000000070bc00000, 0x000000070bd00000, 0x000000070bd00000|100%| E|CS|TAMS 0x000000070bc00000, 0x000000070bc00000| Complete 
| 177|0x000000070bd00000, 0x000000070be00000, 0x000000070be00000|100%| E|CS|TAMS 0x000000070bd00000, 0x000000070bd00000| Complete 
| 178|0x000000070be00000, 0x000000070bf00000, 0x000000070bf00000|100%| E|CS|TAMS 0x000000070be00000, 0x000000070be00000| Complete 
| 179|0x000000070bf00000, 0x000000070c000000, 0x000000070c000000|100%| E|CS|TAMS 0x000000070bf00000, 0x000000070bf00000| Complete 
| 180|0x000000070c000000, 0x000000070c100000, 0x000000070c100000|100%| E|CS|TAMS 0x000000070c000000, 0x000000070c000000| Complete 
| 181|0x000000070c100000, 0x000000070c200000, 0x000000070c200000|100%| E|CS|TAMS 0x000000070c100000, 0x000000070c100000| Complete 
| 182|0x000000070c200000, 0x000000070c300000, 0x000000070c300000|100%| E|CS|TAMS 0x000000070c200000, 0x000000070c200000| Complete 
| 183|0x000000070c300000, 0x000000070c400000, 0x000000070c400000|100%| E|CS|TAMS 0x000000070c300000, 0x000000070c300000| Complete 
| 184|0x000000070c400000, 0x000000070c500000, 0x000000070c500000|100%| E|CS|TAMS 0x000000070c400000, 0x000000070c400000| Complete 
| 185|0x000000070c500000, 0x000000070c600000, 0x000000070c600000|100%| E|CS|TAMS 0x000000070c500000, 0x000000070c500000| Complete 
| 186|0x000000070c600000, 0x000000070c700000, 0x000000070c700000|100%| E|CS|TAMS 0x000000070c600000, 0x000000070c600000| Complete 
| 187|0x000000070c700000, 0x000000070c800000, 0x000000070c800000|100%| E|CS|TAMS 0x000000070c700000, 0x000000070c700000| Complete 
| 188|0x000000070c800000, 0x000000070c900000, 0x000000070c900000|100%| E|CS|TAMS 0x000000070c800000, 0x000000070c800000| Complete 
| 189|0x000000070c900000, 0x000000070ca00000, 0x000000070ca00000|100%| E|CS|TAMS 0x000000070c900000, 0x000000070c900000| Complete 
| 190|0x000000070ca00000, 0x000000070cb00000, 0x000000070cb00000|100%| E|CS|TAMS 0x000000070ca00000, 0x000000070ca00000| Complete 
| 191|0x000000070cb00000, 0x000000070cc00000, 0x000000070cc00000|100%| E|CS|TAMS 0x000000070cb00000, 0x000000070cb00000| Complete 
| 192|0x000000070cc00000, 0x000000070cd00000, 0x000000070cd00000|100%| E|CS|TAMS 0x000000070cc00000, 0x000000070cc00000| Complete 
| 193|0x000000070cd00000, 0x000000070ce00000, 0x000000070ce00000|100%| E|CS|TAMS 0x000000070cd00000, 0x000000070cd00000| Complete 
| 194|0x000000070ce00000, 0x000000070cf00000, 0x000000070cf00000|100%| E|CS|TAMS 0x000000070ce00000, 0x000000070ce00000| Complete 
| 195|0x000000070cf00000, 0x000000070d000000, 0x000000070d000000|100%| E|CS|TAMS 0x000000070cf00000, 0x000000070cf00000| Complete 
| 196|0x000000070d000000, 0x000000070d100000, 0x000000070d100000|100%| E|CS|TAMS 0x000000070d000000, 0x000000070d000000| Complete 
| 197|0x000000070d100000, 0x000000070d200000, 0x000000070d200000|100%| E|CS|TAMS 0x000000070d100000, 0x000000070d100000| Complete 
| 198|0x000000070d200000, 0x000000070d300000, 0x000000070d300000|100%| E|CS|TAMS 0x000000070d200000, 0x000000070d200000| Complete 
| 199|0x000000070d300000, 0x000000070d400000, 0x000000070d400000|100%| E|CS|TAMS 0x000000070d300000, 0x000000070d300000| Complete 
| 200|0x000000070d400000, 0x000000070d500000, 0x000000070d500000|100%| E|CS|TAMS 0x000000070d400000, 0x000000070d400000| Complete 
| 201|0x000000070d500000, 0x000000070d600000, 0x000000070d600000|100%| E|CS|TAMS 0x000000070d500000, 0x000000070d500000| Complete 
| 202|0x000000070d600000, 0x000000070d700000, 0x000000070d700000|100%| E|CS|TAMS 0x000000070d600000, 0x000000070d600000| Complete 
| 203|0x000000070d700000, 0x000000070d800000, 0x000000070d800000|100%| E|CS|TAMS 0x000000070d700000, 0x000000070d700000| Complete 
| 204|0x000000070d800000, 0x000000070d900000, 0x000000070d900000|100%| E|CS|TAMS 0x000000070d800000, 0x000000070d800000| Complete 
| 205|0x000000070d900000, 0x000000070da00000, 0x000000070da00000|100%| E|CS|TAMS 0x000000070d900000, 0x000000070d900000| Complete 
| 206|0x000000070da00000, 0x000000070db00000, 0x000000070db00000|100%| E|CS|TAMS 0x000000070da00000, 0x000000070da00000| Complete 
| 207|0x000000070db00000, 0x000000070dc00000, 0x000000070dc00000|100%| E|CS|TAMS 0x000000070db00000, 0x000000070db00000| Complete 
| 208|0x000000070dc00000, 0x000000070dd00000, 0x000000070dd00000|100%| E|CS|TAMS 0x000000070dc00000, 0x000000070dc00000| Complete 
| 209|0x000000070dd00000, 0x000000070de00000, 0x000000070de00000|100%| E|CS|TAMS 0x000000070dd00000, 0x000000070dd00000| Complete 
| 210|0x000000070de00000, 0x000000070df00000, 0x000000070df00000|100%| E|CS|TAMS 0x000000070de00000, 0x000000070de00000| Complete 
| 211|0x000000070df00000, 0x000000070e000000, 0x000000070e000000|100%| E|CS|TAMS 0x000000070df00000, 0x000000070df00000| Complete 
| 212|0x000000070e000000, 0x000000070e100000, 0x000000070e100000|100%| E|CS|TAMS 0x000000070e000000, 0x000000070e000000| Complete 
| 213|0x000000070e100000, 0x000000070e200000, 0x000000070e200000|100%| E|CS|TAMS 0x000000070e100000, 0x000000070e100000| Complete 
| 214|0x000000070e200000, 0x000000070e300000, 0x000000070e300000|100%| E|CS|TAMS 0x000000070e200000, 0x000000070e200000| Complete 
| 215|0x000000070e300000, 0x000000070e400000, 0x000000070e400000|100%| E|CS|TAMS 0x000000070e300000, 0x000000070e300000| Complete 
| 216|0x000000070e400000, 0x000000070e500000, 0x000000070e500000|100%| E|CS|TAMS 0x000000070e400000, 0x000000070e400000| Complete 
| 217|0x000000070e500000, 0x000000070e600000, 0x000000070e600000|100%| E|CS|TAMS 0x000000070e500000, 0x000000070e500000| Complete 
| 218|0x000000070e600000, 0x000000070e700000, 0x000000070e700000|100%| E|CS|TAMS 0x000000070e600000, 0x000000070e600000| Complete 
| 219|0x000000070e700000, 0x000000070e800000, 0x000000070e800000|100%| E|CS|TAMS 0x000000070e700000, 0x000000070e700000| Complete 
| 220|0x000000070e800000, 0x000000070e900000, 0x000000070e900000|100%| E|CS|TAMS 0x000000070e800000, 0x000000070e800000| Complete 
| 221|0x000000070e900000, 0x000000070ea00000, 0x000000070ea00000|100%| E|CS|TAMS 0x000000070e900000, 0x000000070e900000| Complete 
| 222|0x000000070ea00000, 0x000000070eb00000, 0x000000070eb00000|100%| E|CS|TAMS 0x000000070ea00000, 0x000000070ea00000| Complete 
| 223|0x000000070eb00000, 0x000000070ec00000, 0x000000070ec00000|100%| E|CS|TAMS 0x000000070eb00000, 0x000000070eb00000| Complete 
| 224|0x000000070ec00000, 0x000000070ed00000, 0x000000070ed00000|100%| E|CS|TAMS 0x000000070ec00000, 0x000000070ec00000| Complete 
| 225|0x000000070ed00000, 0x000000070ee00000, 0x000000070ee00000|100%| E|CS|TAMS 0x000000070ed00000, 0x000000070ed00000| Complete 
| 226|0x000000070ee00000, 0x000000070ef00000, 0x000000070ef00000|100%| E|CS|TAMS 0x000000070ee00000, 0x000000070ee00000| Complete 
| 227|0x000000070ef00000, 0x000000070f000000, 0x000000070f000000|100%| E|CS|TAMS 0x000000070ef00000, 0x000000070ef00000| Complete 
| 228|0x000000070f000000, 0x000000070f100000, 0x000000070f100000|100%| E|CS|TAMS 0x000000070f000000, 0x000000070f000000| Complete 
| 229|0x000000070f100000, 0x000000070f200000, 0x000000070f200000|100%| E|CS|TAMS 0x000000070f100000, 0x000000070f100000| Complete 
| 230|0x000000070f200000, 0x000000070f300000, 0x000000070f300000|100%| E|CS|TAMS 0x000000070f200000, 0x000000070f200000| Complete 
| 231|0x000000070f300000, 0x000000070f400000, 0x000000070f400000|100%| E|CS|TAMS 0x000000070f300000, 0x000000070f300000| Complete 
| 232|0x000000070f400000, 0x000000070f500000, 0x000000070f500000|100%| E|CS|TAMS 0x000000070f400000, 0x000000070f400000| Complete 
| 233|0x000000070f500000, 0x000000070f600000, 0x000000070f600000|100%| E|CS|TAMS 0x000000070f500000, 0x000000070f500000| Complete 
| 234|0x000000070f600000, 0x000000070f700000, 0x000000070f700000|100%| E|CS|TAMS 0x000000070f600000, 0x000000070f600000| Complete 
| 235|0x000000070f700000, 0x000000070f800000, 0x000000070f800000|100%| E|CS|TAMS 0x000000070f700000, 0x000000070f700000| Complete 
| 236|0x000000070f800000, 0x000000070f900000, 0x000000070f900000|100%| E|CS|TAMS 0x000000070f800000, 0x000000070f800000| Complete 
| 237|0x000000070f900000, 0x000000070fa00000, 0x000000070fa00000|100%| E|CS|TAMS 0x000000070f900000, 0x000000070f900000| Complete 
| 238|0x000000070fa00000, 0x000000070fb00000, 0x000000070fb00000|100%| E|CS|TAMS 0x000000070fa00000, 0x000000070fa00000| Complete 
| 239|0x000000070fb00000, 0x000000070fc00000, 0x000000070fc00000|100%| E|CS|TAMS 0x000000070fb00000, 0x000000070fb00000| Complete 
| 240|0x000000070fc00000, 0x000000070fd00000, 0x000000070fd00000|100%| E|CS|TAMS 0x000000070fc00000, 0x000000070fc00000| Complete 
| 241|0x000000070fd00000, 0x000000070fe00000, 0x000000070fe00000|100%| E|CS|TAMS 0x000000070fd00000, 0x000000070fd00000| Complete 
| 242|0x000000070fe00000, 0x000000070ff00000, 0x000000070ff00000|100%| E|CS|TAMS 0x000000070fe00000, 0x000000070fe00000| Complete 
| 243|0x000000070ff00000, 0x0000000710000000, 0x0000000710000000|100%| E|CS|TAMS 0x000000070ff00000, 0x000000070ff00000| Complete 
| 244|0x0000000710000000, 0x0000000710100000, 0x0000000710100000|100%| E|CS|TAMS 0x0000000710000000, 0x0000000710000000| Complete 
| 245|0x0000000710100000, 0x0000000710200000, 0x0000000710200000|100%| E|CS|TAMS 0x0000000710100000, 0x0000000710100000| Complete 
| 246|0x0000000710200000, 0x0000000710300000, 0x0000000710300000|100%| E|CS|TAMS 0x0000000710200000, 0x0000000710200000| Complete 
| 247|0x0000000710300000, 0x0000000710400000, 0x0000000710400000|100%| E|CS|TAMS 0x0000000710300000, 0x0000000710300000| Complete 
| 248|0x0000000710400000, 0x0000000710500000, 0x0000000710500000|100%| E|CS|TAMS 0x0000000710400000, 0x0000000710400000| Complete 
| 249|0x0000000710500000, 0x0000000710600000, 0x0000000710600000|100%| E|CS|TAMS 0x0000000710500000, 0x0000000710500000| Complete 
| 250|0x0000000710600000, 0x0000000710700000, 0x0000000710700000|100%| E|CS|TAMS 0x0000000710600000, 0x0000000710600000| Complete 
| 251|0x0000000710700000, 0x0000000710800000, 0x0000000710800000|100%| E|CS|TAMS 0x0000000710700000, 0x0000000710700000| Complete 
| 252|0x0000000710800000, 0x0000000710900000, 0x0000000710900000|100%| E|CS|TAMS 0x0000000710800000, 0x0000000710800000| Complete 
| 253|0x0000000710900000, 0x0000000710a00000, 0x0000000710a00000|100%| E|CS|TAMS 0x0000000710900000, 0x0000000710900000| Complete 
| 254|0x0000000710a00000, 0x0000000710b00000, 0x0000000710b00000|100%| E|CS|TAMS 0x0000000710a00000, 0x0000000710a00000| Complete 
| 255|0x0000000710b00000, 0x0000000710c00000, 0x0000000710c00000|100%| E|CS|TAMS 0x0000000710b00000, 0x0000000710b00000| Complete 
| 256|0x0000000710c00000, 0x0000000710d00000, 0x0000000710d00000|100%| E|CS|TAMS 0x0000000710c00000, 0x0000000710c00000| Complete 
| 257|0x0000000710d00000, 0x0000000710e00000, 0x0000000710e00000|100%| E|CS|TAMS 0x0000000710d00000, 0x0000000710d00000| Complete 
| 258|0x0000000710e00000, 0x0000000710f00000, 0x0000000710f00000|100%| E|CS|TAMS 0x0000000710e00000, 0x0000000710e00000| Complete 
| 259|0x0000000710f00000, 0x0000000711000000, 0x0000000711000000|100%| E|CS|TAMS 0x0000000710f00000, 0x0000000710f00000| Complete 
| 260|0x0000000711000000, 0x0000000711100000, 0x0000000711100000|100%| E|CS|TAMS 0x0000000711000000, 0x0000000711000000| Complete 
| 261|0x0000000711100000, 0x0000000711200000, 0x0000000711200000|100%| E|CS|TAMS 0x0000000711100000, 0x0000000711100000| Complete 
| 262|0x0000000711200000, 0x0000000711300000, 0x0000000711300000|100%| E|CS|TAMS 0x0000000711200000, 0x0000000711200000| Complete 
| 263|0x0000000711300000, 0x0000000711400000, 0x0000000711400000|100%| E|CS|TAMS 0x0000000711300000, 0x0000000711300000| Complete 
| 264|0x0000000711400000, 0x0000000711500000, 0x0000000711500000|100%| E|CS|TAMS 0x0000000711400000, 0x0000000711400000| Complete 
| 265|0x0000000711500000, 0x0000000711600000, 0x0000000711600000|100%| E|CS|TAMS 0x0000000711500000, 0x0000000711500000| Complete 
| 266|0x0000000711600000, 0x0000000711700000, 0x0000000711700000|100%| E|CS|TAMS 0x0000000711600000, 0x0000000711600000| Complete 
| 267|0x0000000711700000, 0x0000000711800000, 0x0000000711800000|100%| E|CS|TAMS 0x0000000711700000, 0x0000000711700000| Complete 
| 268|0x0000000711800000, 0x0000000711900000, 0x0000000711900000|100%| E|CS|TAMS 0x0000000711800000, 0x0000000711800000| Complete 
| 269|0x0000000711900000, 0x0000000711a00000, 0x0000000711a00000|100%| E|CS|TAMS 0x0000000711900000, 0x0000000711900000| Complete 
| 270|0x0000000711a00000, 0x0000000711b00000, 0x0000000711b00000|100%| E|CS|TAMS 0x0000000711a00000, 0x0000000711a00000| Complete 
| 271|0x0000000711b00000, 0x0000000711c00000, 0x0000000711c00000|100%| E|CS|TAMS 0x0000000711b00000, 0x0000000711b00000| Complete 
| 272|0x0000000711c00000, 0x0000000711d00000, 0x0000000711d00000|100%| E|CS|TAMS 0x0000000711c00000, 0x0000000711c00000| Complete 
| 273|0x0000000711d00000, 0x0000000711e00000, 0x0000000711e00000|100%| E|CS|TAMS 0x0000000711d00000, 0x0000000711d00000| Complete 
| 274|0x0000000711e00000, 0x0000000711f00000, 0x0000000711f00000|100%| E|CS|TAMS 0x0000000711e00000, 0x0000000711e00000| Complete 
| 275|0x0000000711f00000, 0x0000000712000000, 0x0000000712000000|100%| E|CS|TAMS 0x0000000711f00000, 0x0000000711f00000| Complete 
| 276|0x0000000712000000, 0x0000000712100000, 0x0000000712100000|100%| E|CS|TAMS 0x0000000712000000, 0x0000000712000000| Complete 
| 277|0x0000000712100000, 0x0000000712200000, 0x0000000712200000|100%| E|CS|TAMS 0x0000000712100000, 0x0000000712100000| Complete 
| 278|0x0000000712200000, 0x0000000712300000, 0x0000000712300000|100%| E|CS|TAMS 0x0000000712200000, 0x0000000712200000| Complete 
| 279|0x0000000712300000, 0x0000000712400000, 0x0000000712400000|100%| E|CS|TAMS 0x0000000712300000, 0x0000000712300000| Complete 
| 280|0x0000000712400000, 0x0000000712500000, 0x0000000712500000|100%| E|CS|TAMS 0x0000000712400000, 0x0000000712400000| Complete 
| 281|0x0000000712500000, 0x0000000712600000, 0x0000000712600000|100%| E|CS|TAMS 0x0000000712500000, 0x0000000712500000| Complete 
| 282|0x0000000712600000, 0x0000000712700000, 0x0000000712700000|100%| E|CS|TAMS 0x0000000712600000, 0x0000000712600000| Complete 
| 283|0x0000000712700000, 0x0000000712800000, 0x0000000712800000|100%| E|CS|TAMS 0x0000000712700000, 0x0000000712700000| Complete 
| 284|0x0000000712800000, 0x0000000712900000, 0x0000000712900000|100%| E|CS|TAMS 0x0000000712800000, 0x0000000712800000| Complete 
| 285|0x0000000712900000, 0x0000000712a00000, 0x0000000712a00000|100%| E|CS|TAMS 0x0000000712900000, 0x0000000712900000| Complete 
| 286|0x0000000712a00000, 0x0000000712b00000, 0x0000000712b00000|100%| E|CS|TAMS 0x0000000712a00000, 0x0000000712a00000| Complete 
| 287|0x0000000712b00000, 0x0000000712c00000, 0x0000000712c00000|100%| E|CS|TAMS 0x0000000712b00000, 0x0000000712b00000| Complete 
| 288|0x0000000712c00000, 0x0000000712d00000, 0x0000000712d00000|100%| E|CS|TAMS 0x0000000712c00000, 0x0000000712c00000| Complete 
| 289|0x0000000712d00000, 0x0000000712e00000, 0x0000000712e00000|100%| E|CS|TAMS 0x0000000712d00000, 0x0000000712d00000| Complete 
| 290|0x0000000712e00000, 0x0000000712f00000, 0x0000000712f00000|100%| E|CS|TAMS 0x0000000712e00000, 0x0000000712e00000| Complete 
| 291|0x0000000712f00000, 0x0000000713000000, 0x0000000713000000|100%| E|CS|TAMS 0x0000000712f00000, 0x0000000712f00000| Complete 
| 292|0x0000000713000000, 0x0000000713100000, 0x0000000713100000|100%| E|CS|TAMS 0x0000000713000000, 0x0000000713000000| Complete 
| 293|0x0000000713100000, 0x0000000713200000, 0x0000000713200000|100%| E|CS|TAMS 0x0000000713100000, 0x0000000713100000| Complete 
| 294|0x0000000713200000, 0x0000000713300000, 0x0000000713300000|100%| E|CS|TAMS 0x0000000713200000, 0x0000000713200000| Complete 
| 295|0x0000000713300000, 0x0000000713400000, 0x0000000713400000|100%| E|CS|TAMS 0x0000000713300000, 0x0000000713300000| Complete 
| 296|0x0000000713400000, 0x0000000713500000, 0x0000000713500000|100%| E|CS|TAMS 0x0000000713400000, 0x0000000713400000| Complete 
| 297|0x0000000713500000, 0x0000000713600000, 0x0000000713600000|100%| E|CS|TAMS 0x0000000713500000, 0x0000000713500000| Complete 
| 298|0x0000000713600000, 0x0000000713700000, 0x0000000713700000|100%| E|CS|TAMS 0x0000000713600000, 0x0000000713600000| Complete 
| 299|0x0000000713700000, 0x0000000713800000, 0x0000000713800000|100%| E|CS|TAMS 0x0000000713700000, 0x0000000713700000| Complete 
| 300|0x0000000713800000, 0x0000000713900000, 0x0000000713900000|100%| E|CS|TAMS 0x0000000713800000, 0x0000000713800000| Complete 
| 301|0x0000000713900000, 0x0000000713a00000, 0x0000000713a00000|100%| E|CS|TAMS 0x0000000713900000, 0x0000000713900000| Complete 
| 302|0x0000000713a00000, 0x0000000713b00000, 0x0000000713b00000|100%| E|CS|TAMS 0x0000000713a00000, 0x0000000713a00000| Complete 
| 303|0x0000000713b00000, 0x0000000713c00000, 0x0000000713c00000|100%| E|CS|TAMS 0x0000000713b00000, 0x0000000713b00000| Complete 
| 304|0x0000000713c00000, 0x0000000713d00000, 0x0000000713d00000|100%| E|CS|TAMS 0x0000000713c00000, 0x0000000713c00000| Complete 
| 305|0x0000000713d00000, 0x0000000713e00000, 0x0000000713e00000|100%| E|CS|TAMS 0x0000000713d00000, 0x0000000713d00000| Complete 
| 306|0x0000000713e00000, 0x0000000713f00000, 0x0000000713f00000|100%| E|CS|TAMS 0x0000000713e00000, 0x0000000713e00000| Complete 
| 307|0x0000000713f00000, 0x0000000714000000, 0x0000000714000000|100%| E|CS|TAMS 0x0000000713f00000, 0x0000000713f00000| Complete 

Card table byte_map: [0x000002f5f75a0000,0x000002f5f7da0000] _byte_map_base: 0x000002f5f3d9a000

Marking Bits (Prev, Next): (CMBitMap*) 0x000002f5df0fe068, (CMBitMap*) 0x000002f5df0fe0a0
 Prev Bits: [0x000002f5f85a0000, 0x000002f5fc570000)
 Next Bits: [0x000002f580000000, 0x000002f583fd0000)

Polling page: 0x000002f5dceb0000

Metaspace:

Usage:
  Non-class:     32.53 MB capacity,    31.98 MB ( 98%) used,   443.97 KB (  1%) free+waste,   117.13 KB ( <1%) overhead. 
      Class:      4.75 MB capacity,     4.35 MB ( 92%) used,   350.11 KB (  7%) free+waste,    56.63 KB (  1%) overhead. 
       Both:     37.28 MB capacity,    36.34 MB ( 97%) used,   794.08 KB (  2%) free+waste,   173.75 KB ( <1%) overhead. 

Virtual space:
  Non-class space:       34.00 MB reserved,      32.62 MB ( 96%) committed 
      Class space:        1.00 GB reserved,       4.88 MB ( <1%) committed 
             Both:        1.03 GB reserved,      37.50 MB (  4%) committed 

Chunk freelists:
   Non-Class:  3.63 KB
       Class:  3.75 KB
        Both:  7.38 KB

CodeHeap 'non-profiled nmethods': size=119168Kb used=3516Kb max_used=3516Kb free=115651Kb
 bounds [0x000002f5ef0c0000, 0x000002f5ef430000, 0x000002f5f6520000]
CodeHeap 'profiled nmethods': size=119168Kb used=8969Kb max_used=8969Kb free=110198Kb
 bounds [0x000002f5e7c60000, 0x000002f5e8530000, 0x000002f5ef0c0000]
CodeHeap 'non-nmethods': size=7424Kb used=2847Kb max_used=2911Kb free=4576Kb
 bounds [0x000002f5e7520000, 0x000002f5e7800000, 0x000002f5e7c60000]
 total_blobs=4595 nmethods=4104 adapters=399
 compilation: enabled
              stopped_count=0, restarted_count=0
 full_count=0

Compilation events (10 events):
Event: 4.352 Thread 0x000002f5844c2800 nmethod 4090 0x000002f5ef410610 code [0x000002f5ef411100, 0x000002f5ef419148]
Event: 4.352 Thread 0x000002f5840ea800 nmethod 4104 0x000002f5ef41df10 code [0x000002f5ef41e0a0, 0x000002f5ef41e268]
Event: 4.362 Thread 0x000002f5844c6800 4105       4       sun.net.util.URLUtil::urlNoFragString (114 bytes)
Event: 4.399 Thread 0x000002f5844c6800 nmethod 4105 0x000002f5ef41e490 code [0x000002f5ef41e740, 0x000002f5ef420a18]
Event: 4.415 Thread 0x000002f5844c9000 4106       4       org.springframework.util.ResourceUtils::isFileURL (38 bytes)
Event: 4.417 Thread 0x000002f5844c9000 nmethod 4106 0x000002f5ef421890 code [0x000002f5ef421a20, 0x000002f5ef421df8]
Event: 4.471 Thread 0x000002f5844c8000 nmethod 4100 0x000002f5ef421f10 code [0x000002f5ef4224e0, 0x000002f5ef42a0c0]
Event: 4.478 Thread 0x000002f5844c3000 4107       4       org.springframework.boot.autoconfigure.AutoConfigurationExcludeFilter::match (22 bytes)
Event: 4.480 Thread 0x000002f5844c3000 nmethod 4107 0x000002f5ef42ea90 code [0x000002f5ef42ec60, 0x000002f5ef42ee78]
Event: 4.491 Thread 0x000002f5840ea800 4108   !   4       org.springframework.core.io.AbstractFileResolvingResource::isReadable (112 bytes)

GC Heap History (10 events):
Event: 1.260 GC heap before
{Heap before GC invocations=1 (full 0):
 garbage-first heap   total 262144K, used 83191K [0x0000000700c00000, 0x0000000800000000)
  region size 1024K, 77 young (78848K), 3 survivors (3072K)
 Metaspace       used 20649K, capacity 21223K, committed 21296K, reserved 1069056K
  class space    used 2221K, capacity 2423K, committed 2432K, reserved 1048576K
}
Event: 1.266 GC heap after
{Heap after GC invocations=2 (full 0):
 garbage-first heap   total 262144K, used 11989K [0x0000000700c00000, 0x0000000800000000)
  region size 1024K, 7 young (7168K), 7 survivors (7168K)
 Metaspace       used 20649K, capacity 21223K, committed 21296K, reserved 1069056K
  class space    used 2221K, capacity 2423K, committed 2432K, reserved 1048576K
}
Event: 1.491 GC heap before
{Heap before GC invocations=3 (full 0):
 garbage-first heap   total 262144K, used 64213K [0x0000000700c00000, 0x0000000800000000)
  region size 1024K, 58 young (59392K), 7 survivors (7168K)
 Metaspace       used 24631K, capacity 25360K, committed 25520K, reserved 1071104K
  class space    used 2936K, capacity 3225K, committed 3328K, reserved 1048576K
}
Event: 1.496 GC heap after
{Heap after GC invocations=4 (full 0):
 garbage-first heap   total 262144K, used 13057K [0x0000000700c00000, 0x0000000800000000)
  region size 1024K, 5 young (5120K), 5 survivors (5120K)
 Metaspace       used 24631K, capacity 25360K, committed 25520K, reserved 1071104K
  class space    used 2936K, capacity 3225K, committed 3328K, reserved 1048576K
}
Event: 2.169 GC heap before
{Heap before GC invocations=4 (full 0):
 garbage-first heap   total 262144K, used 97025K [0x0000000700c00000, 0x0000000800000000)
  region size 1024K, 89 young (91136K), 5 survivors (5120K)
 Metaspace       used 34695K, capacity 35648K, committed 35708K, reserved 1081344K
  class space    used 4167K, capacity 4580K, committed 4608K, reserved 1048576K
}
Event: 2.177 GC heap after
{Heap after GC invocations=5 (full 0):
 garbage-first heap   total 262144K, used 17381K [0x0000000700c00000, 0x0000000800000000)
  region size 1024K, 9 young (9216K), 9 survivors (9216K)
 Metaspace       used 34695K, capacity 35648K, committed 35708K, reserved 1081344K
  class space    used 4167K, capacity 4580K, committed 4608K, reserved 1048576K
}
Event: 3.169 GC heap before
{Heap before GC invocations=6 (full 0):
 garbage-first heap   total 262144K, used 137189K [0x0000000700c00000, 0x0000000800000000)
  region size 1024K, 126 young (129024K), 9 survivors (9216K)
 Metaspace       used 37108K, capacity 38081K, committed 38268K, reserved 1083392K
  class space    used 4436K, capacity 4834K, committed 4864K, reserved 1048576K
}
Event: 3.179 GC heap after
{Heap after GC invocations=7 (full 0):
 garbage-first heap   total 315392K, used 22711K [0x0000000700c00000, 0x0000000800000000)
  region size 1024K, 12 young (12288K), 12 survivors (12288K)
 Metaspace       used 37108K, capacity 38081K, committed 38268K, reserved 1083392K
  class space    used 4436K, capacity 4834K, committed 4864K, reserved 1048576K
}
Event: 3.877 GC heap before
{Heap before GC invocations=7 (full 0):
 garbage-first heap   total 315392K, used 176311K [0x0000000700c00000, 0x0000000800000000)
  region size 1024K, 162 young (165888K), 12 survivors (12288K)
 Metaspace       used 37202K, capacity 38113K, committed 38396K, reserved 1083392K
  class space    used 4456K, capacity 4866K, committed 4992K, reserved 1048576K
}
Event: 3.883 GC heap after
{Heap after GC invocations=8 (full 0):
 garbage-first heap   total 315392K, used 26351K [0x0000000700c00000, 0x0000000800000000)
  region size 1024K, 14 young (14336K), 14 survivors (14336K)
 Metaspace       used 37202K, capacity 38113K, committed 38396K, reserved 1083392K
  class space    used 4456K, capacity 4866K, committed 4992K, reserved 1048576K
}

Deoptimization events (10 events):
Event: 2.695 Thread 0x000002f5df09f000 Uncommon trap: reason=null_check action=make_not_entrant pc=0x000002f5ef173f10 method=org.springframework.util.AntPathMatcher.getStringMatcher(Ljava/lang/String;)Lorg/springframework/util/AntPathMatcher$AntPathStringMatcher; @ 28 c2
Event: 2.696 Thread 0x000002f5df09f000 Uncommon trap: reason=unstable_if action=reinterpret pc=0x000002f5ef1737d4 method=org.springframework.util.AntPathMatcher$AntPathStringMatcher.matchStrings(Ljava/lang/String;Ljava/util/Map;)Z @ 13 c2
Event: 2.706 Thread 0x000002f5df09f000 Uncommon trap: reason=unstable_if action=reinterpret pc=0x000002f5ef0ff458 method=java.util.jar.JarFile.checkForSpecialAttributes()V @ 53 c2
Event: 3.014 Thread 0x000002f5df09f000 Uncommon trap: reason=unstable_if action=reinterpret pc=0x000002f5ef2fca10 method=org.springframework.asm.ClassReader.readUtf(II[C)Ljava/lang/String; @ 41 c2
Event: 3.613 Thread 0x000002f5df09f000 Uncommon trap: reason=unstable_if action=reinterpret pc=0x000002f5ef244dd4 method=java.util.jar.Attributes$Name.hash(Ljava/lang/String;)I @ 89 c2
Event: 3.613 Thread 0x000002f5df09f000 Uncommon trap: reason=unstable_if action=reinterpret pc=0x000002f5ef22c64c method=java.util.jar.Attributes$Name.hash(Ljava/lang/String;)I @ 89 c2
Event: 3.614 Thread 0x000002f5df09f000 Uncommon trap: reason=unstable_if action=reinterpret pc=0x000002f5ef366eb4 method=org.springframework.asm.ClassReader.readMethod(Lorg/springframework/asm/ClassVisitor;Lorg/springframework/asm/Context;I)I @ 392 c2
Event: 3.717 Thread 0x000002f5df09f000 Uncommon trap: reason=unstable_if action=reinterpret pc=0x000002f5ef389a4c method=org.springframework.asm.ClassReader.accept(Lorg/springframework/asm/ClassVisitor;[Lorg/springframework/asm/Attribute;I)V @ 848 c2
Event: 4.068 Thread 0x000002f5df09f000 Uncommon trap: reason=unstable_if action=reinterpret pc=0x000002f5ef3d7ccc method=org.springframework.asm.ClassReader.readMethod(Lorg/springframework/asm/ClassVisitor;Lorg/springframework/asm/Context;I)I @ 330 c2
Event: 4.232 Thread 0x000002f5df09f000 Uncommon trap: reason=unstable_if action=reinterpret pc=0x000002f5ef37beec method=org.springframework.asm.ClassReader.readField(Lorg/springframework/asm/ClassVisitor;Lorg/springframework/asm/Context;I)I @ 197 c2

Classes redefined (0 events):
No events

Internal exceptions (10 events):
Event: 2.688 Thread 0x000002f5df09f000 Exception <a 'java/lang/ClassNotFoundException'{0x000000070fd147d0}: org/springframework/beans/factory/config/BeanFactoryPostProcessorCustomizer> (0x000000070fd147d0) thrown at [./open/src/hotspot/share/classfile/systemDictionary.cpp, line 228]
Event: 2.688 Thread 0x000002f5df09f000 Exception <a 'java/lang/ClassNotFoundException'{0x000000070fd30a60}: org/springframework/core/PriorityOrderedCustomizer> (0x000000070fd30a60) thrown at [./open/src/hotspot/share/classfile/systemDictionary.cpp, line 228]
Event: 2.689 Thread 0x000002f5df09f000 Exception <a 'java/lang/ClassNotFoundException'{0x000000070fd49db0}: org/springframework/core/OrderedCustomizer> (0x000000070fd49db0) thrown at [./open/src/hotspot/share/classfile/systemDictionary.cpp, line 228]
Event: 2.689 Thread 0x000002f5df09f000 Exception <a 'java/lang/ClassNotFoundException'{0x000000070fd674f8}: org/springframework/context/ResourceLoaderAwareCustomizer> (0x000000070fd674f8) thrown at [./open/src/hotspot/share/classfile/systemDictionary.cpp, line 228]
Event: 2.690 Thread 0x000002f5df09f000 Exception <a 'java/lang/ClassNotFoundException'{0x000000070fd82e38}: org/springframework/beans/factory/AwareCustomizer> (0x000000070fd82e38) thrown at [./open/src/hotspot/share/classfile/systemDictionary.cpp, line 228]
Event: 2.690 Thread 0x000002f5df09f000 Exception <a 'java/lang/ClassNotFoundException'{0x000000070fda1cf0}: org/springframework/beans/factory/BeanClassLoaderAwareCustomizer> (0x000000070fda1cf0) thrown at [./open/src/hotspot/share/classfile/systemDictionary.cpp, line 228]
Event: 2.691 Thread 0x000002f5df09f000 Exception <a 'java/lang/ClassNotFoundException'{0x000000070fdbd448}: org/springframework/beans/factory/AwareCustomizer> (0x000000070fdbd448) thrown at [./open/src/hotspot/share/classfile/systemDictionary.cpp, line 228]
Event: 2.691 Thread 0x000002f5df09f000 Exception <a 'java/lang/ClassNotFoundException'{0x000000070fdd9df0}: org/springframework/context/EnvironmentAwareCustomizer> (0x000000070fdd9df0) thrown at [./open/src/hotspot/share/classfile/systemDictionary.cpp, line 228]
Event: 2.692 Thread 0x000002f5df09f000 Exception <a 'java/lang/ClassNotFoundException'{0x000000070fdf54c0}: org/springframework/beans/factory/AwareCustomizer> (0x000000070fdf54c0) thrown at [./open/src/hotspot/share/classfile/systemDictionary.cpp, line 228]
Event: 2.695 Thread 0x000002f5df09f000 Implicit null exception at 0x000002f5ef173d31 to 0x000002f5ef173efa

Events (10 events):
Event: 4.496 loading class javax/annotation$Nullable
Event: 4.496 loading class javax/annotation$Nullable done
Event: 4.496 loading class javax/annotation/Nullable
Event: 4.496 loading class javax/annotation/Nullable done
Event: 4.496 loading class javax/annotation$Nullable
Event: 4.496 loading class javax/annotation$Nullable done
Event: 4.496 loading class javax/annotation/Nullable
Event: 4.496 loading class javax/annotation/Nullable done
Event: 4.496 loading class javax/annotation$Nullable
Event: 4.496 loading class javax/annotation$Nullable done


Dynamic libraries:
0x00007ff6c35d0000 - 0x00007ff6c35df000 	C:\Program Files\Java\jdk-11.0.11\bin\javaw.exe
0x00007fff73970000 - 0x00007fff73b65000 	C:\Windows\SYSTEM32\ntdll.dll
0x00007fff733f0000 - 0x00007fff734ad000 	C:\Windows\System32\KERNEL32.DLL
0x00007fff71700000 - 0x00007fff719c9000 	C:\Windows\System32\KERNELBASE.dll
0x00007fff712f0000 - 0x00007fff713f0000 	C:\Windows\System32\ucrtbase.dll
0x00007fff59ae0000 - 0x00007fff59af8000 	C:\Program Files\Java\jdk-11.0.11\bin\jli.dll
0x00007fff59b00000 - 0x00007fff59b15000 	C:\Program Files\Java\jdk-11.0.11\bin\VCRUNTIME140.dll
0x00007fff73220000 - 0x00007fff732cc000 	C:\Windows\System32\ADVAPI32.dll
0x00007fff71a70000 - 0x00007fff71b0e000 	C:\Windows\System32\msvcrt.dll
0x00007fff719d0000 - 0x00007fff71a6b000 	C:\Windows\System32\sechost.dll
0x00007fff736d0000 - 0x00007fff737fa000 	C:\Windows\System32\RPCRT4.dll
0x00007fff71cc0000 - 0x00007fff71e60000 	C:\Windows\System32\USER32.dll
0x00007fff69c30000 - 0x00007fff69eca000 	C:\Windows\WinSxS\amd64_microsoft.windows.common-controls_6595b64144ccf1df_6.0.19041.1110_none_60b5254171f9507e\COMCTL32.dll
0x00007fff716a0000 - 0x00007fff716c2000 	C:\Windows\System32\win32u.dll
0x00007fff732d0000 - 0x00007fff732fa000 	C:\Windows\System32\GDI32.dll
0x00007fff714e0000 - 0x00007fff715eb000 	C:\Windows\System32\gdi32full.dll
0x00007fff713f0000 - 0x00007fff7148d000 	C:\Windows\System32\msvcp_win.dll
0x00007fff6b350000 - 0x00007fff6b35a000 	C:\Windows\SYSTEM32\VERSION.dll
0x00007fff71c90000 - 0x00007fff71cc0000 	C:\Windows\System32\IMM32.DLL
0x00007fff59880000 - 0x00007fff5991b000 	C:\Program Files\Java\jdk-11.0.11\bin\msvcp140.dll
0x00007fff58d10000 - 0x00007fff5980e000 	C:\Program Files\Java\jdk-11.0.11\bin\server\jvm.dll
0x00007fff71f80000 - 0x00007fff71f88000 	C:\Windows\System32\PSAPI.DLL
0x00007fff6a710000 - 0x00007fff6a737000 	C:\Windows\SYSTEM32\WINMM.dll
0x00007fff63810000 - 0x00007fff63819000 	C:\Windows\SYSTEM32\WSOCK32.dll
0x00007fff734b0000 - 0x00007fff7351b000 	C:\Windows\System32\WS2_32.dll
0x00007fff6ef90000 - 0x00007fff6efa2000 	C:\Windows\SYSTEM32\kernel.appcore.dll
0x00007fff5bb90000 - 0x00007fff5bba0000 	C:\Program Files\Java\jdk-11.0.11\bin\verify.dll
0x00007fff621a0000 - 0x00007fff62384000 	C:\Windows\SYSTEM32\DBGHELP.DLL
0x00007fff61820000 - 0x00007fff6184c000 	C:\Windows\SYSTEM32\dbgcore.DLL
0x00007fff71100000 - 0x00007fff71183000 	C:\Windows\System32\bcryptPrimitives.dll
0x00007fff58b90000 - 0x00007fff58bb8000 	C:\Program Files\Java\jdk-11.0.11\bin\java.dll
0x00007fff58a90000 - 0x00007fff58a9a000 	C:\Program Files\Java\jdk-11.0.11\bin\jimage.dll
0x00007fff58860000 - 0x00007fff58876000 	C:\Program Files\Java\jdk-11.0.11\bin\zip.dll
0x00007fff72440000 - 0x00007fff72b7f000 	C:\Windows\System32\SHELL32.dll
0x00007fff6f190000 - 0x00007fff6f920000 	C:\Windows\SYSTEM32\windows.storage.dll
0x00007fff720c0000 - 0x00007fff72415000 	C:\Windows\System32\combase.dll
0x00007fff70a20000 - 0x00007fff70a4c000 	C:\Windows\SYSTEM32\Wldp.dll
0x00007fff71b80000 - 0x00007fff71c2e000 	C:\Windows\System32\SHCORE.dll
0x00007fff73300000 - 0x00007fff73355000 	C:\Windows\System32\shlwapi.dll
0x00007fff70fe0000 - 0x00007fff70fff000 	C:\Windows\SYSTEM32\profapi.dll
0x00007fff572f0000 - 0x00007fff57309000 	C:\Program Files\Java\jdk-11.0.11\bin\net.dll
0x00007fff66c20000 - 0x00007fff66d28000 	C:\Windows\SYSTEM32\WINHTTP.dll
0x00007fff707b0000 - 0x00007fff7081a000 	C:\Windows\system32\mswsock.dll
0x00007fff572d0000 - 0x00007fff572e2000 	C:\Program Files\Java\jdk-11.0.11\bin\nio.dll
0x00007fff704a0000 - 0x00007fff704db000 	C:\Windows\SYSTEM32\IPHLPAPI.DLL
0x00007fff71b10000 - 0x00007fff71b18000 	C:\Windows\System32\NSI.dll
0x00007fff6b480000 - 0x00007fff6b497000 	C:\Windows\SYSTEM32\dhcpcsvc6.DLL
0x00007fff6b460000 - 0x00007fff6b47d000 	C:\Windows\SYSTEM32\dhcpcsvc.DLL
0x00007fff704e0000 - 0x00007fff705ac000 	C:\Windows\SYSTEM32\DNSAPI.dll
0x00007fff65770000 - 0x00007fff6577a000 	C:\Windows\System32\rasadhlp.dll
0x00007fff656a0000 - 0x00007fff6571f000 	C:\Windows\System32\fwpuclnt.dll
0x00007fff716d0000 - 0x00007fff716f7000 	C:\Windows\System32\bcrypt.dll
0x00007fff5bc40000 - 0x00007fff5bc49000 	C:\Program Files\Java\jdk-11.0.11\bin\management.dll
0x00007fff5bc30000 - 0x00007fff5bc3b000 	C:\Program Files\Java\jdk-11.0.11\bin\management_ext.dll
0x00007fff600a0000 - 0x00007fff600b7000 	C:\Windows\system32\napinsp.dll
0x00007fff5faf0000 - 0x00007fff5fb0b000 	C:\Windows\system32\pnrpnsp.dll
0x00007fff5fad0000 - 0x00007fff5fae5000 	C:\Windows\system32\wshbth.dll
0x00007fff6cac0000 - 0x00007fff6cadd000 	C:\Windows\system32\NLAapi.dll
0x00007fff5d2c0000 - 0x00007fff5d2d2000 	C:\Windows\System32\winrnr.dll
0x00007fff56c70000 - 0x00007fff56c95000 	C:\Program Files\Java\jdk-11.0.11\bin\sunec.dll

dbghelp: loaded successfully - version: 4.0.5 - missing functions: none
symbol engine: initialized successfully - sym options: 0x614 - pdb path: .;C:\Program Files\Java\jdk-11.0.11\bin;C:\Windows\SYSTEM32;C:\Windows\WinSxS\amd64_microsoft.windows.common-controls_6595b64144ccf1df_6.0.19041.1110_none_60b5254171f9507e;C:\Program Files\Java\jdk-11.0.11\bin\server

VM Arguments:
jvm_args: -ea -Dfile.encoding=UTF-8 
java_command: org.eclipse.jdt.internal.junit.runner.RemoteTestRunner -version 3 -port 55408 -testLoaderClass org.eclipse.jdt.internal.junit5.runner.JUnit5TestLoader -loaderpluginname org.eclipse.jdt.junit5.runtime -classNames com.service.UserServiceTests -uniqueId [engine:junit-jupiter]/[class:com.service.UserServiceTests]
java_class_path (initial): D:\Programing\Git\Demo Project\OAuth2_JWT_Authentication_Server\target\test-classes;D:\Programing\Git\Demo Project\OAuth2_JWT_Authentication_Server\target\classes;C:\Users\john\.m2\repository\org\springframework\boot\spring-boot-starter-security\2.3.0.RELEASE\spring-boot-starter-security-2.3.0.RELEASE.jar;C:\Users\john\.m2\repository\org\springframework\boot\spring-boot-starter\2.3.0.RELEASE\spring-boot-starter-2.3.0.RELEASE.jar;C:\Users\john\.m2\repository\org\springframework\boot\spring-boot-starter-logging\2.3.0.RELEASE\spring-boot-starter-logging-2.3.0.RELEASE.jar;C:\Users\john\.m2\repository\ch\qos\logback\logback-classic\1.2.3\logback-classic-1.2.3.jar;C:\Users\john\.m2\repository\ch\qos\logback\logback-core\1.2.3\logback-core-1.2.3.jar;C:\Users\john\.m2\repository\org\apache\logging\log4j\log4j-to-slf4j\2.13.2\log4j-to-slf4j-2.13.2.jar;C:\Users\john\.m2\repository\org\apache\logging\log4j\log4j-api\2.13.2\log4j-api-2.13.2.jar;C:\Users\john\.m2\repository\org\slf4j\jul-to-slf4j\1.7.30\jul-to-slf4j-1.7.30.jar;C:\Users\john\.m2\repository\jakarta\annotation\jakarta.annotation-api\1.3.5\jakarta.annotation-api-1.3.5.jar;C:\Users\john\.m2\repository\org\yaml\snakeyaml\1.26\snakeyaml-1.26.jar;C:\Users\john\.m2\repository\org\springframework\spring-aop\5.2.6.RELEASE\spring-aop-5.2.6.RELEASE.jar;C:\Users\john\.m2\repository\org\springframework\security\spring-security-config\5.3.2.RELEASE\spring-security-config-5.3.2.RELEASE.jar;C:\Users\john\.m2\repository\org\springframework\security\spring-security-web\5.3.2.RELEASE\spring-security-web-5.3.2.RELEASE.jar;C:\Users\john\.m2\repository\org\springframework\spring-expression\5.2.6.RELEASE\spring-expression-5.2.6.RELEASE.jar;C:\Users\john\.m2\repository\org\springframework\boot\spring-boot-starter-web\2.3.0.RELEASE\spring-boot-starter-web-2.3.0.RELEASE.jar;C:\Users\john\.m2\repository\org\springframework\boot\spring-boot-starter-json\2.3.0.RELEASE\spring-boot-starter-json-2.3.0.RELEASE.jar;C:\
Launcher Type: SUN_STANDARD

[Global flags]
     intx CICompilerCount                          = 12                                        {product} {ergonomic}
     uint ConcGCThreads                            = 3                                         {product} {ergonomic}
     uint G1ConcRefinementThreads                  = 13                                        {product} {ergonomic}
   size_t G1HeapRegionSize                         = 1048576                                   {product} {ergonomic}
    uintx GCDrainStackTargetSize                   = 64                                        {product} {ergonomic}
   size_t InitialHeapSize                          = 268435456                                 {product} {ergonomic}
   size_t MarkStackSize                            = 4194304                                   {product} {ergonomic}
   size_t MaxHeapSize                              = 4282384384                                {product} {ergonomic}
   size_t MaxNewSize                               = 2569011200                                {product} {ergonomic}
   size_t MinHeapDeltaBytes                        = 1048576                                   {product} {ergonomic}
    uintx NonNMethodCodeHeapSize                   = 7594288                                {pd product} {ergonomic}
    uintx NonProfiledCodeHeapSize                  = 122031976                              {pd product} {ergonomic}
    uintx ProfiledCodeHeapSize                     = 122031976                              {pd product} {ergonomic}
    uintx ReservedCodeCacheSize                    = 251658240                              {pd product} {ergonomic}
     bool SegmentedCodeCache                       = true                                      {product} {ergonomic}
     bool UseCompressedClassPointers               = true                                 {lp64_product} {ergonomic}
     bool UseCompressedOops                        = true                                 {lp64_product} {ergonomic}
     bool UseG1GC                                  = true                                      {product} {ergonomic}
     bool UseLargePagesIndividualAllocation        = false                                  {pd product} {ergonomic}

Logging:
Log output configuration:
 #0: stdout all=warning uptime,level,tags
 #1: stderr all=off uptime,level,tags

Environment Variables:
JAVA_HOME=C:\Program Files\Java\jdk-11.0.11
JRE_HOME=C:\Program Files\Java\jdk11.0.10
PATH=D:/Programing/Programs/sts-4.11.1.RELEASE//plugins/org.eclipse.justj.openjdk.hotspot.jre.full.win32.x86_64_16.0.2.v20210721-1149/jre/bin/server;D:/Programing/Programs/sts-4.11.1.RELEASE//plugins/org.eclipse.justj.openjdk.hotspot.jre.full.win32.x86_64_16.0.2.v20210721-1149/jre/bin;C:\Program Files\Common Files\Oracle\Java\javapath;C:\Program Files\Docker\Docker\Resources\bin;C:\Program Files (x86)\Common Files\Oracle\Java\javapath;C:\Program Files (x86)\NVIDIA Corporation\PhysX\Common;C:\Windows\system32;C:\Windows;C:\Windows\System32\Wbem;C:\Windows\System32\WindowsPowerShell\v1.0\;D:\Programing\Programs\apache-groovy-binary-3.0.0-rc-1\groovy-3.0.0-rc-1\bin;D:\Programing\Programs\gradle-5.6.4\bin;D:\Programing\Programs\sts-4.10.0.RELEASE\bin;D:\Programing\Programs\apache-maven-3.6.3\apache-maven-3.6.3\bin;C:\Program Files\Calibre2\;C:\Program Files (x86)\Windows Kits\10\Windows Performance Toolkit\;C:\Program Files\MongoDB\Server\4.2\bin;C:\Program Files\nodejs;C:\Users\skybo\AppData\Roaming\npm;D:\Programing\Programs\apache-tomcat-8.5.57-windows-x64\apache-tomcat-8.5.57\bin;C:\Program Files\Java\jdk-11.0.11\bin;D:\Programing\Programs\curl\curl-7.76.0-win64-mingw\bin;D:\Programing\Programs\PostgreSQL\bin;C:\Program Files\nodejs\;C:\Users\john\AppData\Roaming\npm\node_modules\@angular\cli\bin;;C:\Program Files\Docker\Docker\resources\bin;C:\ProgramData\DockerDesktop\version-bin;C:\Users\john\AppData\Local\Microsoft\WindowsApps;C:\Users\skybo\AppData\Roaming\npm;C:\Users\skybo\AppData\Local\Programs\Git\cmd;D:\Programing\Programs\Git\cmd;C:\Users\john\AppData\Roaming\npm;D:\Programing\Programs\Microsoft VS Code\bin;D:\Programing\Programs\sts-4.11.1.RELEASE;
USERNAME=john
OS=Windows_NT
PROCESSOR_IDENTIFIER=AMD64 Family 23 Model 1 Stepping 1, AuthenticAMD



---------------  S Y S T E M  ---------------

OS: Windows 10 , 64 bit Build 19041 (10.0.19041.1151)
Hyper-V role detected

CPU:total 16 (initial active 16) (16 cores per cpu, 2 threads per core) family 23 model 1 stepping 1 microcode 0x0, cmov, cx8, fxsr, mmx, sse, sse2, sse3, ssse3, sse4.1, sse4.2, popcnt, avx, avx2, aes, clmul, mmxext, 3dnowpref, lzcnt, sse4a, ht, tsc, tscinvbit, tscinv, bmi1, bmi2, adx, s

Memory: 4k page, system-wide physical 16333M (7102M free)
TotalPageFile size 20429M (AvailPageFile size 5743M)
current process WorkingSet (physical memory assigned to process): 449M, peak: 452M
current process commit charge ("private bytes"): 632M, peak: 632M

vm_info: Java HotSpot(TM) 64-Bit Server VM (11.0.11+9-LTS-194) for windows-amd64 JRE (11.0.11+9-LTS-194), built on Mar 18 2021 18:46:53 by "mach5one" with MS VC++ 15.9 (VS2017)

END.
