#
# A fatal error has been detected by the Java Runtime Environment:
#
#  EXCEPTION_ACCESS_VIOLATION (0xc0000005) at pc=0x00007fff58ea5543, pid=1232, tid=15732
#
# JRE version: Java(TM) SE Runtime Environment 18.9 (11.0.11+9) (build 11.0.11+9-LTS-194)
# Java VM: Java HotSpot(TM) 64-Bit Server VM 18.9 (11.0.11+9-LTS-194, mixed mode, tiered, compressed oops, g1 gc, windows-amd64)
# Problematic frame:
# V  [jvm.dll+0x195543]
#
# No core dump will be written. Minidumps are not enabled by default on client versions of Windows
#
# If you would like to submit a bug report, please visit:
#   https://bugreport.java.com/bugreport/crash.jsp
#

---------------  S U M M A R Y ------------

Command Line: -ea -Dfile.encoding=UTF-8 org.eclipse.jdt.internal.junit.runner.RemoteTestRunner -version 3 -port 57131 -testLoaderClass org.eclipse.jdt.internal.junit5.runner.JUnit5TestLoader -loaderpluginname org.eclipse.jdt.junit5.runtime -classNames com.service.UserServiceTests

Host: AMD Ryzen 7 1700X Eight-Core Processor         , 16 cores, 15G,  Windows 10 , 64 bit Build 19041 (10.0.19041.1151)
Time: Thu Sep  9 22:37:15 2021 GTB Summer Time elapsed time: 12.525888 seconds (0d 0h 0m 12s)

---------------  T H R E A D  ---------------

Current thread (0x000002c164d09800):  JavaThread "C2 CompilerThread0" daemon [_thread_in_native, id=15732, stack(0x000000cff6f00000,0x000000cff7000000)]


Current CompileTask:
C2:  12525 8160       4       java.lang.reflect.AccessibleObject::verifyAccess (84 bytes)

Stack: [0x000000cff6f00000,0x000000cff7000000],  sp=0x000000cff6ffb630,  free space=1005k
Native frames: (J=compiled Java code, j=interpreted, Vv=VM code, C=native code)
V  [jvm.dll+0x195543]
V  [jvm.dll+0x66baf3]
V  [jvm.dll+0x6698f0]
V  [jvm.dll+0x193cff]
V  [jvm.dll+0x1fd152]
V  [jvm.dll+0x1fc22f]
V  [jvm.dll+0x17f0bc]
V  [jvm.dll+0x20b68c]
V  [jvm.dll+0x20978b]
V  [jvm.dll+0x7152c9]
V  [jvm.dll+0x70dfc4]
V  [jvm.dll+0x6160f6]
C  [ucrtbase.dll+0x21bb2]
C  [KERNEL32.DLL+0x17034]
C  [ntdll.dll+0x52651]


siginfo: EXCEPTION_ACCESS_VIOLATION (0xc0000005), reading address 0x0000039172020a38


Register to memory mapping:

RIP=0x00007fff58ea5543 jvm.dll
RAX=0x0000000000000002 is an unknown value
RBX=0x000002c16eefffc8 points into unknown readable memory: b0 9b 52 59 ff 7f 00 00
RCX=0x000002c16eaf0c08 points into unknown readable memory: 90 30 4b 59 ff 7f 00 00
RDX=0x000002c16eefffc8 points into unknown readable memory: b0 9b 52 59 ff 7f 00 00
RSP=0x000000cff6ffb630 is pointing into the stack for thread: 0x000002c164d09800
RBP=0x000002c17b025388 points into unknown readable memory: 98 86 4b 59 ff 7f 00 00
RSI=0x000002c1737c07f0 points into unknown readable memory: 98 86 4b 59 ff 7f 00 00
RDI=0x0000000000000013 is an unknown value
R8 =0x0000000000000013 is an unknown value
R9 =0x000002c17b025388 points into unknown readable memory: 98 86 4b 59 ff 7f 00 00
R10=0x000002c1737c03e0 points into unknown readable memory: 18 66 02 7b c1 02 00 00
R11=0x000000cff6ffb698 is pointing into the stack for thread: 0x000002c164d09800
R12=4096 is a compressed pointer to class: 0x0000000800001000
java.lang.Object {0x0000000800001008}
R13=0x0000000000000013 is an unknown value
R14=0x000000cff6ffbb18 is pointing into the stack for thread: 0x000002c164d09800
R15=0x0 is NULL


Registers:
RAX=0x0000000000000002, RBX=0x000002c16eefffc8, RCX=0x000002c16eaf0c08, RDX=0x000002c16eefffc8
RSP=0x000000cff6ffb630, RBP=0x000002c17b025388, RSI=0x000002c1737c07f0, RDI=0x0000000000000013
R8 =0x0000000000000013, R9 =0x000002c17b025388, R10=0x000002c1737c03e0, R11=0x000000cff6ffb698
R12=0x0000000000001000, R13=0x0000000000000013, R14=0x000000cff6ffbb18, R15=0x0000000000000000
RIP=0x00007fff58ea5543, EFLAGS=0x0000000000010246

Top of Stack: (sp=0x000000cff6ffb630)
0x000000cff6ffb630:   000002c1737c0840 00007fff593064fd
0x000000cff6ffb640:   0000000000000100 000002c1737c07f0
0x000000cff6ffb650:   0000000000000012 00007fff5937b54b
0x000000cff6ffb660:   000000cff6ffbb18 0000000000001000
0x000000cff6ffb670:   0000000000000013 000002c1737c07f0
0x000000cff6ffb680:   000002c17b025450 000002c16eefffc8
0x000000cff6ffb690:   000000cff6ffbf90 00007fff5937baf3
0x000000cff6ffb6a0:   000000cff6ffbf90 000002c16eefffc8
0x000000cff6ffb6b0:   000002c17b025388 000002c17b025388
0x000000cff6ffb6c0:   000002c1737c07f0 000000cff6ffbb18
0x000000cff6ffb6d0:   000002c17b025450 000000000000000f
0x000000cff6ffb6e0:   00000000000014a0 000000000000000f
0x000000cff6ffb6f0:   0000000000000018 000002c16eefffc8
0x000000cff6ffb700:   000000cff6ffb810 00007fff593798f0
0x000000cff6ffb710:   000002c17b025388 000002c1737c0780
0x000000cff6ffb720:   0000000000000000 000000cf00000012 

Instructions: (pc=0x00007fff58ea5543)
0x00007fff58ea5523:   c6 08 49 83 ec 01 0f 85 c1 fe ff ff 4c 8b 74 24
0x00007fff58ea5533:   30 4c 8b 64 24 38 48 8b 7c 24 40 48 8b 74 24 48
0x00007fff58ea5543:   48 8b ac 24 80 00 00 00 41 8b c7 48 83 c4 50 41
0x00007fff58ea5553:   5f 41 5d 5b c3 cc cc cc cc cc cc cc cc 48 89 5c 


Stack slot to memory mapping:
stack at sp + 0 slots: 0x000002c1737c0840 points into unknown readable memory: 70 08 7c 73 c1 02 00 00
stack at sp + 1 slots: 0x00007fff593064fd jvm.dll
stack at sp + 2 slots: 0x0000000000000100 is an unknown value
stack at sp + 3 slots: 0x000002c1737c07f0 points into unknown readable memory: 98 86 4b 59 ff 7f 00 00
stack at sp + 4 slots: 0x0000000000000012 is an unknown value
stack at sp + 5 slots: 0x00007fff5937b54b jvm.dll
stack at sp + 6 slots: 0x000000cff6ffbb18 is pointing into the stack for thread: 0x000002c164d09800
stack at sp + 7 slots: 4096 is a compressed pointer to class: 0x0000000800001000
java.lang.Object {0x0000000800001008}


---------------  P R O C E S S  ---------------

Threads class SMR info:
_java_thread_list=0x000002c169004ab0, length=18, elements={
0x000002c13fde8000, 0x000002c164caf000, 0x000002c164cb7800, 0x000002c164d07800,
0x000002c164d08800, 0x000002c164d09800, 0x000002c164d1b000, 0x000002c164d24800,
0x000002c165115000, 0x000002c165121800, 0x000002c16684b000, 0x000002c165931000,
0x000002c165118800, 0x000002c16c106800, 0x000002c171375800, 0x000002c16c840800,
0x000002c17e0bb000, 0x000002c17e0b9800
}

Java Threads: ( => current thread )
  0x000002c13fde8000 JavaThread "main" [_thread_in_Java, id=11448, stack(0x000000cff6400000,0x000000cff6500000)]
  0x000002c164caf000 JavaThread "Reference Handler" daemon [_thread_blocked, id=10496, stack(0x000000cff6b00000,0x000000cff6c00000)]
  0x000002c164cb7800 JavaThread "Finalizer" daemon [_thread_blocked, id=20940, stack(0x000000cff6c00000,0x000000cff6d00000)]
  0x000002c164d07800 JavaThread "Signal Dispatcher" daemon [_thread_blocked, id=10332, stack(0x000000cff6d00000,0x000000cff6e00000)]
  0x000002c164d08800 JavaThread "Attach Listener" daemon [_thread_blocked, id=6236, stack(0x000000cff6e00000,0x000000cff6f00000)]
=>0x000002c164d09800 JavaThread "C2 CompilerThread0" daemon [_thread_in_native, id=15732, stack(0x000000cff6f00000,0x000000cff7000000)]
  0x000002c164d1b000 JavaThread "C1 CompilerThread0" daemon [_thread_blocked, id=13420, stack(0x000000cff7000000,0x000000cff7100000)]
  0x000002c164d24800 JavaThread "Sweeper thread" daemon [_thread_blocked, id=13460, stack(0x000000cff7100000,0x000000cff7200000)]
  0x000002c165115000 JavaThread "Service Thread" daemon [_thread_blocked, id=2664, stack(0x000000cff7200000,0x000000cff7300000)]
  0x000002c165121800 JavaThread "Common-Cleaner" daemon [_thread_blocked, id=8500, stack(0x000000cff7400000,0x000000cff7500000)]
  0x000002c16684b000 JavaThread "ReaderThread" [_thread_in_native, id=4020, stack(0x000000cff7a00000,0x000000cff7b00000)]
  0x000002c165931000 JavaThread "Keep-Alive-Timer" daemon [_thread_blocked, id=17816, stack(0x000000cff7800000,0x000000cff7900000)]
  0x000002c165118800 JavaThread "C2 CompilerThread1" daemon [_thread_in_native, id=8140, stack(0x000000cff7600000,0x000000cff7700000)]
  0x000002c16c106800 JavaThread "C2 CompilerThread2" daemon [_thread_in_native, id=14520, stack(0x000000cff7700000,0x000000cff7800000)]
  0x000002c171375800 JavaThread "C2 CompilerThread3" daemon [_thread_in_native, id=13284, stack(0x000000cff7900000,0x000000cff7a00000)]
  0x000002c16c840800 JavaThread "C2 CompilerThread4" daemon [_thread_in_native, id=8456, stack(0x000000cff8000000,0x000000cff8100000)]
  0x000002c17e0bb000 JavaThread "AsyncReporter{org.springframework.cloud.sleuth.zipkin2.sender.RestTemplateSender@47331810}" daemon [_thread_blocked, id=19124, stack(0x000000cff8800000,0x000000cff8900000)]
  0x000002c17e0b9800 JavaThread "C1 CompilerThread1" daemon [_thread_in_native, id=7824, stack(0x000000cff8600000,0x000000cff8700000)]

Other Threads:
  0x000002c164c8b800 VMThread "VM Thread" [stack: 0x000000cff6a00000,0x000000cff6b00000] [id=9420]
  0x000002c164fee000 WatcherThread [stack: 0x000000cff7300000,0x000000cff7400000] [id=17464]
  0x000002c13fdfd000 GCTaskThread "GC Thread#0" [stack: 0x000000cff6500000,0x000000cff6600000] [id=10744]
  0x000002c165dc0000 GCTaskThread "GC Thread#1" [stack: 0x000000cff7b00000,0x000000cff7c00000] [id=6416]
  0x000002c1662be800 GCTaskThread "GC Thread#2" [stack: 0x000000cff7c00000,0x000000cff7d00000] [id=9428]
  0x000002c166900000 GCTaskThread "GC Thread#3" [stack: 0x000000cff7d00000,0x000000cff7e00000] [id=8168]
  0x000002c166d40800 GCTaskThread "GC Thread#4" [stack: 0x000000cff7e00000,0x000000cff7f00000] [id=17080]
  0x000002c1651ae800 GCTaskThread "GC Thread#5" [stack: 0x000000cff7f00000,0x000000cff8000000] [id=380]
  0x000002c171689800 GCTaskThread "GC Thread#6" [stack: 0x000000cff8900000,0x000000cff8a00000] [id=8156]
  0x000002c17dc27800 GCTaskThread "GC Thread#7" [stack: 0x000000cff8500000,0x000000cff8600000] [id=17872]
  0x000002c13fe5d000 ConcurrentGCThread "G1 Main Marker" [stack: 0x000000cff6600000,0x000000cff6700000] [id=4996]
  0x000002c13fe5e800 ConcurrentGCThread "G1 Conc#0" [stack: 0x000000cff6700000,0x000000cff6800000] [id=20520]
  0x000002c166e85000 ConcurrentGCThread "G1 Conc#1" [stack: 0x000000cff8300000,0x000000cff8400000] [id=21272]
  0x000002c166dbc800 ConcurrentGCThread "G1 Conc#2" [stack: 0x000000cff8400000,0x000000cff8500000] [id=20688]
  0x000002c1642ea800 ConcurrentGCThread "G1 Refine#0" [stack: 0x000000cff6800000,0x000000cff6900000] [id=18132]
  0x000002c1642eb800 ConcurrentGCThread "G1 Young RemSet Sampling" [stack: 0x000000cff6900000,0x000000cff6a00000] [id=15384]

Threads with active compile tasks:
C2 CompilerThread0  12554 8160       4       java.lang.reflect.AccessibleObject::verifyAccess (84 bytes)
C2 CompilerThread1  12554 8116       4       org.aspectj.weaver.ReferenceType::hasAnnotation (58 bytes)
C2 CompilerThread2  12554 8088       4       org.aspectj.weaver.reflect.Java15ReflectionBasedReferenceTypeDelegate::hasAnnotation (42 bytes)
C2 CompilerThread3  12554 8205       4       java.lang.reflect.AccessibleObject::checkAccess (40 bytes)
C2 CompilerThread4  12554 8045       4       com.sun.beans.TypeResolver::resolve (37 bytes)
C1 CompilerThread1  12554 8217       3       org.springframework.core.MethodIntrospector::selectMethods (118 bytes)

VM state:not at safepoint (normal execution)

VM Mutex/Monitor currently owned by a thread:  ([mutex/lock_event])
[0x000002c13fde47b0] Compile_lock - owner thread: 0x000002c17e0b9800
[0x000002c13fde4180] MethodCompileQueue_lock - owner thread: 0x000002c17e0b9800

Heap address: 0x0000000700c00000, size: 4084 MB, Compressed Oops mode: Zero based, Oop shift amount: 3
Narrow klass base: 0x0000000800000000, Narrow klass shift: 0
Compressed class space size: 1073741824 Address: 0x0000000800000000

Heap:
 garbage-first heap   total 378880K, used 199486K [0x0000000700c00000, 0x0000000800000000)
  region size 1024K, 170 young (174080K), 19 survivors (19456K)
 Metaspace       used 66838K, capacity 68433K, committed 68700K, reserved 1110016K
  class space    used 8563K, capacity 9188K, committed 9216K, reserved 1048576K
Heap Regions: E=young(eden), S=young(survivor), O=old, HS=humongous(starts), HC=humongous(continues), CS=collection set, F=free, A=archive, TAMS=top-at-mark-start (previous, next)
|   0|0x0000000700c00000, 0x0000000700d00000, 0x0000000700d00000|100%| O|  |TAMS 0x0000000700d00000, 0x0000000700c00000| Untracked 
|   1|0x0000000700d00000, 0x0000000700e00000, 0x0000000700e00000|100%| O|  |TAMS 0x0000000700e00000, 0x0000000700d00000| Untracked 
|   2|0x0000000700e00000, 0x0000000700f00000, 0x0000000700f00000|100%| O|  |TAMS 0x0000000700f00000, 0x0000000700e00000| Untracked 
|   3|0x0000000700f00000, 0x0000000701000000, 0x0000000701000000|100%| O|  |TAMS 0x0000000701000000, 0x0000000700f00000| Untracked 
|   4|0x0000000701000000, 0x0000000701100000, 0x0000000701100000|100%| O|  |TAMS 0x0000000701100000, 0x0000000701000000| Untracked 
|   5|0x0000000701100000, 0x0000000701200000, 0x0000000701200000|100%| O|  |TAMS 0x0000000701200000, 0x0000000701100000| Untracked 
|   6|0x0000000701200000, 0x0000000701300000, 0x0000000701300000|100%| O|  |TAMS 0x0000000701300000, 0x0000000701200000| Untracked 
|   7|0x0000000701300000, 0x0000000701400000, 0x0000000701400000|100%| O|  |TAMS 0x0000000701400000, 0x0000000701300000| Untracked 
|   8|0x0000000701400000, 0x0000000701500000, 0x0000000701500000|100%| O|  |TAMS 0x0000000701500000, 0x0000000701400000| Untracked 
|   9|0x0000000701500000, 0x0000000701600000, 0x0000000701600000|100%| O|  |TAMS 0x0000000701600000, 0x0000000701500000| Untracked 
|  10|0x0000000701600000, 0x0000000701700000, 0x0000000701700000|100%| O|  |TAMS 0x0000000701700000, 0x0000000701600000| Untracked 
|  11|0x0000000701700000, 0x0000000701800000, 0x0000000701800000|100%| O|  |TAMS 0x0000000701800000, 0x0000000701700000| Untracked 
|  12|0x0000000701800000, 0x0000000701900000, 0x0000000701900000|100%| O|  |TAMS 0x0000000701900000, 0x0000000701800000| Untracked 
|  13|0x0000000701900000, 0x0000000701a00000, 0x0000000701a00000|100%| O|  |TAMS 0x0000000701a00000, 0x0000000701900000| Untracked 
|  14|0x0000000701a00000, 0x0000000701b00000, 0x0000000701b00000|100%| O|  |TAMS 0x0000000701b00000, 0x0000000701a00000| Untracked 
|  15|0x0000000701b00000, 0x0000000701c00000, 0x0000000701c00000|100%| O|  |TAMS 0x0000000701c00000, 0x0000000701b00000| Untracked 
|  16|0x0000000701c00000, 0x0000000701d00000, 0x0000000701d00000|100%| O|  |TAMS 0x0000000701d00000, 0x0000000701c00000| Untracked 
|  17|0x0000000701d00000, 0x0000000701e00000, 0x0000000701e00000|100%| O|  |TAMS 0x0000000701e00000, 0x0000000701d00000| Untracked 
|  18|0x0000000701e00000, 0x0000000701f00000, 0x0000000701f00000|100%| O|  |TAMS 0x0000000701f00000, 0x0000000701e00000| Untracked 
|  19|0x0000000701f00000, 0x0000000702000000, 0x0000000702000000|100%| O|  |TAMS 0x0000000702000000, 0x0000000701f00000| Untracked 
|  20|0x0000000702000000, 0x0000000702100000, 0x0000000702100000|100%| O|  |TAMS 0x0000000702100000, 0x0000000702000000| Untracked 
|  21|0x0000000702100000, 0x0000000702200000, 0x0000000702200000|100%| O|  |TAMS 0x0000000702200000, 0x0000000702100000| Untracked 
|  22|0x0000000702200000, 0x0000000702300000, 0x0000000702300000|100%| O|  |TAMS 0x0000000702300000, 0x0000000702200000| Untracked 
|  23|0x0000000702300000, 0x0000000702400000, 0x0000000702400000|100%| O|  |TAMS 0x0000000702400000, 0x0000000702300000| Untracked 
|  24|0x0000000702400000, 0x0000000702500000, 0x0000000702500000|100%| O|  |TAMS 0x0000000702500000, 0x0000000702400000| Untracked 
|  25|0x0000000702500000, 0x0000000702600000, 0x0000000702600000|100%| O|  |TAMS 0x0000000702600000, 0x0000000702500000| Untracked 
|  26|0x0000000702600000, 0x0000000702626a00, 0x0000000702700000| 15%| O|  |TAMS 0x0000000702626a00, 0x0000000702600000| Untracked 
|  27|0x0000000702700000, 0x0000000702700000, 0x0000000702800000|  0%| F|  |TAMS 0x0000000702700000, 0x0000000702700000| Untracked 
|  28|0x0000000702800000, 0x0000000702800000, 0x0000000702900000|  0%| F|  |TAMS 0x0000000702800000, 0x0000000702800000| Untracked 
|  29|0x0000000702900000, 0x0000000702900000, 0x0000000702a00000|  0%| F|  |TAMS 0x0000000702900000, 0x0000000702900000| Untracked 
|  30|0x0000000702a00000, 0x0000000702a00000, 0x0000000702b00000|  0%| F|  |TAMS 0x0000000702a00000, 0x0000000702a00000| Untracked 
|  31|0x0000000702b00000, 0x0000000702b00000, 0x0000000702c00000|  0%| F|  |TAMS 0x0000000702b00000, 0x0000000702b00000| Untracked 
|  32|0x0000000702c00000, 0x0000000702c00000, 0x0000000702d00000|  0%| F|  |TAMS 0x0000000702c00000, 0x0000000702c00000| Untracked 
|  33|0x0000000702d00000, 0x0000000702d00000, 0x0000000702e00000|  0%| F|  |TAMS 0x0000000702d00000, 0x0000000702d00000| Untracked 
|  34|0x0000000702e00000, 0x0000000702e00000, 0x0000000702f00000|  0%| F|  |TAMS 0x0000000702e00000, 0x0000000702e00000| Untracked 
|  35|0x0000000702f00000, 0x0000000702f00000, 0x0000000703000000|  0%| F|  |TAMS 0x0000000702f00000, 0x0000000702f00000| Untracked 
|  36|0x0000000703000000, 0x0000000703000000, 0x0000000703100000|  0%| F|  |TAMS 0x0000000703000000, 0x0000000703000000| Untracked 
|  37|0x0000000703100000, 0x0000000703100000, 0x0000000703200000|  0%| F|  |TAMS 0x0000000703100000, 0x0000000703100000| Untracked 
|  38|0x0000000703200000, 0x0000000703200000, 0x0000000703300000|  0%| F|  |TAMS 0x0000000703200000, 0x0000000703200000| Untracked 
|  39|0x0000000703300000, 0x0000000703300000, 0x0000000703400000|  0%| F|  |TAMS 0x0000000703300000, 0x0000000703300000| Untracked 
|  40|0x0000000703400000, 0x0000000703400000, 0x0000000703500000|  0%| F|  |TAMS 0x0000000703400000, 0x0000000703400000| Untracked 
|  41|0x0000000703500000, 0x0000000703500000, 0x0000000703600000|  0%| F|  |TAMS 0x0000000703500000, 0x0000000703500000| Untracked 
|  42|0x0000000703600000, 0x0000000703600000, 0x0000000703700000|  0%| F|  |TAMS 0x0000000703600000, 0x0000000703600000| Untracked 
|  43|0x0000000703700000, 0x0000000703700000, 0x0000000703800000|  0%| F|  |TAMS 0x0000000703700000, 0x0000000703700000| Untracked 
|  44|0x0000000703800000, 0x0000000703800000, 0x0000000703900000|  0%| F|  |TAMS 0x0000000703800000, 0x0000000703800000| Untracked 
|  45|0x0000000703900000, 0x0000000703900000, 0x0000000703a00000|  0%| F|  |TAMS 0x0000000703900000, 0x0000000703900000| Untracked 
|  46|0x0000000703a00000, 0x0000000703a00000, 0x0000000703b00000|  0%| F|  |TAMS 0x0000000703a00000, 0x0000000703a00000| Untracked 
|  47|0x0000000703b00000, 0x0000000703b00000, 0x0000000703c00000|  0%| F|  |TAMS 0x0000000703b00000, 0x0000000703b00000| Untracked 
|  48|0x0000000703c00000, 0x0000000703c00000, 0x0000000703d00000|  0%| F|  |TAMS 0x0000000703c00000, 0x0000000703c00000| Untracked 
|  49|0x0000000703d00000, 0x0000000703d00000, 0x0000000703e00000|  0%| F|  |TAMS 0x0000000703d00000, 0x0000000703d00000| Untracked 
|  50|0x0000000703e00000, 0x0000000703e00000, 0x0000000703f00000|  0%| F|  |TAMS 0x0000000703e00000, 0x0000000703e00000| Untracked 
|  51|0x0000000703f00000, 0x0000000703f00000, 0x0000000704000000|  0%| F|  |TAMS 0x0000000703f00000, 0x0000000703f00000| Untracked 
|  52|0x0000000704000000, 0x0000000704000000, 0x0000000704100000|  0%| F|  |TAMS 0x0000000704000000, 0x0000000704000000| Untracked 
|  53|0x0000000704100000, 0x0000000704100000, 0x0000000704200000|  0%| F|  |TAMS 0x0000000704100000, 0x0000000704100000| Untracked 
|  54|0x0000000704200000, 0x0000000704200000, 0x0000000704300000|  0%| F|  |TAMS 0x0000000704200000, 0x0000000704200000| Untracked 
|  55|0x0000000704300000, 0x0000000704300000, 0x0000000704400000|  0%| F|  |TAMS 0x0000000704300000, 0x0000000704300000| Untracked 
|  56|0x0000000704400000, 0x0000000704400000, 0x0000000704500000|  0%| F|  |TAMS 0x0000000704400000, 0x0000000704400000| Untracked 
|  57|0x0000000704500000, 0x0000000704500000, 0x0000000704600000|  0%| F|  |TAMS 0x0000000704500000, 0x0000000704500000| Untracked 
|  58|0x0000000704600000, 0x0000000704600000, 0x0000000704700000|  0%| F|  |TAMS 0x0000000704600000, 0x0000000704600000| Untracked 
|  59|0x0000000704700000, 0x0000000704700000, 0x0000000704800000|  0%| F|  |TAMS 0x0000000704700000, 0x0000000704700000| Untracked 
|  60|0x0000000704800000, 0x0000000704800000, 0x0000000704900000|  0%| F|  |TAMS 0x0000000704800000, 0x0000000704800000| Untracked 
|  61|0x0000000704900000, 0x0000000704900000, 0x0000000704a00000|  0%| F|  |TAMS 0x0000000704900000, 0x0000000704900000| Untracked 
|  62|0x0000000704a00000, 0x0000000704a00000, 0x0000000704b00000|  0%| F|  |TAMS 0x0000000704a00000, 0x0000000704a00000| Untracked 
|  63|0x0000000704b00000, 0x0000000704b00000, 0x0000000704c00000|  0%| F|  |TAMS 0x0000000704b00000, 0x0000000704b00000| Untracked 
|  64|0x0000000704c00000, 0x0000000704c00000, 0x0000000704d00000|  0%| F|  |TAMS 0x0000000704c00000, 0x0000000704c00000| Untracked 
|  65|0x0000000704d00000, 0x0000000704d00000, 0x0000000704e00000|  0%| F|  |TAMS 0x0000000704d00000, 0x0000000704d00000| Untracked 
|  66|0x0000000704e00000, 0x0000000704e00000, 0x0000000704f00000|  0%| F|  |TAMS 0x0000000704e00000, 0x0000000704e00000| Untracked 
|  67|0x0000000704f00000, 0x0000000704f00000, 0x0000000705000000|  0%| F|  |TAMS 0x0000000704f00000, 0x0000000704f00000| Untracked 
|  68|0x0000000705000000, 0x0000000705000000, 0x0000000705100000|  0%| F|  |TAMS 0x0000000705000000, 0x0000000705000000| Untracked 
|  69|0x0000000705100000, 0x0000000705100000, 0x0000000705200000|  0%| F|  |TAMS 0x0000000705100000, 0x0000000705100000| Untracked 
|  70|0x0000000705200000, 0x0000000705200000, 0x0000000705300000|  0%| F|  |TAMS 0x0000000705200000, 0x0000000705200000| Untracked 
|  71|0x0000000705300000, 0x0000000705300000, 0x0000000705400000|  0%| F|  |TAMS 0x0000000705300000, 0x0000000705300000| Untracked 
|  72|0x0000000705400000, 0x0000000705400000, 0x0000000705500000|  0%| F|  |TAMS 0x0000000705400000, 0x0000000705400000| Untracked 
|  73|0x0000000705500000, 0x0000000705500000, 0x0000000705600000|  0%| F|  |TAMS 0x0000000705500000, 0x0000000705500000| Untracked 
|  74|0x0000000705600000, 0x0000000705600000, 0x0000000705700000|  0%| F|  |TAMS 0x0000000705600000, 0x0000000705600000| Untracked 
|  75|0x0000000705700000, 0x0000000705700000, 0x0000000705800000|  0%| F|  |TAMS 0x0000000705700000, 0x0000000705700000| Untracked 
|  76|0x0000000705800000, 0x0000000705800000, 0x0000000705900000|  0%| F|  |TAMS 0x0000000705800000, 0x0000000705800000| Untracked 
|  77|0x0000000705900000, 0x0000000705900000, 0x0000000705a00000|  0%| F|  |TAMS 0x0000000705900000, 0x0000000705900000| Untracked 
|  78|0x0000000705a00000, 0x0000000705a00000, 0x0000000705b00000|  0%| F|  |TAMS 0x0000000705a00000, 0x0000000705a00000| Untracked 
|  79|0x0000000705b00000, 0x0000000705b00000, 0x0000000705c00000|  0%| F|  |TAMS 0x0000000705b00000, 0x0000000705b00000| Untracked 
|  80|0x0000000705c00000, 0x0000000705c00000, 0x0000000705d00000|  0%| F|  |TAMS 0x0000000705c00000, 0x0000000705c00000| Untracked 
|  81|0x0000000705d00000, 0x0000000705d00000, 0x0000000705e00000|  0%| F|  |TAMS 0x0000000705d00000, 0x0000000705d00000| Untracked 
|  82|0x0000000705e00000, 0x0000000705e00000, 0x0000000705f00000|  0%| F|  |TAMS 0x0000000705e00000, 0x0000000705e00000| Untracked 
|  83|0x0000000705f00000, 0x0000000705f00000, 0x0000000706000000|  0%| F|  |TAMS 0x0000000705f00000, 0x0000000705f00000| Untracked 
|  84|0x0000000706000000, 0x0000000706000000, 0x0000000706100000|  0%| F|  |TAMS 0x0000000706000000, 0x0000000706000000| Untracked 
|  85|0x0000000706100000, 0x0000000706100000, 0x0000000706200000|  0%| F|  |TAMS 0x0000000706100000, 0x0000000706100000| Untracked 
|  86|0x0000000706200000, 0x0000000706200000, 0x0000000706300000|  0%| F|  |TAMS 0x0000000706200000, 0x0000000706200000| Untracked 
|  87|0x0000000706300000, 0x0000000706300000, 0x0000000706400000|  0%| F|  |TAMS 0x0000000706300000, 0x0000000706300000| Untracked 
|  88|0x0000000706400000, 0x0000000706400000, 0x0000000706500000|  0%| F|  |TAMS 0x0000000706400000, 0x0000000706400000| Untracked 
|  89|0x0000000706500000, 0x0000000706500000, 0x0000000706600000|  0%| F|  |TAMS 0x0000000706500000, 0x0000000706500000| Untracked 
|  90|0x0000000706600000, 0x0000000706600000, 0x0000000706700000|  0%| F|  |TAMS 0x0000000706600000, 0x0000000706600000| Untracked 
|  91|0x0000000706700000, 0x0000000706700000, 0x0000000706800000|  0%| F|  |TAMS 0x0000000706700000, 0x0000000706700000| Untracked 
|  92|0x0000000706800000, 0x0000000706800000, 0x0000000706900000|  0%| F|  |TAMS 0x0000000706800000, 0x0000000706800000| Untracked 
|  93|0x0000000706900000, 0x0000000706900000, 0x0000000706a00000|  0%| F|  |TAMS 0x0000000706900000, 0x0000000706900000| Untracked 
|  94|0x0000000706a00000, 0x0000000706a00000, 0x0000000706b00000|  0%| F|  |TAMS 0x0000000706a00000, 0x0000000706a00000| Untracked 
|  95|0x0000000706b00000, 0x0000000706b00000, 0x0000000706c00000|  0%| F|  |TAMS 0x0000000706b00000, 0x0000000706b00000| Untracked 
|  96|0x0000000706c00000, 0x0000000706c00000, 0x0000000706d00000|  0%| F|  |TAMS 0x0000000706c00000, 0x0000000706c00000| Untracked 
|  97|0x0000000706d00000, 0x0000000706d00000, 0x0000000706e00000|  0%| F|  |TAMS 0x0000000706d00000, 0x0000000706d00000| Untracked 
|  98|0x0000000706e00000, 0x0000000706e00000, 0x0000000706f00000|  0%| F|  |TAMS 0x0000000706e00000, 0x0000000706e00000| Untracked 
|  99|0x0000000706f00000, 0x0000000706f00000, 0x0000000707000000|  0%| F|  |TAMS 0x0000000706f00000, 0x0000000706f00000| Untracked 
| 100|0x0000000707000000, 0x0000000707000000, 0x0000000707100000|  0%| F|  |TAMS 0x0000000707000000, 0x0000000707000000| Untracked 
| 101|0x0000000707100000, 0x0000000707100000, 0x0000000707200000|  0%| F|  |TAMS 0x0000000707100000, 0x0000000707100000| Untracked 
| 102|0x0000000707200000, 0x0000000707200000, 0x0000000707300000|  0%| F|  |TAMS 0x0000000707200000, 0x0000000707200000| Untracked 
| 103|0x0000000707300000, 0x0000000707300000, 0x0000000707400000|  0%| F|  |TAMS 0x0000000707300000, 0x0000000707300000| Untracked 
| 104|0x0000000707400000, 0x0000000707400000, 0x0000000707500000|  0%| F|  |TAMS 0x0000000707400000, 0x0000000707400000| Untracked 
| 105|0x0000000707500000, 0x0000000707500000, 0x0000000707600000|  0%| F|  |TAMS 0x0000000707500000, 0x0000000707500000| Untracked 
| 106|0x0000000707600000, 0x0000000707600000, 0x0000000707700000|  0%| F|  |TAMS 0x0000000707600000, 0x0000000707600000| Untracked 
| 107|0x0000000707700000, 0x0000000707700000, 0x0000000707800000|  0%| F|  |TAMS 0x0000000707700000, 0x0000000707700000| Untracked 
| 108|0x0000000707800000, 0x0000000707800000, 0x0000000707900000|  0%| F|  |TAMS 0x0000000707800000, 0x0000000707800000| Untracked 
| 109|0x0000000707900000, 0x0000000707900000, 0x0000000707a00000|  0%| F|  |TAMS 0x0000000707900000, 0x0000000707900000| Untracked 
| 110|0x0000000707a00000, 0x0000000707a00000, 0x0000000707b00000|  0%| F|  |TAMS 0x0000000707a00000, 0x0000000707a00000| Untracked 
| 111|0x0000000707b00000, 0x0000000707b00000, 0x0000000707c00000|  0%| F|  |TAMS 0x0000000707b00000, 0x0000000707b00000| Untracked 
| 112|0x0000000707c00000, 0x0000000707c00000, 0x0000000707d00000|  0%| F|  |TAMS 0x0000000707c00000, 0x0000000707c00000| Untracked 
| 113|0x0000000707d00000, 0x0000000707d00000, 0x0000000707e00000|  0%| F|  |TAMS 0x0000000707d00000, 0x0000000707d00000| Untracked 
| 114|0x0000000707e00000, 0x0000000707e00000, 0x0000000707f00000|  0%| F|  |TAMS 0x0000000707e00000, 0x0000000707e00000| Untracked 
| 115|0x0000000707f00000, 0x0000000707f00000, 0x0000000708000000|  0%| F|  |TAMS 0x0000000707f00000, 0x0000000707f00000| Untracked 
| 116|0x0000000708000000, 0x0000000708000000, 0x0000000708100000|  0%| F|  |TAMS 0x0000000708000000, 0x0000000708000000| Untracked 
| 117|0x0000000708100000, 0x0000000708100000, 0x0000000708200000|  0%| F|  |TAMS 0x0000000708100000, 0x0000000708100000| Untracked 
| 118|0x0000000708200000, 0x0000000708200000, 0x0000000708300000|  0%| F|  |TAMS 0x0000000708200000, 0x0000000708200000| Untracked 
| 119|0x0000000708300000, 0x0000000708300000, 0x0000000708400000|  0%| F|  |TAMS 0x0000000708300000, 0x0000000708300000| Untracked 
| 120|0x0000000708400000, 0x0000000708400000, 0x0000000708500000|  0%| F|  |TAMS 0x0000000708400000, 0x0000000708400000| Untracked 
| 121|0x0000000708500000, 0x0000000708500000, 0x0000000708600000|  0%| F|  |TAMS 0x0000000708500000, 0x0000000708500000| Untracked 
| 122|0x0000000708600000, 0x0000000708600000, 0x0000000708700000|  0%| F|  |TAMS 0x0000000708600000, 0x0000000708600000| Untracked 
| 123|0x0000000708700000, 0x0000000708700000, 0x0000000708800000|  0%| F|  |TAMS 0x0000000708700000, 0x0000000708700000| Untracked 
| 124|0x0000000708800000, 0x0000000708800000, 0x0000000708900000|  0%| F|  |TAMS 0x0000000708800000, 0x0000000708800000| Untracked 
| 125|0x0000000708900000, 0x0000000708900000, 0x0000000708a00000|  0%| F|  |TAMS 0x0000000708900000, 0x0000000708900000| Untracked 
| 126|0x0000000708a00000, 0x0000000708a00000, 0x0000000708b00000|  0%| F|  |TAMS 0x0000000708a00000, 0x0000000708a00000| Untracked 
| 127|0x0000000708b00000, 0x0000000708b00000, 0x0000000708c00000|  0%| F|  |TAMS 0x0000000708b00000, 0x0000000708b00000| Untracked 
| 128|0x0000000708c00000, 0x0000000708c00000, 0x0000000708d00000|  0%| F|  |TAMS 0x0000000708c00000, 0x0000000708c00000| Untracked 
| 129|0x0000000708d00000, 0x0000000708da9010, 0x0000000708e00000| 66%| S|CS|TAMS 0x0000000708d00000, 0x0000000708d00000| Complete 
| 130|0x0000000708e00000, 0x0000000708f00000, 0x0000000708f00000|100%| S|CS|TAMS 0x0000000708e00000, 0x0000000708e00000| Complete 
| 131|0x0000000708f00000, 0x0000000709000000, 0x0000000709000000|100%| S|CS|TAMS 0x0000000708f00000, 0x0000000708f00000| Complete 
| 132|0x0000000709000000, 0x0000000709100000, 0x0000000709100000|100%| S|CS|TAMS 0x0000000709000000, 0x0000000709000000| Complete 
| 133|0x0000000709100000, 0x0000000709200000, 0x0000000709200000|100%| S|CS|TAMS 0x0000000709100000, 0x0000000709100000| Complete 
| 134|0x0000000709200000, 0x0000000709300000, 0x0000000709300000|100%| S|CS|TAMS 0x0000000709200000, 0x0000000709200000| Complete 
| 135|0x0000000709300000, 0x0000000709400000, 0x0000000709400000|100%| S|CS|TAMS 0x0000000709300000, 0x0000000709300000| Complete 
| 136|0x0000000709400000, 0x0000000709500000, 0x0000000709500000|100%| S|CS|TAMS 0x0000000709400000, 0x0000000709400000| Complete 
| 137|0x0000000709500000, 0x0000000709600000, 0x0000000709600000|100%| S|CS|TAMS 0x0000000709500000, 0x0000000709500000| Complete 
| 138|0x0000000709600000, 0x0000000709700000, 0x0000000709700000|100%| S|CS|TAMS 0x0000000709600000, 0x0000000709600000| Complete 
| 139|0x0000000709700000, 0x0000000709800000, 0x0000000709800000|100%| S|CS|TAMS 0x0000000709700000, 0x0000000709700000| Complete 
| 140|0x0000000709800000, 0x0000000709900000, 0x0000000709900000|100%| S|CS|TAMS 0x0000000709800000, 0x0000000709800000| Complete 
| 141|0x0000000709900000, 0x0000000709a00000, 0x0000000709a00000|100%| S|CS|TAMS 0x0000000709900000, 0x0000000709900000| Complete 
| 142|0x0000000709a00000, 0x0000000709b00000, 0x0000000709b00000|100%| S|CS|TAMS 0x0000000709a00000, 0x0000000709a00000| Complete 
| 143|0x0000000709b00000, 0x0000000709c00000, 0x0000000709c00000|100%| S|CS|TAMS 0x0000000709b00000, 0x0000000709b00000| Complete 
| 144|0x0000000709c00000, 0x0000000709d00000, 0x0000000709d00000|100%| S|CS|TAMS 0x0000000709c00000, 0x0000000709c00000| Complete 
| 145|0x0000000709d00000, 0x0000000709e00000, 0x0000000709e00000|100%| S|CS|TAMS 0x0000000709d00000, 0x0000000709d00000| Complete 
| 146|0x0000000709e00000, 0x0000000709f00000, 0x0000000709f00000|100%| S|CS|TAMS 0x0000000709e00000, 0x0000000709e00000| Complete 
| 147|0x0000000709f00000, 0x000000070a000000, 0x000000070a000000|100%| S|CS|TAMS 0x0000000709f00000, 0x0000000709f00000| Complete 
| 148|0x000000070a000000, 0x000000070a000000, 0x000000070a100000|  0%| F|  |TAMS 0x000000070a000000, 0x000000070a000000| Untracked 
| 149|0x000000070a100000, 0x000000070a100000, 0x000000070a200000|  0%| F|  |TAMS 0x000000070a100000, 0x000000070a100000| Untracked 
| 150|0x000000070a200000, 0x000000070a200000, 0x000000070a300000|  0%| F|  |TAMS 0x000000070a200000, 0x000000070a200000| Untracked 
| 151|0x000000070a300000, 0x000000070a300000, 0x000000070a400000|  0%| F|  |TAMS 0x000000070a300000, 0x000000070a300000| Untracked 
| 152|0x000000070a400000, 0x000000070a400000, 0x000000070a500000|  0%| F|  |TAMS 0x000000070a400000, 0x000000070a400000| Untracked 
| 153|0x000000070a500000, 0x000000070a500000, 0x000000070a600000|  0%| F|  |TAMS 0x000000070a500000, 0x000000070a500000| Untracked 
| 154|0x000000070a600000, 0x000000070a600000, 0x000000070a700000|  0%| F|  |TAMS 0x000000070a600000, 0x000000070a600000| Untracked 
| 155|0x000000070a700000, 0x000000070a700000, 0x000000070a800000|  0%| F|  |TAMS 0x000000070a700000, 0x000000070a700000| Untracked 
| 156|0x000000070a800000, 0x000000070a800000, 0x000000070a900000|  0%| F|  |TAMS 0x000000070a800000, 0x000000070a800000| Untracked 
| 157|0x000000070a900000, 0x000000070a900000, 0x000000070aa00000|  0%| F|  |TAMS 0x000000070a900000, 0x000000070a900000| Untracked 
| 158|0x000000070aa00000, 0x000000070aa00000, 0x000000070ab00000|  0%| F|  |TAMS 0x000000070aa00000, 0x000000070aa00000| Untracked 
| 159|0x000000070ab00000, 0x000000070ab00000, 0x000000070ac00000|  0%| F|  |TAMS 0x000000070ab00000, 0x000000070ab00000| Untracked 
| 160|0x000000070ac00000, 0x000000070ac00000, 0x000000070ad00000|  0%| F|  |TAMS 0x000000070ac00000, 0x000000070ac00000| Untracked 
| 161|0x000000070ad00000, 0x000000070ad00000, 0x000000070ae00000|  0%| F|  |TAMS 0x000000070ad00000, 0x000000070ad00000| Untracked 
| 162|0x000000070ae00000, 0x000000070ae00000, 0x000000070af00000|  0%| F|  |TAMS 0x000000070ae00000, 0x000000070ae00000| Untracked 
| 163|0x000000070af00000, 0x000000070af00000, 0x000000070b000000|  0%| F|  |TAMS 0x000000070af00000, 0x000000070af00000| Untracked 
| 164|0x000000070b000000, 0x000000070b000000, 0x000000070b100000|  0%| F|  |TAMS 0x000000070b000000, 0x000000070b000000| Untracked 
| 165|0x000000070b100000, 0x000000070b100000, 0x000000070b200000|  0%| F|  |TAMS 0x000000070b100000, 0x000000070b100000| Untracked 
| 166|0x000000070b200000, 0x000000070b200000, 0x000000070b300000|  0%| F|  |TAMS 0x000000070b200000, 0x000000070b200000| Untracked 
| 167|0x000000070b300000, 0x000000070b300000, 0x000000070b400000|  0%| F|  |TAMS 0x000000070b300000, 0x000000070b300000| Untracked 
| 168|0x000000070b400000, 0x000000070b400000, 0x000000070b500000|  0%| F|  |TAMS 0x000000070b400000, 0x000000070b400000| Untracked 
| 169|0x000000070b500000, 0x000000070b500000, 0x000000070b600000|  0%| F|  |TAMS 0x000000070b500000, 0x000000070b500000| Untracked 
| 170|0x000000070b600000, 0x000000070b600000, 0x000000070b700000|  0%| F|  |TAMS 0x000000070b600000, 0x000000070b600000| Untracked 
| 171|0x000000070b700000, 0x000000070b700000, 0x000000070b800000|  0%| F|  |TAMS 0x000000070b700000, 0x000000070b700000| Untracked 
| 172|0x000000070b800000, 0x000000070b800000, 0x000000070b900000|  0%| F|  |TAMS 0x000000070b800000, 0x000000070b800000| Untracked 
| 173|0x000000070b900000, 0x000000070b900000, 0x000000070ba00000|  0%| F|  |TAMS 0x000000070b900000, 0x000000070b900000| Untracked 
| 174|0x000000070ba00000, 0x000000070ba00000, 0x000000070bb00000|  0%| F|  |TAMS 0x000000070ba00000, 0x000000070ba00000| Untracked 
| 175|0x000000070bb00000, 0x000000070bb00000, 0x000000070bc00000|  0%| F|  |TAMS 0x000000070bb00000, 0x000000070bb00000| Untracked 
| 176|0x000000070bc00000, 0x000000070bc00000, 0x000000070bd00000|  0%| F|  |TAMS 0x000000070bc00000, 0x000000070bc00000| Untracked 
| 177|0x000000070bd00000, 0x000000070bd00000, 0x000000070be00000|  0%| F|  |TAMS 0x000000070bd00000, 0x000000070bd00000| Untracked 
| 178|0x000000070be00000, 0x000000070be00000, 0x000000070bf00000|  0%| F|  |TAMS 0x000000070be00000, 0x000000070be00000| Untracked 
| 179|0x000000070bf00000, 0x000000070bf00000, 0x000000070c000000|  0%| F|  |TAMS 0x000000070bf00000, 0x000000070bf00000| Untracked 
| 180|0x000000070c000000, 0x000000070c000000, 0x000000070c100000|  0%| F|  |TAMS 0x000000070c000000, 0x000000070c000000| Untracked 
| 181|0x000000070c100000, 0x000000070c100000, 0x000000070c200000|  0%| F|  |TAMS 0x000000070c100000, 0x000000070c100000| Untracked 
| 182|0x000000070c200000, 0x000000070c200000, 0x000000070c300000|  0%| F|  |TAMS 0x000000070c200000, 0x000000070c200000| Untracked 
| 183|0x000000070c300000, 0x000000070c300000, 0x000000070c400000|  0%| F|  |TAMS 0x000000070c300000, 0x000000070c300000| Untracked 
| 184|0x000000070c400000, 0x000000070c400000, 0x000000070c500000|  0%| F|  |TAMS 0x000000070c400000, 0x000000070c400000| Untracked 
| 185|0x000000070c500000, 0x000000070c500000, 0x000000070c600000|  0%| F|  |TAMS 0x000000070c500000, 0x000000070c500000| Untracked 
| 186|0x000000070c600000, 0x000000070c600000, 0x000000070c700000|  0%| F|  |TAMS 0x000000070c600000, 0x000000070c600000| Untracked 
| 187|0x000000070c700000, 0x000000070c700000, 0x000000070c800000|  0%| F|  |TAMS 0x000000070c700000, 0x000000070c700000| Untracked 
| 188|0x000000070c800000, 0x000000070c800000, 0x000000070c900000|  0%| F|  |TAMS 0x000000070c800000, 0x000000070c800000| Untracked 
| 189|0x000000070c900000, 0x000000070c900000, 0x000000070ca00000|  0%| F|  |TAMS 0x000000070c900000, 0x000000070c900000| Untracked 
| 190|0x000000070ca00000, 0x000000070ca00000, 0x000000070cb00000|  0%| F|  |TAMS 0x000000070ca00000, 0x000000070ca00000| Untracked 
| 191|0x000000070cb00000, 0x000000070cb00000, 0x000000070cc00000|  0%| F|  |TAMS 0x000000070cb00000, 0x000000070cb00000| Untracked 
| 192|0x000000070cc00000, 0x000000070cc00000, 0x000000070cd00000|  0%| F|  |TAMS 0x000000070cc00000, 0x000000070cc00000| Untracked 
| 193|0x000000070cd00000, 0x000000070cd00000, 0x000000070ce00000|  0%| F|  |TAMS 0x000000070cd00000, 0x000000070cd00000| Untracked 
| 194|0x000000070ce00000, 0x000000070ce00000, 0x000000070cf00000|  0%| F|  |TAMS 0x000000070ce00000, 0x000000070ce00000| Untracked 
| 195|0x000000070cf00000, 0x000000070cf00000, 0x000000070d000000|  0%| F|  |TAMS 0x000000070cf00000, 0x000000070cf00000| Untracked 
| 196|0x000000070d000000, 0x000000070d000000, 0x000000070d100000|  0%| F|  |TAMS 0x000000070d000000, 0x000000070d000000| Untracked 
| 197|0x000000070d100000, 0x000000070d100000, 0x000000070d200000|  0%| F|  |TAMS 0x000000070d100000, 0x000000070d100000| Untracked 
| 198|0x000000070d200000, 0x000000070d200000, 0x000000070d300000|  0%| F|  |TAMS 0x000000070d200000, 0x000000070d200000| Untracked 
| 199|0x000000070d300000, 0x000000070d300000, 0x000000070d400000|  0%| F|  |TAMS 0x000000070d300000, 0x000000070d300000| Untracked 
| 200|0x000000070d400000, 0x000000070d400000, 0x000000070d500000|  0%| F|  |TAMS 0x000000070d400000, 0x000000070d400000| Untracked 
| 201|0x000000070d500000, 0x000000070d500000, 0x000000070d600000|  0%| F|  |TAMS 0x000000070d500000, 0x000000070d500000| Untracked 
| 202|0x000000070d600000, 0x000000070d600000, 0x000000070d700000|  0%| F|  |TAMS 0x000000070d600000, 0x000000070d600000| Untracked 
| 203|0x000000070d700000, 0x000000070d700000, 0x000000070d800000|  0%| F|  |TAMS 0x000000070d700000, 0x000000070d700000| Untracked 
| 204|0x000000070d800000, 0x000000070d800000, 0x000000070d900000|  0%| F|  |TAMS 0x000000070d800000, 0x000000070d800000| Untracked 
| 205|0x000000070d900000, 0x000000070d900000, 0x000000070da00000|  0%| F|  |TAMS 0x000000070d900000, 0x000000070d900000| Untracked 
| 206|0x000000070da00000, 0x000000070da00000, 0x000000070db00000|  0%| F|  |TAMS 0x000000070da00000, 0x000000070da00000| Untracked 
| 207|0x000000070db00000, 0x000000070db00000, 0x000000070dc00000|  0%| F|  |TAMS 0x000000070db00000, 0x000000070db00000| Untracked 
| 208|0x000000070dc00000, 0x000000070dc00000, 0x000000070dd00000|  0%| F|  |TAMS 0x000000070dc00000, 0x000000070dc00000| Untracked 
| 209|0x000000070dd00000, 0x000000070dd00000, 0x000000070de00000|  0%| F|  |TAMS 0x000000070dd00000, 0x000000070dd00000| Untracked 
| 210|0x000000070de00000, 0x000000070de00000, 0x000000070df00000|  0%| F|  |TAMS 0x000000070de00000, 0x000000070de00000| Untracked 
| 211|0x000000070df00000, 0x000000070df00000, 0x000000070e000000|  0%| F|  |TAMS 0x000000070df00000, 0x000000070df00000| Untracked 
| 212|0x000000070e000000, 0x000000070e000000, 0x000000070e100000|  0%| F|  |TAMS 0x000000070e000000, 0x000000070e000000| Untracked 
| 213|0x000000070e100000, 0x000000070e100000, 0x000000070e200000|  0%| F|  |TAMS 0x000000070e100000, 0x000000070e100000| Untracked 
| 214|0x000000070e200000, 0x000000070e200000, 0x000000070e300000|  0%| F|  |TAMS 0x000000070e200000, 0x000000070e200000| Untracked 
| 215|0x000000070e300000, 0x000000070e300000, 0x000000070e400000|  0%| F|  |TAMS 0x000000070e300000, 0x000000070e300000| Untracked 
| 216|0x000000070e400000, 0x000000070e400000, 0x000000070e500000|  0%| F|  |TAMS 0x000000070e400000, 0x000000070e400000| Untracked 
| 217|0x000000070e500000, 0x000000070e500000, 0x000000070e600000|  0%| F|  |TAMS 0x000000070e500000, 0x000000070e500000| Untracked 
| 218|0x000000070e600000, 0x000000070e700000, 0x000000070e700000|100%| E|  |TAMS 0x000000070e600000, 0x000000070e600000| Complete 
| 219|0x000000070e700000, 0x000000070e800000, 0x000000070e800000|100%| E|CS|TAMS 0x000000070e700000, 0x000000070e700000| Complete 
| 220|0x000000070e800000, 0x000000070e900000, 0x000000070e900000|100%| E|CS|TAMS 0x000000070e800000, 0x000000070e800000| Complete 
| 221|0x000000070e900000, 0x000000070ea00000, 0x000000070ea00000|100%| E|CS|TAMS 0x000000070e900000, 0x000000070e900000| Complete 
| 222|0x000000070ea00000, 0x000000070eb00000, 0x000000070eb00000|100%| E|CS|TAMS 0x000000070ea00000, 0x000000070ea00000| Complete 
| 223|0x000000070eb00000, 0x000000070ec00000, 0x000000070ec00000|100%| E|CS|TAMS 0x000000070eb00000, 0x000000070eb00000| Complete 
| 224|0x000000070ec00000, 0x000000070ed00000, 0x000000070ed00000|100%| E|CS|TAMS 0x000000070ec00000, 0x000000070ec00000| Complete 
| 225|0x000000070ed00000, 0x000000070ee00000, 0x000000070ee00000|100%| E|CS|TAMS 0x000000070ed00000, 0x000000070ed00000| Complete 
| 226|0x000000070ee00000, 0x000000070ef00000, 0x000000070ef00000|100%| E|CS|TAMS 0x000000070ee00000, 0x000000070ee00000| Complete 
| 227|0x000000070ef00000, 0x000000070f000000, 0x000000070f000000|100%| E|CS|TAMS 0x000000070ef00000, 0x000000070ef00000| Complete 
| 228|0x000000070f000000, 0x000000070f100000, 0x000000070f100000|100%| E|CS|TAMS 0x000000070f000000, 0x000000070f000000| Complete 
| 229|0x000000070f100000, 0x000000070f200000, 0x000000070f200000|100%| E|CS|TAMS 0x000000070f100000, 0x000000070f100000| Complete 
| 230|0x000000070f200000, 0x000000070f300000, 0x000000070f300000|100%| E|CS|TAMS 0x000000070f200000, 0x000000070f200000| Complete 
| 231|0x000000070f300000, 0x000000070f400000, 0x000000070f400000|100%| E|CS|TAMS 0x000000070f300000, 0x000000070f300000| Complete 
| 232|0x000000070f400000, 0x000000070f500000, 0x000000070f500000|100%| E|CS|TAMS 0x000000070f400000, 0x000000070f400000| Complete 
| 233|0x000000070f500000, 0x000000070f600000, 0x000000070f600000|100%| E|CS|TAMS 0x000000070f500000, 0x000000070f500000| Complete 
| 234|0x000000070f600000, 0x000000070f700000, 0x000000070f700000|100%| E|CS|TAMS 0x000000070f600000, 0x000000070f600000| Complete 
| 235|0x000000070f700000, 0x000000070f800000, 0x000000070f800000|100%| E|CS|TAMS 0x000000070f700000, 0x000000070f700000| Complete 
| 236|0x000000070f800000, 0x000000070f900000, 0x000000070f900000|100%| E|CS|TAMS 0x000000070f800000, 0x000000070f800000| Complete 
| 237|0x000000070f900000, 0x000000070fa00000, 0x000000070fa00000|100%| E|CS|TAMS 0x000000070f900000, 0x000000070f900000| Complete 
| 238|0x000000070fa00000, 0x000000070fb00000, 0x000000070fb00000|100%| E|CS|TAMS 0x000000070fa00000, 0x000000070fa00000| Complete 
| 239|0x000000070fb00000, 0x000000070fc00000, 0x000000070fc00000|100%| E|CS|TAMS 0x000000070fb00000, 0x000000070fb00000| Complete 
| 240|0x000000070fc00000, 0x000000070fd00000, 0x000000070fd00000|100%| E|CS|TAMS 0x000000070fc00000, 0x000000070fc00000| Complete 
| 241|0x000000070fd00000, 0x000000070fe00000, 0x000000070fe00000|100%| E|CS|TAMS 0x000000070fd00000, 0x000000070fd00000| Complete 
| 242|0x000000070fe00000, 0x000000070ff00000, 0x000000070ff00000|100%| E|CS|TAMS 0x000000070fe00000, 0x000000070fe00000| Complete 
| 243|0x000000070ff00000, 0x0000000710000000, 0x0000000710000000|100%| E|CS|TAMS 0x000000070ff00000, 0x000000070ff00000| Complete 
| 244|0x0000000710000000, 0x0000000710100000, 0x0000000710100000|100%| E|CS|TAMS 0x0000000710000000, 0x0000000710000000| Complete 
| 245|0x0000000710100000, 0x0000000710200000, 0x0000000710200000|100%| E|CS|TAMS 0x0000000710100000, 0x0000000710100000| Complete 
| 246|0x0000000710200000, 0x0000000710300000, 0x0000000710300000|100%| E|CS|TAMS 0x0000000710200000, 0x0000000710200000| Complete 
| 247|0x0000000710300000, 0x0000000710400000, 0x0000000710400000|100%| E|CS|TAMS 0x0000000710300000, 0x0000000710300000| Complete 
| 248|0x0000000710400000, 0x0000000710500000, 0x0000000710500000|100%| E|CS|TAMS 0x0000000710400000, 0x0000000710400000| Complete 
| 249|0x0000000710500000, 0x0000000710600000, 0x0000000710600000|100%| E|CS|TAMS 0x0000000710500000, 0x0000000710500000| Complete 
| 250|0x0000000710600000, 0x0000000710700000, 0x0000000710700000|100%| E|CS|TAMS 0x0000000710600000, 0x0000000710600000| Complete 
| 251|0x0000000710700000, 0x0000000710800000, 0x0000000710800000|100%| E|CS|TAMS 0x0000000710700000, 0x0000000710700000| Complete 
| 252|0x0000000710800000, 0x0000000710900000, 0x0000000710900000|100%| E|CS|TAMS 0x0000000710800000, 0x0000000710800000| Complete 
| 253|0x0000000710900000, 0x0000000710a00000, 0x0000000710a00000|100%| E|CS|TAMS 0x0000000710900000, 0x0000000710900000| Complete 
| 254|0x0000000710a00000, 0x0000000710b00000, 0x0000000710b00000|100%| E|CS|TAMS 0x0000000710a00000, 0x0000000710a00000| Complete 
| 255|0x0000000710b00000, 0x0000000710c00000, 0x0000000710c00000|100%| E|CS|TAMS 0x0000000710b00000, 0x0000000710b00000| Complete 
| 256|0x0000000710c00000, 0x0000000710d00000, 0x0000000710d00000|100%| E|CS|TAMS 0x0000000710c00000, 0x0000000710c00000| Complete 
| 257|0x0000000710d00000, 0x0000000710e00000, 0x0000000710e00000|100%| E|CS|TAMS 0x0000000710d00000, 0x0000000710d00000| Complete 
| 258|0x0000000710e00000, 0x0000000710f00000, 0x0000000710f00000|100%| E|CS|TAMS 0x0000000710e00000, 0x0000000710e00000| Complete 
| 259|0x0000000710f00000, 0x0000000711000000, 0x0000000711000000|100%| E|CS|TAMS 0x0000000710f00000, 0x0000000710f00000| Complete 
| 260|0x0000000711000000, 0x0000000711100000, 0x0000000711100000|100%| E|CS|TAMS 0x0000000711000000, 0x0000000711000000| Complete 
| 261|0x0000000711100000, 0x0000000711200000, 0x0000000711200000|100%| E|CS|TAMS 0x0000000711100000, 0x0000000711100000| Complete 
| 262|0x0000000711200000, 0x0000000711300000, 0x0000000711300000|100%| E|CS|TAMS 0x0000000711200000, 0x0000000711200000| Complete 
| 263|0x0000000711300000, 0x0000000711400000, 0x0000000711400000|100%| E|CS|TAMS 0x0000000711300000, 0x0000000711300000| Complete 
| 264|0x0000000711400000, 0x0000000711500000, 0x0000000711500000|100%| E|CS|TAMS 0x0000000711400000, 0x0000000711400000| Complete 
| 265|0x0000000711500000, 0x0000000711600000, 0x0000000711600000|100%| E|CS|TAMS 0x0000000711500000, 0x0000000711500000| Complete 
| 266|0x0000000711600000, 0x0000000711700000, 0x0000000711700000|100%| E|CS|TAMS 0x0000000711600000, 0x0000000711600000| Complete 
| 267|0x0000000711700000, 0x0000000711800000, 0x0000000711800000|100%| E|CS|TAMS 0x0000000711700000, 0x0000000711700000| Complete 
| 268|0x0000000711800000, 0x0000000711900000, 0x0000000711900000|100%| E|CS|TAMS 0x0000000711800000, 0x0000000711800000| Complete 
| 269|0x0000000711900000, 0x0000000711a00000, 0x0000000711a00000|100%| E|CS|TAMS 0x0000000711900000, 0x0000000711900000| Complete 
| 270|0x0000000711a00000, 0x0000000711b00000, 0x0000000711b00000|100%| E|CS|TAMS 0x0000000711a00000, 0x0000000711a00000| Complete 
| 271|0x0000000711b00000, 0x0000000711c00000, 0x0000000711c00000|100%| E|CS|TAMS 0x0000000711b00000, 0x0000000711b00000| Complete 
| 272|0x0000000711c00000, 0x0000000711d00000, 0x0000000711d00000|100%| E|CS|TAMS 0x0000000711c00000, 0x0000000711c00000| Complete 
| 273|0x0000000711d00000, 0x0000000711e00000, 0x0000000711e00000|100%| E|CS|TAMS 0x0000000711d00000, 0x0000000711d00000| Complete 
| 274|0x0000000711e00000, 0x0000000711f00000, 0x0000000711f00000|100%| E|CS|TAMS 0x0000000711e00000, 0x0000000711e00000| Complete 
| 275|0x0000000711f00000, 0x0000000712000000, 0x0000000712000000|100%| E|CS|TAMS 0x0000000711f00000, 0x0000000711f00000| Complete 
| 276|0x0000000712000000, 0x0000000712100000, 0x0000000712100000|100%| E|CS|TAMS 0x0000000712000000, 0x0000000712000000| Complete 
| 277|0x0000000712100000, 0x0000000712200000, 0x0000000712200000|100%| E|CS|TAMS 0x0000000712100000, 0x0000000712100000| Complete 
| 278|0x0000000712200000, 0x0000000712300000, 0x0000000712300000|100%| E|CS|TAMS 0x0000000712200000, 0x0000000712200000| Complete 
| 279|0x0000000712300000, 0x0000000712400000, 0x0000000712400000|100%| E|CS|TAMS 0x0000000712300000, 0x0000000712300000| Complete 
| 280|0x0000000712400000, 0x0000000712500000, 0x0000000712500000|100%| E|CS|TAMS 0x0000000712400000, 0x0000000712400000| Complete 
| 281|0x0000000712500000, 0x0000000712600000, 0x0000000712600000|100%| E|CS|TAMS 0x0000000712500000, 0x0000000712500000| Complete 
| 282|0x0000000712600000, 0x0000000712700000, 0x0000000712700000|100%| E|CS|TAMS 0x0000000712600000, 0x0000000712600000| Complete 
| 283|0x0000000712700000, 0x0000000712800000, 0x0000000712800000|100%| E|CS|TAMS 0x0000000712700000, 0x0000000712700000| Complete 
| 284|0x0000000712800000, 0x0000000712900000, 0x0000000712900000|100%| E|CS|TAMS 0x0000000712800000, 0x0000000712800000| Complete 
| 285|0x0000000712900000, 0x0000000712a00000, 0x0000000712a00000|100%| E|CS|TAMS 0x0000000712900000, 0x0000000712900000| Complete 
| 286|0x0000000712a00000, 0x0000000712b00000, 0x0000000712b00000|100%| E|CS|TAMS 0x0000000712a00000, 0x0000000712a00000| Complete 
| 287|0x0000000712b00000, 0x0000000712c00000, 0x0000000712c00000|100%| E|CS|TAMS 0x0000000712b00000, 0x0000000712b00000| Complete 
| 288|0x0000000712c00000, 0x0000000712d00000, 0x0000000712d00000|100%| E|CS|TAMS 0x0000000712c00000, 0x0000000712c00000| Complete 
| 289|0x0000000712d00000, 0x0000000712e00000, 0x0000000712e00000|100%| E|CS|TAMS 0x0000000712d00000, 0x0000000712d00000| Complete 
| 290|0x0000000712e00000, 0x0000000712f00000, 0x0000000712f00000|100%| E|CS|TAMS 0x0000000712e00000, 0x0000000712e00000| Complete 
| 291|0x0000000712f00000, 0x0000000713000000, 0x0000000713000000|100%| E|CS|TAMS 0x0000000712f00000, 0x0000000712f00000| Complete 
| 292|0x0000000713000000, 0x0000000713100000, 0x0000000713100000|100%| E|CS|TAMS 0x0000000713000000, 0x0000000713000000| Complete 
| 293|0x0000000713100000, 0x0000000713200000, 0x0000000713200000|100%| E|CS|TAMS 0x0000000713100000, 0x0000000713100000| Complete 
| 294|0x0000000713200000, 0x0000000713300000, 0x0000000713300000|100%| E|CS|TAMS 0x0000000713200000, 0x0000000713200000| Complete 
| 295|0x0000000713300000, 0x0000000713400000, 0x0000000713400000|100%| E|CS|TAMS 0x0000000713300000, 0x0000000713300000| Complete 
| 296|0x0000000713400000, 0x0000000713500000, 0x0000000713500000|100%| E|CS|TAMS 0x0000000713400000, 0x0000000713400000| Complete 
| 297|0x0000000713500000, 0x0000000713600000, 0x0000000713600000|100%| E|CS|TAMS 0x0000000713500000, 0x0000000713500000| Complete 
| 298|0x0000000713600000, 0x0000000713700000, 0x0000000713700000|100%| E|CS|TAMS 0x0000000713600000, 0x0000000713600000| Complete 
| 299|0x0000000713700000, 0x0000000713800000, 0x0000000713800000|100%| E|CS|TAMS 0x0000000713700000, 0x0000000713700000| Complete 
| 300|0x0000000713800000, 0x0000000713900000, 0x0000000713900000|100%| E|CS|TAMS 0x0000000713800000, 0x0000000713800000| Complete 
| 301|0x0000000713900000, 0x0000000713a00000, 0x0000000713a00000|100%| E|CS|TAMS 0x0000000713900000, 0x0000000713900000| Complete 
| 302|0x0000000713a00000, 0x0000000713b00000, 0x0000000713b00000|100%| E|CS|TAMS 0x0000000713a00000, 0x0000000713a00000| Complete 
| 303|0x0000000713b00000, 0x0000000713c00000, 0x0000000713c00000|100%| E|CS|TAMS 0x0000000713b00000, 0x0000000713b00000| Complete 
| 304|0x0000000713c00000, 0x0000000713d00000, 0x0000000713d00000|100%| E|CS|TAMS 0x0000000713c00000, 0x0000000713c00000| Complete 
| 305|0x0000000713d00000, 0x0000000713e00000, 0x0000000713e00000|100%| E|CS|TAMS 0x0000000713d00000, 0x0000000713d00000| Complete 
| 306|0x0000000713e00000, 0x0000000713f00000, 0x0000000713f00000|100%| E|CS|TAMS 0x0000000713e00000, 0x0000000713e00000| Complete 
| 307|0x0000000713f00000, 0x0000000714000000, 0x0000000714000000|100%| E|CS|TAMS 0x0000000713f00000, 0x0000000713f00000| Complete 
| 308|0x0000000714000000, 0x0000000714100000, 0x0000000714100000|100%| E|CS|TAMS 0x0000000714000000, 0x0000000714000000| Complete 
| 309|0x0000000714100000, 0x0000000714200000, 0x0000000714200000|100%| E|CS|TAMS 0x0000000714100000, 0x0000000714100000| Complete 
| 310|0x0000000714200000, 0x0000000714300000, 0x0000000714300000|100%| E|CS|TAMS 0x0000000714200000, 0x0000000714200000| Complete 
| 311|0x0000000714300000, 0x0000000714400000, 0x0000000714400000|100%| E|CS|TAMS 0x0000000714300000, 0x0000000714300000| Complete 
| 312|0x0000000714400000, 0x0000000714500000, 0x0000000714500000|100%| E|CS|TAMS 0x0000000714400000, 0x0000000714400000| Complete 
| 313|0x0000000714500000, 0x0000000714600000, 0x0000000714600000|100%| E|CS|TAMS 0x0000000714500000, 0x0000000714500000| Complete 
| 314|0x0000000714600000, 0x0000000714700000, 0x0000000714700000|100%| E|CS|TAMS 0x0000000714600000, 0x0000000714600000| Complete 
| 315|0x0000000714700000, 0x0000000714800000, 0x0000000714800000|100%| E|CS|TAMS 0x0000000714700000, 0x0000000714700000| Complete 
| 316|0x0000000714800000, 0x0000000714900000, 0x0000000714900000|100%| E|CS|TAMS 0x0000000714800000, 0x0000000714800000| Complete 
| 317|0x0000000714900000, 0x0000000714a00000, 0x0000000714a00000|100%| E|CS|TAMS 0x0000000714900000, 0x0000000714900000| Complete 
| 318|0x0000000714a00000, 0x0000000714b00000, 0x0000000714b00000|100%| E|CS|TAMS 0x0000000714a00000, 0x0000000714a00000| Complete 
| 319|0x0000000714b00000, 0x0000000714c00000, 0x0000000714c00000|100%| E|CS|TAMS 0x0000000714b00000, 0x0000000714b00000| Complete 
| 320|0x0000000714c00000, 0x0000000714d00000, 0x0000000714d00000|100%| E|CS|TAMS 0x0000000714c00000, 0x0000000714c00000| Complete 
| 321|0x0000000714d00000, 0x0000000714e00000, 0x0000000714e00000|100%| E|CS|TAMS 0x0000000714d00000, 0x0000000714d00000| Complete 
| 322|0x0000000714e00000, 0x0000000714f00000, 0x0000000714f00000|100%| E|CS|TAMS 0x0000000714e00000, 0x0000000714e00000| Complete 
| 323|0x0000000714f00000, 0x0000000715000000, 0x0000000715000000|100%| E|CS|TAMS 0x0000000714f00000, 0x0000000714f00000| Complete 
| 324|0x0000000715000000, 0x0000000715100000, 0x0000000715100000|100%| E|CS|TAMS 0x0000000715000000, 0x0000000715000000| Complete 
| 325|0x0000000715100000, 0x0000000715200000, 0x0000000715200000|100%| E|CS|TAMS 0x0000000715100000, 0x0000000715100000| Complete 
| 326|0x0000000715200000, 0x0000000715300000, 0x0000000715300000|100%| E|CS|TAMS 0x0000000715200000, 0x0000000715200000| Complete 
| 327|0x0000000715300000, 0x0000000715400000, 0x0000000715400000|100%| E|CS|TAMS 0x0000000715300000, 0x0000000715300000| Complete 
| 328|0x0000000715400000, 0x0000000715500000, 0x0000000715500000|100%| E|CS|TAMS 0x0000000715400000, 0x0000000715400000| Complete 
| 329|0x0000000715500000, 0x0000000715600000, 0x0000000715600000|100%| E|CS|TAMS 0x0000000715500000, 0x0000000715500000| Complete 
| 330|0x0000000715600000, 0x0000000715700000, 0x0000000715700000|100%| E|CS|TAMS 0x0000000715600000, 0x0000000715600000| Complete 
| 331|0x0000000715700000, 0x0000000715800000, 0x0000000715800000|100%| E|CS|TAMS 0x0000000715700000, 0x0000000715700000| Complete 
| 332|0x0000000715800000, 0x0000000715900000, 0x0000000715900000|100%| E|CS|TAMS 0x0000000715800000, 0x0000000715800000| Complete 
| 333|0x0000000715900000, 0x0000000715a00000, 0x0000000715a00000|100%| E|CS|TAMS 0x0000000715900000, 0x0000000715900000| Complete 
| 334|0x0000000715a00000, 0x0000000715b00000, 0x0000000715b00000|100%| E|CS|TAMS 0x0000000715a00000, 0x0000000715a00000| Complete 
| 335|0x0000000715b00000, 0x0000000715c00000, 0x0000000715c00000|100%| E|CS|TAMS 0x0000000715b00000, 0x0000000715b00000| Complete 
| 336|0x0000000715c00000, 0x0000000715d00000, 0x0000000715d00000|100%| E|CS|TAMS 0x0000000715c00000, 0x0000000715c00000| Complete 
| 337|0x0000000715d00000, 0x0000000715e00000, 0x0000000715e00000|100%| E|CS|TAMS 0x0000000715d00000, 0x0000000715d00000| Complete 
| 338|0x0000000715e00000, 0x0000000715f00000, 0x0000000715f00000|100%| E|CS|TAMS 0x0000000715e00000, 0x0000000715e00000| Complete 
| 339|0x0000000715f00000, 0x0000000716000000, 0x0000000716000000|100%| E|CS|TAMS 0x0000000715f00000, 0x0000000715f00000| Complete 
| 340|0x0000000716000000, 0x0000000716100000, 0x0000000716100000|100%| E|CS|TAMS 0x0000000716000000, 0x0000000716000000| Complete 
| 341|0x0000000716100000, 0x0000000716200000, 0x0000000716200000|100%| E|CS|TAMS 0x0000000716100000, 0x0000000716100000| Complete 
| 342|0x0000000716200000, 0x0000000716300000, 0x0000000716300000|100%| E|CS|TAMS 0x0000000716200000, 0x0000000716200000| Complete 
| 343|0x0000000716300000, 0x0000000716400000, 0x0000000716400000|100%| E|CS|TAMS 0x0000000716300000, 0x0000000716300000| Complete 
| 344|0x0000000716400000, 0x0000000716500000, 0x0000000716500000|100%| E|CS|TAMS 0x0000000716400000, 0x0000000716400000| Complete 
| 345|0x0000000716500000, 0x0000000716600000, 0x0000000716600000|100%| E|CS|TAMS 0x0000000716500000, 0x0000000716500000| Complete 
| 346|0x0000000716600000, 0x0000000716700000, 0x0000000716700000|100%| E|CS|TAMS 0x0000000716600000, 0x0000000716600000| Complete 
| 347|0x0000000716700000, 0x0000000716800000, 0x0000000716800000|100%| E|CS|TAMS 0x0000000716700000, 0x0000000716700000| Complete 
| 348|0x0000000716800000, 0x0000000716900000, 0x0000000716900000|100%| E|CS|TAMS 0x0000000716800000, 0x0000000716800000| Complete 
| 349|0x0000000716900000, 0x0000000716a00000, 0x0000000716a00000|100%| E|CS|TAMS 0x0000000716900000, 0x0000000716900000| Complete 
| 350|0x0000000716a00000, 0x0000000716b00000, 0x0000000716b00000|100%| E|CS|TAMS 0x0000000716a00000, 0x0000000716a00000| Complete 
| 351|0x0000000716b00000, 0x0000000716c00000, 0x0000000716c00000|100%| E|CS|TAMS 0x0000000716b00000, 0x0000000716b00000| Complete 
| 352|0x0000000716c00000, 0x0000000716d00000, 0x0000000716d00000|100%| E|CS|TAMS 0x0000000716c00000, 0x0000000716c00000| Complete 
| 353|0x0000000716d00000, 0x0000000716e00000, 0x0000000716e00000|100%| E|CS|TAMS 0x0000000716d00000, 0x0000000716d00000| Complete 
| 354|0x0000000716e00000, 0x0000000716f00000, 0x0000000716f00000|100%| E|CS|TAMS 0x0000000716e00000, 0x0000000716e00000| Complete 
| 355|0x0000000716f00000, 0x0000000717000000, 0x0000000717000000|100%| E|CS|TAMS 0x0000000716f00000, 0x0000000716f00000| Complete 
| 356|0x0000000717000000, 0x0000000717100000, 0x0000000717100000|100%| E|CS|TAMS 0x0000000717000000, 0x0000000717000000| Complete 
| 357|0x0000000717100000, 0x0000000717200000, 0x0000000717200000|100%| E|CS|TAMS 0x0000000717100000, 0x0000000717100000| Complete 
| 358|0x0000000717200000, 0x0000000717300000, 0x0000000717300000|100%| E|CS|TAMS 0x0000000717200000, 0x0000000717200000| Complete 
| 359|0x0000000717300000, 0x0000000717400000, 0x0000000717400000|100%| E|CS|TAMS 0x0000000717300000, 0x0000000717300000| Complete 
| 360|0x0000000717400000, 0x0000000717500000, 0x0000000717500000|100%| E|CS|TAMS 0x0000000717400000, 0x0000000717400000| Complete 
| 361|0x0000000717500000, 0x0000000717600000, 0x0000000717600000|100%| E|CS|TAMS 0x0000000717500000, 0x0000000717500000| Complete 
| 362|0x0000000717600000, 0x0000000717700000, 0x0000000717700000|100%| E|CS|TAMS 0x0000000717600000, 0x0000000717600000| Complete 
| 363|0x0000000717700000, 0x0000000717800000, 0x0000000717800000|100%| E|CS|TAMS 0x0000000717700000, 0x0000000717700000| Complete 
| 364|0x0000000717800000, 0x0000000717900000, 0x0000000717900000|100%| E|CS|TAMS 0x0000000717800000, 0x0000000717800000| Complete 
| 365|0x0000000717900000, 0x0000000717a00000, 0x0000000717a00000|100%| E|CS|TAMS 0x0000000717900000, 0x0000000717900000| Complete 
| 366|0x0000000717a00000, 0x0000000717b00000, 0x0000000717b00000|100%| E|CS|TAMS 0x0000000717a00000, 0x0000000717a00000| Complete 
| 367|0x0000000717b00000, 0x0000000717c00000, 0x0000000717c00000|100%| E|CS|TAMS 0x0000000717b00000, 0x0000000717b00000| Complete 
| 368|0x0000000717c00000, 0x0000000717d00000, 0x0000000717d00000|100%| E|CS|TAMS 0x0000000717c00000, 0x0000000717c00000| Complete 
| 369|0x0000000717d00000, 0x0000000717e00000, 0x0000000717e00000|100%| E|CS|TAMS 0x0000000717d00000, 0x0000000717d00000| Complete 

Card table byte_map: [0x000002c1582f0000,0x000002c158af0000] _byte_map_base: 0x000002c154aea000

Marking Bits (Prev, Next): (CMBitMap*) 0x000002c13fe4c4d0, (CMBitMap*) 0x000002c13fe4c498
 Prev Bits: [0x000002c15d2c0000, 0x000002c161290000)
 Next Bits: [0x000002c1592f0000, 0x000002c15d2c0000)

Polling page: 0x000002c13dc70000

Metaspace:

Usage:
  Non-class:     57.86 MB capacity,    56.91 MB ( 98%) used,   758.93 KB (  1%) free+waste,   209.00 KB ( <1%) overhead. 
      Class:      8.97 MB capacity,     8.36 MB ( 93%) used,   526.30 KB (  6%) free+waste,    98.13 KB (  1%) overhead. 
       Both:     66.83 MB capacity,    65.28 MB ( 98%) used,     1.26 MB (  2%) free+waste,   307.13 KB ( <1%) overhead. 

Virtual space:
  Non-class space:       60.00 MB reserved,      58.09 MB ( 97%) committed 
      Class space:        1.00 GB reserved,       9.00 MB ( <1%) committed 
             Both:        1.06 GB reserved,      67.09 MB (  6%) committed 

Chunk freelists:
   Non-Class:  5.75 KB
       Class:  0 bytes
        Both:  5.75 KB

CodeHeap 'non-profiled nmethods': size=119168Kb used=9096Kb max_used=9096Kb free=110071Kb
 bounds [0x000002c14fe10000, 0x000002c150720000, 0x000002c157270000]
CodeHeap 'profiled nmethods': size=119168Kb used=17369Kb max_used=18659Kb free=101798Kb
 bounds [0x000002c1489b0000, 0x000002c149c00000, 0x000002c14fe10000]
CodeHeap 'non-nmethods': size=7424Kb used=1780Kb max_used=2963Kb free=5643Kb
 bounds [0x000002c148270000, 0x000002c148680000, 0x000002c1489b0000]
 total_blobs=8002 nmethods=7435 adapters=476
 compilation: enabled
              stopped_count=0, restarted_count=0
 full_count=0

Compilation events (10 events):
Event: 12.462 Thread 0x000002c164d1b000 nmethod 8202 0x000002c148b37490 code [0x000002c148b376c0, 0x000002c148b37ce8]
Event: 12.462 Thread 0x000002c17e0b9800 nmethod 8204 0x000002c148ae2d90 code [0x000002c148ae2f40, 0x000002c148ae3078]
Event: 12.472 Thread 0x000002c164d1b000 8206       3       org.springframework.beans.factory.support.AbstractBeanFactory::isTypeMatch (607 bytes)
Event: 12.476 Thread 0x000002c164d1b000 nmethod 8206 0x000002c148cb6b90 code [0x000002c148cb7140, 0x000002c148cbbb98]
Event: 12.477 Thread 0x000002c17e0b9800 8207       3       org.springframework.beans.BeanWrapperImpl::getCachedIntrospectionResults (23 bytes)
Event: 12.478 Thread 0x000002c17e0b9800 nmethod 8207 0x000002c148b3d790 code [0x000002c148b3d980, 0x000002c148b3de38]
Event: 12.496 Thread 0x000002c171375800 nmethod 8082 0x000002c150710090 code [0x000002c150710680, 0x000002c150719d48]
Event: 12.497 Thread 0x000002c171375800 8205       4       java.lang.reflect.AccessibleObject::checkAccess (40 bytes)
Event: 12.502 Thread 0x000002c164d1b000 8208       3       org.springframework.beans.CachedIntrospectionResults::getPropertyDescriptors (84 bytes)
Event: 12.502 Thread 0x000002c164d1b000 nmethod 8208 0x000002c148b4e190 code [0x000002c148b4e400, 0x000002c148b4f038]

GC Heap History (10 events):
Event: 6.391 GC heap before
{Heap before GC invocations=13 (full 0):
 garbage-first heap   total 315392K, used 205706K [0x0000000700c00000, 0x0000000800000000)
  region size 1024K, 184 young (188416K), 12 survivors (12288K)
 Metaspace       used 42538K, capacity 43618K, committed 43932K, reserved 1087488K
  class space    used 5143K, capacity 5566K, committed 5632K, reserved 1048576K
}
Event: 6.399 GC heap after
{Heap after GC invocations=14 (full 0):
 garbage-first heap   total 315392K, used 34044K [0x0000000700c00000, 0x0000000800000000)
  region size 1024K, 16 young (16384K), 16 survivors (16384K)
 Metaspace       used 42538K, capacity 43618K, committed 43932K, reserved 1087488K
  class space    used 5143K, capacity 5566K, committed 5632K, reserved 1048576K
}
Event: 8.070 GC heap before
{Heap before GC invocations=14 (full 0):
 garbage-first heap   total 315392K, used 206076K [0x0000000700c00000, 0x0000000800000000)
  region size 1024K, 184 young (188416K), 16 survivors (16384K)
 Metaspace       used 52478K, capacity 53649K, committed 53788K, reserved 1095680K
  class space    used 6707K, capacity 7171K, committed 7296K, reserved 1048576K
}
Event: 8.082 GC heap after
{Heap after GC invocations=15 (full 0):
 garbage-first heap   total 378880K, used 39303K [0x0000000700c00000, 0x0000000800000000)
  region size 1024K, 17 young (17408K), 17 survivors (17408K)
 Metaspace       used 52478K, capacity 53649K, committed 53788K, reserved 1095680K
  class space    used 6707K, capacity 7171K, committed 7296K, reserved 1048576K
}
Event: 10.174 GC heap before
{Heap before GC invocations=15 (full 0):
 garbage-first heap   total 378880K, used 249223K [0x0000000700c00000, 0x0000000800000000)
  region size 1024K, 222 young (227328K), 17 survivors (17408K)
 Metaspace       used 58991K, capacity 60256K, committed 60444K, reserved 1101824K
  class space    used 7482K, capacity 7975K, committed 8064K, reserved 1048576K
}
Event: 10.186 GC heap after
{Heap after GC invocations=16 (full 0):
 garbage-first heap   total 378880K, used 41261K [0x0000000700c00000, 0x0000000800000000)
  region size 1024K, 17 young (17408K), 17 survivors (17408K)
 Metaspace       used 58991K, capacity 60256K, committed 60444K, reserved 1101824K
  class space    used 7482K, capacity 7975K, committed 8064K, reserved 1048576K
}
Event: 10.375 GC heap before
{Heap before GC invocations=16 (full 0):
 garbage-first heap   total 378880K, used 67885K [0x0000000700c00000, 0x0000000800000000)
  region size 1024K, 44 young (45056K), 17 survivors (17408K)
 Metaspace       used 59276K, capacity 60568K, committed 60636K, reserved 1101824K
  class space    used 7524K, capacity 8037K, committed 8064K, reserved 1048576K
}
Event: 10.386 GC heap after
{Heap after GC invocations=17 (full 0):
 garbage-first heap   total 378880K, used 40839K [0x0000000700c00000, 0x0000000800000000)
  region size 1024K, 14 young (14336K), 14 survivors (14336K)
 Metaspace       used 59276K, capacity 60568K, committed 60636K, reserved 1101824K
  class space    used 7524K, capacity 8037K, committed 8064K, reserved 1048576K
}
Event: 11.679 GC heap before
{Heap before GC invocations=18 (full 0):
 garbage-first heap   total 378880K, used 253831K [0x0000000700c00000, 0x0000000800000000)
  region size 1024K, 222 young (227328K), 14 survivors (14336K)
 Metaspace       used 62968K, capacity 64457K, committed 64604K, reserved 1105920K
  class space    used 7996K, capacity 8593K, committed 8704K, reserved 1048576K
}
Event: 11.691 GC heap after
{Heap after GC invocations=19 (full 0):
 garbage-first heap   total 378880K, used 45886K [0x0000000700c00000, 0x0000000800000000)
  region size 1024K, 19 young (19456K), 19 survivors (19456K)
 Metaspace       used 62968K, capacity 64457K, committed 64604K, reserved 1105920K
  class space    used 7996K, capacity 8593K, committed 8704K, reserved 1048576K
}

Deoptimization events (10 events):
Event: 12.096 Thread 0x000002c13fde8000 Uncommon trap: reason=class_check action=maybe_recompile pc=0x000002c150211c7c method=org.springframework.core.SerializableTypeWrapper.unwrap(Ljava/lang/reflect/Type;)Ljava/lang/reflect/Type; @ 10 c2
Event: 12.164 Thread 0x000002c13fde8000 Uncommon trap: reason=unstable_if action=reinterpret pc=0x000002c14ff79fdc method=org.springframework.beans.factory.support.AbstractBeanFactory.getType(Ljava/lang/String;Z)Ljava/lang/Class; @ 26 c2
Event: 12.172 Thread 0x000002c13fde8000 Uncommon trap: reason=unstable_if action=reinterpret pc=0x000002c150387b44 method=java.util.HashMap.putMapEntries(Ljava/util/Map;Z)V @ 53 c2
Event: 12.204 Thread 0x000002c13fde8000 Uncommon trap: reason=unstable_if action=reinterpret pc=0x000002c14fea9904 method=java.lang.Class.getComponentType()Ljava/lang/Class; @ 4 c2
Event: 12.208 Thread 0x000002c13fde8000 Uncommon trap: reason=unloaded action=reinterpret pc=0x000002c150599fd8 method=org.aspectj.apache.bcel.classfile.Constant.readConstant(Ljava/io/DataInputStream;)Lorg/aspectj/apache/bcel/classfile/Constant; @ 172 c2
Event: 12.413 Thread 0x000002c13fde8000 Uncommon trap: reason=unstable_if action=reinterpret pc=0x000002c15047b174 method=org.springframework.core.annotation.AnnotationsScanner.processClassHierarchy(Ljava/lang/Object;[ILjava/lang/Class;Lorg/springframework/core/annotation/AnnotationsProcessor;L
Event: 12.414 Thread 0x000002c13fde8000 Uncommon trap: reason=unstable_if action=reinterpret pc=0x000002c15049d41c method=org.springframework.core.annotation.AnnotationsScanner.processClassHierarchy(Ljava/lang/Object;[ILjava/lang/Class;Lorg/springframework/core/annotation/AnnotationsProcessor;L
Event: 12.418 Thread 0x000002c13fde8000 Uncommon trap: reason=unstable_if action=reinterpret pc=0x000002c150442944 method=org.springframework.core.annotation.AnnotationsScanner.processClassHierarchy(Ljava/lang/Object;[ILjava/lang/Class;Lorg/springframework/core/annotation/AnnotationsProcessor;L
Event: 12.471 Thread 0x000002c13fde8000 Uncommon trap: reason=unstable_if action=reinterpret pc=0x000002c150708a54 method=org.springframework.beans.factory.support.AbstractBeanFactory.isTypeMatch(Ljava/lang/String;Lorg/springframework/core/ResolvableType;Z)Z @ 581 c2
Event: 12.482 Thread 0x000002c13fde8000 Uncommon trap: reason=unstable_if action=reinterpret pc=0x000002c150095cac method=java.io.WinNTFileSystem.prefixLength(Ljava/lang/String;)I @ 25 c2

Classes redefined (0 events):
No events

Internal exceptions (10 events):
Event: 12.510 Thread 0x000002c13fde8000 Exception <a 'java/lang/ClassNotFoundException'{0x000000070ee1f880}: org/springframework/cloud/autoconfigure/ConfigurationPropertiesRebinderAutoConfigurationCustomizer> (0x000000070ee1f880) thrown at [./open/src/hotspot/share/classfile/systemDictionary.cp
Event: 12.510 Thread 0x000002c13fde8000 Exception <a 'java/lang/ClassNotFoundException'{0x000000070ee46450}: org/springframework/context/ApplicationContextAwareCustomizer> (0x000000070ee46450) thrown at [./open/src/hotspot/share/classfile/systemDictionary.cpp, line 228]
Event: 12.511 Thread 0x000002c13fde8000 Exception <a 'java/lang/ClassNotFoundException'{0x000000070ee65da0}: org/springframework/beans/factory/AwareCustomizer> (0x000000070ee65da0) thrown at [./open/src/hotspot/share/classfile/systemDictionary.cpp, line 228]
Event: 12.512 Thread 0x000002c13fde8000 Exception <a 'java/lang/ClassNotFoundException'{0x000000070ee8afd8}: org/springframework/beans/factory/SmartInitializingSingletonCustomizer> (0x000000070ee8afd8) thrown at [./open/src/hotspot/share/classfile/systemDictionary.cpp, line 228]
Event: 12.517 Thread 0x000002c13fde8000 Exception <a 'java/lang/ClassNotFoundException'{0x000000070ed3a2b0}: java/lang/ObjectCustomizer> (0x000000070ed3a2b0) thrown at [./open/src/hotspot/share/classfile/systemDictionary.cpp, line 228]
Event: 12.518 Thread 0x000002c13fde8000 Exception <a 'java/lang/ClassNotFoundException'{0x000000070ed66320}: org/springframework/cloud/context/properties/ConfigurationPropertiesRebinderCustomizer> (0x000000070ed66320) thrown at [./open/src/hotspot/share/classfile/systemDictionary.cpp, line 228]
Event: 12.520 Thread 0x000002c13fde8000 Exception <a 'java/lang/ClassNotFoundException'{0x000000070ed92378}: org/springframework/context/ApplicationContextAwareCustomizer> (0x000000070ed92378) thrown at [./open/src/hotspot/share/classfile/systemDictionary.cpp, line 228]
Event: 12.520 Thread 0x000002c13fde8000 Exception <a 'java/lang/ClassNotFoundException'{0x000000070edb1778}: org/springframework/beans/factory/AwareCustomizer> (0x000000070edb1778) thrown at [./open/src/hotspot/share/classfile/systemDictionary.cpp, line 228]
Event: 12.521 Thread 0x000002c13fde8000 Exception <a 'java/lang/ClassNotFoundException'{0x000000070edd1ae8}: org/springframework/context/ApplicationListenerCustomizer> (0x000000070edd1ae8) thrown at [./open/src/hotspot/share/classfile/systemDictionary.cpp, line 228]
Event: 12.521 Thread 0x000002c13fde8000 Exception <a 'java/lang/ClassNotFoundException'{0x000000070edd4d50}: java/util/EventListenerCustomizer> (0x000000070edd4d50) thrown at [./open/src/hotspot/share/classfile/systemDictionary.cpp, line 228]

Events (10 events):
Event: 12.520 loading class org/springframework/context/ApplicationListenerCustomizer
Event: 12.520 loading class org/springframework/context/ApplicationListenerCustomizer done
Event: 12.521 loading class org/springframework/context/ApplicationListenerCustomizer
Event: 12.521 loading class org/springframework/context/ApplicationListenerCustomizer done
Event: 12.521 loading class org/springframework/context/ApplicationListenerCustomizer
Event: 12.521 loading class org/springframework/context/ApplicationListenerCustomizer done
Event: 12.521 loading class java/util/EventListenerCustomizer
Event: 12.521 loading class java/util/EventListenerCustomizer done
Event: 12.521 loading class java/util/EventListenerCustomizer
Event: 12.521 loading class java/util/EventListenerCustomizer done


Dynamic libraries:
0x00007ff6c35d0000 - 0x00007ff6c35df000 	C:\Program Files\Java\jdk-11.0.11\bin\javaw.exe
0x00007fff73970000 - 0x00007fff73b65000 	C:\Windows\SYSTEM32\ntdll.dll
0x00007fff733f0000 - 0x00007fff734ad000 	C:\Windows\System32\KERNEL32.DLL
0x00007fff71700000 - 0x00007fff719c9000 	C:\Windows\System32\KERNELBASE.dll
0x00007fff712f0000 - 0x00007fff713f0000 	C:\Windows\System32\ucrtbase.dll
0x00007fff59ae0000 - 0x00007fff59af8000 	C:\Program Files\Java\jdk-11.0.11\bin\jli.dll
0x00007fff59b00000 - 0x00007fff59b15000 	C:\Program Files\Java\jdk-11.0.11\bin\VCRUNTIME140.dll
0x00007fff73220000 - 0x00007fff732cc000 	C:\Windows\System32\ADVAPI32.dll
0x00007fff71a70000 - 0x00007fff71b0e000 	C:\Windows\System32\msvcrt.dll
0x00007fff719d0000 - 0x00007fff71a6b000 	C:\Windows\System32\sechost.dll
0x00007fff736d0000 - 0x00007fff737fa000 	C:\Windows\System32\RPCRT4.dll
0x00007fff71cc0000 - 0x00007fff71e60000 	C:\Windows\System32\USER32.dll
0x00007fff716a0000 - 0x00007fff716c2000 	C:\Windows\System32\win32u.dll
0x00007fff69c30000 - 0x00007fff69eca000 	C:\Windows\WinSxS\amd64_microsoft.windows.common-controls_6595b64144ccf1df_6.0.19041.1110_none_60b5254171f9507e\COMCTL32.dll
0x00007fff732d0000 - 0x00007fff732fa000 	C:\Windows\System32\GDI32.dll
0x00007fff714e0000 - 0x00007fff715eb000 	C:\Windows\System32\gdi32full.dll
0x00007fff713f0000 - 0x00007fff7148d000 	C:\Windows\System32\msvcp_win.dll
0x00007fff6b350000 - 0x00007fff6b35a000 	C:\Windows\SYSTEM32\VERSION.dll
0x00007fff71c90000 - 0x00007fff71cc0000 	C:\Windows\System32\IMM32.DLL
0x00007fff59880000 - 0x00007fff5991b000 	C:\Program Files\Java\jdk-11.0.11\bin\msvcp140.dll
0x00007fff58d10000 - 0x00007fff5980e000 	C:\Program Files\Java\jdk-11.0.11\bin\server\jvm.dll
0x00007fff71f80000 - 0x00007fff71f88000 	C:\Windows\System32\PSAPI.DLL
0x00007fff6a710000 - 0x00007fff6a737000 	C:\Windows\SYSTEM32\WINMM.dll
0x00007fff63810000 - 0x00007fff63819000 	C:\Windows\SYSTEM32\WSOCK32.dll
0x00007fff734b0000 - 0x00007fff7351b000 	C:\Windows\System32\WS2_32.dll
0x00007fff6ef90000 - 0x00007fff6efa2000 	C:\Windows\SYSTEM32\kernel.appcore.dll
0x00007fff5bb90000 - 0x00007fff5bba0000 	C:\Program Files\Java\jdk-11.0.11\bin\verify.dll
0x00007fff621a0000 - 0x00007fff62384000 	C:\Windows\SYSTEM32\DBGHELP.DLL
0x00007fff61820000 - 0x00007fff6184c000 	C:\Windows\SYSTEM32\dbgcore.DLL
0x00007fff71100000 - 0x00007fff71183000 	C:\Windows\System32\bcryptPrimitives.dll
0x00007fff58b90000 - 0x00007fff58bb8000 	C:\Program Files\Java\jdk-11.0.11\bin\java.dll
0x00007fff58a90000 - 0x00007fff58a9a000 	C:\Program Files\Java\jdk-11.0.11\bin\jimage.dll
0x00007fff58860000 - 0x00007fff58876000 	C:\Program Files\Java\jdk-11.0.11\bin\zip.dll
0x00007fff72440000 - 0x00007fff72b7f000 	C:\Windows\System32\SHELL32.dll
0x00007fff6f190000 - 0x00007fff6f920000 	C:\Windows\SYSTEM32\windows.storage.dll
0x00007fff720c0000 - 0x00007fff72415000 	C:\Windows\System32\combase.dll
0x00007fff70a20000 - 0x00007fff70a4c000 	C:\Windows\SYSTEM32\Wldp.dll
0x00007fff71b80000 - 0x00007fff71c2e000 	C:\Windows\System32\SHCORE.dll
0x00007fff73300000 - 0x00007fff73355000 	C:\Windows\System32\shlwapi.dll
0x00007fff70fe0000 - 0x00007fff70fff000 	C:\Windows\SYSTEM32\profapi.dll
0x00007fff572f0000 - 0x00007fff57309000 	C:\Program Files\Java\jdk-11.0.11\bin\net.dll
0x00007fff66c20000 - 0x00007fff66d28000 	C:\Windows\SYSTEM32\WINHTTP.dll
0x00007fff707b0000 - 0x00007fff7081a000 	C:\Windows\system32\mswsock.dll
0x00007fff572d0000 - 0x00007fff572e2000 	C:\Program Files\Java\jdk-11.0.11\bin\nio.dll
0x00007fff704a0000 - 0x00007fff704db000 	C:\Windows\SYSTEM32\IPHLPAPI.DLL
0x00007fff71b10000 - 0x00007fff71b18000 	C:\Windows\System32\NSI.dll
0x00007fff6b480000 - 0x00007fff6b497000 	C:\Windows\SYSTEM32\dhcpcsvc6.DLL
0x00007fff6b460000 - 0x00007fff6b47d000 	C:\Windows\SYSTEM32\dhcpcsvc.DLL
0x00007fff704e0000 - 0x00007fff705ac000 	C:\Windows\SYSTEM32\DNSAPI.dll
0x00007fff65770000 - 0x00007fff6577a000 	C:\Windows\System32\rasadhlp.dll
0x00007fff656a0000 - 0x00007fff6571f000 	C:\Windows\System32\fwpuclnt.dll
0x00007fff716d0000 - 0x00007fff716f7000 	C:\Windows\System32\bcrypt.dll
0x00007fff5bc40000 - 0x00007fff5bc49000 	C:\Program Files\Java\jdk-11.0.11\bin\management.dll
0x00007fff5bc30000 - 0x00007fff5bc3b000 	C:\Program Files\Java\jdk-11.0.11\bin\management_ext.dll
0x00007fff600a0000 - 0x00007fff600b7000 	C:\Windows\system32\napinsp.dll
0x00007fff5faf0000 - 0x00007fff5fb0b000 	C:\Windows\system32\pnrpnsp.dll
0x00007fff5fad0000 - 0x00007fff5fae5000 	C:\Windows\system32\wshbth.dll
0x00007fff6cac0000 - 0x00007fff6cadd000 	C:\Windows\system32\NLAapi.dll
0x00007fff5d2c0000 - 0x00007fff5d2d2000 	C:\Windows\System32\winrnr.dll
0x00007fff56ca0000 - 0x00007fff56cad000 	C:\Program Files\Java\jdk-11.0.11\bin\sunmscapi.dll
0x00007fff71190000 - 0x00007fff712ef000 	C:\Windows\System32\CRYPT32.dll
0x00007fff70b70000 - 0x00007fff70b97000 	C:\Windows\SYSTEM32\ncrypt.dll
0x00007fff70b30000 - 0x00007fff70b6b000 	C:\Windows\SYSTEM32\NTASN1.dll
0x00007fff56c70000 - 0x00007fff56c95000 	C:\Program Files\Java\jdk-11.0.11\bin\sunec.dll
0x00007fff70a60000 - 0x00007fff70a78000 	C:\Windows\SYSTEM32\CRYPTSP.dll
0x00007fff70130000 - 0x00007fff70164000 	C:\Windows\system32\rsaenh.dll
0x00007fff70fa0000 - 0x00007fff70fce000 	C:\Windows\SYSTEM32\USERENV.dll
0x00007fff70990000 - 0x00007fff7099c000 	C:\Windows\SYSTEM32\CRYPTBASE.dll

dbghelp: loaded successfully - version: 4.0.5 - missing functions: none
symbol engine: initialized successfully - sym options: 0x614 - pdb path: .;C:\Program Files\Java\jdk-11.0.11\bin;C:\Windows\SYSTEM32;C:\Windows\WinSxS\amd64_microsoft.windows.common-controls_6595b64144ccf1df_6.0.19041.1110_none_60b5254171f9507e;C:\Program Files\Java\jdk-11.0.11\bin\server

VM Arguments:
jvm_args: -ea -Dfile.encoding=UTF-8 
java_command: org.eclipse.jdt.internal.junit.runner.RemoteTestRunner -version 3 -port 57131 -testLoaderClass org.eclipse.jdt.internal.junit5.runner.JUnit5TestLoader -loaderpluginname org.eclipse.jdt.junit5.runtime -classNames com.service.UserServiceTests
java_class_path (initial): D:\Programing\Git\Demo Project\OAuth2_JWT_Authentication_Server\target\test-classes;D:\Programing\Git\Demo Project\OAuth2_JWT_Authentication_Server\target\classes;C:\Users\john\.m2\repository\org\springframework\boot\spring-boot-starter-security\2.3.0.RELEASE\spring-boot-starter-security-2.3.0.RELEASE.jar;C:\Users\john\.m2\repository\org\springframework\boot\spring-boot-starter\2.3.0.RELEASE\spring-boot-starter-2.3.0.RELEASE.jar;C:\Users\john\.m2\repository\org\springframework\boot\spring-boot-starter-logging\2.3.0.RELEASE\spring-boot-starter-logging-2.3.0.RELEASE.jar;C:\Users\john\.m2\repository\ch\qos\logback\logback-classic\1.2.3\logback-classic-1.2.3.jar;C:\Users\john\.m2\repository\ch\qos\logback\logback-core\1.2.3\logback-core-1.2.3.jar;C:\Users\john\.m2\repository\org\apache\logging\log4j\log4j-to-slf4j\2.13.2\log4j-to-slf4j-2.13.2.jar;C:\Users\john\.m2\repository\org\apache\logging\log4j\log4j-api\2.13.2\log4j-api-2.13.2.jar;C:\Users\john\.m2\repository\org\slf4j\jul-to-slf4j\1.7.30\jul-to-slf4j-1.7.30.jar;C:\Users\john\.m2\repository\jakarta\annotation\jakarta.annotation-api\1.3.5\jakarta.annotation-api-1.3.5.jar;C:\Users\john\.m2\repository\org\yaml\snakeyaml\1.26\snakeyaml-1.26.jar;C:\Users\john\.m2\repository\org\springframework\spring-aop\5.2.6.RELEASE\spring-aop-5.2.6.RELEASE.jar;C:\Users\john\.m2\repository\org\springframework\security\spring-security-config\5.3.2.RELEASE\spring-security-config-5.3.2.RELEASE.jar;C:\Users\john\.m2\repository\org\springframework\security\spring-security-web\5.3.2.RELEASE\spring-security-web-5.3.2.RELEASE.jar;C:\Users\john\.m2\repository\org\springframework\spring-expression\5.2.6.RELEASE\spring-expression-5.2.6.RELEASE.jar;C:\Users\john\.m2\repository\org\springframework\boot\spring-boot-starter-web\2.3.0.RELEASE\spring-boot-starter-web-2.3.0.RELEASE.jar;C:\Users\john\.m2\repository\org\springframework\boot\spring-boot-starter-json\2.3.0.RELEASE\spring-boot-starter-json-2.3.0.RELEASE.jar;C:\
Launcher Type: SUN_STANDARD

[Global flags]
     intx CICompilerCount                          = 12                                        {product} {ergonomic}
     uint ConcGCThreads                            = 3                                         {product} {ergonomic}
     uint G1ConcRefinementThreads                  = 13                                        {product} {ergonomic}
   size_t G1HeapRegionSize                         = 1048576                                   {product} {ergonomic}
    uintx GCDrainStackTargetSize                   = 64                                        {product} {ergonomic}
   size_t InitialHeapSize                          = 268435456                                 {product} {ergonomic}
   size_t MarkStackSize                            = 4194304                                   {product} {ergonomic}
   size_t MaxHeapSize                              = 4282384384                                {product} {ergonomic}
   size_t MaxNewSize                               = 2569011200                                {product} {ergonomic}
   size_t MinHeapDeltaBytes                        = 1048576                                   {product} {ergonomic}
    uintx NonNMethodCodeHeapSize                   = 7594288                                {pd product} {ergonomic}
    uintx NonProfiledCodeHeapSize                  = 122031976                              {pd product} {ergonomic}
    uintx ProfiledCodeHeapSize                     = 122031976                              {pd product} {ergonomic}
    uintx ReservedCodeCacheSize                    = 251658240                              {pd product} {ergonomic}
     bool SegmentedCodeCache                       = true                                      {product} {ergonomic}
     bool UseCompressedClassPointers               = true                                 {lp64_product} {ergonomic}
     bool UseCompressedOops                        = true                                 {lp64_product} {ergonomic}
     bool UseG1GC                                  = true                                      {product} {ergonomic}
     bool UseLargePagesIndividualAllocation        = false                                  {pd product} {ergonomic}

Logging:
Log output configuration:
 #0: stdout all=warning uptime,level,tags
 #1: stderr all=off uptime,level,tags

Environment Variables:
JAVA_HOME=C:\Program Files\Java\jdk-11.0.11
JRE_HOME=C:\Program Files\Java\jdk11.0.10
PATH=D:/Programing/Programs/sts-4.11.1.RELEASE//plugins/org.eclipse.justj.openjdk.hotspot.jre.full.win32.x86_64_16.0.2.v20210721-1149/jre/bin/server;D:/Programing/Programs/sts-4.11.1.RELEASE//plugins/org.eclipse.justj.openjdk.hotspot.jre.full.win32.x86_64_16.0.2.v20210721-1149/jre/bin;C:\Program Files\Common Files\Oracle\Java\javapath;C:\Program Files\Docker\Docker\Resources\bin;C:\Program Files (x86)\Common Files\Oracle\Java\javapath;C:\Program Files (x86)\NVIDIA Corporation\PhysX\Common;C:\Windows\system32;C:\Windows;C:\Windows\System32\Wbem;C:\Windows\System32\WindowsPowerShell\v1.0\;D:\Programing\Programs\apache-groovy-binary-3.0.0-rc-1\groovy-3.0.0-rc-1\bin;D:\Programing\Programs\gradle-5.6.4\bin;D:\Programing\Programs\sts-4.10.0.RELEASE\bin;D:\Programing\Programs\apache-maven-3.6.3\apache-maven-3.6.3\bin;C:\Program Files\Calibre2\;C:\Program Files (x86)\Windows Kits\10\Windows Performance Toolkit\;C:\Program Files\MongoDB\Server\4.2\bin;C:\Program Files\nodejs;C:\Users\skybo\AppData\Roaming\npm;D:\Programing\Programs\apache-tomcat-8.5.57-windows-x64\apache-tomcat-8.5.57\bin;C:\Program Files\Java\jdk-11.0.11\bin;D:\Programing\Programs\curl\curl-7.76.0-win64-mingw\bin;D:\Programing\Programs\PostgreSQL\bin;C:\Program Files\nodejs\;C:\Users\john\AppData\Roaming\npm\node_modules\@angular\cli\bin;;C:\Program Files\Docker\Docker\resources\bin;C:\ProgramData\DockerDesktop\version-bin;C:\Users\john\AppData\Local\Microsoft\WindowsApps;C:\Users\skybo\AppData\Roaming\npm;C:\Users\skybo\AppData\Local\Programs\Git\cmd;D:\Programing\Programs\Git\cmd;C:\Users\john\AppData\Roaming\npm;D:\Programing\Programs\Microsoft VS Code\bin;D:\Programing\Programs\sts-4.11.1.RELEASE;
USERNAME=john
OS=Windows_NT
PROCESSOR_IDENTIFIER=AMD64 Family 23 Model 1 Stepping 1, AuthenticAMD



---------------  S Y S T E M  ---------------

OS: Windows 10 , 64 bit Build 19041 (10.0.19041.1151)
Hyper-V role detected

CPU:total 16 (initial active 16) (16 cores per cpu, 2 threads per core) family 23 model 1 stepping 1 microcode 0x0, cmov, cx8, fxsr, mmx, sse, sse2, sse3, ssse3, sse4.1, sse4.2, popcnt, avx, avx2, aes, clmul, mmxext, 3dnowpref, lzcnt, sse4a, ht, tsc, tscinvbit, tscinv, bmi1, bmi2, adx, s

Memory: 4k page, system-wide physical 16333M (6754M free)
TotalPageFile size 20429M (AvailPageFile size 5533M)
current process WorkingSet (physical memory assigned to process): 653M, peak: 653M
current process commit charge ("private bytes"): 791M, peak: 892M

vm_info: Java HotSpot(TM) 64-Bit Server VM (11.0.11+9-LTS-194) for windows-amd64 JRE (11.0.11+9-LTS-194), built on Mar 18 2021 18:46:53 by "mach5one" with MS VC++ 15.9 (VS2017)

END.
